<?xml version="1.0" encoding="windows-1252" standalone="no"?>
<!DOCTYPE log SYSTEM "logger.dtd">
<log>
<record>
  <date>2009-02-19T15:00:51</date>
  <millis>1235066451093</millis>
  <sequence>0</sequence>
  <logger>com.acucorp.acucobolgt.CVM</logger>
  <level>INFO</level>
  <thread>10</thread>
  <message></message>
</record>
<record>
  <date>2009-02-19T15:00:51</date>
  <millis>1235066451187</millis>
  <sequence>1</sequence>
  <logger>com.acucorp.acucobolgt.CVM</logger>
  <level>INFO</level>
  <thread>10</thread>
  <message>******************************************</message>
</record>
<record>
  <date>2009-02-19T15:00:51</date>
  <millis>1235066451343</millis>
  <sequence>2</sequence>
  <logger>com.acucorp.acucobolgt.CVM</logger>
  <level>INFO</level>
  <thread>10</thread>
  <message>** Array Test ****************************</message>
</record>
<record>
  <date>2009-02-19T15:00:51</date>
  <millis>1235066451578</millis>
  <sequence>3</sequence>
  <logger>com.acucorp.acucobolgt.CVM</logger>
  <level>INFO</level>
  <thread>10</thread>
  <message>******************************************</message>
</record>
<record>
  <date>2009-02-19T15:00:51</date>
  <millis>1235066451765</millis>
  <sequence>4</sequence>
  <logger>com.acucorp.acucobolgt.CVM</logger>
  <level>INFO</level>
  <thread>10</thread>
  <message>******************************************</message>
</record>
<record>
  <date>2009-02-19T15:00:51</date>
  <millis>1235066451921</millis>
  <sequence>5</sequence>
  <logger>com.acucorp.acucobolgt.CVM</logger>
  <level>INFO</level>
  <thread>10</thread>
  <message></message>
</record>
<record>
  <date>2009-02-19T15:00:52</date>
  <millis>1235066452046</millis>
  <sequence>6</sequence>
  <logger>com.acucorp.acucobolgt.CVM</logger>
  <level>INFO</level>
  <thread>10</thread>
  <message>Int Array Test</message>
</record>
<record>
  <date>2009-02-19T15:01:04</date>
  <millis>1235066464484</millis>
  <sequence>7</sequence>
  <logger>com.acucorp.acucobolgt.CVM</logger>
  <level>INFO</level>
  <thread>10</thread>
  <message>End IntArrayTest</message>
</record>
<record>
  <date>2009-02-19T15:01:04</date>
  <millis>1235066464484</millis>
  <sequence>8</sequence>
  <logger>com.acucorp.acucobolgt.CVM</logger>
  <level>INFO</level>
  <thread>10</thread>
  <message>Char Array Test</message>
</record>
<record>
  <date>2009-02-19T15:01:04</date>
  <millis>1235066464484</millis>
  <sequence>9</sequence>
  <logger>com.acucorp.acucobolgt.CVM</logger>
  <level>INFO</level>
  <thread>10</thread>
  <message>End CharArrayTest</message>
</record>
<record>
  <date>2009-02-19T15:01:04</date>
  <millis>1235066464484</millis>
  <sequence>10</sequence>
  <logger>com.acucorp.acucobolgt.CVM</logger>
  <level>INFO</level>
  <thread>10</thread>
  <message>String Array Test</message>
</record>
<record>
  <date>2009-02-19T15:01:04</date>
  <millis>1235066464484</millis>
  <sequence>11</sequence>
  <logger>com.acucorp.acucobolgt.CVM</logger>
  <level>INFO</level>
  <thread>10</thread>
  <message>End StringArrayTest</message>
</record>
<record>
  <date>2009-02-19T15:01:04</date>
  <millis>1235066464500</millis>
  <sequence>12</sequence>
  <logger>com.acucorp.acucobolgt.CVM</logger>
  <level>INFO</level>
  <thread>10</thread>
  <message>Object Array Test</message>
</record>
<record>
  <date>2009-02-19T15:01:04</date>
  <millis>1235066464500</millis>
  <sequence>13</sequence>
  <logger>com.acucorp.acucobolgt.CVM</logger>
  <level>INFO</level>
  <thread>10</thread>
  <message>End ObjectArrayTest</message>
</record>
<record>
  <date>2009-02-19T15:01:04</date>
  <millis>1235066464500</millis>
  <sequence>14</sequence>
  <logger>com.acucorp.acucobolgt.CVM</logger>
  <level>INFO</level>
  <thread>10</thread>
  <message>Boolean Array Test</message>
</record>
<record>
  <date>2009-02-19T15:01:04</date>
  <millis>1235066464500</millis>
  <sequence>15</sequence>
  <logger>com.acucorp.acucobolgt.CVM</logger>
  <level>INFO</level>
  <thread>10</thread>
  <message>End BooleanArrayTest</message>
</record>
<record>
  <date>2009-02-19T15:01:04</date>
  <millis>1235066464500</millis>
  <sequence>16</sequence>
  <logger>com.acucorp.acucobolgt.CVM</logger>
  <level>INFO</level>
  <thread>10</thread>
  <message>Byte Array Test</message>
</record>
<record>
  <date>2009-02-19T15:01:04</date>
  <millis>1235066464500</millis>
  <sequence>17</sequence>
  <logger>com.acucorp.acucobolgt.CVM</logger>
  <level>INFO</level>
  <thread>10</thread>
  <message>End ByteArrayTest</message>
</record>
<record>
  <date>2009-02-19T15:01:04</date>
  <millis>1235066464500</millis>
  <sequence>18</sequence>
  <logger>com.acucorp.acucobolgt.CVM</logger>
  <level>INFO</level>
  <thread>10</thread>
  <message>Short Array Test</message>
</record>
<record>
  <date>2009-02-19T15:01:04</date>
  <millis>1235066464500</millis>
  <sequence>19</sequence>
  <logger>com.acucorp.acucobolgt.CVM</logger>
  <level>INFO</level>
  <thread>10</thread>
  <message>End ShortArrayTest</message>
</record>
<record>
  <date>2009-02-19T15:01:04</date>
  <millis>1235066464500</millis>
  <sequence>20</sequence>
  <logger>com.acucorp.acucobolgt.CVM</logger>
  <level>INFO</level>
  <thread>10</thread>
  <message>Long Array Test</message>
</record>
<record>
  <date>2009-02-19T15:01:04</date>
  <millis>1235066464515</millis>
  <sequence>21</sequence>
  <logger>com.acucorp.acucobolgt.CVM</logger>
  <level>INFO</level>
  <thread>10</thread>
  <message>End LongArrayTest</message>
</record>
<record>
  <date>2009-02-19T15:01:04</date>
  <millis>1235066464515</millis>
  <sequence>22</sequence>
  <logger>com.acucorp.acucobolgt.CVM</logger>
  <level>INFO</level>
  <thread>10</thread>
  <message>Float Array Test</message>
</record>
<record>
  <date>2009-02-19T15:01:04</date>
  <millis>1235066464515</millis>
  <sequence>23</sequence>
  <logger>com.acucorp.acucobolgt.CVM</logger>
  <level>INFO</level>
  <thread>10</thread>
  <message>End FloatArrayTest</message>
</record>
<record>
  <date>2009-02-19T15:01:04</date>
  <millis>1235066464515</millis>
  <sequence>24</sequence>
  <logger>com.acucorp.acucobolgt.CVM</logger>
  <level>INFO</level>
  <thread>10</thread>
  <message>Double Array Test</message>
</record>
<record>
  <date>2009-02-19T15:01:04</date>
  <millis>1235066464515</millis>
  <sequence>25</sequence>
  <logger>com.acucorp.acucobolgt.CVM</logger>
  <level>INFO</level>
  <thread>10</thread>
  <message>End DoubleArrayTest</message>
</record>
<record>
  <date>2009-02-19T15:01:04</date>
  <millis>1235066464515</millis>
  <sequence>26</sequence>
  <logger>com.acucorp.acucobolgt.CVM</logger>
  <level>INFO</level>
  <thread>10</thread>
  <message></message>
</record>
<record>
  <date>2009-02-19T15:01:04</date>
  <millis>1235066464515</millis>
  <sequence>27</sequence>
  <logger>com.acucorp.acucobolgt.CVM</logger>
  <level>INFO</level>
  <thread>10</thread>
  <message>******************************************</message>
</record>
<record>
  <date>2009-02-19T15:01:04</date>
  <millis>1235066464515</millis>
  <sequence>28</sequence>
  <logger>com.acucorp.acucobolgt.CVM</logger>
  <level>INFO</level>
  <thread>10</thread>
  <message>** Default Call **************************</message>
</record>
<record>
  <date>2009-02-19T15:01:04</date>
  <millis>1235066464515</millis>
  <sequence>29</sequence>
  <logger>com.acucorp.acucobolgt.CVM</logger>
  <level>INFO</level>
  <thread>10</thread>
  <message>******************************************</message>
</record>
<record>
  <date>2009-02-19T15:01:04</date>
  <millis>1235066464515</millis>
  <sequence>30</sequence>
  <logger>com.acucorp.acucobolgt.CVM</logger>
  <level>INFO</level>
  <thread>10</thread>
  <message>******************************************</message>
</record>
<record>
  <date>2009-02-19T15:01:04</date>
  <millis>1235066464515</millis>
  <sequence>31</sequence>
  <logger>com.acucorp.acucobolgt.CVM</logger>
  <level>INFO</level>
  <thread>10</thread>
  <message></message>
</record>
<record>
  <date>2009-02-19T15:01:04</date>
  <millis>1235066464531</millis>
  <sequence>32</sequence>
  <logger>com.acucorp.acucobolgt.CVM</logger>
  <level>INFO</level>
  <thread>10</thread>
  <message>TestCharDefault</message>
</record>
<record>
  <date>2009-02-19T15:01:04</date>
  <millis>1235066464531</millis>
  <sequence>33</sequence>
  <logger>com.acucorp.acucobolgt.CVM</logger>
  <level>INFO</level>
  <thread>10</thread>
  <message>CobolCallingJavaChar (C)C</message>
</record>
<record>
  <date>2009-02-19T15:01:04</date>
  <millis>1235066464531</millis>
  <sequence>34</sequence>
  <logger>com.acucorp.acucobolgt.CVM</logger>
  <level>INFO</level>
  <thread>10</thread>
  <message>TestStringDefault</message>
</record>
<record>
  <date>2009-02-19T15:01:04</date>
  <millis>1235066464531</millis>
  <sequence>35</sequence>
  <logger>com.acucorp.acucobolgt.CVM</logger>
  <level>INFO</level>
  <thread>10</thread>
  <message>string start one</message>
</record>
<record>
  <date>2009-02-19T15:01:04</date>
  <millis>1235066464531</millis>
  <sequence>36</sequence>
  <logger>com.acucorp.acucobolgt.CVM</logger>
  <level>INFO</level>
  <thread>10</thread>
  <message>string start two</message>
</record>
<record>
  <date>2009-02-19T15:01:04</date>
  <millis>1235066464531</millis>
  <sequence>37</sequence>
  <logger>com.acucorp.acucobolgt.CVM</logger>
  <level>INFO</level>
  <thread>10</thread>
  <message>CobolCallingJavaString (X)X</message>
</record>
<record>
  <date>2009-02-19T15:01:04</date>
  <millis>1235066464531</millis>
  <sequence>38</sequence>
  <logger>com.acucorp.acucobolgt.CVM</logger>
  <level>INFO</level>
  <thread>10</thread>
  <message>TestIntDefault</message>
</record>
<record>
  <date>2009-02-19T15:01:04</date>
  <millis>1235066464531</millis>
  <sequence>39</sequence>
  <logger>com.acucorp.acucobolgt.CVM</logger>
  <level>INFO</level>
  <thread>10</thread>
  <message>CobolCallingJavaInt (I)I</message>
</record>
<record>
  <date>2009-02-19T15:01:04</date>
  <millis>1235066464531</millis>
  <sequence>40</sequence>
  <logger>com.acucorp.acucobolgt.CVM</logger>
  <level>INFO</level>
  <thread>10</thread>
  <message>TestBooleanDefault</message>
</record>
<record>
  <date>2009-02-19T15:01:04</date>
  <millis>1235066464531</millis>
  <sequence>41</sequence>
  <logger>com.acucorp.acucobolgt.CVM</logger>
  <level>INFO</level>
  <thread>10</thread>
  <message>CobolCallingJavaBoolean (Z)Z</message>
</record>
<record>
  <date>2009-02-19T15:01:04</date>
  <millis>1235066464531</millis>
  <sequence>42</sequence>
  <logger>com.acucorp.acucobolgt.CVM</logger>
  <level>INFO</level>
  <thread>10</thread>
  <message>TestVoidDefault</message>
</record>
<record>
  <date>2009-02-19T15:01:04</date>
  <millis>1235066464546</millis>
  <sequence>43</sequence>
  <logger>com.acucorp.acucobolgt.CVM</logger>
  <level>INFO</level>
  <thread>10</thread>
  <message>CobolCallingJavaVoid ()V</message>
</record>
<record>
  <date>2009-02-19T15:01:04</date>
  <millis>1235066464546</millis>
  <sequence>44</sequence>
  <logger>com.acucorp.acucobolgt.CVM</logger>
  <level>INFO</level>
  <thread>10</thread>
  <message>TestLongDefault</message>
</record>
<record>
  <date>2009-02-19T15:01:04</date>
  <millis>1235066464546</millis>
  <sequence>45</sequence>
  <logger>com.acucorp.acucobolgt.CVM</logger>
  <level>INFO</level>
  <thread>10</thread>
  <message>CobolCallingJavaLong (J)J</message>
</record>
<record>
  <date>2009-02-19T15:01:04</date>
  <millis>1235066464546</millis>
  <sequence>46</sequence>
  <logger>com.acucorp.acucobolgt.CVM</logger>
  <level>INFO</level>
  <thread>10</thread>
  <message>TestDoubleDefault</message>
</record>
<record>
  <date>2009-02-19T15:01:04</date>
  <millis>1235066464546</millis>
  <sequence>47</sequence>
  <logger>com.acucorp.acucobolgt.CVM</logger>
  <level>INFO</level>
  <thread>10</thread>
  <message>CobolCallingJavaDouble (D)D</message>
</record>
<record>
  <date>2009-02-19T15:01:04</date>
  <millis>1235066464546</millis>
  <sequence>48</sequence>
  <logger>com.acucorp.acucobolgt.CVM</logger>
  <level>INFO</level>
  <thread>10</thread>
  <message>TestFloatDefault</message>
</record>
<record>
  <date>2009-02-19T15:01:04</date>
  <millis>1235066464546</millis>
  <sequence>49</sequence>
  <logger>com.acucorp.acucobolgt.CVM</logger>
  <level>INFO</level>
  <thread>10</thread>
  <message>CobolCallingJavaFloat (F)F</message>
</record>
<record>
  <date>2009-02-19T15:01:04</date>
  <millis>1235066464546</millis>
  <sequence>50</sequence>
  <logger>com.acucorp.acucobolgt.CVM</logger>
  <level>INFO</level>
  <thread>10</thread>
  <message>TestShortDefault</message>
</record>
<record>
  <date>2009-02-19T15:01:04</date>
  <millis>1235066464546</millis>
  <sequence>51</sequence>
  <logger>com.acucorp.acucobolgt.CVM</logger>
  <level>INFO</level>
  <thread>10</thread>
  <message>CobolCallingJavaShort (S)S</message>
</record>
<record>
  <date>2009-02-19T15:01:04</date>
  <millis>1235066464546</millis>
  <sequence>52</sequence>
  <logger>com.acucorp.acucobolgt.CVM</logger>
  <level>INFO</level>
  <thread>10</thread>
  <message>TestByteDefault</message>
</record>
<record>
  <date>2009-02-19T15:01:04</date>
  <millis>1235066464546</millis>
  <sequence>53</sequence>
  <logger>com.acucorp.acucobolgt.CVM</logger>
  <level>INFO</level>
  <thread>10</thread>
  <message>CobolCallingJavaByte (B)B</message>
</record>
<record>
  <date>2009-02-19T15:01:04</date>
  <millis>1235066464546</millis>
  <sequence>54</sequence>
  <logger>com.acucorp.acucobolgt.CVM</logger>
  <level>INFO</level>
  <thread>10</thread>
  <message></message>
</record>
<record>
  <date>2009-02-19T15:01:04</date>
  <millis>1235066464562</millis>
  <sequence>55</sequence>
  <logger>com.acucorp.acucobolgt.CVM</logger>
  <level>INFO</level>
  <thread>10</thread>
  <message>******************************************</message>
</record>
<record>
  <date>2009-02-19T15:01:04</date>
  <millis>1235066464562</millis>
  <sequence>56</sequence>
  <logger>com.acucorp.acucobolgt.CVM</logger>
  <level>INFO</level>
  <thread>10</thread>
  <message>** Virtural Call *************************</message>
</record>
<record>
  <date>2009-02-19T15:01:04</date>
  <millis>1235066464562</millis>
  <sequence>57</sequence>
  <logger>com.acucorp.acucobolgt.CVM</logger>
  <level>INFO</level>
  <thread>10</thread>
  <message>******************************************</message>
</record>
<record>
  <date>2009-02-19T15:01:04</date>
  <millis>1235066464562</millis>
  <sequence>58</sequence>
  <logger>com.acucorp.acucobolgt.CVM</logger>
  <level>INFO</level>
  <thread>10</thread>
  <message>******************************************</message>
</record>
<record>
  <date>2009-02-19T15:01:04</date>
  <millis>1235066464562</millis>
  <sequence>59</sequence>
  <logger>com.acucorp.acucobolgt.CVM</logger>
  <level>INFO</level>
  <thread>10</thread>
  <message></message>
</record>
<record>
  <date>2009-02-19T15:01:04</date>
  <millis>1235066464562</millis>
  <sequence>60</sequence>
  <logger>com.acucorp.acucobolgt.CVM</logger>
  <level>INFO</level>
  <thread>10</thread>
  <message>test charV</message>
</record>
<record>
  <date>2009-02-19T15:01:04</date>
  <millis>1235066464562</millis>
  <sequence>61</sequence>
  <logger>com.acucorp.acucobolgt.CVM</logger>
  <level>INFO</level>
  <thread>10</thread>
  <message>CobolCallingJavaCharV (C)C</message>
</record>
<record>
  <date>2009-02-19T15:01:04</date>
  <millis>1235066464562</millis>
  <sequence>62</sequence>
  <logger>com.acucorp.acucobolgt.CVM</logger>
  <level>INFO</level>
  <thread>10</thread>
  <message>test stringV</message>
</record>
<record>
  <date>2009-02-19T15:01:04</date>
  <millis>1235066464562</millis>
  <sequence>63</sequence>
  <logger>com.acucorp.acucobolgt.CVM</logger>
  <level>INFO</level>
  <thread>10</thread>
  <message>string start one</message>
</record>
<record>
  <date>2009-02-19T15:01:04</date>
  <millis>1235066464562</millis>
  <sequence>64</sequence>
  <logger>com.acucorp.acucobolgt.CVM</logger>
  <level>INFO</level>
  <thread>10</thread>
  <message>string start two</message>
</record>
<record>
  <date>2009-02-19T15:01:04</date>
  <millis>1235066464562</millis>
  <sequence>65</sequence>
  <logger>com.acucorp.acucobolgt.CVM</logger>
  <level>INFO</level>
  <thread>10</thread>
  <message>CobolCallingJavaStringV (X)X</message>
</record>
<record>
  <date>2009-02-19T15:01:04</date>
  <millis>1235066464562</millis>
  <sequence>66</sequence>
  <logger>com.acucorp.acucobolgt.CVM</logger>
  <level>INFO</level>
  <thread>10</thread>
  <message>test integerV</message>
</record>
<record>
  <date>2009-02-19T15:01:04</date>
  <millis>1235066464578</millis>
  <sequence>67</sequence>
  <logger>com.acucorp.acucobolgt.CVM</logger>
  <level>INFO</level>
  <thread>10</thread>
  <message>CobolCallingJavaIntV (I)I</message>
</record>
<record>
  <date>2009-02-19T15:01:04</date>
  <millis>1235066464578</millis>
  <sequence>68</sequence>
  <logger>com.acucorp.acucobolgt.CVM</logger>
  <level>INFO</level>
  <thread>10</thread>
  <message>test booleanV</message>
</record>
<record>
  <date>2009-02-19T15:01:04</date>
  <millis>1235066464578</millis>
  <sequence>69</sequence>
  <logger>com.acucorp.acucobolgt.CVM</logger>
  <level>INFO</level>
  <thread>10</thread>
  <message>CobolCallingJavaBooleanV (Z)Z</message>
</record>
<record>
  <date>2009-02-19T15:01:04</date>
  <millis>1235066464578</millis>
  <sequence>70</sequence>
  <logger>com.acucorp.acucobolgt.CVM</logger>
  <level>INFO</level>
  <thread>10</thread>
  <message>test voidV</message>
</record>
<record>
  <date>2009-02-19T15:01:04</date>
  <millis>1235066464578</millis>
  <sequence>71</sequence>
  <logger>com.acucorp.acucobolgt.CVM</logger>
  <level>INFO</level>
  <thread>10</thread>
  <message>CobolCallingJavaVoidV ()V</message>
</record>
<record>
  <date>2009-02-19T15:01:04</date>
  <millis>1235066464578</millis>
  <sequence>72</sequence>
  <logger>com.acucorp.acucobolgt.CVM</logger>
  <level>INFO</level>
  <thread>10</thread>
  <message>test longV</message>
</record>
<record>
  <date>2009-02-19T15:01:04</date>
  <millis>1235066464578</millis>
  <sequence>73</sequence>
  <logger>com.acucorp.acucobolgt.CVM</logger>
  <level>INFO</level>
  <thread>10</thread>
  <message>CobolCallingJavaLongV (J)J</message>
</record>
<record>
  <date>2009-02-19T15:01:04</date>
  <millis>1235066464578</millis>
  <sequence>74</sequence>
  <logger>com.acucorp.acucobolgt.CVM</logger>
  <level>INFO</level>
  <thread>10</thread>
  <message>test doubleV</message>
</record>
<record>
  <date>2009-02-19T15:01:04</date>
  <millis>1235066464578</millis>
  <sequence>75</sequence>
  <logger>com.acucorp.acucobolgt.CVM</logger>
  <level>INFO</level>
  <thread>10</thread>
  <message>CobolCallingJavaDoubleV (D)D</message>
</record>
<record>
  <date>2009-02-19T15:01:04</date>
  <millis>1235066464578</millis>
  <sequence>76</sequence>
  <logger>com.acucorp.acucobolgt.CVM</logger>
  <level>INFO</level>
  <thread>10</thread>
  <message>test floatV</message>
</record>
<record>
  <date>2009-02-19T15:01:04</date>
  <millis>1235066464578</millis>
  <sequence>77</sequence>
  <logger>com.acucorp.acucobolgt.CVM</logger>
  <level>INFO</level>
  <thread>10</thread>
  <message>CobolCallingJavaFloatV (F)F</message>
</record>
<record>
  <date>2009-02-19T15:01:04</date>
  <millis>1235066464578</millis>
  <sequence>78</sequence>
  <logger>com.acucorp.acucobolgt.CVM</logger>
  <level>INFO</level>
  <thread>10</thread>
  <message>test shortV</message>
</record>
<record>
  <date>2009-02-19T15:01:04</date>
  <millis>1235066464593</millis>
  <sequence>79</sequence>
  <logger>com.acucorp.acucobolgt.CVM</logger>
  <level>INFO</level>
  <thread>10</thread>
  <message>CobolCallingJavaShortV (S)S</message>
</record>
<record>
  <date>2009-02-19T15:01:04</date>
  <millis>1235066464593</millis>
  <sequence>80</sequence>
  <logger>com.acucorp.acucobolgt.CVM</logger>
  <level>INFO</level>
  <thread>10</thread>
  <message>test byteV</message>
</record>
<record>
  <date>2009-02-19T15:01:04</date>
  <millis>1235066464593</millis>
  <sequence>81</sequence>
  <logger>com.acucorp.acucobolgt.CVM</logger>
  <level>INFO</level>
  <thread>10</thread>
  <message>CobolCallingJavaByteV (B)B</message>
</record>
<record>
  <date>2009-02-19T15:01:04</date>
  <millis>1235066464593</millis>
  <sequence>82</sequence>
  <logger>com.acucorp.acucobolgt.CVM</logger>
  <level>INFO</level>
  <thread>10</thread>
  <message></message>
</record>
<record>
  <date>2009-02-19T15:01:04</date>
  <millis>1235066464593</millis>
  <sequence>83</sequence>
  <logger>com.acucorp.acucobolgt.CVM</logger>
  <level>INFO</level>
  <thread>10</thread>
  <message>******************************************</message>
</record>
<record>
  <date>2009-02-19T15:01:04</date>
  <millis>1235066464593</millis>
  <sequence>84</sequence>
  <logger>com.acucorp.acucobolgt.CVM</logger>
  <level>INFO</level>
  <thread>10</thread>
  <message>** Static Call ***************************</message>
</record>
<record>
  <date>2009-02-19T15:01:04</date>
  <millis>1235066464593</millis>
  <sequence>85</sequence>
  <logger>com.acucorp.acucobolgt.CVM</logger>
  <level>INFO</level>
  <thread>10</thread>
  <message>******************************************</message>
</record>
<record>
  <date>2009-02-19T15:01:04</date>
  <millis>1235066464593</millis>
  <sequence>86</sequence>
  <logger>com.acucorp.acucobolgt.CVM</logger>
  <level>INFO</level>
  <thread>10</thread>
  <message>******************************************</message>
</record>
<record>
  <date>2009-02-19T15:01:04</date>
  <millis>1235066464593</millis>
  <sequence>87</sequence>
  <logger>com.acucorp.acucobolgt.CVM</logger>
  <level>INFO</level>
  <thread>10</thread>
  <message></message>
</record>
<record>
  <date>2009-02-19T15:01:04</date>
  <millis>1235066464593</millis>
  <sequence>88</sequence>
  <logger>com.acucorp.acucobolgt.CVM</logger>
  <level>INFO</level>
  <thread>10</thread>
  <message>TestCharStatic</message>
</record>
<record>
  <date>2009-02-19T15:01:04</date>
  <millis>1235066464593</millis>
  <sequence>89</sequence>
  <logger>com.acucorp.acucobolgt.CVM</logger>
  <level>INFO</level>
  <thread>10</thread>
  <message>CallStatic CobolCallingJavaChar (C)C</message>
</record>
<record>
  <date>2009-02-19T15:01:04</date>
  <millis>1235066464593</millis>
  <sequence>90</sequence>
  <logger>com.acucorp.acucobolgt.CVM</logger>
  <level>INFO</level>
  <thread>10</thread>
  <message>TestStringStatic</message>
</record>
<record>
  <date>2009-02-19T15:01:04</date>
  <millis>1235066464593</millis>
  <sequence>91</sequence>
  <logger>com.acucorp.acucobolgt.CVM</logger>
  <level>INFO</level>
  <thread>10</thread>
  <message>string start one</message>
</record>
<record>
  <date>2009-02-19T15:01:04</date>
  <millis>1235066464609</millis>
  <sequence>92</sequence>
  <logger>com.acucorp.acucobolgt.CVM</logger>
  <level>INFO</level>
  <thread>10</thread>
  <message>string start two</message>
</record>
<record>
  <date>2009-02-19T15:01:04</date>
  <millis>1235066464609</millis>
  <sequence>93</sequence>
  <logger>com.acucorp.acucobolgt.CVM</logger>
  <level>INFO</level>
  <thread>10</thread>
  <message>CallStatic CobolCallingJavaString (X)X</message>
</record>
<record>
  <date>2009-02-19T15:01:04</date>
  <millis>1235066464609</millis>
  <sequence>94</sequence>
  <logger>com.acucorp.acucobolgt.CVM</logger>
  <level>INFO</level>
  <thread>10</thread>
  <message>TestIntStatic</message>
</record>
<record>
  <date>2009-02-19T15:01:04</date>
  <millis>1235066464609</millis>
  <sequence>95</sequence>
  <logger>com.acucorp.acucobolgt.CVM</logger>
  <level>INFO</level>
  <thread>10</thread>
  <message>CallStatic CobolCallingJavaInt (I)I</message>
</record>
<record>
  <date>2009-02-19T15:01:04</date>
  <millis>1235066464609</millis>
  <sequence>96</sequence>
  <logger>com.acucorp.acucobolgt.CVM</logger>
  <level>INFO</level>
  <thread>10</thread>
  <message>TestBooleanStatic</message>
</record>
<record>
  <date>2009-02-19T15:01:04</date>
  <millis>1235066464609</millis>
  <sequence>97</sequence>
  <logger>com.acucorp.acucobolgt.CVM</logger>
  <level>INFO</level>
  <thread>10</thread>
  <message>CallStatic CobolCallingJavaBoolean (Z)Z</message>
</record>
<record>
  <date>2009-02-19T15:01:04</date>
  <millis>1235066464609</millis>
  <sequence>98</sequence>
  <logger>com.acucorp.acucobolgt.CVM</logger>
  <level>INFO</level>
  <thread>10</thread>
  <message>TestVoidStatic</message>
</record>
<record>
  <date>2009-02-19T15:01:04</date>
  <millis>1235066464609</millis>
  <sequence>99</sequence>
  <logger>com.acucorp.acucobolgt.CVM</logger>
  <level>INFO</level>
  <thread>10</thread>
  <message>CallStatic CobolCallingJavaVoid ()V</message>
</record>
<record>
  <date>2009-02-19T15:01:04</date>
  <millis>1235066464609</millis>
  <sequence>100</sequence>
  <logger>com.acucorp.acucobolgt.CVM</logger>
  <level>INFO</level>
  <thread>10</thread>
  <message>TestLongStatic</message>
</record>
<record>
  <date>2009-02-19T15:01:04</date>
  <millis>1235066464609</millis>
  <sequence>101</sequence>
  <logger>com.acucorp.acucobolgt.CVM</logger>
  <level>INFO</level>
  <thread>10</thread>
  <message>CallStatic CobolCallingJavaLong (J)J</message>
</record>
<record>
  <date>2009-02-19T15:01:04</date>
  <millis>1235066464609</millis>
  <sequence>102</sequence>
  <logger>com.acucorp.acucobolgt.CVM</logger>
  <level>INFO</level>
  <thread>10</thread>
  <message>TestDoubleStatic</message>
</record>
<record>
  <date>2009-02-19T15:01:04</date>
  <millis>1235066464625</millis>
  <sequence>103</sequence>
  <logger>com.acucorp.acucobolgt.CVM</logger>
  <level>INFO</level>
  <thread>10</thread>
  <message>CallStatic CobolCallingJavaDouble (D)D</message>
</record>
<record>
  <date>2009-02-19T15:01:04</date>
  <millis>1235066464625</millis>
  <sequence>104</sequence>
  <logger>com.acucorp.acucobolgt.CVM</logger>
  <level>INFO</level>
  <thread>10</thread>
  <message>TestFloatStatic</message>
</record>
<record>
  <date>2009-02-19T15:01:04</date>
  <millis>1235066464625</millis>
  <sequence>105</sequence>
  <logger>com.acucorp.acucobolgt.CVM</logger>
  <level>INFO</level>
  <thread>10</thread>
  <message>CallStatic CobolCallingJavaFloat (F)F</message>
</record>
<record>
  <date>2009-02-19T15:01:04</date>
  <millis>1235066464625</millis>
  <sequence>106</sequence>
  <logger>com.acucorp.acucobolgt.CVM</logger>
  <level>INFO</level>
  <thread>10</thread>
  <message>TestShortStatic</message>
</record>
<record>
  <date>2009-02-19T15:01:04</date>
  <millis>1235066464625</millis>
  <sequence>107</sequence>
  <logger>com.acucorp.acucobolgt.CVM</logger>
  <level>INFO</level>
  <thread>10</thread>
  <message>CallStatic CobolCallingJavaShort (S)S</message>
</record>
<record>
  <date>2009-02-19T15:01:04</date>
  <millis>1235066464625</millis>
  <sequence>108</sequence>
  <logger>com.acucorp.acucobolgt.CVM</logger>
  <level>INFO</level>
  <thread>10</thread>
  <message>TestByteStatic</message>
</record>
<record>
  <date>2009-02-19T15:01:04</date>
  <millis>1235066464625</millis>
  <sequence>109</sequence>
  <logger>com.acucorp.acucobolgt.CVM</logger>
  <level>INFO</level>
  <thread>10</thread>
  <message>CallStatic CobolCallingJavaByte (B)B</message>
</record>
<record>
  <date>2009-02-19T15:01:04</date>
  <millis>1235066464625</millis>
  <sequence>110</sequence>
  <logger>com.acucorp.acucobolgt.CVM</logger>
  <level>INFO</level>
  <thread>10</thread>
  <message></message>
</record>
<record>
  <date>2009-02-19T15:01:04</date>
  <millis>1235066464625</millis>
  <sequence>111</sequence>
  <logger>com.acucorp.acucobolgt.CVM</logger>
  <level>INFO</level>
  <thread>10</thread>
  <message>******************************************</message>
</record>
<record>
  <date>2009-02-19T15:01:04</date>
  <millis>1235066464625</millis>
  <sequence>112</sequence>
  <logger>com.acucorp.acucobolgt.CVM</logger>
  <level>INFO</level>
  <thread>10</thread>
  <message>** Non-Virtural Call *********************</message>
</record>
<record>
  <date>2009-02-19T15:01:04</date>
  <millis>1235066464625</millis>
  <sequence>113</sequence>
  <logger>com.acucorp.acucobolgt.CVM</logger>
  <level>INFO</level>
  <thread>10</thread>
  <message>******************************************</message>
</record>
<record>
  <date>2009-02-19T15:01:04</date>
  <millis>1235066464625</millis>
  <sequence>114</sequence>
  <logger>com.acucorp.acucobolgt.CVM</logger>
  <level>INFO</level>
  <thread>10</thread>
  <message>******************************************</message>
</record>
<record>
  <date>2009-02-19T15:01:04</date>
  <millis>1235066464625</millis>
  <sequence>115</sequence>
  <logger>com.acucorp.acucobolgt.CVM</logger>
  <level>INFO</level>
  <thread>10</thread>
  <message></message>
</record>
<record>
  <date>2009-02-19T15:01:04</date>
  <millis>1235066464625</millis>
  <sequence>116</sequence>
  <logger>com.acucorp.acucobolgt.CVM</logger>
  <level>INFO</level>
  <thread>10</thread>
  <message>test charNV</message>
</record>
<record>
  <date>2009-02-19T15:01:04</date>
  <millis>1235066464640</millis>
  <sequence>117</sequence>
  <logger>com.acucorp.acucobolgt.CVM</logger>
  <level>INFO</level>
  <thread>10</thread>
  <message>CobolCallingJavaCharNV (C)C</message>
</record>
<record>
  <date>2009-02-19T15:01:04</date>
  <millis>1235066464640</millis>
  <sequence>118</sequence>
  <logger>com.acucorp.acucobolgt.CVM</logger>
  <level>INFO</level>
  <thread>10</thread>
  <message>test stringNV</message>
</record>
<record>
  <date>2009-02-19T15:01:04</date>
  <millis>1235066464640</millis>
  <sequence>119</sequence>
  <logger>com.acucorp.acucobolgt.CVM</logger>
  <level>INFO</level>
  <thread>10</thread>
  <message>string start one</message>
</record>
<record>
  <date>2009-02-19T15:01:04</date>
  <millis>1235066464640</millis>
  <sequence>120</sequence>
  <logger>com.acucorp.acucobolgt.CVM</logger>
  <level>INFO</level>
  <thread>10</thread>
  <message>string start two</message>
</record>
<record>
  <date>2009-02-19T15:01:04</date>
  <millis>1235066464640</millis>
  <sequence>121</sequence>
  <logger>com.acucorp.acucobolgt.CVM</logger>
  <level>INFO</level>
  <thread>10</thread>
  <message>CobolCallingJavaStringNV (X)X</message>
</record>
<record>
  <date>2009-02-19T15:01:04</date>
  <millis>1235066464640</millis>
  <sequence>122</sequence>
  <logger>com.acucorp.acucobolgt.CVM</logger>
  <level>INFO</level>
  <thread>10</thread>
  <message>test integerNV</message>
</record>
<record>
  <date>2009-02-19T15:01:04</date>
  <millis>1235066464640</millis>
  <sequence>123</sequence>
  <logger>com.acucorp.acucobolgt.CVM</logger>
  <level>INFO</level>
  <thread>10</thread>
  <message>CobolCallingJavaIntNV (I)I</message>
</record>
<record>
  <date>2009-02-19T15:01:04</date>
  <millis>1235066464640</millis>
  <sequence>124</sequence>
  <logger>com.acucorp.acucobolgt.CVM</logger>
  <level>INFO</level>
  <thread>10</thread>
  <message>test booleanNV</message>
</record>
<record>
  <date>2009-02-19T15:01:04</date>
  <millis>1235066464640</millis>
  <sequence>125</sequence>
  <logger>com.acucorp.acucobolgt.CVM</logger>
  <level>INFO</level>
  <thread>10</thread>
  <message>CobolCallingJavaBooleanNV (Z)Z</message>
</record>
<record>
  <date>2009-02-19T15:01:04</date>
  <millis>1235066464640</millis>
  <sequence>126</sequence>
  <logger>com.acucorp.acucobolgt.CVM</logger>
  <level>INFO</level>
  <thread>10</thread>
  <message>test voidNV</message>
</record>
<record>
  <date>2009-02-19T15:01:04</date>
  <millis>1235066464656</millis>
  <sequence>127</sequence>
  <logger>com.acucorp.acucobolgt.CVM</logger>
  <level>INFO</level>
  <thread>10</thread>
  <message>CobolCallingJavaVoidNV ()V</message>
</record>
<record>
  <date>2009-02-19T15:01:04</date>
  <millis>1235066464656</millis>
  <sequence>128</sequence>
  <logger>com.acucorp.acucobolgt.CVM</logger>
  <level>INFO</level>
  <thread>10</thread>
  <message>test longNV</message>
</record>
<record>
  <date>2009-02-19T15:01:04</date>
  <millis>1235066464656</millis>
  <sequence>129</sequence>
  <logger>com.acucorp.acucobolgt.CVM</logger>
  <level>INFO</level>
  <thread>10</thread>
  <message>CobolCallingJavaLongNV (J)J</message>
</record>
<record>
  <date>2009-02-19T15:01:04</date>
  <millis>1235066464656</millis>
  <sequence>130</sequence>
  <logger>com.acucorp.acucobolgt.CVM</logger>
  <level>INFO</level>
  <thread>10</thread>
  <message>test doubleNV</message>
</record>
<record>
  <date>2009-02-19T15:01:04</date>
  <millis>1235066464656</millis>
  <sequence>131</sequence>
  <logger>com.acucorp.acucobolgt.CVM</logger>
  <level>INFO</level>
  <thread>10</thread>
  <message>CobolCallingJavaDoubleNV (D)D</message>
</record>
<record>
  <date>2009-02-19T15:01:04</date>
  <millis>1235066464656</millis>
  <sequence>132</sequence>
  <logger>com.acucorp.acucobolgt.CVM</logger>
  <level>INFO</level>
  <thread>10</thread>
  <message>test floatNV</message>
</record>
<record>
  <date>2009-02-19T15:01:04</date>
  <millis>1235066464656</millis>
  <sequence>133</sequence>
  <logger>com.acucorp.acucobolgt.CVM</logger>
  <level>INFO</level>
  <thread>10</thread>
  <message>CobolCallingJavaFloatNV (F)F</message>
</record>
<record>
  <date>2009-02-19T15:01:04</date>
  <millis>1235066464656</millis>
  <sequence>134</sequence>
  <logger>com.acucorp.acucobolgt.CVM</logger>
  <level>INFO</level>
  <thread>10</thread>
  <message>test shortNV</message>
</record>
<record>
  <date>2009-02-19T15:01:04</date>
  <millis>1235066464656</millis>
  <sequence>135</sequence>
  <logger>com.acucorp.acucobolgt.CVM</logger>
  <level>INFO</level>
  <thread>10</thread>
  <message>CobolCallingJavaShortNV (S)S</message>
</record>
<record>
  <date>2009-02-19T15:01:04</date>
  <millis>1235066464671</millis>
  <sequence>136</sequence>
  <logger>com.acucorp.acucobolgt.CVM</logger>
  <level>INFO</level>
  <thread>10</thread>
  <message>test byteNV</message>
</record>
<record>
  <date>2009-02-19T15:01:04</date>
  <millis>1235066464671</millis>
  <sequence>137</sequence>
  <logger>com.acucorp.acucobolgt.CVM</logger>
  <level>INFO</level>
  <thread>10</thread>
  <message>CobolCallingJavaByteNV (B)B</message>
</record>
<record>
  <date>2009-02-19T15:01:04</date>
  <millis>1235066464671</millis>
  <sequence>138</sequence>
  <logger>com.acucorp.acucobolgt.CVM</logger>
  <level>INFO</level>
  <thread>10</thread>
  <message></message>
</record>
<record>
  <date>2009-02-19T15:01:04</date>
  <millis>1235066464671</millis>
  <sequence>139</sequence>
  <logger>com.acucorp.acucobolgt.CVM</logger>
  <level>INFO</level>
  <thread>10</thread>
  <message>******************************************</message>
</record>
<record>
  <date>2009-02-19T15:01:04</date>
  <millis>1235066464671</millis>
  <sequence>140</sequence>
  <logger>com.acucorp.acucobolgt.CVM</logger>
  <level>INFO</level>
  <thread>10</thread>
  <message>** Reentrant Test - J2C2J2C **************</message>
</record>
<record>
  <date>2009-02-19T15:01:04</date>
  <millis>1235066464671</millis>
  <sequence>141</sequence>
  <logger>com.acucorp.acucobolgt.CVM</logger>
  <level>INFO</level>
  <thread>10</thread>
  <message>******************************************</message>
</record>
<record>
  <date>2009-02-19T15:01:04</date>
  <millis>1235066464671</millis>
  <sequence>142</sequence>
  <logger>com.acucorp.acucobolgt.CVM</logger>
  <level>INFO</level>
  <thread>10</thread>
  <message>******************************************</message>
</record>
<record>
  <date>2009-02-19T15:01:04</date>
  <millis>1235066464671</millis>
  <sequence>143</sequence>
  <logger>com.acucorp.acucobolgt.CVM</logger>
  <level>INFO</level>
  <thread>10</thread>
  <message></message>
</record>
<record>
  <date>2009-02-19T15:01:04</date>
  <millis>1235066464671</millis>
  <sequence>144</sequence>
  <logger>com.acucorp.acucobolgt.CVM</logger>
  <level>INFO</level>
  <thread>10</thread>
  <message>CobolCallingJavaReentrantTest ()V</message>
</record>
</log>
