      * Report1c.rpt
      * Report1c.rpt is generated from C:\Acucorp\Acucbl720\AcuGT\sample\reports\Report1c.Psf
      * This is a generated file. DO NOT modify this file directly.
    
       Acu-Report1c-HTML-HEADER.
           MOVE '<HTML>' TO PRINT-BUF.
           WRITE PRINTF-R FROM PRINT-BUF AFTER 001
           INITIALIZE PRINT-BUF
           MOVE '<HEAD><TITLE>  </TITLE></HEAD>' 
              TO PRINT-BUF
           WRITE PRINTF-R FROM PRINT-BUF AFTER 001
           INITIALIZE PRINT-BUF
           PERFORM Acu-Report1c-HTML-CSS
           MOVE '<BODY STYLE="BACKGROUND-COLOR:#FFFFFF;">' TO PRINT-BUF
           WRITE PRINTF-R FROM PRINT-BUF AFTER 001
           INITIALIZE PRINT-BUF
           .

       Acu-Report1c-HTML-FOOTER.
           MOVE '</BODY>' TO PRINT-BUF
           WRITE PRINTF-R FROM PRINT-BUF AFTER 001
           INITIALIZE PRINT-BUF
           MOVE '</HTML>' TO PRINT-BUF
           WRITE PRINTF-R FROM PRINT-BUF AFTER 001
           INITIALIZE PRINT-BUF
           .

       Acu-Report1c-HTML-CSS.
           MOVE '<STYLE TYPE="TEXT/CSS">' TO PRINT-BUF
           WRITE PRINTF-R FROM PRINT-BUF AFTER 001
           INITIALIZE PRINT-BUF
      * Report1c-RwLa-3'S CSS SETTING
           MOVE 
              '   .Report1c-RwLa-3 {POSITION:ABSOLUTE; TOP:12; LEFT:10; 
      -       'WIDTH:92; HEIGHT:18; BACKGROUND-COLOR:TRANSPARENT; }'
               TO PRINT-BUF
           WRITE PRINTF-R FROM PRINT-BUF AFTER 001
           INITIALIZE PRINT-BUF
      * Report1c-RwLa-4'S CSS SETTING
           MOVE 
              '   .Report1c-RwLa-4 {POSITION:ABSOLUTE; TOP:12; LEFT:330;
      -       ' WIDTH:93; HEIGHT:18; BACKGROUND-COLOR:TRANSPARENT; }'
               TO PRINT-BUF
           WRITE PRINTF-R FROM PRINT-BUF AFTER 001
           INITIALIZE PRINT-BUF
      * Report1c-RwLa-1'S CSS SETTING
           MOVE 
              '   .Report1c-RwLa-1 {POSITION:ABSOLUTE; TOP:10; LEFT:10; 
      -       'WIDTH:39; HEIGHT:18; BACKGROUND-COLOR:TRANSPARENT; }'
               TO PRINT-BUF
           WRITE PRINTF-R FROM PRINT-BUF AFTER 001
           INITIALIZE PRINT-BUF
      * Report1c-RwEf-1'S CSS SETTING
           MOVE 
              '   .Report1c-RwEf-1 {POSITION:ABSOLUTE; TOP:10; LEFT:90; 
      -       'WIDTH:25; HEIGHT:18; LETTER-SPACING:0.00; BACKGROUND-COLO
      -       'R:TRANSPARENT; OVERFLOW:HIDDEN}' TO PRINT-BUF
           WRITE PRINTF-R FROM PRINT-BUF AFTER 001
           INITIALIZE PRINT-BUF
      * Report1c-RwLa-2'S CSS SETTING
           MOVE 
              '   .Report1c-RwLa-2 {POSITION:ABSOLUTE; TOP:6; LEFT:10; W
      -       'IDTH:50; HEIGHT:18; BACKGROUND-COLOR:TRANSPARENT; }'
               TO PRINT-BUF
           WRITE PRINTF-R FROM PRINT-BUF AFTER 001
           INITIALIZE PRINT-BUF
      * Report1c-RwEf-2'S CSS SETTING
           MOVE 
              '   .Report1c-RwEf-2 {POSITION:ABSOLUTE; TOP:6; LEFT:90; W
      -       'IDTH:37; HEIGHT:18; LETTER-SPACING:0.00; BACKGROUND-COLOR
      -       ':TRANSPARENT; OVERFLOW:HIDDEN}' TO PRINT-BUF
           WRITE PRINTF-R FROM PRINT-BUF AFTER 001
           INITIALIZE PRINT-BUF
      * Report1c-RwEf-3'S CSS SETTING
           MOVE 
              '   .Report1c-RwEf-3 {POSITION:ABSOLUTE; TOP:10; LEFT:10; 
      -       'WIDTH:302; HEIGHT:18; LETTER-SPACING:0.00; BACKGROUND-COL
      -       'OR:TRANSPARENT; OVERFLOW:HIDDEN}' TO PRINT-BUF
           WRITE PRINTF-R FROM PRINT-BUF AFTER 001
           INITIALIZE PRINT-BUF
      * Report1c-RwEf-4'S CSS SETTING
           MOVE 
              '   .Report1c-RwEf-4 {POSITION:ABSOLUTE; TOP:10; LEFT:330;
      -       ' WIDTH:301; HEIGHT:18; LETTER-SPACING:0.00; BACKGROUND-CO
      -       'LOR:TRANSPARENT; OVERFLOW:HIDDEN}' TO PRINT-BUF
           WRITE PRINTF-R FROM PRINT-BUF AFTER 001
           INITIALIZE PRINT-BUF
      * Report1c-RwOcc-1 Table's Columns (1th) CSS Setting
           MOVE '   .Report1c-RwOcc-1-COL1 {BORDER:0px; }' TO PRINT-BUF
           WRITE PRINTF-R FROM PRINT-BUF AFTER 001
           INITIALIZE PRINT-BUF
      * Report1c-RwOcc-1 Table's Columns (2th) CSS Setting
           MOVE '   .Report1c-RwOcc-1-COL2 {BORDER:0px; }' TO PRINT-BUF
           WRITE PRINTF-R FROM PRINT-BUF AFTER 001
           INITIALIZE PRINT-BUF
      * Report1c-RwOcc-1 Table's Columns (3th) CSS Setting
           MOVE '   .Report1c-RwOcc-1-COL3 {BORDER:0px; }' TO PRINT-BUF
           WRITE PRINTF-R FROM PRINT-BUF AFTER 001
           INITIALIZE PRINT-BUF
      * Report1c-RwDtTm-1'S CSS Setting
           MOVE 
              '   .Report1c-RwDtTm-1 {POSITION:ABSOLUTE; TOP:10; LEFT:31
      -       '2; WIDTH:191; HEIGHT:30; TEXT-ALIGN:CENTER; BACKGROUND-CO
      -       'LOR:TRANSPARENT; }' TO PRINT-BUF
           WRITE PRINTF-R FROM PRINT-BUF AFTER 001
           INITIALIZE PRINT-BUF
           MOVE '</STYLE>' TO PRINT-BUF
           WRITE PRINTF-R FROM PRINT-BUF AFTER 001
           INITIALIZE PRINT-BUF
           .    

       Acu-Report1c-PRINT-PARA.
           MOVE SPACES TO PRINT-FULLNAME
           CALL "C$FULLNAME" USING "Report1c.html", PRINT-FULLNAME,
                GIVING ACU-STATUS-CODE
           IF ACU-STATUS-CODE = 1
              MOVE 0 TO ACU-SETUPPRINT
              EXIT PARAGRAPH
           END-IF
           MOVE 0 TO ACU-IDX1
           INSPECT PRINT-FULLNAME TALLYING ACU-IDX1 FOR ALL "\"
           INSPECT PRINT-FULLNAME REPLACING TRAILING SPACE BY "*"
           IF ACU-IDX1 <= 0
              MOVE SPACES TO DUMY-LINE
              CALL "C$CHDIR" USING DUMY-LINE
              INSPECT DUMY-LINE REPLACING TRAILING SPACE BY "*"
              MOVE 0 TO ACU-STATUS-CODE
              PERFORM VARYING ACU-IDX2 FROM 1 BY 1 UNTIL
              ACU-STATUS-CODE = 1
                 IF DUMY-LINE(ACU-IDX2:1) = "*"
                    MOVE 1 TO ACU-STATUS-CODE
                 END-IF
              END-PERFORM
              IF DUMY-LINE(ACU-IDX2 - 2:1) = "\"
                 STRING DUMY-LINE, PRINT-FULLNAME, X"00"
                    DELIMITED BY "*" INTO PRT-FULLFILENAME
              ELSE
                 STRING DUMY-LINE, "\", PRINT-FULLNAME, X"00"
                    DELIMITED BY "*" INTO PRT-FULLFILENAME
              END-IF
           ELSE
              STRING PRINT-FULLNAME , X"00" DELIMITED BY "*" INTO 
                 PRT-FULLFILENAME
           END-IF

           STRING "Letter", X"00" DELIMITED BY SIZE INTO 
              ACU-PAPER-SIZE
           STRING "&w&bPage &p of &P", X"00" DELIMITED BY SIZE INTO 
              ACU-PAPER-HEADER
           STRING "&u&b&d", X"00" DELIMITED BY SIZE INTO 
              ACU-PAPER-FOOTER
           MOVE "PORTRAIT" TO ACU-PAPER-ORIENTATION
           IF ACU-PAPER-ORIENTATION = "LANDSCAPE"
              MOVE 2 TO ACU-PAPER-ORIENTATIONINT
           ELSE
              MOVE 1 TO ACU-PAPER-ORIENTATIONINT
           END-IF
           STRING "PORTRAIT", X"00" DELIMITED BY SIZE INTO
              ACU-PAPER-ORIENTATION
           MOVE "75" to ACU-MARGIN-LEFT
           MOVE "75" to ACU-MARGIN-RIGHT
           MOVE "75" to ACU-MARGIN-TOP
           MOVE "75" to ACU-MARGIN-BOTTOM
           STRING ACU-PAPER-MARGIN, X"00" DELIMITED BY SIZE INTO 
              PRINT-BROWSER-PARA
           IF ACU-PAPER-COPIES = 0 
              OR ACU-PAPER-COPIES(1:) = spaces
                 MOVE 1 to ACU-PAPER-COPIES
           END-IF
           MOVE SPACES TO DUMY-LINE
           .

       Acu-Report1c-SETUP-PRINT.
           MOVE 1 TO ACU-SETUPPRINT
           PERFORM Acu-Report1c-PRINT-PARA
           SET ENVIRONMENT "DLL_CONVENTION" to "1"
           CALL "AcuBenchPrintDummy"
              ON EXCEPTION CALL "AcuBenchPrint.dll" END-CALL
           END-CALL
           CALL "AcuBenchPrintExecWBPageSetup" USING
                BY CONTENT PRINT-BROWSER-PARA,
                BY CONTENT ACU-PAPER-SIZE, 
                BY VALUE   ACU-PAPER-ORIENTATIONINT,
                BY CONTENT ACU-PRINTER-NAME
                GIVING ACUPRINTDLL-STATUS
           END-CALL
           IF ACUPRINTDLL-SUCCESS
              MOVE 1 TO PRINT-UNIT-TYPE
              SET PRINT-PTR TO ADDRESS OF ACU-PAPER-MARGIN
              CALL "AcuBenchPrintGetMargins" USING BY 
                 VALUE PRINT-UNIT-TYPE, PRINT-PTR
              SET PRINT-PTR TO ADDRESS OF ACU-PAPER-SIZEINT
              CALL "AcuBenchPrintGetPaperSize" USING BY 
                 VALUE PRINT-UNIT-TYPE, PRINT-PTR
              COMPUTE PAGE-HEIGHT OF Report1c-HEIGHT = 
                 ACU-PAPER-HEIGHT - ACU-MARGIN-TOP 
                 - ACU-MARGIN-BOTTOM
              COMPUTE PAGE-WIDTH OF Report1c-HEIGHT = 
                 ACU-PAPER-WIDTH - ACU-MARGIN-LEFT
                 - ACU-MARGIN-RIGHT

              MOVE 2 TO PRINT-UNIT-TYPE
              SET PRINT-PTR TO ADDRESS OF ACU-PAPER-MARGIN
              CALL "AcuBenchPrintGetMargins" USING BY VALUE
                 PRINT-UNIT-TYPE, PRINT-PTR
              STRING ACU-PAPER-MARGIN, X"00" DELIMITED BY SIZE INTO
                 PRINT-BROWSER-PARA

              SET PRINT-PTR TO ADDRESS OF ACU-PAPER-SIZE
              CALL "AcuBenchPrintGetPaperName" USING BY VALUE PRINT-PTR
              CALL "AcuBenchPrintGetOrientation" GIVING 
                 ACU-PAPER-ORIENTATIONINT
              CALL "AcuBenchPrintGetCopies" GIVING ACU-PAPER-COPIES
              SET PRINT-PTR TO ADDRESS OF ACU-PRINTER-NAME
              CALL "AcuBenchPrintGetPrinterName" USING BY VALUE 
                 PRINT-PTR

              PERFORM Acu-Report1c-PRINT-TOFILE
              PERFORM Acu-Report1c-DO-PRINT
           END-IF
           .

       Acu-Report1c-PRINT.
           MOVE 0 TO ACU-SETUPPRINT
           PERFORM Acu-Report1c-PRINT-TOFILE
           PERFORM Acu-Report1c-DO-PRINT
           .

       Acu-Report1c-DO-PRINT.
           IF ACU-SETUPPRINT = 0
              PERFORM Acu-Report1c-PRINT-PARA
              SET ENVIRONMENT "DLL_CONVENTION" to "1"
              CALL "AcuBenchPrintDummy"
                 ON EXCEPTION CALL "AcuBenchPrint.dll" END-CALL
              END-CALL
           END-IF
           CALL "AcuBenchPrintExecWBPrint" USING
                BY CONTENT PRT-FULLFILENAME,
                OMITTED,
                BY CONTENT PRINT-BROWSER-PARA,
                BY CONTENT ACU-PAPER-HEADER, 
                BY CONTENT ACU-PAPER-FOOTER, 
                BY CONTENT ACU-PAPER-SIZE, 
                BY VALUE ACU-PAPER-ORIENTATIONINT,
                BY VALUE ACU-PAPER-COPIES,
                BY CONTENT ACU-PRINTER-NAME
           END-CALL
           MOVE 0 TO ACU-SETUPPRINT
           .

       Acu-Report1c-PREVIEW.
           PERFORM Acu-Report1c-PRINT-TOFILE
           PERFORM Acu-Report1c-PRINT-PARA
           SET ENVIRONMENT "DLL_CONVENTION" to "1"
           CALL "AcuBenchPrintDummy"
              ON EXCEPTION CALL "AcuBenchPrint.dll" END-CALL
           END-CALL
           CALL "AcuBenchPrintExecWBPreview" USING
                BY CONTENT PRT-FULLFILENAME,
                BY CONTENT PRINT-BROWSER-PARA,
                BY CONTENT ACU-PAPER-HEADER, 
                BY CONTENT ACU-PAPER-FOOTER, 
                BY CONTENT ACU-PAPER-SIZE, 
                BY VALUE ACU-PAPER-ORIENTATIONINT,
                BY CONTENT ACU-PRINTER-NAME
           END-CALL
           .

       Acu-Report1c-PRINT-TOFILE.
           MOVE "Report1c.html" TO PTR-DEV-NAME.
           MOVE 1 TO CURRENT-COL
           MOVE 0 TO Report1c-CLEFTOFFSET
           MOVE 0 TO CNT-PIXELS
           MOVE 1 TO NTOPCOLUMNNUM
           PERFORM Acu-PRINTF-OPEN-ROUTINE.
      *    BeforePrint           
           PERFORM Acu-Report1c-HTML-HEADER.
           PERFORM Acu-Report1c-HTML-PAGE-HEADER.
           PERFORM Acu-RPT-Report1c-PRINT-LOOP.
           PERFORM Acu-Report1c-HTML-FOOTER.
      *    AfterPrint
           PERFORM Acu-PRINTF-CLOSE-ROUTINE
           .

       Acu-RPT-Report1c-PRINT-LOOP.
           MOVE 1 TO TMP-PRINTORNOT
           MOVE 0 TO CNT-INPAGEPIXELS
           MOVE 1 TO ACU-PAGENUM
           MOVE 1 TO ACU-PAGENUM-SYS
           MOVE 0 TO SYS-ENDPRIMARYFD
           
           PERFORM Acu-RPT-Report1c-ALL-RESET
      * Check Report Header
           PERFORM Acu-RPT-Report1c-REPORT-HEADER
      * Start Normal (Page H/F, Group H/F, Detail)
           PERFORM Acu-RPT-Report1c-MASTER-PRINT-LOOP
      * End Normal (Page H/F, Group H/F, Detail)
           PERFORM Acu-RPT-Report1c-PAGE-HEADER
      * Check Last Group Footer
           PERFORM Acu-RPT-Report1c-GROUP-MUSTDSP
           PERFORM Acu-RPT-Report1c-GROUP-FOOTER
      * Check Report Footer
           IF ( REPORT-FOOTER-PRINT-AFTER-PAGE = 0 )
              PERFORM Acu-RPT-Report1c-REPORT-FOOTER
           END-IF
      * Normal Ending
           PERFORM Acu-Report1c-FILL-DETAIL-FOR-ZEBRA
           IF ( REPORT-FOOTER-PRINT-AFTER-PAGE = 0 )
              MOVE 1 TO SYS-ENDPRIMARYFD   
              COMPUTE CNT-PIXELS = ACU-PAGENUM-SYS * PAGE-HEIGHT OF
                 Report1c-HEIGHT - Report1c-PF-1-DEF-HEIGHT OF
                 Report1c-HEIGHT
              COMPUTE CNT-INPAGEPIXELS = PAGE-HEIGHT OF
                 Report1c-HEIGHT - Report1c-PF-1-DEF-HEIGHT OF
                 Report1c-HEIGHT
              MOVE PAGE-HEIGHT OF Report1c-HEIGHT TO CNT-INPAGEPIXELS
              PERFORM Acu-RPT-Report1c-PAGE-FOOTER
           END-IF
      * Check Report Footer
           IF ( REPORT-FOOTER-PRINT-AFTER-PAGE = 1 )
              PERFORM Acu-RPT-Report1c-REPORT-FOOTER
           END-IF
           .

       Acu-Report1c-HTML-PAGE-HEADER.
           MOVE ' <!-- Page DIV -->' TO PRINT-BUF
           WRITE PRINTF-R FROM PRINT-BUF AFTER 001
           INITIALIZE PRINT-BUF
           STRING ' <DIV STYLE="POSITION:ABSOLUTE; TOP:', 
                  CNT-PIXELS, 
                  '; LEFT:',
                  Report1c-CLEFTOFFSET,
                  '; HEIGHT:', PAGE-HEIGHT OF Report1c-HEIGHT, 
                  '; WIDTH:', PAGE-WIDTH OF Report1c-HEIGHT,
                  ' ;">'
               DELIMITED BY SIZE INTO PRINT-BUF.
           WRITE PRINTF-R FROM PRINT-BUF AFTER 001
           INITIALIZE PRINT-BUF
           .

       Acu-Report1c-HTML-PAGE-FOOTER.
           MOVE ' <!-- End(Page) --></DIV>' TO PRINT-BUF
           WRITE PRINTF-R FROM PRINT-BUF AFTER 001
           INITIALIZE PRINT-BUF
           .

       Acu-RPT-Report1c-REPORT-HEADER.
           .

       Acu-RPT-Report1c-REPORT-FOOTER.
           .

       Acu-RPT-Report1c-PAGE-HEADER.
      *    BeforePrint
           IF ( CNT-INPAGEPIXELS < Report1c-PH-1-HEIGHT OF
              Report1c-HEIGHT ) OR ( REPORT-HEADER-PRINT-BEFORE-PAGE = 1
              )
              PERFORM Acu-Report1c-PH-1-PRINT-RTN
              ADD  Report1c-PH-1-HEIGHT OF Report1c-HEIGHT TO CNT-PIXELS
              IF ( REPORT-HEADER-PRINT-BEFORE-PAGE = 1 )
                 ADD Report1c-PH-1-HEIGHT OF Report1c-HEIGHT TO
              CNT-INPAGEPIXELS
              ELSE
                 MOVE Report1c-PH-1-HEIGHT OF Report1c-HEIGHT TO
              CNT-INPAGEPIXELS
              END-IF
           END-IF
      *    AfterPrint
           .

       Acu-RPT-Report1c-PAGE-FOOTER.
      *    BeforePrint
           COMPUTE TMP-PIXELS = CNT-INPAGEPIXELS + CURRENT-HEIGHT +
              Report1c-PF-1-HEIGHT OF Report1c-HEIGHT
           IF TMP-PIXELS > PAGE-HEIGHT OF Report1c-HEIGHT
              COMPUTE CNT-PIXELS = ACU-PAGENUM-SYS * PAGE-HEIGHT OF
              Report1c-HEIGHT - Report1c-PF-1-HEIGHT OF Report1c-HEIGHT
              COMPUTE CNT-INPAGEPIXELS = PAGE-HEIGHT OF
              Report1c-HEIGHT - Report1c-PF-1-DEF-HEIGHT OF
              Report1c-HEIGHT
              PERFORM Acu-Report1c-PF-1-PRINT-RTN
              PERFORM Acu-Report1c-Page-BREAK-RTN
              MOVE Report1c-PF-1-DEF-HEIGHT OF Report1c-HEIGHT TO
              Report1c-PF-1-HEIGHT OF Report1c-HEIGHT
           END-IF
      *    AfterPrint         
           .

       Acu-RPT-Report1c-PAGE-FOOTER-OVERPAGE.
           MOVE 0 TO RPT-RETURN-VALUE
           COMPUTE TMP-PIXELS = CNT-INPAGEPIXELS + CURRENT-HEIGHT +
              Report1c-PF-1-HEIGHT OF Report1c-HEIGHT
           IF TMP-PIXELS + 1 >= PAGE-HEIGHT OF Report1c-HEIGHT
              MOVE 1 TO RPT-RETURN-VALUE
           END-IF
           .

       Acu-RPT-Report1c-DETAIL.
           PERFORM Acu-Report1c-Dtl-1-DETAIL-PRINT.
           .

       Acu-RPT-Report1c-GROUP-HEADER.
      * Cause there're possibly several Group.
           PERFORM Acu-Report1c-GH-1-GROUP-PRINT.
           PERFORM Acu-Report1c-GH-2-GROUP-PRINT.
           .

       Acu-RPT-Report1c-GROUP-FOOTER.
           .

       Acu-RPT-Report1c-GROUP-MUSTDSP.
           .

       Acu-RPT-Report1c-GROUP-NOMUSTDSP.
           .

       Acu-RPT-Report1c-ALL-RESET.
      * Group Reset
           PERFORM Acu-Report1c-Report1c-GH-1-RESET
           PERFORM Acu-Report1c-Report1c-GH-2-RESET
           .

       Acu-RPT-Report1c-DO-PRINT-RTN.
           MOVE 1 TO TMP-PRINTORNOT
      * Check Group Footer
           PERFORM Acu-RPT-Report1c-GROUP-FOOTER
      * Init Detail's Height
           MOVE Report1c-Dtl-1-HEIGHT OF Report1c-HEIGHT TO
              CURRENT-HEIGHT
           PERFORM Acu-RPT-Report1c-PAGE-FOOTER
           PERFORM Acu-RPT-Report1c-PAGE-HEADER
      * Check Group Header
           PERFORM Acu-RPT-Report1c-GROUP-HEADER
      * Detail
           PERFORM Acu-RPT-Report1c-DETAIL
           .

       Acu-Report1c-Page-BREAK-RTN.
           IF CURRENT-COL < NTOPCOLUMNNUM
              COMPUTE CNT-PIXELS = (ACU-PAGENUM-SYS - 1) 
                 * PAGE-HEIGHT OF Report1c-HEIGHT
              COMPUTE Report1c-CLEFTOFFSET = 
                 Report1c-CLEFTOFFSET + DETAIL-WIDTH
              MOVE 0 TO CNT-INPAGEPIXELS
              ADD 1 TO CURRENT-COL
           ELSE
              COMPUTE CNT-PIXELS = ACU-PAGENUM-SYS 
                 * PAGE-HEIGHT OF Report1c-HEIGHT
              MOVE 0 TO Report1c-CLEFTOFFSET
              MOVE 0 TO CNT-INPAGEPIXELS
              ADD 1 TO ACU-PAGENUM-SYS
              ADD 1 TO ACU-PAGENUM
              MOVE 1 TO CURRENT-COL
           END-IF
           PERFORM Acu-Report1c-HTML-PAGE-FOOTER
           IF SYS-ENDPRIMARYFD = 0
              PERFORM Acu-Report1c-HTML-PAGE-HEADER
           END-IF
           .           

       Acu-Report1c-FILL-DETAIL-FOR-ZEBRA.
           .

       Acu-Report1c-ZEBRA-COLOR-CHANGE.
           .
      
       Acu-Report1c-Dtl-1-DETAIL-PRINT.
           MOVE 816 TO DETAIL-WIDTH
      *    BeforePrint
           MOVE Report1c-Dtl-1-HEIGHT OF Report1c-HEIGHT TO
              CURRENT-HEIGHT
           PERFORM Acu-RPT-Report1c-PAGE-FOOTER
           PERFORM Acu-RPT-Report1c-PAGE-HEADER
           PERFORM Acu-Report1c-Dtl-1-PRINT-RTN
           ADD Report1c-Dtl-1-HEIGHT OF Report1c-HEIGHT TO CNT-PIXELS
           ADD Report1c-Dtl-1-HEIGHT OF Report1c-HEIGHT TO
              CNT-INPAGEPIXELS
           MOVE Report1c-Dtl-1-DEF-HEIGHT OF Report1c-HEIGHT TO
              Report1c-Dtl-1-HEIGHT OF Report1c-HEIGHT
           PERFORM Acu-Report1c-ZEBRA-COLOR-CHANGE
      *    AfterPrint
           .

       Acu-Report1c-GH-1-GROUP-PRINT.
      * GROUP-HEADER : Report1c-GH-1
      *    BeforePrint
           IF Report1c-GH-1-GROUPBY-BUF NOT = Sales-State OF Salesdata
              MOVE Report1c-GH-1-DEF-HEIGHT OF Report1c-HEIGHT TO
              CURRENT-HEIGHT
              PERFORM Acu-RPT-Report1c-PAGE-FOOTER
              PERFORM Acu-RPT-Report1c-PAGE-HEADER
              PERFORM Acu-Report1c-GH-1-PRINT-RTN
              ADD Report1c-GH-1-HEIGHT OF Report1c-HEIGHT TO CNT-PIXELS
              ADD Report1c-GH-1-HEIGHT OF Report1c-HEIGHT TO
              CNT-INPAGEPIXELS
              PERFORM Acu-Report1c-Report1c-GH-2-RESET
              MOVE Sales-State OF Salesdata TO Report1c-GH-1-GROUPBY-BUF
           END-IF
      *    AfterPrint
           .

       Acu-Report1c-Report1c-GH-1-RESET.
           MOVE HIGH-VALUE TO Report1c-GH-1-GROUPBY-BUF
           PERFORM Acu-Report1c-Report1c-GH-2-RESET
           .

       Acu-Report1c-GH-2-GROUP-PRINT.
      * GROUP-HEADER : Report1c-GH-2
      *    BeforePrint
           IF Report1c-GH-2-GROUPBY-BUF NOT = Sales-Branch-No OF
              Salesdata
              MOVE Report1c-GH-2-DEF-HEIGHT OF Report1c-HEIGHT TO
              CURRENT-HEIGHT
              PERFORM Acu-RPT-Report1c-PAGE-FOOTER
              PERFORM Acu-RPT-Report1c-PAGE-HEADER
              PERFORM Acu-Report1c-GH-2-PRINT-RTN
              ADD Report1c-GH-2-HEIGHT OF Report1c-HEIGHT TO CNT-PIXELS
              ADD Report1c-GH-2-HEIGHT OF Report1c-HEIGHT TO
              CNT-INPAGEPIXELS
              MOVE Sales-Branch-No OF Salesdata TO
              Report1c-GH-2-GROUPBY-BUF
           END-IF
      *    AfterPrint
           .

       Acu-Report1c-Report1c-GH-2-RESET.
           MOVE HIGH-VALUE TO Report1c-GH-2-GROUPBY-BUF
           .

       Acu-Report1c-RwOcc-1-TABHEADER.
           MOVE '      <!-- Occurs (Report1c-RwOcc-1) -->' TO PRINT-BUF
           WRITE PRINTF-R FROM PRINT-BUF AFTER 001
           INITIALIZE PRINT-BUF
           IF NEW-PAGE NOT = 0
              MOVE 0 TO TMP-PIXELS
           ELSE
              COMPUTE TMP-PIXELS = 39 + SECTION-HIGH-STACK
           END-IF
           STRING '      <DIV STYLE="POSITION:ABSOLUTE; LEFT:12; WIDTH:5
      -       '58; COLOR:#000000; BACKGROUND-COLOR:#FFFFFF; ',
                  ' TOP:',
                  TMP-PIXELS,
                  ';">'
              DELIMITED BY SIZE INTO PRINT-BUF
           WRITE PRINTF-R FROM PRINT-BUF AFTER 001
           INITIALIZE PRINT-BUF
           MOVE 
              '      <TABLE cellspacing=0 cellpadding=0 BORDER=1 BORDERC
      -       'OLOR="#000000" BORDERCOLORLIGHT="#000000" STYLE="POSITION
      -       ':ABSOLUTE; TOP:0; LEFT:0; FONT-SIZE:9pt; FONT-FAMILY:MS S
      -       'ans Serif; COLOR:#000000; BACKGROUND-COLOR:#FFFFFF; ">'
               TO PRINT-BUF
           WRITE PRINTF-R FROM PRINT-BUF AFTER 001
           INITIALIZE PRINT-BUF
           MOVE '         <TR>' TO PRINT-BUF
           WRITE PRINTF-R FROM PRINT-BUF AFTER 001
           INITIALIZE PRINT-BUF
           STRING '            <TD nowrap height=15; CLASS="Report1c-RwO
      -       'cc-1-COL1" STYLE="BORDER-top:0px; BACKGROUND-COLOR:#C0C0C
      -       '0; "><DIV STYLE="width:122; OVERFLOW:HIDDEN; "><STRONG>',
                  'Date',
                  '</STRONG></DIV></TD>'
              DELIMITED BY SIZE INTO PRINT-BUF
           WRITE PRINTF-R FROM PRINT-BUF AFTER 001
           INITIALIZE PRINT-BUF
           STRING '            <TD nowrap height=15; CLASS="Report1c-RwO
      -       'cc-1-COL2" STYLE="BORDER-top:0px; BACKGROUND-COLOR:#C0C0C
      -       '0; "><DIV STYLE="width:70; OVERFLOW:HIDDEN; "><STRONG>',
                  'Initials',
                  '</STRONG></DIV></TD>'
              DELIMITED BY SIZE INTO PRINT-BUF
           WRITE PRINTF-R FROM PRINT-BUF AFTER 001
           INITIALIZE PRINT-BUF
           STRING '            <TD nowrap height=15; CLASS="Report1c-RwO
      -       'cc-1-COL3" STYLE="BORDER-top:0px; BACKGROUND-COLOR:#C0C0C
      -       '0; "><DIV STYLE="width:362; OVERFLOW:HIDDEN; "><STRONG>',
                  'Text',
                  '</STRONG></DIV></TD>'
              DELIMITED BY SIZE INTO PRINT-BUF
           WRITE PRINTF-R FROM PRINT-BUF AFTER 001
           INITIALIZE PRINT-BUF
           MOVE '         </TR>' TO PRINT-BUF
           WRITE PRINTF-R FROM PRINT-BUF AFTER 001
           INITIALIZE PRINT-BUF
           COMPUTE Report1c-RwOcc-1-OCCHEIGHT =
              Report1c-RwOcc-1-OCCHEIGHT + 15
           .

       Acu-Report1c-RwOcc-1-TABFOOTER.
           MOVE "         </TABLE></P></DIV>" TO PRINT-BUF
           WRITE PRINTF-R FROM PRINT-BUF AFTER 001
           INITIALIZE PRINT-BUF
           .

       Acu-Report1c-RwOcc-1-TABROW.
           STRING '            <TD nowrap height=15; CLASS="Report1c-RwO
      -       'cc-1-COL1" ><DIV STYLE="width:122; OVERFLOW:HIDDEN; "><ST
      -       'RONG>'
              DELIMITED BY SIZE INTO PRINT-BUF
           WRITE PRINTF-R FROM PRINT-BUF AFTER 001
           INITIALIZE PRINT-BUF
           IF Note-Date (ACU-IDX1) = SPACES
              STRING '&nbsp;'
                 DELIMITED BY SIZE INTO PRINT-BUF
           ELSE
              STRING Note-Date (ACU-IDX1)
                 DELIMITED BY SIZE INTO PRINT-BUF
           END-IF
           WRITE PRINTF-R FROM PRINT-BUF AFTER 001
           INITIALIZE PRINT-BUF
           STRING '            </STRONG></DIV></TD>'
              DELIMITED BY SIZE INTO PRINT-BUF
           WRITE PRINTF-R FROM PRINT-BUF AFTER 001
           INITIALIZE PRINT-BUF
           STRING '            <TD nowrap height=15; CLASS="Report1c-RwO
      -       'cc-1-COL2" ><DIV STYLE="width:70; OVERFLOW:HIDDEN; "><STR
      -       'ONG>'
              DELIMITED BY SIZE INTO PRINT-BUF
           WRITE PRINTF-R FROM PRINT-BUF AFTER 001
           INITIALIZE PRINT-BUF
           IF Note-Initials (ACU-IDX1) = SPACES
              STRING '&nbsp;'
                 DELIMITED BY SIZE INTO PRINT-BUF
           ELSE
              STRING Note-Initials (ACU-IDX1)
                 DELIMITED BY SIZE INTO PRINT-BUF
           END-IF
           WRITE PRINTF-R FROM PRINT-BUF AFTER 001
           INITIALIZE PRINT-BUF
           STRING '            </STRONG></DIV></TD>'
              DELIMITED BY SIZE INTO PRINT-BUF
           WRITE PRINTF-R FROM PRINT-BUF AFTER 001
           INITIALIZE PRINT-BUF
           STRING '            <TD nowrap height=15; CLASS="Report1c-RwO
      -       'cc-1-COL3" ><DIV STYLE="width:362; OVERFLOW:HIDDEN; "><ST
      -       'RONG>'
              DELIMITED BY SIZE INTO PRINT-BUF
           WRITE PRINTF-R FROM PRINT-BUF AFTER 001
           INITIALIZE PRINT-BUF
           IF Note-Text (ACU-IDX1) = SPACES
              STRING '&nbsp;'
                 DELIMITED BY SIZE INTO PRINT-BUF
           ELSE
              STRING Note-Text (ACU-IDX1)
                 DELIMITED BY SIZE INTO PRINT-BUF
           END-IF
           WRITE PRINTF-R FROM PRINT-BUF AFTER 001
           INITIALIZE PRINT-BUF
           STRING '            </STRONG></DIV></TD>'
              DELIMITED BY SIZE INTO PRINT-BUF
           WRITE PRINTF-R FROM PRINT-BUF AFTER 001
           INITIALIZE PRINT-BUF
           .

       Acu-Report1c-RwOcc-1-CHECK-ISEMPTY.
           MOVE 1 TO Report1c-RwOcc-1-ISEMPTY
           .

       Acu-Report1c-RwOcc-1-SINGLEIDX-FLDTOBUF.
           .

      * RPT.Occurs : Report1c-RwOcc-1
       Acu-Report1c-RwOcc-1-TABBODY.
           MOVE ACU-PAGENUM-SYS  TO CNT-PAGENUM-TMP
           MOVE 0 TO Report1c-RwOcc-1-OCCHEIGHT
           MOVE 0 TO NEW-PAGE
           PERFORM Acu-Report1c-RwOcc-1-TABHEADER
           PERFORM VARYING ACU-IDX1 FROM 1 BY 1 UNTIL ACU-IDX1 > 8
              MOVE ACU-IDX1 TO ACU-OCCURS-IDX
      * Grid Control's Height
              COMPUTE Report1c-RwOcc-1-OCCHEIGHT =
              Report1c-RwOcc-1-OCCHEIGHT + 15
              COMPUTE TMP-PIXELS = Report1c-RwOcc-1-OCCHEIGHT + 15
      * Check if it's over Occurs's Size
              IF TMP-PIXELS > 135
      * New Detail-Section's Height
                 IF NEW-PAGE = 0
                    COMPUTE Report1c-Dtl-1-HEIGHT OF Report1c-HEIGHT
              = Report1c-Dtl-1-DEF-HEIGHT OF Report1c-HEIGHT +
              Report1c-RwOcc-1-OCCHEIGHT - 135 + SECTION-HIGH-STACK
                    COMPUTE CURRENT-HEIGHT = 39 +
              Report1c-RwOcc-1-OCCHEIGHT + SECTION-HIGH-STACK
                 ELSE
                    COMPUTE Report1c-Dtl-1-HEIGHT OF Report1c-HEIGHT
              = Report1c-Dtl-1-DEF-HEIGHT OF Report1c-HEIGHT - 135 - 39
              + Report1c-RwOcc-1-OCCHEIGHT
                    COMPUTE CURRENT-HEIGHT
              =Report1c-RwOcc-1-OCCHEIGHT + SECTION-HIGH-STACK
                 END-IF
      * Check if it's over Page Size
                 MOVE 0 TO RPT-RETURN-VALUE
                 PERFORM Acu-RPT-Report1c-PAGE-FOOTER-OVERPAGE
                 IF RPT-RETURN-VALUE NOT = 0
      * End of the Table.
                    PERFORM Acu-Report1c-RwOcc-1-TABFOOTER
                    INITIALIZE PRINT-BUF
      * End of the Section.
      * Cause Grid-Heigh had been add this Row already.
                    IF NEW-PAGE = 0
                       COMPUTE TMP-PIXELS = 39 +
              Report1c-RwOcc-1-OCCHEIGHT - 15
                    ELSE
                       COMPUTE TMP-PIXELS =
              Report1c-RwOcc-1-OCCHEIGHT - 15
                    END-IF
                    STRING '      <DIV STYLE="POSITION:RELATIVE; HEIGHT:
      -       '', 
                           TMP-PIXELS,
                           ';"> </DIV>'
                       DELIMITED BY SIZE INTO PRINT-BUF
                    WRITE PRINTF-R FROM PRINT-BUF AFTER 001
                    INITIALIZE PRINT-BUF
                    MOVE '   </DIV>' TO PRINT-BUF
                    WRITE PRINTF-R FROM PRINT-BUF AFTER 001
                    MOVE PAGE-HEIGHT OF Report1c-HEIGHT TO
              CURRENT-HEIGHT
      * Change New-Page Status
                    MOVE 1 TO NEW-PAGE
                    PERFORM Acu-RPT-Report1c-PAGE-FOOTER
                    PERFORM Acu-RPT-Report1c-PAGE-HEADER
      * Rebegin the Section.
                    PERFORM Acu-Report1c-Dtl-1-SEC-HEAD
      * Rebegin the Table.
                    MOVE 0 TO SECTION-HIGH-STACK
                    MOVE 0 TO Report1c-RwOcc-1-OCCHEIGHT
                    PERFORM Acu-Report1c-RwOcc-1-TABHEADER
      * Reset All Variable.
                    COMPUTE Report1c-RwOcc-1-OCCHEIGHT =
              Report1c-RwOcc-1-OCCHEIGHT + 15
                    COMPUTE Report1c-Dtl-1-HEIGHT OF Report1c-HEIGHT
              = Report1c-Dtl-1-DEF-HEIGHT OF Report1c-HEIGHT - 135 - 39
              + Report1c-RwOcc-1-OCCHEIGHT
                 END-IF
              END-IF
              MOVE '         <TR>' TO PRINT-BUF
              WRITE PRINTF-R FROM PRINT-BUF AFTER 001
              INITIALIZE PRINT-BUF
              PERFORM Acu-Report1c-RwOcc-1-TABROW
              MOVE '         </TR>' TO PRINT-BUF
              WRITE PRINTF-R FROM PRINT-BUF AFTER 001
              INITIALIZE PRINT-BUF
           END-PERFORM
           PERFORM Acu-Report1c-RwOcc-1-TABFOOTER
           COMPUTE SECTION-HIGH-STACK = Report1c-Dtl-1-HEIGHT -
              Report1c-Dtl-1-DEF-HEIGHT
           MOVE 0 TO Report1c-RwOcc-1-OCCHEIGHT
           .

       Acu-Report1c-PH-1-SEC-HEAD.
           MOVE '   <!-- Section (Report1c-PH-1) -->' TO PRINT-BUF
           WRITE PRINTF-R FROM PRINT-BUF AFTER 001
           INITIALIZE PRINT-BUF
           COMPUTE TMP-PIXELS = CNT-INPAGEPIXELS - HIGH-OFFSET-IN
           STRING '   <DIV STYLE="',
                  'POSITION:ABSOLUTE; TOP:', 
                  TMP-PIXELS,
                  '; LEFT:0',
                  '; WIDTH:816; ',
                  'FONT-SIZE:9pt; ',
                  'FONT-FAMILY:MS Sans Serif; ',
                  'COLOR:#000000; ',
                  'BACKGROUND-COLOR:#FFFFFF; ',
                  '">'
              DELIMITED BY SIZE INTO PRINT-BUF.
           WRITE PRINTF-R FROM PRINT-BUF AFTER 001
           INITIALIZE PRINT-BUF
           .

       Acu-Report1c-PH-1-SEC-FOOT.
           MOVE '      <!-- Ending DIV : to fill the Div Height -->' TO
              PRINT-BUF
           WRITE PRINTF-R FROM PRINT-BUF AFTER 001
           INITIALIZE PRINT-BUF
           STRING '      <DIV STYLE="POSITION:RELATIVE; HEIGHT:',
                  Report1c-PH-1-HEIGHT OF Report1c-HEIGHT, 
                  ';"> </DIV>'
              DELIMITED BY SIZE INTO PRINT-BUF.
           WRITE PRINTF-R FROM PRINT-BUF AFTER 001
           INITIALIZE PRINT-BUF
           MOVE '   <!-- End(Section) --></DIV>' TO PRINT-BUF
           WRITE PRINTF-R FROM PRINT-BUF AFTER 001
           .

       Acu-Report1c-PH-1-PRINT-RTN.
           MOVE 0 TO SECTION-HIGH-STACK
           MOVE Report1c-PH-1-DEF-HEIGHT TO Report1c-PH-1-HEIGHT
           PERFORM Acu-Report1c-PH-1-SEC-HEAD
      * RPT.Label : Report1c-RwLa-3
      *    BeforePrint
           MOVE '      <!-- Label (Report1c-RwLa-3) -->' TO PRINT-BUF
           WRITE PRINTF-R FROM PRINT-BUF AFTER 001
           INITIALIZE PRINT-BUF
           MOVE '      <DIV CLASS="Report1c-RwLa-3" >' TO PRINT-BUF
           WRITE PRINTF-R FROM PRINT-BUF AFTER 001
           INITIALIZE PRINT-BUF
           STRING '         <P><STRONG>',
                  'Last&nbsp;Name',
                  '</STRONG></P></DIV>'
              DELIMITED BY SIZE INTO PRINT-BUF
           WRITE PRINTF-R FROM PRINT-BUF AFTER 001
           INITIALIZE PRINT-BUF
      *    AfterPrint
      * RPT.Label : Report1c-RwLa-4
      *    BeforePrint
           MOVE '      <!-- Label (Report1c-RwLa-4) -->' TO PRINT-BUF
           WRITE PRINTF-R FROM PRINT-BUF AFTER 001
           INITIALIZE PRINT-BUF
           MOVE '      <DIV CLASS="Report1c-RwLa-4" >' TO PRINT-BUF
           WRITE PRINTF-R FROM PRINT-BUF AFTER 001
           INITIALIZE PRINT-BUF
           STRING '         <P><STRONG>',
                  'First&nbsp;Name',
                  '</STRONG></P></DIV>'
              DELIMITED BY SIZE INTO PRINT-BUF
           WRITE PRINTF-R FROM PRINT-BUF AFTER 001
           INITIALIZE PRINT-BUF
      *    AfterPrint
           PERFORM Acu-Report1c-PH-1-SEC-FOOT
           .

       Acu-Report1c-GH-1-SEC-HEAD.
           MOVE '   <!-- Section (Report1c-GH-1) -->' TO PRINT-BUF
           WRITE PRINTF-R FROM PRINT-BUF AFTER 001
           INITIALIZE PRINT-BUF
           COMPUTE TMP-PIXELS = CNT-INPAGEPIXELS - HIGH-OFFSET-IN
           STRING '   <DIV STYLE="',
                  'POSITION:ABSOLUTE; TOP:', 
                  TMP-PIXELS,
                  '; LEFT:0',
                  '; WIDTH:816; ',
                  'FONT-SIZE:9pt; ',
                  'FONT-FAMILY:MS Sans Serif; ',
                  'COLOR:#000000; ',
                  'BACKGROUND-COLOR:#FFFFFF; ',
                  '">'
              DELIMITED BY SIZE INTO PRINT-BUF.
           WRITE PRINTF-R FROM PRINT-BUF AFTER 001
           INITIALIZE PRINT-BUF
           .

       Acu-Report1c-GH-1-SEC-FOOT.
           MOVE '      <!-- Ending DIV : to fill the Div Height -->' TO
              PRINT-BUF
           WRITE PRINTF-R FROM PRINT-BUF AFTER 001
           INITIALIZE PRINT-BUF
           STRING '      <DIV STYLE="POSITION:RELATIVE; HEIGHT:',
                  Report1c-GH-1-HEIGHT OF Report1c-HEIGHT, 
                  ';"> </DIV>'
              DELIMITED BY SIZE INTO PRINT-BUF.
           WRITE PRINTF-R FROM PRINT-BUF AFTER 001
           INITIALIZE PRINT-BUF
           MOVE '   <!-- End(Section) --></DIV>' TO PRINT-BUF
           WRITE PRINTF-R FROM PRINT-BUF AFTER 001
           .

       Acu-Report1c-GH-1-PRINT-RTN.
           MOVE 0 TO SECTION-HIGH-STACK
           MOVE Report1c-GH-1-DEF-HEIGHT TO Report1c-GH-1-HEIGHT
           PERFORM Acu-Report1c-GH-1-SEC-HEAD
      * RPT.Label : Report1c-RwLa-1
      *    BeforePrint
           MOVE '      <!-- Label (Report1c-RwLa-1) -->' TO PRINT-BUF
           WRITE PRINTF-R FROM PRINT-BUF AFTER 001
           INITIALIZE PRINT-BUF
           MOVE '      <DIV CLASS="Report1c-RwLa-1" >' TO PRINT-BUF
           WRITE PRINTF-R FROM PRINT-BUF AFTER 001
           INITIALIZE PRINT-BUF
           STRING '         <P><STRONG>',
                  'State:',
                  '</STRONG></P></DIV>'
              DELIMITED BY SIZE INTO PRINT-BUF
           WRITE PRINTF-R FROM PRINT-BUF AFTER 001
           INITIALIZE PRINT-BUF
      *    AfterPrint
      * RPT.Entry-Field : Report1c-RwEf-1
      *    BeforePrint
           MOVE '      <!-- Entry-Field (Report1c-RwEf-1) -->' TO
              PRINT-BUF
           WRITE PRINTF-R FROM PRINT-BUF AFTER 001
           INITIALIZE PRINT-BUF
           MOVE '      <DIV CLASS="Report1c-RwEf-1" >' TO PRINT-BUF
           WRITE PRINTF-R FROM PRINT-BUF AFTER 001
           INITIALIZE PRINT-BUF
           MOVE '         <P><STRONG>' TO PRINT-BUF
           WRITE PRINTF-R FROM PRINT-BUF AFTER 001
           INITIALIZE PRINT-BUF
           MOVE Sales-State TO PRINT-BUF
           WRITE PRINTF-R FROM PRINT-BUF AFTER 001
           INITIALIZE PRINT-BUF
           MOVE '         </STRONG></P></DIV>' TO PRINT-BUF
           WRITE PRINTF-R FROM PRINT-BUF AFTER 001
           INITIALIZE PRINT-BUF
      *    AfterPrint
           PERFORM Acu-Report1c-GH-1-SEC-FOOT
           .

       Acu-Report1c-GH-2-SEC-HEAD.
           MOVE '   <!-- Section (Report1c-GH-2) -->' TO PRINT-BUF
           WRITE PRINTF-R FROM PRINT-BUF AFTER 001
           INITIALIZE PRINT-BUF
           COMPUTE TMP-PIXELS = CNT-INPAGEPIXELS - HIGH-OFFSET-IN
           STRING '   <DIV STYLE="',
                  'POSITION:ABSOLUTE; TOP:', 
                  TMP-PIXELS,
                  '; LEFT:0',
                  '; WIDTH:816; ',
                  'FONT-SIZE:9pt; ',
                  'FONT-FAMILY:MS Sans Serif; ',
                  'COLOR:#000000; ',
                  'BACKGROUND-COLOR:#FFFFFF; ',
                  '">'
              DELIMITED BY SIZE INTO PRINT-BUF.
           WRITE PRINTF-R FROM PRINT-BUF AFTER 001
           INITIALIZE PRINT-BUF
           .

       Acu-Report1c-GH-2-SEC-FOOT.
           MOVE '      <!-- Ending DIV : to fill the Div Height -->' TO
              PRINT-BUF
           WRITE PRINTF-R FROM PRINT-BUF AFTER 001
           INITIALIZE PRINT-BUF
           STRING '      <DIV STYLE="POSITION:RELATIVE; HEIGHT:',
                  Report1c-GH-2-HEIGHT OF Report1c-HEIGHT, 
                  ';"> </DIV>'
              DELIMITED BY SIZE INTO PRINT-BUF.
           WRITE PRINTF-R FROM PRINT-BUF AFTER 001
           INITIALIZE PRINT-BUF
           MOVE '   <!-- End(Section) --></DIV>' TO PRINT-BUF
           WRITE PRINTF-R FROM PRINT-BUF AFTER 001
           .

       Acu-Report1c-GH-2-PRINT-RTN.
           MOVE 0 TO SECTION-HIGH-STACK
           MOVE Report1c-GH-2-DEF-HEIGHT TO Report1c-GH-2-HEIGHT
           PERFORM Acu-Report1c-GH-2-SEC-HEAD
      * RPT.Label : Report1c-RwLa-2
      *    BeforePrint
           MOVE '      <!-- Label (Report1c-RwLa-2) -->' TO PRINT-BUF
           WRITE PRINTF-R FROM PRINT-BUF AFTER 001
           INITIALIZE PRINT-BUF
           MOVE '      <DIV CLASS="Report1c-RwLa-2" >' TO PRINT-BUF
           WRITE PRINTF-R FROM PRINT-BUF AFTER 001
           INITIALIZE PRINT-BUF
           STRING '         <P><STRONG>',
                  'Branch:',
                  '</STRONG></P></DIV>'
              DELIMITED BY SIZE INTO PRINT-BUF
           WRITE PRINTF-R FROM PRINT-BUF AFTER 001
           INITIALIZE PRINT-BUF
      *    AfterPrint
      * RPT.Entry-Field : Report1c-RwEf-2
      *    BeforePrint
           MOVE '      <!-- Entry-Field (Report1c-RwEf-2) -->' TO
              PRINT-BUF
           WRITE PRINTF-R FROM PRINT-BUF AFTER 001
           INITIALIZE PRINT-BUF
           MOVE '      <DIV CLASS="Report1c-RwEf-2" >' TO PRINT-BUF
           WRITE PRINTF-R FROM PRINT-BUF AFTER 001
           INITIALIZE PRINT-BUF
           MOVE '         <P><STRONG>' TO PRINT-BUF
           WRITE PRINTF-R FROM PRINT-BUF AFTER 001
           INITIALIZE PRINT-BUF
           MOVE Sales-Branch-No TO PRINT-BUF
           WRITE PRINTF-R FROM PRINT-BUF AFTER 001
           INITIALIZE PRINT-BUF
           MOVE '         </STRONG></P></DIV>' TO PRINT-BUF
           WRITE PRINTF-R FROM PRINT-BUF AFTER 001
           INITIALIZE PRINT-BUF
      *    AfterPrint
           PERFORM Acu-Report1c-GH-2-SEC-FOOT
           .

       Acu-Report1c-Dtl-1-SEC-HEAD.
           MOVE '   <!-- Section (Report1c-Dtl-1) -->' TO PRINT-BUF
           WRITE PRINTF-R FROM PRINT-BUF AFTER 001
           INITIALIZE PRINT-BUF
           COMPUTE TMP-PIXELS = CNT-INPAGEPIXELS - HIGH-OFFSET-IN
           STRING '   <DIV STYLE="',
                  'POSITION:ABSOLUTE; TOP:', 
                  TMP-PIXELS,
                  '; LEFT:0',
                  '; WIDTH:816; ',
                  'FONT-SIZE:9pt; ',
                  'FONT-FAMILY:MS Sans Serif; ',
                  'COLOR:#000000; ',
                  'BACKGROUND-COLOR:', Report1c-Dtl-1-BGCOLOR ,
                  '">'
              DELIMITED BY SIZE INTO PRINT-BUF.
           WRITE PRINTF-R FROM PRINT-BUF AFTER 001
           INITIALIZE PRINT-BUF
           .

       Acu-Report1c-Dtl-1-SEC-FOOT.
           MOVE '      <!-- Ending DIV : to fill the Div Height -->' TO
              PRINT-BUF
           WRITE PRINTF-R FROM PRINT-BUF AFTER 001
           INITIALIZE PRINT-BUF
           STRING '      <DIV STYLE="POSITION:RELATIVE; HEIGHT:',
                  Report1c-Dtl-1-HEIGHT OF Report1c-HEIGHT, 
                  ';"> </DIV>'
              DELIMITED BY SIZE INTO PRINT-BUF.
           WRITE PRINTF-R FROM PRINT-BUF AFTER 001
           INITIALIZE PRINT-BUF
           MOVE '   <!-- End(Section) --></DIV>' TO PRINT-BUF
           WRITE PRINTF-R FROM PRINT-BUF AFTER 001
           .

       Acu-Report1c-Dtl-1-PRINT-RTN.
           MOVE 0 TO SECTION-HIGH-STACK
           MOVE Report1c-Dtl-1-DEF-HEIGHT TO Report1c-Dtl-1-HEIGHT
           PERFORM Acu-Report1c-Dtl-1-SEC-HEAD
      * RPT.Entry-Field : Report1c-RwEf-3
      *    BeforePrint
           MOVE '      <!-- Entry-Field (Report1c-RwEf-3) -->' TO
              PRINT-BUF
           WRITE PRINTF-R FROM PRINT-BUF AFTER 001
           INITIALIZE PRINT-BUF
           MOVE '      <DIV CLASS="Report1c-RwEf-3" >' TO PRINT-BUF
           WRITE PRINTF-R FROM PRINT-BUF AFTER 001
           INITIALIZE PRINT-BUF
           MOVE '         <P><STRONG>' TO PRINT-BUF
           WRITE PRINTF-R FROM PRINT-BUF AFTER 001
           INITIALIZE PRINT-BUF
           MOVE Sales-LastName TO PRINT-BUF
           WRITE PRINTF-R FROM PRINT-BUF AFTER 001
           INITIALIZE PRINT-BUF
           MOVE '         </STRONG></P></DIV>' TO PRINT-BUF
           WRITE PRINTF-R FROM PRINT-BUF AFTER 001
           INITIALIZE PRINT-BUF
      *    AfterPrint
      * RPT.Entry-Field : Report1c-RwEf-4
      *    BeforePrint
           MOVE '      <!-- Entry-Field (Report1c-RwEf-4) -->' TO
              PRINT-BUF
           WRITE PRINTF-R FROM PRINT-BUF AFTER 001
           INITIALIZE PRINT-BUF
           MOVE '      <DIV CLASS="Report1c-RwEf-4" >' TO PRINT-BUF
           WRITE PRINTF-R FROM PRINT-BUF AFTER 001
           INITIALIZE PRINT-BUF
           MOVE '         <P><STRONG>' TO PRINT-BUF
           WRITE PRINTF-R FROM PRINT-BUF AFTER 001
           INITIALIZE PRINT-BUF
           MOVE Sales-FirstName TO PRINT-BUF
           WRITE PRINTF-R FROM PRINT-BUF AFTER 001
           INITIALIZE PRINT-BUF
           MOVE '         </STRONG></P></DIV>' TO PRINT-BUF
           WRITE PRINTF-R FROM PRINT-BUF AFTER 001
           INITIALIZE PRINT-BUF
      *    AfterPrint
      * RPT.Occurs : Report1c-RwOcc-1
      *    BeforePrint
           PERFORM Acu-Report1c-RwOcc-1-TABBODY
      *    AfterPrint
           PERFORM Acu-Report1c-Dtl-1-SEC-FOOT
           .

       Acu-Report1c-PF-1-SEC-HEAD.
           MOVE '   <!-- Section (Report1c-PF-1) -->' TO PRINT-BUF
           WRITE PRINTF-R FROM PRINT-BUF AFTER 001
           INITIALIZE PRINT-BUF
           COMPUTE TMP-PIXELS = CNT-INPAGEPIXELS - HIGH-OFFSET-IN
           STRING '   <DIV STYLE="',
                  'POSITION:ABSOLUTE; TOP:', 
                  TMP-PIXELS,
                  '; LEFT:0',
                  '; WIDTH:816; ',
                  'FONT-SIZE:9pt; ',
                  'FONT-FAMILY:MS Sans Serif; ',
                  'COLOR:#000000; ',
                  'BACKGROUND-COLOR:#FFFFFF; ',
                  '">'
              DELIMITED BY SIZE INTO PRINT-BUF.
           WRITE PRINTF-R FROM PRINT-BUF AFTER 001
           INITIALIZE PRINT-BUF
           .

       Acu-Report1c-PF-1-SEC-FOOT.
           MOVE '      <!-- Ending DIV : to fill the Div Height -->' TO
              PRINT-BUF
           WRITE PRINTF-R FROM PRINT-BUF AFTER 001
           INITIALIZE PRINT-BUF
           STRING '      <DIV STYLE="POSITION:RELATIVE; HEIGHT:',
                  Report1c-PF-1-HEIGHT OF Report1c-HEIGHT, 
                  ';"> </DIV>'
              DELIMITED BY SIZE INTO PRINT-BUF.
           WRITE PRINTF-R FROM PRINT-BUF AFTER 001
           INITIALIZE PRINT-BUF
           MOVE '   <!-- End(Section) --></DIV>' TO PRINT-BUF
           WRITE PRINTF-R FROM PRINT-BUF AFTER 001
           .

       Acu-Report1c-PF-1-PRINT-RTN.
           MOVE 0 TO SECTION-HIGH-STACK
           MOVE Report1c-PF-1-DEF-HEIGHT TO Report1c-PF-1-HEIGHT
           PERFORM Acu-Report1c-PF-1-SEC-HEAD
      * RPT.Date-Time : Report1c-RwDtTm-1
      *    BeforePrint
           MOVE '      <!-- Date-Time (Report1c-RwDtTm-1) -->' TO
              PRINT-BUF
           WRITE PRINTF-R FROM PRINT-BUF AFTER 001
           INITIALIZE PRINT-BUF
           MOVE '      <DIV CLASS="Report1c-RwDtTm-1" >' TO PRINT-BUF
           WRITE PRINTF-R FROM PRINT-BUF AFTER 001
           INITIALIZE PRINT-BUF
           MOVE '         <P><STRONG>' TO PRINT-BUF
           WRITE PRINTF-R FROM PRINT-BUF AFTER 001
           INITIALIZE PRINT-BUF
           PERFORM Acu-Report1c-RwDtTm-1-FORMAT-CONVERT
           MOVE WRK-DATE-REF OF Report1c-RwDtTm-1-DATEBUF TO PRINT-BUF
           WRITE PRINTF-R FROM PRINT-BUF AFTER 001
           INITIALIZE PRINT-BUF
           MOVE '         </STRONG></P></DIV>' TO PRINT-BUF
           WRITE PRINTF-R FROM PRINT-BUF AFTER 001
           INITIALIZE PRINT-BUF
      *    AfterPrint
           PERFORM Acu-Report1c-PF-1-SEC-FOOT
           .

      * Date/Time Format Convert
       Acu-Report1c-RwDtTm-1-FORMAT-CONVERT.
           ACCEPT WRK-DATE OF Report1c-RwDtTm-1-DATEBUF FROM
              CENTURY-DATE
           MOVE WRK-YEAR  OF Report1c-RwDtTm-1-DATEBUF TO
              WRK-REF-YEAR  OF Report1c-RwDtTm-1-DATEBUF
           MOVE WRK-MONTH OF Report1c-RwDtTm-1-DATEBUF TO
              WRK-REF-MONTH OF Report1c-RwDtTm-1-DATEBUF
           MOVE WRK-DAY   OF Report1c-RwDtTm-1-DATEBUF TO WRK-REF-DAY
                OF Report1c-RwDtTm-1-DATEBUF
           ACCEPT WRK-TIME OF Report1c-RwDtTm-1-DATEBUF FROM TIME
           .


       Acu-PRINTF-OPEN-ROUTINE.
           OPEN   OUTPUT               PRINTF WITH NO REWIND.
           MOVE   STAT-PRINTF          TO    STAT-PRINTF.
           IF     NOT VALID-PRINTF
                  MOVE   "PRINTF"      TO   ACU-ERR-FILE.

       Acu-PRINTF-CLOSE-ROUTINE.
           CLOSE       PRINTF.
           
