      * Report1d.rpt
      * Report1d.rpt is generated from C:\Acucorp\Acucbl720\AcuGT\sample\reports\Report1d.Psf
      * This is a generated file. DO NOT modify this file directly.
    
       Acu-Report1d-HTML-HEADER.
           MOVE '<HTML>' TO PRINT-BUF.
           WRITE PRINTF-R FROM PRINT-BUF AFTER 001
           INITIALIZE PRINT-BUF
           MOVE '<HEAD><TITLE>  </TITLE></HEAD>' 
              TO PRINT-BUF
           WRITE PRINTF-R FROM PRINT-BUF AFTER 001
           INITIALIZE PRINT-BUF
           PERFORM Acu-Report1d-HTML-CSS
           MOVE '<BODY STYLE="BACKGROUND-COLOR:#FFFFFF;">' TO PRINT-BUF
           WRITE PRINTF-R FROM PRINT-BUF AFTER 001
           INITIALIZE PRINT-BUF
           .

       Acu-Report1d-HTML-FOOTER.
           MOVE '</BODY>' TO PRINT-BUF
           WRITE PRINTF-R FROM PRINT-BUF AFTER 001
           INITIALIZE PRINT-BUF
           MOVE '</HTML>' TO PRINT-BUF
           WRITE PRINTF-R FROM PRINT-BUF AFTER 001
           INITIALIZE PRINT-BUF
           .

       Acu-Report1d-HTML-CSS.
           MOVE '<STYLE TYPE="TEXT/CSS">' TO PRINT-BUF
           WRITE PRINTF-R FROM PRINT-BUF AFTER 001
           INITIALIZE PRINT-BUF
      * Report1d-RwLa-9'S CSS SETTING
           MOVE 
              '   .Report1d-RwLa-9 {POSITION:ABSOLUTE; TOP:10; LEFT:183;
      -       ' WIDTH:490; HEIGHT:39; TEXT-ALIGN:CENTER; FONT-SIZE:24pt;
      -       ' FONT-FAMILY:MS Sans Serif; BACKGROUND-COLOR:TRANSPARENT;
      -       ' }' TO PRINT-BUF
           WRITE PRINTF-R FROM PRINT-BUF AFTER 001
           INITIALIZE PRINT-BUF
      * Report1d-RwLa-3'S CSS SETTING
           MOVE 
              '   .Report1d-RwLa-3 {POSITION:ABSOLUTE; TOP:18; LEFT:10; 
      -       'WIDTH:92; HEIGHT:18; BACKGROUND-COLOR:TRANSPARENT; }'
               TO PRINT-BUF
           WRITE PRINTF-R FROM PRINT-BUF AFTER 001
           INITIALIZE PRINT-BUF
      * Report1d-RwLa-4'S CSS SETTING
           MOVE 
              '   .Report1d-RwLa-4 {POSITION:ABSOLUTE; TOP:18; LEFT:199;
      -       ' WIDTH:94; HEIGHT:18; BACKGROUND-COLOR:TRANSPARENT; }'
               TO PRINT-BUF
           WRITE PRINTF-R FROM PRINT-BUF AFTER 001
           INITIALIZE PRINT-BUF
      * Report1d-RwLa-5'S CSS SETTING
           MOVE 
              '   .Report1d-RwLa-5 {POSITION:ABSOLUTE; TOP:18; LEFT:420;
      -       ' WIDTH:79; HEIGHT:18; BACKGROUND-COLOR:TRANSPARENT; }'
               TO PRINT-BUF
           WRITE PRINTF-R FROM PRINT-BUF AFTER 001
           INITIALIZE PRINT-BUF
      * Report1d-RwLa-6'S CSS SETTING
           MOVE 
              '   .Report1d-RwLa-6 {POSITION:ABSOLUTE; TOP:18; LEFT:546;
      -       ' WIDTH:91; HEIGHT:18; BACKGROUND-COLOR:TRANSPARENT; }'
               TO PRINT-BUF
           WRITE PRINTF-R FROM PRINT-BUF AFTER 001
           INITIALIZE PRINT-BUF
      * Report1d-RwLa-7'S CSS SETTING
           MOVE 
              '   .Report1d-RwLa-7 {POSITION:ABSOLUTE; TOP:16; LEFT:720;
      -       ' WIDTH:60; HEIGHT:20; BACKGROUND-COLOR:TRANSPARENT; }'
               TO PRINT-BUF
           WRITE PRINTF-R FROM PRINT-BUF AFTER 001
           INITIALIZE PRINT-BUF
      * Report1d-RwLa-8'S CSS SETTING
           MOVE 
              '   .Report1d-RwLa-8 {POSITION:ABSOLUTE; TOP:19; LEFT:330;
      -       ' WIDTH:50; HEIGHT:17; BACKGROUND-COLOR:TRANSPARENT; }'
               TO PRINT-BUF
           WRITE PRINTF-R FROM PRINT-BUF AFTER 001
           INITIALIZE PRINT-BUF
      * Report1d-RwLa-1'S CSS SETTING
           MOVE 
              '   .Report1d-RwLa-1 {POSITION:ABSOLUTE; TOP:5; LEFT:10; W
      -       'IDTH:67; HEIGHT:18; BACKGROUND-COLOR:TRANSPARENT; }'
               TO PRINT-BUF
           WRITE PRINTF-R FROM PRINT-BUF AFTER 001
           INITIALIZE PRINT-BUF
      * Report1d-RwEf-1'S CSS SETTING
           MOVE 
              '   .Report1d-RwEf-1 {POSITION:ABSOLUTE; TOP:5; LEFT:120; 
      -       'WIDTH:25; HEIGHT:18; LETTER-SPACING:0.00; BACKGROUND-COLO
      -       'R:TRANSPARENT; OVERFLOW:HIDDEN}' TO PRINT-BUF
           WRITE PRINTF-R FROM PRINT-BUF AFTER 001
           INITIALIZE PRINT-BUF
      * Report1d-RwLa-2'S CSS SETTING
           MOVE 
              '   .Report1d-RwLa-2 {POSITION:ABSOLUTE; TOP:6; LEFT:10; W
      -       'IDTH:97; HEIGHT:18; BACKGROUND-COLOR:TRANSPARENT; }'
               TO PRINT-BUF
           WRITE PRINTF-R FROM PRINT-BUF AFTER 001
           INITIALIZE PRINT-BUF
      * Report1d-RwEf-2'S CSS SETTING
           MOVE 
              '   .Report1d-RwEf-2 {POSITION:ABSOLUTE; TOP:10; LEFT:120;
      -       ' WIDTH:37; HEIGHT:18; LETTER-SPACING:0.00; BACKGROUND-COL
      -       'OR:TRANSPARENT; OVERFLOW:HIDDEN}' TO PRINT-BUF
           WRITE PRINTF-R FROM PRINT-BUF AFTER 001
           INITIALIZE PRINT-BUF
      * Report1d-RwEf-3'S CSS SETTING
           MOVE 
              '   .Report1d-RwEf-3 {POSITION:ABSOLUTE; TOP:10; LEFT:10; 
      -       'WIDTH:135; HEIGHT:18; LETTER-SPACING:0.00; BACKGROUND-COL
      -       'OR:TRANSPARENT; OVERFLOW:HIDDEN}' TO PRINT-BUF
           WRITE PRINTF-R FROM PRINT-BUF AFTER 001
           INITIALIZE PRINT-BUF
      * Report1d-RwEf-4'S CSS SETTING
           MOVE 
              '   .Report1d-RwEf-4 {POSITION:ABSOLUTE; TOP:10; LEFT:160;
      -       ' WIDTH:136; HEIGHT:18; LETTER-SPACING:0.00; BACKGROUND-CO
      -       'LOR:TRANSPARENT; OVERFLOW:HIDDEN}' TO PRINT-BUF
           WRITE PRINTF-R FROM PRINT-BUF AFTER 001
           INITIALIZE PRINT-BUF
      * Report1d-MaleRb'S CSS SETTING
           MOVE 
              '   .Report1d-MaleRb {POSITION:ABSOLUTE; TOP:10; LEFT:312;
      -       ' WIDTH:36; HEIGHT:18; BACKGROUND-COLOR:TRANSPARENT; }'
               TO PRINT-BUF
           WRITE PRINTF-R FROM PRINT-BUF AFTER 001
           INITIALIZE PRINT-BUF
      * Report1d-FemaleRb'S CSS SETTING
           MOVE 
              '   .Report1d-FemaleRb {POSITION:ABSOLUTE; TOP:10; LEFT:36
      -       '0; WIDTH:40; HEIGHT:18; BACKGROUND-COLOR:TRANSPARENT; }'
               TO PRINT-BUF
           WRITE PRINTF-R FROM PRINT-BUF AFTER 001
           INITIALIZE PRINT-BUF
              
      * Report1d-HeavySalesEF'S CSS SETTING
           MOVE 
              '   .Report1d-HeavySalesEF {POSITION:ABSOLUTE; TOP:10; LEF
      -       'T:412; WIDTH:98; HEIGHT:18; TEXT-ALIGN:RIGHT; LETTER-SPAC
      -       'ING:0.00; BACKGROUND-COLOR:TRANSPARENT; OVERFLOW:HIDDEN}'
               TO PRINT-BUF
           WRITE PRINTF-R FROM PRINT-BUF AFTER 001
           INITIALIZE PRINT-BUF
              
      * Report1d-SuppliesSalesEF'S CSS SETTING
           MOVE 
              '   .Report1d-SuppliesSalesEF {POSITION:ABSOLUTE; TOP:10; 
      -       'LEFT:546; WIDTH:97; HEIGHT:18; TEXT-ALIGN:RIGHT; LETTER-S
      -       'PACING:0.00; BACKGROUND-COLOR:TRANSPARENT; OVERFLOW:HIDDE
      -       'N}' TO PRINT-BUF
           WRITE PRINTF-R FROM PRINT-BUF AFTER 001
           INITIALIZE PRINT-BUF
      * Report1d-QuotaCb'S CSS SETTING
           MOVE 
              '   .Report1d-QuotaCb {POSITION:ABSOLUTE; TOP:10; LEFT:730
      -       '; WIDTH:20; HEIGHT:18; BACKGROUND-COLOR:TRANSPARENT; }'
               TO PRINT-BUF
           WRITE PRINTF-R FROM PRINT-BUF AFTER 001
           INITIALIZE PRINT-BUF
      * Report1d-RwDtTm-1'S CSS Setting
           MOVE 
              '   .Report1d-RwDtTm-1 {POSITION:ABSOLUTE; TOP:10; LEFT:32
      -       '8; WIDTH:200; HEIGHT:20; TEXT-ALIGN:CENTER; BACKGROUND-CO
      -       'LOR:TRANSPARENT; }' TO PRINT-BUF
           WRITE PRINTF-R FROM PRINT-BUF AFTER 001
           INITIALIZE PRINT-BUF
      * Report1d-RwLa-10'S CSS SETTING
           MOVE 
              '   .Report1d-RwLa-10 {POSITION:ABSOLUTE; TOP:10; LEFT:168
      -       '; WIDTH:520; HEIGHT:39; TEXT-ALIGN:CENTER; FONT-SIZE:24pt
      -       '; FONT-FAMILY:MS Sans Serif; BACKGROUND-COLOR:TRANSPARENT
      -       '; }' TO PRINT-BUF
           WRITE PRINTF-R FROM PRINT-BUF AFTER 001
           INITIALIZE PRINT-BUF
           MOVE '</STYLE>' TO PRINT-BUF
           WRITE PRINTF-R FROM PRINT-BUF AFTER 001
           INITIALIZE PRINT-BUF
           .    

       Acu-Report1d-PRINT-PARA.
           MOVE SPACES TO PRINT-FULLNAME
           CALL "C$FULLNAME" USING "Report1d.html", PRINT-FULLNAME,
                GIVING ACU-STATUS-CODE
           IF ACU-STATUS-CODE = 1
              MOVE 0 TO ACU-SETUPPRINT
              EXIT PARAGRAPH
           END-IF
           MOVE 0 TO ACU-IDX1
           INSPECT PRINT-FULLNAME TALLYING ACU-IDX1 FOR ALL "\"
           INSPECT PRINT-FULLNAME REPLACING TRAILING SPACE BY "*"
           IF ACU-IDX1 <= 0
              MOVE SPACES TO DUMY-LINE
              CALL "C$CHDIR" USING DUMY-LINE
              INSPECT DUMY-LINE REPLACING TRAILING SPACE BY "*"
              MOVE 0 TO ACU-STATUS-CODE
              PERFORM VARYING ACU-IDX2 FROM 1 BY 1 UNTIL
              ACU-STATUS-CODE = 1
                 IF DUMY-LINE(ACU-IDX2:1) = "*"
                    MOVE 1 TO ACU-STATUS-CODE
                 END-IF
              END-PERFORM
              IF DUMY-LINE(ACU-IDX2 - 2:1) = "\"
                 STRING DUMY-LINE, PRINT-FULLNAME, X"00"
                    DELIMITED BY "*" INTO PRT-FULLFILENAME
              ELSE
                 STRING DUMY-LINE, "\", PRINT-FULLNAME, X"00"
                    DELIMITED BY "*" INTO PRT-FULLFILENAME
              END-IF
           ELSE
              STRING PRINT-FULLNAME , X"00" DELIMITED BY "*" INTO 
                 PRT-FULLFILENAME
           END-IF

           STRING "Letter", X"00" DELIMITED BY SIZE INTO 
              ACU-PAPER-SIZE
           STRING "&w&bPage &p of &P", X"00" DELIMITED BY SIZE INTO 
              ACU-PAPER-HEADER
           STRING "&u&b&d", X"00" DELIMITED BY SIZE INTO 
              ACU-PAPER-FOOTER
           MOVE "LANDSCAPE" TO ACU-PAPER-ORIENTATION
           IF ACU-PAPER-ORIENTATION = "LANDSCAPE"
              MOVE 2 TO ACU-PAPER-ORIENTATIONINT
           ELSE
              MOVE 1 TO ACU-PAPER-ORIENTATIONINT
           END-IF
           STRING "LANDSCAPE", X"00" DELIMITED BY SIZE INTO
              ACU-PAPER-ORIENTATION
           MOVE "75" to ACU-MARGIN-LEFT
           MOVE "75" to ACU-MARGIN-RIGHT
           MOVE "75" to ACU-MARGIN-TOP
           MOVE "75" to ACU-MARGIN-BOTTOM
           STRING ACU-PAPER-MARGIN, X"00" DELIMITED BY SIZE INTO 
              PRINT-BROWSER-PARA
           IF ACU-PAPER-COPIES = 0 
              OR ACU-PAPER-COPIES(1:) = spaces
                 MOVE 1 to ACU-PAPER-COPIES
           END-IF
           MOVE SPACES TO DUMY-LINE
           .

       Acu-Report1d-SETUP-PRINT.
           MOVE 1 TO ACU-SETUPPRINT
           PERFORM Acu-Report1d-PRINT-PARA
           SET ENVIRONMENT "DLL_CONVENTION" to "1"
           CALL "AcuBenchPrintDummy"
              ON EXCEPTION CALL "AcuBenchPrint.dll" END-CALL
           END-CALL
           CALL "AcuBenchPrintExecWBPageSetup" USING
                BY CONTENT PRINT-BROWSER-PARA,
                BY CONTENT ACU-PAPER-SIZE, 
                BY VALUE   ACU-PAPER-ORIENTATIONINT,
                BY CONTENT ACU-PRINTER-NAME
                GIVING ACUPRINTDLL-STATUS
           END-CALL
           IF ACUPRINTDLL-SUCCESS
              MOVE 1 TO PRINT-UNIT-TYPE
              SET PRINT-PTR TO ADDRESS OF ACU-PAPER-MARGIN
              CALL "AcuBenchPrintGetMargins" USING BY 
                 VALUE PRINT-UNIT-TYPE, PRINT-PTR
              SET PRINT-PTR TO ADDRESS OF ACU-PAPER-SIZEINT
              CALL "AcuBenchPrintGetPaperSize" USING BY 
                 VALUE PRINT-UNIT-TYPE, PRINT-PTR
              COMPUTE PAGE-HEIGHT OF Report1d-HEIGHT = 
                 ACU-PAPER-HEIGHT - ACU-MARGIN-TOP 
                 - ACU-MARGIN-BOTTOM
              COMPUTE PAGE-WIDTH OF Report1d-HEIGHT = 
                 ACU-PAPER-WIDTH - ACU-MARGIN-LEFT
                 - ACU-MARGIN-RIGHT

              MOVE 2 TO PRINT-UNIT-TYPE
              SET PRINT-PTR TO ADDRESS OF ACU-PAPER-MARGIN
              CALL "AcuBenchPrintGetMargins" USING BY VALUE
                 PRINT-UNIT-TYPE, PRINT-PTR
              STRING ACU-PAPER-MARGIN, X"00" DELIMITED BY SIZE INTO
                 PRINT-BROWSER-PARA

              SET PRINT-PTR TO ADDRESS OF ACU-PAPER-SIZE
              CALL "AcuBenchPrintGetPaperName" USING BY VALUE PRINT-PTR
              CALL "AcuBenchPrintGetOrientation" GIVING 
                 ACU-PAPER-ORIENTATIONINT
              CALL "AcuBenchPrintGetCopies" GIVING ACU-PAPER-COPIES
              SET PRINT-PTR TO ADDRESS OF ACU-PRINTER-NAME
              CALL "AcuBenchPrintGetPrinterName" USING BY VALUE 
                 PRINT-PTR

              PERFORM Acu-Report1d-PRINT-TOFILE
              PERFORM Acu-Report1d-DO-PRINT
           END-IF
           .

       Acu-Report1d-PRINT.
           MOVE 0 TO ACU-SETUPPRINT
           PERFORM Acu-Report1d-PRINT-TOFILE
           PERFORM Acu-Report1d-DO-PRINT
           .

       Acu-Report1d-DO-PRINT.
           IF ACU-SETUPPRINT = 0
              PERFORM Acu-Report1d-PRINT-PARA
              SET ENVIRONMENT "DLL_CONVENTION" to "1"
              CALL "AcuBenchPrintDummy"
                 ON EXCEPTION CALL "AcuBenchPrint.dll" END-CALL
              END-CALL
           END-IF
           CALL "AcuBenchPrintExecWBPrint" USING
                BY CONTENT PRT-FULLFILENAME,
                OMITTED,
                BY CONTENT PRINT-BROWSER-PARA,
                BY CONTENT ACU-PAPER-HEADER, 
                BY CONTENT ACU-PAPER-FOOTER, 
                BY CONTENT ACU-PAPER-SIZE, 
                BY VALUE ACU-PAPER-ORIENTATIONINT,
                BY VALUE ACU-PAPER-COPIES,
                BY CONTENT ACU-PRINTER-NAME
           END-CALL
           MOVE 0 TO ACU-SETUPPRINT
           .

       Acu-Report1d-PREVIEW.
           PERFORM Acu-Report1d-PRINT-TOFILE
           PERFORM Acu-Report1d-PRINT-PARA
           SET ENVIRONMENT "DLL_CONVENTION" to "1"
           CALL "AcuBenchPrintDummy"
              ON EXCEPTION CALL "AcuBenchPrint.dll" END-CALL
           END-CALL
           CALL "AcuBenchPrintExecWBPreview" USING
                BY CONTENT PRT-FULLFILENAME,
                BY CONTENT PRINT-BROWSER-PARA,
                BY CONTENT ACU-PAPER-HEADER, 
                BY CONTENT ACU-PAPER-FOOTER, 
                BY CONTENT ACU-PAPER-SIZE, 
                BY VALUE ACU-PAPER-ORIENTATIONINT,
                BY CONTENT ACU-PRINTER-NAME
           END-CALL
           .

       Acu-Report1d-PRINT-TOFILE.
           MOVE "Report1d.html" TO PTR-DEV-NAME.
           MOVE 1 TO CURRENT-COL
           MOVE 0 TO Report1d-CLEFTOFFSET
           MOVE 0 TO CNT-PIXELS
           MOVE 1 TO NTOPCOLUMNNUM
           PERFORM Acu-PRINTF-OPEN-ROUTINE.
      *    BeforePrint           
           PERFORM Acu-Report1d-HTML-HEADER.
           PERFORM Acu-Report1d-HTML-PAGE-HEADER.
           PERFORM Acu-RPT-Report1d-PRINT-LOOP.
           PERFORM Acu-Report1d-HTML-FOOTER.
      *    AfterPrint
           PERFORM Acu-PRINTF-CLOSE-ROUTINE
           .

       Acu-RPT-Report1d-PRINT-LOOP.
           MOVE 1 TO TMP-PRINTORNOT
           MOVE 0 TO CNT-INPAGEPIXELS
           MOVE 1 TO ACU-PAGENUM
           MOVE 1 TO ACU-PAGENUM-SYS
           MOVE 0 TO SYS-ENDPRIMARYFD
           MOVE 1 TO REPORT-FOOTER-PRINT-AFTER-PAGE
           PERFORM Acu-RPT-Report1d-ALL-RESET
      * Check Report Header
           PERFORM Acu-RPT-Report1d-REPORT-HEADER
      * Start Normal (Page H/F, Group H/F, Detail)
           PERFORM Acu-RPT-Report1d-MASTER-PRINT-LOOP
      * End Normal (Page H/F, Group H/F, Detail)
           PERFORM Acu-RPT-Report1d-PAGE-HEADER
      * Check Last Group Footer
           PERFORM Acu-RPT-Report1d-GROUP-MUSTDSP
           PERFORM Acu-RPT-Report1d-GROUP-FOOTER
      * Check Report Footer
           IF ( REPORT-FOOTER-PRINT-AFTER-PAGE = 0 )
              PERFORM Acu-RPT-Report1d-REPORT-FOOTER
           END-IF
      * Normal Ending
           PERFORM Acu-Report1d-FILL-DETAIL-FOR-ZEBRA
           IF ( REPORT-FOOTER-PRINT-AFTER-PAGE = 0 )
              MOVE 1 TO SYS-ENDPRIMARYFD   
              COMPUTE CNT-PIXELS = ACU-PAGENUM-SYS * PAGE-HEIGHT OF
                 Report1d-HEIGHT - Report1d-PF-1-DEF-HEIGHT OF
                 Report1d-HEIGHT
              COMPUTE CNT-INPAGEPIXELS = PAGE-HEIGHT OF
                 Report1d-HEIGHT - Report1d-PF-1-DEF-HEIGHT OF
                 Report1d-HEIGHT
              MOVE PAGE-HEIGHT OF Report1d-HEIGHT TO CNT-INPAGEPIXELS
              PERFORM Acu-RPT-Report1d-PAGE-FOOTER
           END-IF
      * Check Report Footer
           IF ( REPORT-FOOTER-PRINT-AFTER-PAGE = 1 )
              PERFORM Acu-RPT-Report1d-REPORT-FOOTER
           END-IF
           .

       Acu-Report1d-HTML-PAGE-HEADER.
           MOVE ' <!-- Page DIV -->' TO PRINT-BUF
           WRITE PRINTF-R FROM PRINT-BUF AFTER 001
           INITIALIZE PRINT-BUF
           STRING ' <DIV STYLE="POSITION:ABSOLUTE; TOP:', 
                  CNT-PIXELS, 
                  '; LEFT:',
                  Report1d-CLEFTOFFSET,
                  '; HEIGHT:', PAGE-HEIGHT OF Report1d-HEIGHT, 
                  '; WIDTH:', PAGE-WIDTH OF Report1d-HEIGHT,
                  ' ;">'
               DELIMITED BY SIZE INTO PRINT-BUF.
           WRITE PRINTF-R FROM PRINT-BUF AFTER 001
           INITIALIZE PRINT-BUF
           .

       Acu-Report1d-HTML-PAGE-FOOTER.
           MOVE ' <!-- End(Page) --></DIV>' TO PRINT-BUF
           WRITE PRINTF-R FROM PRINT-BUF AFTER 001
           INITIALIZE PRINT-BUF
           .

       Acu-RPT-Report1d-REPORT-HEADER.
      *    BeforePrint
           PERFORM Acu-Report1d-RH-1-PRINT-RTN
           ADD Report1d-RH-1-HEIGHT OF Report1d-HEIGHT TO CNT-PIXELS
           ADD Report1d-RH-1-HEIGHT OF Report1d-HEIGHT TO
              CNT-INPAGEPIXELS
           MOVE 1 TO REPORT-HEADER-PRINT-BEFORE-PAGE
           PERFORM Acu-RPT-Report1d-PAGE-HEADER
           MOVE 0 TO REPORT-HEADER-PRINT-BEFORE-PAGE
      *    AfterPrint
           .

       Acu-RPT-Report1d-REPORT-FOOTER.
      *    BeforePrint
           MOVE Report1d-RF-1-DEF-HEIGHT OF Report1d-HEIGHT TO
              CURRENT-HEIGHT
           PERFORM Acu-RPT-Report1d-PAGE-FOOTER
           PERFORM Acu-Report1d-RF-1-PRINT-RTN
           ADD Report1d-RF-1-HEIGHT OF Report1d-HEIGHT TO CNT-PIXELS
           ADD Report1d-RF-1-HEIGHT OF Report1d-HEIGHT TO
              CNT-INPAGEPIXELS
      *    AfterPrint
           .

       Acu-RPT-Report1d-PAGE-HEADER.
      *    BeforePrint
           IF ( CNT-INPAGEPIXELS < Report1d-PH-1-HEIGHT OF
              Report1d-HEIGHT ) OR ( REPORT-HEADER-PRINT-BEFORE-PAGE = 1
              )
              PERFORM Acu-Report1d-PH-1-PRINT-RTN
              ADD  Report1d-PH-1-HEIGHT OF Report1d-HEIGHT TO CNT-PIXELS
              IF ( REPORT-HEADER-PRINT-BEFORE-PAGE = 1 )
                 ADD Report1d-PH-1-HEIGHT OF Report1d-HEIGHT TO
              CNT-INPAGEPIXELS
              ELSE
                 MOVE Report1d-PH-1-HEIGHT OF Report1d-HEIGHT TO
              CNT-INPAGEPIXELS
              END-IF
           END-IF
      *    AfterPrint
           .

       Acu-RPT-Report1d-PAGE-FOOTER.
      *    BeforePrint
           COMPUTE TMP-PIXELS = CNT-INPAGEPIXELS + CURRENT-HEIGHT +
              Report1d-PF-1-HEIGHT OF Report1d-HEIGHT
           IF TMP-PIXELS > PAGE-HEIGHT OF Report1d-HEIGHT
              COMPUTE CNT-PIXELS = ACU-PAGENUM-SYS * PAGE-HEIGHT OF
              Report1d-HEIGHT - Report1d-PF-1-HEIGHT OF Report1d-HEIGHT
              COMPUTE CNT-INPAGEPIXELS = PAGE-HEIGHT OF
              Report1d-HEIGHT - Report1d-PF-1-DEF-HEIGHT OF
              Report1d-HEIGHT
              PERFORM Acu-Report1d-PF-1-PRINT-RTN
              PERFORM Acu-Report1d-Page-BREAK-RTN
              MOVE Report1d-PF-1-DEF-HEIGHT OF Report1d-HEIGHT TO
              Report1d-PF-1-HEIGHT OF Report1d-HEIGHT
           END-IF
      *    AfterPrint         
           .

       Acu-RPT-Report1d-PAGE-FOOTER-OVERPAGE.
           MOVE 0 TO RPT-RETURN-VALUE
           COMPUTE TMP-PIXELS = CNT-INPAGEPIXELS + CURRENT-HEIGHT +
              Report1d-PF-1-HEIGHT OF Report1d-HEIGHT
           IF TMP-PIXELS + 1 >= PAGE-HEIGHT OF Report1d-HEIGHT
              MOVE 1 TO RPT-RETURN-VALUE
           END-IF
           .

       Acu-RPT-Report1d-DETAIL.
           PERFORM Acu-Report1d-Dtl-1-DETAIL-PRINT.
           .

       Acu-RPT-Report1d-GROUP-HEADER.
      * Cause there're possibly several Group.
           PERFORM Acu-Report1d-GH-1-GROUP-PRINT.
           PERFORM Acu-Report1d-GH-2-GROUP-PRINT.
           .

       Acu-RPT-Report1d-GROUP-FOOTER.
           .

       Acu-RPT-Report1d-GROUP-MUSTDSP.
           .

       Acu-RPT-Report1d-GROUP-NOMUSTDSP.
           .

       Acu-RPT-Report1d-ALL-RESET.
      * Group Reset
           PERFORM Acu-Report1d-Report1d-GH-1-RESET
           PERFORM Acu-Report1d-Report1d-GH-2-RESET
           .

       Acu-RPT-Report1d-DO-PRINT-RTN.
           MOVE 1 TO TMP-PRINTORNOT
      * Check Group Footer
           PERFORM Acu-RPT-Report1d-GROUP-FOOTER
      * Init Detail's Height
           MOVE Report1d-Dtl-1-HEIGHT OF Report1d-HEIGHT TO
              CURRENT-HEIGHT
           PERFORM Acu-RPT-Report1d-PAGE-FOOTER
           PERFORM Acu-RPT-Report1d-PAGE-HEADER
      * Check Group Header
           PERFORM Acu-RPT-Report1d-GROUP-HEADER
      * Detail
           PERFORM Acu-RPT-Report1d-DETAIL
           .

       Acu-Report1d-Page-BREAK-RTN.
           IF CURRENT-COL < NTOPCOLUMNNUM
              COMPUTE CNT-PIXELS = (ACU-PAGENUM-SYS - 1) 
                 * PAGE-HEIGHT OF Report1d-HEIGHT
              COMPUTE Report1d-CLEFTOFFSET = 
                 Report1d-CLEFTOFFSET + DETAIL-WIDTH
              MOVE 0 TO CNT-INPAGEPIXELS
              ADD 1 TO CURRENT-COL
           ELSE
              COMPUTE CNT-PIXELS = ACU-PAGENUM-SYS 
                 * PAGE-HEIGHT OF Report1d-HEIGHT
              MOVE 0 TO Report1d-CLEFTOFFSET
              MOVE 0 TO CNT-INPAGEPIXELS
              ADD 1 TO ACU-PAGENUM-SYS
              ADD 1 TO ACU-PAGENUM
              MOVE 1 TO CURRENT-COL
           END-IF
           PERFORM Acu-Report1d-HTML-PAGE-FOOTER
           IF SYS-ENDPRIMARYFD = 0
              PERFORM Acu-Report1d-HTML-PAGE-HEADER
           END-IF
           .           

       Acu-Report1d-FILL-DETAIL-FOR-ZEBRA.
           .

       Acu-Report1d-ZEBRA-COLOR-CHANGE.
           .
      
       Acu-Report1d-Dtl-1-DETAIL-PRINT.
           MOVE 857 TO DETAIL-WIDTH
      *    BeforePrint
           MOVE Report1d-Dtl-1-HEIGHT OF Report1d-HEIGHT TO
              CURRENT-HEIGHT
           PERFORM Acu-RPT-Report1d-PAGE-FOOTER
           PERFORM Acu-RPT-Report1d-PAGE-HEADER
           PERFORM Acu-Report1d-Dtl-1-PRINT-RTN
           ADD Report1d-Dtl-1-HEIGHT OF Report1d-HEIGHT TO CNT-PIXELS
           ADD Report1d-Dtl-1-HEIGHT OF Report1d-HEIGHT TO
              CNT-INPAGEPIXELS
           MOVE Report1d-Dtl-1-DEF-HEIGHT OF Report1d-HEIGHT TO
              Report1d-Dtl-1-HEIGHT OF Report1d-HEIGHT
           PERFORM Acu-Report1d-ZEBRA-COLOR-CHANGE
      *    AfterPrint
           .

       Acu-Report1d-GH-1-GROUP-PRINT.
      * GROUP-HEADER : Report1d-GH-1
      *    BeforePrint
           IF Report1d-GH-1-GROUPBY-BUF NOT = Sales-State OF Salesdata
              MOVE Report1d-GH-1-DEF-HEIGHT OF Report1d-HEIGHT TO
              CURRENT-HEIGHT
              PERFORM Acu-RPT-Report1d-PAGE-FOOTER
              PERFORM Acu-RPT-Report1d-PAGE-HEADER
              PERFORM Acu-Report1d-GH-1-PRINT-RTN
              ADD Report1d-GH-1-HEIGHT OF Report1d-HEIGHT TO CNT-PIXELS
              ADD Report1d-GH-1-HEIGHT OF Report1d-HEIGHT TO
              CNT-INPAGEPIXELS
              PERFORM Acu-Report1d-Report1d-GH-2-RESET
              MOVE Sales-State OF Salesdata TO Report1d-GH-1-GROUPBY-BUF
           END-IF
      *    AfterPrint
           .

       Acu-Report1d-Report1d-GH-1-RESET.
           MOVE HIGH-VALUE TO Report1d-GH-1-GROUPBY-BUF
           PERFORM Acu-Report1d-Report1d-GH-2-RESET
           .

       Acu-Report1d-GH-2-GROUP-PRINT.
      * GROUP-HEADER : Report1d-GH-2
      *    BeforePrint
           IF Report1d-GH-2-GROUPBY-BUF NOT = Sales-Branch-No OF
              Salesdata
              MOVE Report1d-GH-2-DEF-HEIGHT OF Report1d-HEIGHT TO
              CURRENT-HEIGHT
              PERFORM Acu-RPT-Report1d-PAGE-FOOTER
              PERFORM Acu-RPT-Report1d-PAGE-HEADER
              PERFORM Acu-Report1d-GH-2-PRINT-RTN
              ADD Report1d-GH-2-HEIGHT OF Report1d-HEIGHT TO CNT-PIXELS
              ADD Report1d-GH-2-HEIGHT OF Report1d-HEIGHT TO
              CNT-INPAGEPIXELS
              MOVE Sales-Branch-No OF Salesdata TO
              Report1d-GH-2-GROUPBY-BUF
           END-IF
      *    AfterPrint
           .

       Acu-Report1d-Report1d-GH-2-RESET.
           MOVE HIGH-VALUE TO Report1d-GH-2-GROUPBY-BUF
           .

       Acu-Report1d-RH-1-SEC-HEAD.
           MOVE '   <!-- Section (Report1d-RH-1) -->' TO PRINT-BUF
           WRITE PRINTF-R FROM PRINT-BUF AFTER 001
           INITIALIZE PRINT-BUF
           COMPUTE TMP-PIXELS = CNT-INPAGEPIXELS - HIGH-OFFSET-IN
           STRING '   <DIV STYLE="',
                  'POSITION:ABSOLUTE; TOP:', 
                  TMP-PIXELS,
                  '; LEFT:0',
                  '; WIDTH:857; ',
                  'FONT-SIZE:9pt; ',
                  'FONT-FAMILY:MS Sans Serif; ',
                  'COLOR:#000000; ',
                  'BACKGROUND-COLOR:#FFFFFF; ',
                  '">'
              DELIMITED BY SIZE INTO PRINT-BUF.
           WRITE PRINTF-R FROM PRINT-BUF AFTER 001
           INITIALIZE PRINT-BUF
           .

       Acu-Report1d-RH-1-SEC-FOOT.
           MOVE '      <!-- Ending DIV : to fill the Div Height -->' TO
              PRINT-BUF
           WRITE PRINTF-R FROM PRINT-BUF AFTER 001
           INITIALIZE PRINT-BUF
           STRING '      <DIV STYLE="POSITION:RELATIVE; HEIGHT:',
                  Report1d-RH-1-HEIGHT OF Report1d-HEIGHT, 
                  ';"> </DIV>'
              DELIMITED BY SIZE INTO PRINT-BUF.
           WRITE PRINTF-R FROM PRINT-BUF AFTER 001
           INITIALIZE PRINT-BUF
           MOVE '   <!-- End(Section) --></DIV>' TO PRINT-BUF
           WRITE PRINTF-R FROM PRINT-BUF AFTER 001
           .

       Acu-Report1d-RH-1-PRINT-RTN.
           MOVE 0 TO SECTION-HIGH-STACK
           MOVE Report1d-RH-1-DEF-HEIGHT TO Report1d-RH-1-HEIGHT
           PERFORM Acu-Report1d-RH-1-SEC-HEAD
      * RPT.Label : Report1d-RwLa-9
      *    BeforePrint
           MOVE '      <!-- Label (Report1d-RwLa-9) -->' TO PRINT-BUF
           WRITE PRINTF-R FROM PRINT-BUF AFTER 001
           INITIALIZE PRINT-BUF
           MOVE '      <DIV CLASS="Report1d-RwLa-9" >' TO PRINT-BUF
           WRITE PRINTF-R FROM PRINT-BUF AFTER 001
           INITIALIZE PRINT-BUF
           STRING '         <P><STRONG>',
                  'Sales&nbsp;Report',
                  '</STRONG></P></DIV>'
              DELIMITED BY SIZE INTO PRINT-BUF
           WRITE PRINTF-R FROM PRINT-BUF AFTER 001
           INITIALIZE PRINT-BUF
      *    AfterPrint
           PERFORM Acu-Report1d-RH-1-SEC-FOOT
           .

       Acu-Report1d-PH-1-SEC-HEAD.
           MOVE '   <!-- Section (Report1d-PH-1) -->' TO PRINT-BUF
           WRITE PRINTF-R FROM PRINT-BUF AFTER 001
           INITIALIZE PRINT-BUF
           COMPUTE TMP-PIXELS = CNT-INPAGEPIXELS - HIGH-OFFSET-IN
           STRING '   <DIV STYLE="',
                  'POSITION:ABSOLUTE; TOP:', 
                  TMP-PIXELS,
                  '; LEFT:0',
                  '; WIDTH:857; ',
                  'FONT-SIZE:9pt; ',
                  'FONT-FAMILY:MS Sans Serif; ',
                  'COLOR:#000000; ',
                  'BACKGROUND-COLOR:#FFFFFF; ',
                  '">'
              DELIMITED BY SIZE INTO PRINT-BUF.
           WRITE PRINTF-R FROM PRINT-BUF AFTER 001
           INITIALIZE PRINT-BUF
           .

       Acu-Report1d-PH-1-SEC-FOOT.
           MOVE '      <!-- Ending DIV : to fill the Div Height -->' TO
              PRINT-BUF
           WRITE PRINTF-R FROM PRINT-BUF AFTER 001
           INITIALIZE PRINT-BUF
           STRING '      <DIV STYLE="POSITION:RELATIVE; HEIGHT:',
                  Report1d-PH-1-HEIGHT OF Report1d-HEIGHT, 
                  ';"> </DIV>'
              DELIMITED BY SIZE INTO PRINT-BUF.
           WRITE PRINTF-R FROM PRINT-BUF AFTER 001
           INITIALIZE PRINT-BUF
           MOVE '   <!-- End(Section) --></DIV>' TO PRINT-BUF
           WRITE PRINTF-R FROM PRINT-BUF AFTER 001
           .

       Acu-Report1d-PH-1-PRINT-RTN.
           MOVE 0 TO SECTION-HIGH-STACK
           MOVE Report1d-PH-1-DEF-HEIGHT TO Report1d-PH-1-HEIGHT
           PERFORM Acu-Report1d-PH-1-SEC-HEAD
      * RPT.Label : Report1d-RwLa-3
      *    BeforePrint
           MOVE '      <!-- Label (Report1d-RwLa-3) -->' TO PRINT-BUF
           WRITE PRINTF-R FROM PRINT-BUF AFTER 001
           INITIALIZE PRINT-BUF
           MOVE '      <DIV CLASS="Report1d-RwLa-3" >' TO PRINT-BUF
           WRITE PRINTF-R FROM PRINT-BUF AFTER 001
           INITIALIZE PRINT-BUF
           STRING '         <P><STRONG>',
                  'Last&nbsp;Name',
                  '</STRONG></P></DIV>'
              DELIMITED BY SIZE INTO PRINT-BUF
           WRITE PRINTF-R FROM PRINT-BUF AFTER 001
           INITIALIZE PRINT-BUF
      *    AfterPrint
      * RPT.Label : Report1d-RwLa-4
      *    BeforePrint
           MOVE '      <!-- Label (Report1d-RwLa-4) -->' TO PRINT-BUF
           WRITE PRINTF-R FROM PRINT-BUF AFTER 001
           INITIALIZE PRINT-BUF
           MOVE '      <DIV CLASS="Report1d-RwLa-4" >' TO PRINT-BUF
           WRITE PRINTF-R FROM PRINT-BUF AFTER 001
           INITIALIZE PRINT-BUF
           STRING '         <P><STRONG>',
                  'First&nbsp;Name',
                  '</STRONG></P></DIV>'
              DELIMITED BY SIZE INTO PRINT-BUF
           WRITE PRINTF-R FROM PRINT-BUF AFTER 001
           INITIALIZE PRINT-BUF
      *    AfterPrint
      * RPT.Label : Report1d-RwLa-5
      *    BeforePrint
           MOVE '      <!-- Label (Report1d-RwLa-5) -->' TO PRINT-BUF
           WRITE PRINTF-R FROM PRINT-BUF AFTER 001
           INITIALIZE PRINT-BUF
           MOVE '      <DIV CLASS="Report1d-RwLa-5" >' TO PRINT-BUF
           WRITE PRINTF-R FROM PRINT-BUF AFTER 001
           INITIALIZE PRINT-BUF
           STRING '         <P><STRONG>',
                  'Heavy&nbsp;Sales',
                  '</STRONG></P></DIV>'
              DELIMITED BY SIZE INTO PRINT-BUF
           WRITE PRINTF-R FROM PRINT-BUF AFTER 001
           INITIALIZE PRINT-BUF
      *    AfterPrint
      * RPT.Label : Report1d-RwLa-6
      *    BeforePrint
           MOVE '      <!-- Label (Report1d-RwLa-6) -->' TO PRINT-BUF
           WRITE PRINTF-R FROM PRINT-BUF AFTER 001
           INITIALIZE PRINT-BUF
           MOVE '      <DIV CLASS="Report1d-RwLa-6" >' TO PRINT-BUF
           WRITE PRINTF-R FROM PRINT-BUF AFTER 001
           INITIALIZE PRINT-BUF
           STRING '         <P><STRONG>',
                  'Supplies&nbsp;Sales',
                  '</STRONG></P></DIV>'
              DELIMITED BY SIZE INTO PRINT-BUF
           WRITE PRINTF-R FROM PRINT-BUF AFTER 001
           INITIALIZE PRINT-BUF
      *    AfterPrint
      * RPT.Label : Report1d-RwLa-7
      *    BeforePrint
           MOVE '      <!-- Label (Report1d-RwLa-7) -->' TO PRINT-BUF
           WRITE PRINTF-R FROM PRINT-BUF AFTER 001
           INITIALIZE PRINT-BUF
           MOVE '      <DIV CLASS="Report1d-RwLa-7" >' TO PRINT-BUF
           WRITE PRINTF-R FROM PRINT-BUF AFTER 001
           INITIALIZE PRINT-BUF
           STRING '         <P><STRONG>',
                  'Quota',
                  '</STRONG></P></DIV>'
              DELIMITED BY SIZE INTO PRINT-BUF
           WRITE PRINTF-R FROM PRINT-BUF AFTER 001
           INITIALIZE PRINT-BUF
      *    AfterPrint
      * RPT.Label : Report1d-RwLa-8
      *    BeforePrint
           MOVE '      <!-- Label (Report1d-RwLa-8) -->' TO PRINT-BUF
           WRITE PRINTF-R FROM PRINT-BUF AFTER 001
           INITIALIZE PRINT-BUF
           MOVE '      <DIV CLASS="Report1d-RwLa-8" >' TO PRINT-BUF
           WRITE PRINTF-R FROM PRINT-BUF AFTER 001
           INITIALIZE PRINT-BUF
           STRING '         <P><STRONG>',
                  'Gender',
                  '</STRONG></P></DIV>'
              DELIMITED BY SIZE INTO PRINT-BUF
           WRITE PRINTF-R FROM PRINT-BUF AFTER 001
           INITIALIZE PRINT-BUF
      *    AfterPrint
           PERFORM Acu-Report1d-PH-1-SEC-FOOT
           .

       Acu-Report1d-GH-1-SEC-HEAD.
           MOVE '   <!-- Section (Report1d-GH-1) -->' TO PRINT-BUF
           WRITE PRINTF-R FROM PRINT-BUF AFTER 001
           INITIALIZE PRINT-BUF
           COMPUTE TMP-PIXELS = CNT-INPAGEPIXELS - HIGH-OFFSET-IN
           STRING '   <DIV STYLE="',
                  'POSITION:ABSOLUTE; TOP:', 
                  TMP-PIXELS,
                  '; LEFT:0',
                  '; WIDTH:857; ',
                  'FONT-SIZE:9pt; ',
                  'FONT-FAMILY:MS Sans Serif; ',
                  'COLOR:#000000; ',
                  'BACKGROUND-COLOR:#FFFFFF; ',
                  '">'
              DELIMITED BY SIZE INTO PRINT-BUF.
           WRITE PRINTF-R FROM PRINT-BUF AFTER 001
           INITIALIZE PRINT-BUF
           .

       Acu-Report1d-GH-1-SEC-FOOT.
           MOVE '      <!-- Ending DIV : to fill the Div Height -->' TO
              PRINT-BUF
           WRITE PRINTF-R FROM PRINT-BUF AFTER 001
           INITIALIZE PRINT-BUF
           STRING '      <DIV STYLE="POSITION:RELATIVE; HEIGHT:',
                  Report1d-GH-1-HEIGHT OF Report1d-HEIGHT, 
                  ';"> </DIV>'
              DELIMITED BY SIZE INTO PRINT-BUF.
           WRITE PRINTF-R FROM PRINT-BUF AFTER 001
           INITIALIZE PRINT-BUF
           MOVE '   <!-- End(Section) --></DIV>' TO PRINT-BUF
           WRITE PRINTF-R FROM PRINT-BUF AFTER 001
           .

       Acu-Report1d-GH-1-PRINT-RTN.
           MOVE 0 TO SECTION-HIGH-STACK
           MOVE Report1d-GH-1-DEF-HEIGHT TO Report1d-GH-1-HEIGHT
           PERFORM Acu-Report1d-GH-1-SEC-HEAD
      * RPT.Label : Report1d-RwLa-1
      *    BeforePrint
           MOVE '      <!-- Label (Report1d-RwLa-1) -->' TO PRINT-BUF
           WRITE PRINTF-R FROM PRINT-BUF AFTER 001
           INITIALIZE PRINT-BUF
           MOVE '      <DIV CLASS="Report1d-RwLa-1" >' TO PRINT-BUF
           WRITE PRINTF-R FROM PRINT-BUF AFTER 001
           INITIALIZE PRINT-BUF
           STRING '         <P><STRONG>',
                  'State:',
                  '</STRONG></P></DIV>'
              DELIMITED BY SIZE INTO PRINT-BUF
           WRITE PRINTF-R FROM PRINT-BUF AFTER 001
           INITIALIZE PRINT-BUF
      *    AfterPrint
      * RPT.Entry-Field : Report1d-RwEf-1
      *    BeforePrint
           MOVE '      <!-- Entry-Field (Report1d-RwEf-1) -->' TO
              PRINT-BUF
           WRITE PRINTF-R FROM PRINT-BUF AFTER 001
           INITIALIZE PRINT-BUF
           MOVE '      <DIV CLASS="Report1d-RwEf-1" >' TO PRINT-BUF
           WRITE PRINTF-R FROM PRINT-BUF AFTER 001
           INITIALIZE PRINT-BUF
           MOVE '         <P><STRONG>' TO PRINT-BUF
           WRITE PRINTF-R FROM PRINT-BUF AFTER 001
           INITIALIZE PRINT-BUF
           MOVE Sales-State TO PRINT-BUF
           WRITE PRINTF-R FROM PRINT-BUF AFTER 001
           INITIALIZE PRINT-BUF
           MOVE '         </STRONG></P></DIV>' TO PRINT-BUF
           WRITE PRINTF-R FROM PRINT-BUF AFTER 001
           INITIALIZE PRINT-BUF
      *    AfterPrint
           PERFORM Acu-Report1d-GH-1-SEC-FOOT
           .

       Acu-Report1d-GH-2-SEC-HEAD.
           MOVE '   <!-- Section (Report1d-GH-2) -->' TO PRINT-BUF
           WRITE PRINTF-R FROM PRINT-BUF AFTER 001
           INITIALIZE PRINT-BUF
           COMPUTE TMP-PIXELS = CNT-INPAGEPIXELS - HIGH-OFFSET-IN
           STRING '   <DIV STYLE="',
                  'POSITION:ABSOLUTE; TOP:', 
                  TMP-PIXELS,
                  '; LEFT:0',
                  '; WIDTH:857; ',
                  'FONT-SIZE:9pt; ',
                  'FONT-FAMILY:MS Sans Serif; ',
                  'COLOR:#000000; ',
                  'BACKGROUND-COLOR:#FFFFFF; ',
                  '">'
              DELIMITED BY SIZE INTO PRINT-BUF.
           WRITE PRINTF-R FROM PRINT-BUF AFTER 001
           INITIALIZE PRINT-BUF
           .

       Acu-Report1d-GH-2-SEC-FOOT.
           MOVE '      <!-- Ending DIV : to fill the Div Height -->' TO
              PRINT-BUF
           WRITE PRINTF-R FROM PRINT-BUF AFTER 001
           INITIALIZE PRINT-BUF
           STRING '      <DIV STYLE="POSITION:RELATIVE; HEIGHT:',
                  Report1d-GH-2-HEIGHT OF Report1d-HEIGHT, 
                  ';"> </DIV>'
              DELIMITED BY SIZE INTO PRINT-BUF.
           WRITE PRINTF-R FROM PRINT-BUF AFTER 001
           INITIALIZE PRINT-BUF
           MOVE '   <!-- End(Section) --></DIV>' TO PRINT-BUF
           WRITE PRINTF-R FROM PRINT-BUF AFTER 001
           .

       Acu-Report1d-GH-2-PRINT-RTN.
           MOVE 0 TO SECTION-HIGH-STACK
           MOVE Report1d-GH-2-DEF-HEIGHT TO Report1d-GH-2-HEIGHT
           PERFORM Acu-Report1d-GH-2-SEC-HEAD
      * RPT.Label : Report1d-RwLa-2
      *    BeforePrint
           MOVE '      <!-- Label (Report1d-RwLa-2) -->' TO PRINT-BUF
           WRITE PRINTF-R FROM PRINT-BUF AFTER 001
           INITIALIZE PRINT-BUF
           MOVE '      <DIV CLASS="Report1d-RwLa-2" >' TO PRINT-BUF
           WRITE PRINTF-R FROM PRINT-BUF AFTER 001
           INITIALIZE PRINT-BUF
           STRING '         <P><STRONG>',
                  'Branch:',
                  '</STRONG></P></DIV>'
              DELIMITED BY SIZE INTO PRINT-BUF
           WRITE PRINTF-R FROM PRINT-BUF AFTER 001
           INITIALIZE PRINT-BUF
      *    AfterPrint
      * RPT.Entry-Field : Report1d-RwEf-2
      *    BeforePrint
           MOVE '      <!-- Entry-Field (Report1d-RwEf-2) -->' TO
              PRINT-BUF
           WRITE PRINTF-R FROM PRINT-BUF AFTER 001
           INITIALIZE PRINT-BUF
           MOVE '      <DIV CLASS="Report1d-RwEf-2" >' TO PRINT-BUF
           WRITE PRINTF-R FROM PRINT-BUF AFTER 001
           INITIALIZE PRINT-BUF
           MOVE '         <P><STRONG>' TO PRINT-BUF
           WRITE PRINTF-R FROM PRINT-BUF AFTER 001
           INITIALIZE PRINT-BUF
           MOVE Sales-Branch-No TO PRINT-BUF
           WRITE PRINTF-R FROM PRINT-BUF AFTER 001
           INITIALIZE PRINT-BUF
           MOVE '         </STRONG></P></DIV>' TO PRINT-BUF
           WRITE PRINTF-R FROM PRINT-BUF AFTER 001
           INITIALIZE PRINT-BUF
      *    AfterPrint
           PERFORM Acu-Report1d-GH-2-SEC-FOOT
           .

       Acu-Report1d-Dtl-1-SEC-HEAD.
           MOVE '   <!-- Section (Report1d-Dtl-1) -->' TO PRINT-BUF
           WRITE PRINTF-R FROM PRINT-BUF AFTER 001
           INITIALIZE PRINT-BUF
           COMPUTE TMP-PIXELS = CNT-INPAGEPIXELS - HIGH-OFFSET-IN
           STRING '   <DIV STYLE="',
                  'POSITION:ABSOLUTE; TOP:', 
                  TMP-PIXELS,
                  '; LEFT:0',
                  '; WIDTH:857; ',
                  'FONT-SIZE:9pt; ',
                  'FONT-FAMILY:MS Sans Serif; ',
                  'COLOR:#000000; ',
                  'BACKGROUND-COLOR:', Report1d-Dtl-1-BGCOLOR ,
                  '">'
              DELIMITED BY SIZE INTO PRINT-BUF.
           WRITE PRINTF-R FROM PRINT-BUF AFTER 001
           INITIALIZE PRINT-BUF
           .

       Acu-Report1d-Dtl-1-SEC-FOOT.
           MOVE '      <!-- Ending DIV : to fill the Div Height -->' TO
              PRINT-BUF
           WRITE PRINTF-R FROM PRINT-BUF AFTER 001
           INITIALIZE PRINT-BUF
           STRING '      <DIV STYLE="POSITION:RELATIVE; HEIGHT:',
                  Report1d-Dtl-1-HEIGHT OF Report1d-HEIGHT, 
                  ';"> </DIV>'
              DELIMITED BY SIZE INTO PRINT-BUF.
           WRITE PRINTF-R FROM PRINT-BUF AFTER 001
           INITIALIZE PRINT-BUF
           MOVE '   <!-- End(Section) --></DIV>' TO PRINT-BUF
           WRITE PRINTF-R FROM PRINT-BUF AFTER 001
           .

       Acu-Report1d-Dtl-1-PRINT-RTN.
           MOVE 0 TO SECTION-HIGH-STACK
           MOVE Report1d-Dtl-1-DEF-HEIGHT TO Report1d-Dtl-1-HEIGHT
           PERFORM Acu-Report1d-Dtl-1-SEC-HEAD
      * RPT.Entry-Field : Report1d-RwEf-3
      *    BeforePrint
           MOVE '      <!-- Entry-Field (Report1d-RwEf-3) -->' TO
              PRINT-BUF
           WRITE PRINTF-R FROM PRINT-BUF AFTER 001
           INITIALIZE PRINT-BUF
           MOVE '      <DIV CLASS="Report1d-RwEf-3" >' TO PRINT-BUF
           WRITE PRINTF-R FROM PRINT-BUF AFTER 001
           INITIALIZE PRINT-BUF
           MOVE '         <P><STRONG>' TO PRINT-BUF
           WRITE PRINTF-R FROM PRINT-BUF AFTER 001
           INITIALIZE PRINT-BUF
           MOVE Sales-LastName TO PRINT-BUF
           WRITE PRINTF-R FROM PRINT-BUF AFTER 001
           INITIALIZE PRINT-BUF
           MOVE '         </STRONG></P></DIV>' TO PRINT-BUF
           WRITE PRINTF-R FROM PRINT-BUF AFTER 001
           INITIALIZE PRINT-BUF
      *    AfterPrint
      * RPT.Entry-Field : Report1d-RwEf-4
      *    BeforePrint
           MOVE '      <!-- Entry-Field (Report1d-RwEf-4) -->' TO
              PRINT-BUF
           WRITE PRINTF-R FROM PRINT-BUF AFTER 001
           INITIALIZE PRINT-BUF
           MOVE '      <DIV CLASS="Report1d-RwEf-4" >' TO PRINT-BUF
           WRITE PRINTF-R FROM PRINT-BUF AFTER 001
           INITIALIZE PRINT-BUF
           MOVE '         <P><STRONG>' TO PRINT-BUF
           WRITE PRINTF-R FROM PRINT-BUF AFTER 001
           INITIALIZE PRINT-BUF
           MOVE Sales-FirstName TO PRINT-BUF
           WRITE PRINTF-R FROM PRINT-BUF AFTER 001
           INITIALIZE PRINT-BUF
           MOVE '         </STRONG></P></DIV>' TO PRINT-BUF
           WRITE PRINTF-R FROM PRINT-BUF AFTER 001
           INITIALIZE PRINT-BUF
      *    AfterPrint
      * RPT.RadioBox : Report1d-MaleRb
           PERFORM Report1d-MaleRb-BeforePrint
           MOVE '      <!-- RadioBox (Report1d-MaleRb) -->' TO PRINT-BUF
           WRITE PRINTF-R FROM PRINT-BUF AFTER 001
           INITIALIZE PRINT-BUF
           MOVE '      <DIV CLASS="Report1d-MaleRb" >' TO PRINT-BUF
           WRITE PRINTF-R FROM PRINT-BUF AFTER 001
           INITIALIZE PRINT-BUF
           MOVE '         <P><STRONG>' TO PRINT-BUF
           WRITE PRINTF-R FROM PRINT-BUF AFTER 001
           INITIALIZE PRINT-BUF
           IF PR-Gender-M = 1
              STRING '<INPUT TYPE="RADIO" CHECKED >',
                     'M'
                 DELIMITED BY SIZE INTO PRINT-BUF
           ELSE
              STRING '<INPUT TYPE="RADIO">',
                     'M'
                 DELIMITED BY SIZE INTO PRINT-BUF
           END-IF
           WRITE PRINTF-R FROM PRINT-BUF AFTER 001
           INITIALIZE PRINT-BUF
           MOVE '         </STRONG></P></DIV>' TO PRINT-BUF
           WRITE PRINTF-R FROM PRINT-BUF AFTER 001
           INITIALIZE PRINT-BUF
      *    AfterPrint
      * RPT.RadioBox : Report1d-FemaleRb
           PERFORM Report1d-FemaleRb-BeforePrint
           MOVE '      <!-- RadioBox (Report1d-FemaleRb) -->' TO
              PRINT-BUF
           WRITE PRINTF-R FROM PRINT-BUF AFTER 001
           INITIALIZE PRINT-BUF
           MOVE '      <DIV CLASS="Report1d-FemaleRb" >' TO PRINT-BUF
           WRITE PRINTF-R FROM PRINT-BUF AFTER 001
           INITIALIZE PRINT-BUF
           MOVE '         <P><STRONG>' TO PRINT-BUF
           WRITE PRINTF-R FROM PRINT-BUF AFTER 001
           INITIALIZE PRINT-BUF
           IF PR-Gender-F = 1
              STRING '<INPUT TYPE="RADIO" CHECKED >',
                     'F'
                 DELIMITED BY SIZE INTO PRINT-BUF
           ELSE
              STRING '<INPUT TYPE="RADIO">',
                     'F'
                 DELIMITED BY SIZE INTO PRINT-BUF
           END-IF
           WRITE PRINTF-R FROM PRINT-BUF AFTER 001
           INITIALIZE PRINT-BUF
           MOVE '         </STRONG></P></DIV>' TO PRINT-BUF
           WRITE PRINTF-R FROM PRINT-BUF AFTER 001
           INITIALIZE PRINT-BUF
      *    AfterPrint
      * RPT.Entry-Field : Report1d-HeavySalesEF
           PERFORM Report1d-HeavySalesEF-BeforePrint
           MOVE '      <!-- Entry-Field (Report1d-HeavySalesEF) -->' TO
              PRINT-BUF
           WRITE PRINTF-R FROM PRINT-BUF AFTER 001
           INITIALIZE PRINT-BUF
           MOVE '      <DIV CLASS="Report1d-HeavySalesEF" >' TO
              PRINT-BUF
           WRITE PRINTF-R FROM PRINT-BUF AFTER 001
           INITIALIZE PRINT-BUF
           MOVE '         <P><STRONG>' TO PRINT-BUF
           WRITE PRINTF-R FROM PRINT-BUF AFTER 001
           INITIALIZE PRINT-BUF
           MOVE PR-Heavy-Sales TO PRINT-BUF
           WRITE PRINTF-R FROM PRINT-BUF AFTER 001
           INITIALIZE PRINT-BUF
           MOVE '         </STRONG></P></DIV>' TO PRINT-BUF
           WRITE PRINTF-R FROM PRINT-BUF AFTER 001
           INITIALIZE PRINT-BUF
      *    AfterPrint
      * RPT.Entry-Field : Report1d-SuppliesSalesEF
           PERFORM Report1d-SuppliesSalesEF-BeforePrint
           MOVE '      <!-- Entry-Field (Report1d-SuppliesSalesEF) -->'
               TO PRINT-BUF
           WRITE PRINTF-R FROM PRINT-BUF AFTER 001
           INITIALIZE PRINT-BUF
           MOVE '      <DIV CLASS="Report1d-SuppliesSalesEF" >' TO
              PRINT-BUF
           WRITE PRINTF-R FROM PRINT-BUF AFTER 001
           INITIALIZE PRINT-BUF
           MOVE '         <P><STRONG>' TO PRINT-BUF
           WRITE PRINTF-R FROM PRINT-BUF AFTER 001
           INITIALIZE PRINT-BUF
           MOVE PR-Supplies-Sales TO PRINT-BUF
           WRITE PRINTF-R FROM PRINT-BUF AFTER 001
           INITIALIZE PRINT-BUF
           MOVE '         </STRONG></P></DIV>' TO PRINT-BUF
           WRITE PRINTF-R FROM PRINT-BUF AFTER 001
           INITIALIZE PRINT-BUF
      *    AfterPrint
      * RPT.CheckBox : Report1d-QuotaCb
           PERFORM Report1d-QuotaCb-BeforePrint
           MOVE '      <!-- CheckBox (Report1d-QuotaCb) -->' TO
              PRINT-BUF
           WRITE PRINTF-R FROM PRINT-BUF AFTER 001
           INITIALIZE PRINT-BUF
           MOVE '      <DIV CLASS="Report1d-QuotaCb" >' TO PRINT-BUF
           WRITE PRINTF-R FROM PRINT-BUF AFTER 001
           INITIALIZE PRINT-BUF
           MOVE '         <P><STRONG>' TO PRINT-BUF
           WRITE PRINTF-R FROM PRINT-BUF AFTER 001
           INITIALIZE PRINT-BUF
           IF PR-Quota = 1
              STRING '<INPUT TYPE="CHECKBOX" CHECKED >',
                     ' '
                 DELIMITED BY SIZE INTO PRINT-BUF
           ELSE
              STRING '<INPUT TYPE="CHECKBOX">',
                     ' '
                 DELIMITED BY SIZE INTO PRINT-BUF
           END-IF
           WRITE PRINTF-R FROM PRINT-BUF AFTER 001
           INITIALIZE PRINT-BUF
           MOVE '         </STRONG></P></DIV>' TO PRINT-BUF
           WRITE PRINTF-R FROM PRINT-BUF AFTER 001
           INITIALIZE PRINT-BUF
      *    AfterPrint
           PERFORM Acu-Report1d-Dtl-1-SEC-FOOT
           .

       Acu-Report1d-PF-1-SEC-HEAD.
           MOVE '   <!-- Section (Report1d-PF-1) -->' TO PRINT-BUF
           WRITE PRINTF-R FROM PRINT-BUF AFTER 001
           INITIALIZE PRINT-BUF
           COMPUTE TMP-PIXELS = CNT-INPAGEPIXELS - HIGH-OFFSET-IN
           STRING '   <DIV STYLE="',
                  'POSITION:ABSOLUTE; TOP:', 
                  TMP-PIXELS,
                  '; LEFT:0',
                  '; WIDTH:857; ',
                  'FONT-SIZE:9pt; ',
                  'FONT-FAMILY:MS Sans Serif; ',
                  'COLOR:#000000; ',
                  'BACKGROUND-COLOR:#FFFFFF; ',
                  '">'
              DELIMITED BY SIZE INTO PRINT-BUF.
           WRITE PRINTF-R FROM PRINT-BUF AFTER 001
           INITIALIZE PRINT-BUF
           .

       Acu-Report1d-PF-1-SEC-FOOT.
           MOVE '      <!-- Ending DIV : to fill the Div Height -->' TO
              PRINT-BUF
           WRITE PRINTF-R FROM PRINT-BUF AFTER 001
           INITIALIZE PRINT-BUF
           STRING '      <DIV STYLE="POSITION:RELATIVE; HEIGHT:',
                  Report1d-PF-1-HEIGHT OF Report1d-HEIGHT, 
                  ';"> </DIV>'
              DELIMITED BY SIZE INTO PRINT-BUF.
           WRITE PRINTF-R FROM PRINT-BUF AFTER 001
           INITIALIZE PRINT-BUF
           MOVE '   <!-- End(Section) --></DIV>' TO PRINT-BUF
           WRITE PRINTF-R FROM PRINT-BUF AFTER 001
           .

       Acu-Report1d-PF-1-PRINT-RTN.
           MOVE 0 TO SECTION-HIGH-STACK
           MOVE Report1d-PF-1-DEF-HEIGHT TO Report1d-PF-1-HEIGHT
           PERFORM Acu-Report1d-PF-1-SEC-HEAD
      * RPT.Date-Time : Report1d-RwDtTm-1
      *    BeforePrint
           MOVE '      <!-- Date-Time (Report1d-RwDtTm-1) -->' TO
              PRINT-BUF
           WRITE PRINTF-R FROM PRINT-BUF AFTER 001
           INITIALIZE PRINT-BUF
           MOVE '      <DIV CLASS="Report1d-RwDtTm-1" >' TO PRINT-BUF
           WRITE PRINTF-R FROM PRINT-BUF AFTER 001
           INITIALIZE PRINT-BUF
           MOVE '         <P><STRONG>' TO PRINT-BUF
           WRITE PRINTF-R FROM PRINT-BUF AFTER 001
           INITIALIZE PRINT-BUF
           PERFORM Acu-Report1d-RwDtTm-1-FORMAT-CONVERT
           MOVE WRK-DATE-REF OF Report1d-RwDtTm-1-DATEBUF TO PRINT-BUF
           WRITE PRINTF-R FROM PRINT-BUF AFTER 001
           INITIALIZE PRINT-BUF
           MOVE '         </STRONG></P></DIV>' TO PRINT-BUF
           WRITE PRINTF-R FROM PRINT-BUF AFTER 001
           INITIALIZE PRINT-BUF
      *    AfterPrint
           PERFORM Acu-Report1d-PF-1-SEC-FOOT
           .

       Acu-Report1d-RF-1-SEC-HEAD.
           MOVE '   <!-- Section (Report1d-RF-1) -->' TO PRINT-BUF
           WRITE PRINTF-R FROM PRINT-BUF AFTER 001
           INITIALIZE PRINT-BUF
           COMPUTE TMP-PIXELS = CNT-INPAGEPIXELS - HIGH-OFFSET-IN
           STRING '   <DIV STYLE="',
                  'POSITION:ABSOLUTE; TOP:', 
                  TMP-PIXELS,
                  '; LEFT:0',
                  '; WIDTH:857; ',
                  'FONT-SIZE:9pt; ',
                  'FONT-FAMILY:MS Sans Serif; ',
                  'COLOR:#000000; ',
                  'BACKGROUND-COLOR:#FFFFFF; ',
                  '">'
              DELIMITED BY SIZE INTO PRINT-BUF.
           WRITE PRINTF-R FROM PRINT-BUF AFTER 001
           INITIALIZE PRINT-BUF
           .

       Acu-Report1d-RF-1-SEC-FOOT.
           MOVE '      <!-- Ending DIV : to fill the Div Height -->' TO
              PRINT-BUF
           WRITE PRINTF-R FROM PRINT-BUF AFTER 001
           INITIALIZE PRINT-BUF
           STRING '      <DIV STYLE="POSITION:RELATIVE; HEIGHT:',
                  Report1d-RF-1-HEIGHT OF Report1d-HEIGHT, 
                  ';"> </DIV>'
              DELIMITED BY SIZE INTO PRINT-BUF.
           WRITE PRINTF-R FROM PRINT-BUF AFTER 001
           INITIALIZE PRINT-BUF
           MOVE '   <!-- End(Section) --></DIV>' TO PRINT-BUF
           WRITE PRINTF-R FROM PRINT-BUF AFTER 001
           .

       Acu-Report1d-RF-1-PRINT-RTN.
           MOVE 0 TO SECTION-HIGH-STACK
           MOVE Report1d-RF-1-DEF-HEIGHT TO Report1d-RF-1-HEIGHT
           PERFORM Acu-Report1d-RF-1-SEC-HEAD
      * RPT.Label : Report1d-RwLa-10
      *    BeforePrint
           MOVE '      <!-- Label (Report1d-RwLa-10) -->' TO PRINT-BUF
           WRITE PRINTF-R FROM PRINT-BUF AFTER 001
           INITIALIZE PRINT-BUF
           MOVE '      <DIV CLASS="Report1d-RwLa-10" >' TO PRINT-BUF
           WRITE PRINTF-R FROM PRINT-BUF AFTER 001
           INITIALIZE PRINT-BUF
           STRING '         <P><STRONG>',
                  '***&nbsp;End&nbsp;Sales&nbsp;Report&nbsp;***',
                  '</STRONG></P></DIV>'
              DELIMITED BY SIZE INTO PRINT-BUF
           WRITE PRINTF-R FROM PRINT-BUF AFTER 001
           INITIALIZE PRINT-BUF
      *    AfterPrint
           PERFORM Acu-Report1d-RF-1-SEC-FOOT
           .

      * Date/Time Format Convert
       Acu-Report1d-RwDtTm-1-FORMAT-CONVERT.
           ACCEPT WRK-DATE OF Report1d-RwDtTm-1-DATEBUF FROM
              CENTURY-DATE
           MOVE WRK-YEAR  OF Report1d-RwDtTm-1-DATEBUF TO
              WRK-REF-YEAR  OF Report1d-RwDtTm-1-DATEBUF
           MOVE WRK-MONTH OF Report1d-RwDtTm-1-DATEBUF TO
              WRK-REF-MONTH OF Report1d-RwDtTm-1-DATEBUF
           MOVE WRK-DAY   OF Report1d-RwDtTm-1-DATEBUF TO WRK-REF-DAY
                OF Report1d-RwDtTm-1-DATEBUF
           ACCEPT WRK-TIME OF Report1d-RwDtTm-1-DATEBUF FROM TIME
           .


       Acu-PRINTF-OPEN-ROUTINE.
           OPEN   OUTPUT               PRINTF WITH NO REWIND.
           MOVE   STAT-PRINTF          TO    STAT-PRINTF.
           IF     NOT VALID-PRINTF
                  MOVE   "PRINTF"      TO   ACU-ERR-FILE.

       Acu-PRINTF-CLOSE-ROUTINE.
           CLOSE       PRINTF.
           
