      * Report1i.rpt
      * Report1i.rpt is generated from C:\Acucorp\Acucbl720\AcuGT\sample\reports\Report1i.Psf
      * This is a generated file. DO NOT modify this file directly.
    
       Acu-Report1i-HTML-HEADER.
           MOVE '<HTML>' TO PRINT-BUF.
           WRITE PRINTF-R FROM PRINT-BUF AFTER 001
           INITIALIZE PRINT-BUF
           MOVE '<HEAD><TITLE>  </TITLE></HEAD>' 
              TO PRINT-BUF
           WRITE PRINTF-R FROM PRINT-BUF AFTER 001
           INITIALIZE PRINT-BUF
           PERFORM Acu-Report1i-HTML-CSS
           MOVE '<BODY STYLE="BACKGROUND-COLOR:#FFFFFF;">' TO PRINT-BUF
           WRITE PRINTF-R FROM PRINT-BUF AFTER 001
           INITIALIZE PRINT-BUF
           .

       Acu-Report1i-HTML-FOOTER.
           MOVE '</BODY>' TO PRINT-BUF
           WRITE PRINTF-R FROM PRINT-BUF AFTER 001
           INITIALIZE PRINT-BUF
           MOVE '</HTML>' TO PRINT-BUF
           WRITE PRINTF-R FROM PRINT-BUF AFTER 001
           INITIALIZE PRINT-BUF
           .

       Acu-Report1i-HTML-CSS.
           MOVE '<STYLE TYPE="TEXT/CSS">' TO PRINT-BUF
           WRITE PRINTF-R FROM PRINT-BUF AFTER 001
           INITIALIZE PRINT-BUF
      * Report1i-RwGd-1 Table's CSS Setting
           MOVE 
              '   .Report1i-RwGd-1-GRID {POSITION:ABSOLUTE; LEFT:15; WID
      -       'TH:626; COLOR:#000000; BACKGROUND-COLOR:#FFFFFF; }'
               TO PRINT-BUF
           WRITE PRINTF-R FROM PRINT-BUF AFTER 001
           INITIALIZE PRINT-BUF
      * Report1i-RwGd-1 TABLE'S CSS SETTING
           MOVE 
              '   .Report1i-RwGd-1-TAB {POSITION:ABSOLUTE; TOP:0; LEFT:0
      -       '; FONT-SIZE:9pt; FONT-FAMILY:MS Sans Serif; COLOR:#000000
      -       '; BACKGROUND-COLOR:#FFFFFF; }' TO PRINT-BUF
           WRITE PRINTF-R FROM PRINT-BUF AFTER 001
           INITIALIZE PRINT-BUF
      * Report1i-RwGd-1 TABLE'S COLUMNS (1th) CSS SETTING
           MOVE 
              '   .Report1i-RwGd-1-COL1 {BORDER-bottom:0px; BORDER-left:
      -       '0px; }' TO PRINT-BUF
           WRITE PRINTF-R FROM PRINT-BUF AFTER 001
           INITIALIZE PRINT-BUF
      * Report1i-RwGd-1 TABLE'S COLUMNS (2th) CSS SETTING
           MOVE 
              '   .Report1i-RwGd-1-COL2 {BORDER-bottom:0px; BORDER-left:
      -       '0px; }' TO PRINT-BUF
           WRITE PRINTF-R FROM PRINT-BUF AFTER 001
           INITIALIZE PRINT-BUF
      * Report1i-RwGd-1 TABLE'S COLUMNS (3th) CSS SETTING
           MOVE 
              '   .Report1i-RwGd-1-COL3 {BORDER-bottom:0px; BORDER-left:
      -       '0px; }' TO PRINT-BUF
           WRITE PRINTF-R FROM PRINT-BUF AFTER 001
           INITIALIZE PRINT-BUF
      * Report1i-RwGd-1 TABLE'S COLUMNS (4th) CSS SETTING
           MOVE 
              '   .Report1i-RwGd-1-COL4 {BORDER-bottom:0px; BORDER-left:
      -       '0px; }' TO PRINT-BUF
           WRITE PRINTF-R FROM PRINT-BUF AFTER 001
           INITIALIZE PRINT-BUF
      * Report1i-RwGd-1 TABLE'S COLUMNS (5th) CSS SETTING
           MOVE 
              '   .Report1i-RwGd-1-COL5 {BORDER-bottom:0px; BORDER-left:
      -       '0px; }' TO PRINT-BUF
           WRITE PRINTF-R FROM PRINT-BUF AFTER 001
           INITIALIZE PRINT-BUF
      * Report1i-RwGd-1 TABLE'S COLUMNS (6th) CSS SETTING
           MOVE 
              '   .Report1i-RwGd-1-COL6 {text-align:RIGHT; BORDER-bottom
      -       ':0px; BORDER-left:0px; }' TO PRINT-BUF
           WRITE PRINTF-R FROM PRINT-BUF AFTER 001
           INITIALIZE PRINT-BUF
      * Report1i-RwGd-1 TABLE'S COLUMNS (7th) CSS SETTING
           MOVE 
              '   .Report1i-RwGd-1-COL7 {text-align:RIGHT; BORDER-bottom
      -       ':0px; BORDER-left:0px; }' TO PRINT-BUF
           WRITE PRINTF-R FROM PRINT-BUF AFTER 001
           INITIALIZE PRINT-BUF
      * Report1i-RwGd-1 TABLE'S COLUMNS (8th) CSS SETTING
           MOVE 
              '   .Report1i-RwGd-1-COL8 {text-align:RIGHT; BORDER-bottom
      -       ':0px; BORDER-left:0px; BORDER-right:0px;}' TO PRINT-BUF
           WRITE PRINTF-R FROM PRINT-BUF AFTER 001
           INITIALIZE PRINT-BUF
           MOVE '</STYLE>' TO PRINT-BUF
           WRITE PRINTF-R FROM PRINT-BUF AFTER 001
           INITIALIZE PRINT-BUF
           .    

       Acu-Report1i-PRINT-PARA.
           MOVE SPACES TO PRINT-FULLNAME
           CALL "C$FULLNAME" USING "Report1i.html", PRINT-FULLNAME,
                GIVING ACU-STATUS-CODE
           IF ACU-STATUS-CODE = 1
              MOVE 0 TO ACU-SETUPPRINT
              EXIT PARAGRAPH
           END-IF
           MOVE 0 TO ACU-IDX1
           INSPECT PRINT-FULLNAME TALLYING ACU-IDX1 FOR ALL "\"
           INSPECT PRINT-FULLNAME REPLACING TRAILING SPACE BY "*"
           IF ACU-IDX1 <= 0
              MOVE SPACES TO DUMY-LINE
              CALL "C$CHDIR" USING DUMY-LINE
              INSPECT DUMY-LINE REPLACING TRAILING SPACE BY "*"
              MOVE 0 TO ACU-STATUS-CODE
              PERFORM VARYING ACU-IDX2 FROM 1 BY 1 UNTIL
              ACU-STATUS-CODE = 1
                 IF DUMY-LINE(ACU-IDX2:1) = "*"
                    MOVE 1 TO ACU-STATUS-CODE
                 END-IF
              END-PERFORM
              IF DUMY-LINE(ACU-IDX2 - 2:1) = "\"
                 STRING DUMY-LINE, PRINT-FULLNAME, X"00"
                    DELIMITED BY "*" INTO PRT-FULLFILENAME
              ELSE
                 STRING DUMY-LINE, "\", PRINT-FULLNAME, X"00"
                    DELIMITED BY "*" INTO PRT-FULLFILENAME
              END-IF
           ELSE
              STRING PRINT-FULLNAME , X"00" DELIMITED BY "*" INTO 
                 PRT-FULLFILENAME
           END-IF

           STRING "Letter", X"00" DELIMITED BY SIZE INTO 
              ACU-PAPER-SIZE
           STRING "&w&bPage &p of &P", X"00" DELIMITED BY SIZE INTO 
              ACU-PAPER-HEADER
           STRING "&u&b&d", X"00" DELIMITED BY SIZE INTO 
              ACU-PAPER-FOOTER
           MOVE "PORTRAIT" TO ACU-PAPER-ORIENTATION
           IF ACU-PAPER-ORIENTATION = "LANDSCAPE"
              MOVE 2 TO ACU-PAPER-ORIENTATIONINT
           ELSE
              MOVE 1 TO ACU-PAPER-ORIENTATIONINT
           END-IF
           STRING "PORTRAIT", X"00" DELIMITED BY SIZE INTO
              ACU-PAPER-ORIENTATION
           MOVE "75" to ACU-MARGIN-LEFT
           MOVE "75" to ACU-MARGIN-RIGHT
           MOVE "75" to ACU-MARGIN-TOP
           MOVE "75" to ACU-MARGIN-BOTTOM
           STRING ACU-PAPER-MARGIN, X"00" DELIMITED BY SIZE INTO 
              PRINT-BROWSER-PARA
           IF ACU-PAPER-COPIES = 0 
              OR ACU-PAPER-COPIES(1:) = spaces
                 MOVE 1 to ACU-PAPER-COPIES
           END-IF
           MOVE SPACES TO DUMY-LINE
           .

       Acu-Report1i-SETUP-PRINT.
           MOVE 1 TO ACU-SETUPPRINT
           PERFORM Acu-Report1i-PRINT-PARA
           SET ENVIRONMENT "DLL_CONVENTION" to "1"
           CALL "AcuBenchPrintDummy"
              ON EXCEPTION CALL "AcuBenchPrint.dll" END-CALL
           END-CALL
           CALL "AcuBenchPrintExecWBPageSetup" USING
                BY CONTENT PRINT-BROWSER-PARA,
                BY CONTENT ACU-PAPER-SIZE, 
                BY VALUE   ACU-PAPER-ORIENTATIONINT,
                BY CONTENT ACU-PRINTER-NAME
                GIVING ACUPRINTDLL-STATUS
           END-CALL
           IF ACUPRINTDLL-SUCCESS
              MOVE 1 TO PRINT-UNIT-TYPE
              SET PRINT-PTR TO ADDRESS OF ACU-PAPER-MARGIN
              CALL "AcuBenchPrintGetMargins" USING BY 
                 VALUE PRINT-UNIT-TYPE, PRINT-PTR
              SET PRINT-PTR TO ADDRESS OF ACU-PAPER-SIZEINT
              CALL "AcuBenchPrintGetPaperSize" USING BY 
                 VALUE PRINT-UNIT-TYPE, PRINT-PTR
              COMPUTE PAGE-HEIGHT OF Report1i-HEIGHT = 
                 ACU-PAPER-HEIGHT - ACU-MARGIN-TOP 
                 - ACU-MARGIN-BOTTOM
              COMPUTE PAGE-WIDTH OF Report1i-HEIGHT = 
                 ACU-PAPER-WIDTH - ACU-MARGIN-LEFT
                 - ACU-MARGIN-RIGHT

              MOVE 2 TO PRINT-UNIT-TYPE
              SET PRINT-PTR TO ADDRESS OF ACU-PAPER-MARGIN
              CALL "AcuBenchPrintGetMargins" USING BY VALUE
                 PRINT-UNIT-TYPE, PRINT-PTR
              STRING ACU-PAPER-MARGIN, X"00" DELIMITED BY SIZE INTO
                 PRINT-BROWSER-PARA

              SET PRINT-PTR TO ADDRESS OF ACU-PAPER-SIZE
              CALL "AcuBenchPrintGetPaperName" USING BY VALUE PRINT-PTR
              CALL "AcuBenchPrintGetOrientation" GIVING 
                 ACU-PAPER-ORIENTATIONINT
              CALL "AcuBenchPrintGetCopies" GIVING ACU-PAPER-COPIES
              SET PRINT-PTR TO ADDRESS OF ACU-PRINTER-NAME
              CALL "AcuBenchPrintGetPrinterName" USING BY VALUE 
                 PRINT-PTR

              PERFORM Acu-Report1i-PRINT-TOFILE
              PERFORM Acu-Report1i-DO-PRINT
           END-IF
           .

       Acu-Report1i-PRINT.
           MOVE 0 TO ACU-SETUPPRINT
           PERFORM Acu-Report1i-PRINT-TOFILE
           PERFORM Acu-Report1i-DO-PRINT
           .

       Acu-Report1i-DO-PRINT.
           IF ACU-SETUPPRINT = 0
              PERFORM Acu-Report1i-PRINT-PARA
              SET ENVIRONMENT "DLL_CONVENTION" to "1"
              CALL "AcuBenchPrintDummy"
                 ON EXCEPTION CALL "AcuBenchPrint.dll" END-CALL
              END-CALL
           END-IF
           CALL "AcuBenchPrintExecWBPrint" USING
                BY CONTENT PRT-FULLFILENAME,
                OMITTED,
                BY CONTENT PRINT-BROWSER-PARA,
                BY CONTENT ACU-PAPER-HEADER, 
                BY CONTENT ACU-PAPER-FOOTER, 
                BY CONTENT ACU-PAPER-SIZE, 
                BY VALUE ACU-PAPER-ORIENTATIONINT,
                BY VALUE ACU-PAPER-COPIES,
                BY CONTENT ACU-PRINTER-NAME
           END-CALL
           MOVE 0 TO ACU-SETUPPRINT
           .

       Acu-Report1i-PREVIEW.
           PERFORM Acu-Report1i-PRINT-TOFILE
           PERFORM Acu-Report1i-PRINT-PARA
           SET ENVIRONMENT "DLL_CONVENTION" to "1"
           CALL "AcuBenchPrintDummy"
              ON EXCEPTION CALL "AcuBenchPrint.dll" END-CALL
           END-CALL
           CALL "AcuBenchPrintExecWBPreview" USING
                BY CONTENT PRT-FULLFILENAME,
                BY CONTENT PRINT-BROWSER-PARA,
                BY CONTENT ACU-PAPER-HEADER, 
                BY CONTENT ACU-PAPER-FOOTER, 
                BY CONTENT ACU-PAPER-SIZE, 
                BY VALUE ACU-PAPER-ORIENTATIONINT,
                BY CONTENT ACU-PRINTER-NAME
           END-CALL
           .

       Acu-Report1i-PRINT-TOFILE.
           MOVE "Report1i.html" TO PTR-DEV-NAME.
           MOVE 1 TO CURRENT-COL
           MOVE 0 TO Report1i-CLEFTOFFSET
           MOVE 0 TO CNT-PIXELS
           MOVE 1 TO NTOPCOLUMNNUM
           PERFORM Acu-PRINTF-OPEN-ROUTINE.
      *    BeforePrint           
           PERFORM Acu-Report1i-HTML-HEADER.
           PERFORM Acu-Report1i-HTML-PAGE-HEADER.
           PERFORM Acu-RPT-Report1i-PRINT-LOOP.
           PERFORM Acu-Report1i-HTML-FOOTER.
      *    AfterPrint
           PERFORM Acu-PRINTF-CLOSE-ROUTINE
           .

       Acu-RPT-Report1i-PRINT-LOOP.
           MOVE 1 TO TMP-PRINTORNOT
           MOVE 0 TO CNT-INPAGEPIXELS
           MOVE 1 TO ACU-PAGENUM
           MOVE 1 TO ACU-PAGENUM-SYS
           MOVE 0 TO SYS-ENDPRIMARYFD
           
           PERFORM Acu-RPT-Report1i-ALL-RESET
      * Check Report Header
           PERFORM Acu-RPT-Report1i-REPORT-HEADER
      * Start Normal (Page H/F, Group H/F, Detail)
           PERFORM Acu-RPT-Report1i-MASTER-PRINT-LOOP
      * End Normal (Page H/F, Group H/F, Detail)
           PERFORM Acu-RPT-Report1i-PAGE-HEADER
      * Check Last Group Footer
           PERFORM Acu-RPT-Report1i-GROUP-MUSTDSP
           PERFORM Acu-RPT-Report1i-GROUP-FOOTER
      * Check Report Footer
           IF ( REPORT-FOOTER-PRINT-AFTER-PAGE = 0 )
              PERFORM Acu-RPT-Report1i-REPORT-FOOTER
           END-IF
      * Normal Ending
           PERFORM Acu-Report1i-FILL-DETAIL-FOR-ZEBRA
           IF ( REPORT-FOOTER-PRINT-AFTER-PAGE = 0 )
              MOVE 1 TO SYS-ENDPRIMARYFD   
              COMPUTE CNT-PIXELS = ACU-PAGENUM-SYS * PAGE-HEIGHT OF
                 Report1i-HEIGHT - Report1i-PF-1-DEF-HEIGHT OF
                 Report1i-HEIGHT
              COMPUTE CNT-INPAGEPIXELS = PAGE-HEIGHT OF
                 Report1i-HEIGHT - Report1i-PF-1-DEF-HEIGHT OF
                 Report1i-HEIGHT
              MOVE PAGE-HEIGHT OF Report1i-HEIGHT TO CNT-INPAGEPIXELS
              PERFORM Acu-RPT-Report1i-PAGE-FOOTER
           END-IF
      * Check Report Footer
           IF ( REPORT-FOOTER-PRINT-AFTER-PAGE = 1 )
              PERFORM Acu-RPT-Report1i-REPORT-FOOTER
           END-IF
           .

       Acu-Report1i-HTML-PAGE-HEADER.
           MOVE ' <!-- Page DIV -->' TO PRINT-BUF
           WRITE PRINTF-R FROM PRINT-BUF AFTER 001
           INITIALIZE PRINT-BUF
           STRING ' <DIV STYLE="POSITION:ABSOLUTE; TOP:', 
                  CNT-PIXELS, 
                  '; LEFT:',
                  Report1i-CLEFTOFFSET,
                  '; HEIGHT:', PAGE-HEIGHT OF Report1i-HEIGHT, 
                  '; WIDTH:', PAGE-WIDTH OF Report1i-HEIGHT,
                  ' ;">'
               DELIMITED BY SIZE INTO PRINT-BUF.
           WRITE PRINTF-R FROM PRINT-BUF AFTER 001
           INITIALIZE PRINT-BUF
           .

       Acu-Report1i-HTML-PAGE-FOOTER.
           MOVE ' <!-- End(Page) --></DIV>' TO PRINT-BUF
           WRITE PRINTF-R FROM PRINT-BUF AFTER 001
           INITIALIZE PRINT-BUF
           .

       Acu-RPT-Report1i-REPORT-HEADER.
           .

       Acu-RPT-Report1i-REPORT-FOOTER.
           .

       Acu-RPT-Report1i-PAGE-HEADER.
      *    BeforePrint
           IF ( CNT-INPAGEPIXELS < Report1i-PH-1-HEIGHT OF
              Report1i-HEIGHT ) OR ( REPORT-HEADER-PRINT-BEFORE-PAGE = 1
              )
              PERFORM Acu-Report1i-PH-1-PRINT-RTN
              ADD  Report1i-PH-1-HEIGHT OF Report1i-HEIGHT TO CNT-PIXELS
              IF ( REPORT-HEADER-PRINT-BEFORE-PAGE = 1 )
                 ADD Report1i-PH-1-HEIGHT OF Report1i-HEIGHT TO
              CNT-INPAGEPIXELS
              ELSE
                 MOVE Report1i-PH-1-HEIGHT OF Report1i-HEIGHT TO
              CNT-INPAGEPIXELS
              END-IF
           END-IF
      *    AfterPrint
           .

       Acu-RPT-Report1i-PAGE-FOOTER.
      *    BeforePrint
           COMPUTE TMP-PIXELS = CNT-INPAGEPIXELS + CURRENT-HEIGHT +
              Report1i-PF-1-HEIGHT OF Report1i-HEIGHT
           IF TMP-PIXELS > PAGE-HEIGHT OF Report1i-HEIGHT
              COMPUTE CNT-PIXELS = ACU-PAGENUM-SYS * PAGE-HEIGHT OF
              Report1i-HEIGHT - Report1i-PF-1-HEIGHT OF Report1i-HEIGHT
              COMPUTE CNT-INPAGEPIXELS = PAGE-HEIGHT OF
              Report1i-HEIGHT - Report1i-PF-1-DEF-HEIGHT OF
              Report1i-HEIGHT
              PERFORM Acu-Report1i-PF-1-PRINT-RTN
              PERFORM Acu-Report1i-Page-BREAK-RTN
              MOVE Report1i-PF-1-DEF-HEIGHT OF Report1i-HEIGHT TO
              Report1i-PF-1-HEIGHT OF Report1i-HEIGHT
           END-IF
      *    AfterPrint         
           .

       Acu-RPT-Report1i-PAGE-FOOTER-OVERPAGE.
           MOVE 0 TO RPT-RETURN-VALUE
           COMPUTE TMP-PIXELS = CNT-INPAGEPIXELS + CURRENT-HEIGHT +
              Report1i-PF-1-HEIGHT OF Report1i-HEIGHT
           IF TMP-PIXELS + 1 >= PAGE-HEIGHT OF Report1i-HEIGHT
              MOVE 1 TO RPT-RETURN-VALUE
           END-IF
           .

       Acu-RPT-Report1i-DETAIL.
           PERFORM Acu-Report1i-Dtl-1-DETAIL-PRINT.
           .

       Acu-RPT-Report1i-GROUP-HEADER.
      * Cause there're possibly several Group.
           .

       Acu-RPT-Report1i-GROUP-FOOTER.
           .

       Acu-RPT-Report1i-GROUP-MUSTDSP.
           .

       Acu-RPT-Report1i-GROUP-NOMUSTDSP.
           .

       Acu-RPT-Report1i-ALL-RESET.
      * Group Reset
           .

       Acu-RPT-Report1i-DO-PRINT-RTN.
           MOVE 1 TO TMP-PRINTORNOT
      * Check Group Footer
           PERFORM Acu-RPT-Report1i-GROUP-FOOTER
      * Init Detail's Height
           MOVE Report1i-Dtl-1-HEIGHT OF Report1i-HEIGHT TO
              CURRENT-HEIGHT
           PERFORM Acu-RPT-Report1i-PAGE-FOOTER
           PERFORM Acu-RPT-Report1i-PAGE-HEADER
      * Check Group Header
           PERFORM Acu-RPT-Report1i-GROUP-HEADER
      * Detail
           PERFORM Acu-RPT-Report1i-DETAIL
           .

       Acu-Report1i-Page-BREAK-RTN.
           IF CURRENT-COL < NTOPCOLUMNNUM
              COMPUTE CNT-PIXELS = (ACU-PAGENUM-SYS - 1) 
                 * PAGE-HEIGHT OF Report1i-HEIGHT
              COMPUTE Report1i-CLEFTOFFSET = 
                 Report1i-CLEFTOFFSET + DETAIL-WIDTH
              MOVE 0 TO CNT-INPAGEPIXELS
              ADD 1 TO CURRENT-COL
           ELSE
              COMPUTE CNT-PIXELS = ACU-PAGENUM-SYS 
                 * PAGE-HEIGHT OF Report1i-HEIGHT
              MOVE 0 TO Report1i-CLEFTOFFSET
              MOVE 0 TO CNT-INPAGEPIXELS
              ADD 1 TO ACU-PAGENUM-SYS
              ADD 1 TO ACU-PAGENUM
              MOVE 1 TO CURRENT-COL
           END-IF
           PERFORM Acu-Report1i-HTML-PAGE-FOOTER
           IF SYS-ENDPRIMARYFD = 0
              PERFORM Acu-Report1i-HTML-PAGE-HEADER
           END-IF
           .           

       Acu-Report1i-FILL-DETAIL-FOR-ZEBRA.
           .

       Acu-Report1i-ZEBRA-COLOR-CHANGE.
           .
      
       Acu-Report1i-Dtl-1-DETAIL-PRINT.
           MOVE 1205 TO DETAIL-WIDTH
      *    BeforePrint
           MOVE Report1i-Dtl-1-HEIGHT OF Report1i-HEIGHT TO
              CURRENT-HEIGHT
           PERFORM Acu-RPT-Report1i-PAGE-FOOTER
           PERFORM Acu-RPT-Report1i-PAGE-HEADER
           PERFORM Acu-Report1i-Dtl-1-PRINT-RTN
           ADD Report1i-Dtl-1-HEIGHT OF Report1i-HEIGHT TO CNT-PIXELS
           ADD Report1i-Dtl-1-HEIGHT OF Report1i-HEIGHT TO
              CNT-INPAGEPIXELS
           MOVE Report1i-Dtl-1-DEF-HEIGHT OF Report1i-HEIGHT TO
              Report1i-Dtl-1-HEIGHT OF Report1i-HEIGHT
           PERFORM Acu-Report1i-ZEBRA-COLOR-CHANGE
      *    AfterPrint
           .

       Acu-Report1i-RwGd-1-TABHEADER.
           MOVE '      <!-- Grid (Report1i-RwGd-1) -->' TO PRINT-BUF
           WRITE PRINTF-R FROM PRINT-BUF AFTER 001
           INITIALIZE PRINT-BUF
           IF NEW-PAGE NOT = 0
              MOVE 0 TO TMP-PIXELS
           ELSE
              COMPUTE TMP-PIXELS = 12 + SECTION-HIGH-STACK
           END-IF
           STRING '      <DIV CLASS="Report1i-RwGd-1-GRID" STYLE="TOP:',
                  TMP-PIXELS,
                  ';">'
              DELIMITED BY SIZE INTO PRINT-BUF
           WRITE PRINTF-R FROM PRINT-BUF AFTER 001
           INITIALIZE PRINT-BUF
           MOVE 
              '      <TABLE cellspacing=0 cellpadding=0 BORDER=1 BORDERC
      -       'OLOR="#000000" BORDERCOLORLIGHT="#000000"  CLASS="Report1
      -       'i-RwGd-1-TAB">' TO PRINT-BUF
           WRITE PRINTF-R FROM PRINT-BUF AFTER 001
           INITIALIZE PRINT-BUF
           MOVE '         <TR>' TO PRINT-BUF
           WRITE PRINTF-R FROM PRINT-BUF AFTER 001
           INITIALIZE PRINT-BUF
           STRING '            <TD nowrap height=15; CLASS="Report1i-RwG
      -       'd-1-COL1" STYLE="BORDER-top:0px; COLOR:#FFFFFF; BACKGROUN
      -       'D-COLOR:#0000FF; "><DIV STYLE="width:48; OVERFLOW:HIDDEN;
      -       ' "><STRONG>',
                  'State',
                  '</STRONG></DIV></TD>'
              DELIMITED BY SIZE INTO PRINT-BUF
           WRITE PRINTF-R FROM PRINT-BUF AFTER 001
           INITIALIZE PRINT-BUF
           STRING '            <TD nowrap height=15; CLASS="Report1i-RwG
      -       'd-1-COL2" STYLE="BORDER-top:0px; COLOR:#FFFFFF; BACKGROUN
      -       'D-COLOR:#0000FF; "><DIV STYLE="width:48; OVERFLOW:HIDDEN;
      -       ' "><STRONG>',
                  'Branch',
                  '</STRONG></DIV></TD>'
              DELIMITED BY SIZE INTO PRINT-BUF
           WRITE PRINTF-R FROM PRINT-BUF AFTER 001
           INITIALIZE PRINT-BUF
           STRING '            <TD nowrap height=15; CLASS="Report1i-RwG
      -       'd-1-COL3" STYLE="BORDER-top:0px; COLOR:#FFFFFF; BACKGROUN
      -       'D-COLOR:#0000FF; "><DIV STYLE="width:96; OVERFLOW:HIDDEN;
      -       ' "><STRONG>',
                  'Last Name',
                  '</STRONG></DIV></TD>'
              DELIMITED BY SIZE INTO PRINT-BUF
           WRITE PRINTF-R FROM PRINT-BUF AFTER 001
           INITIALIZE PRINT-BUF
           STRING '            <TD nowrap height=15; CLASS="Report1i-RwG
      -       'd-1-COL4" STYLE="BORDER-top:0px; COLOR:#FFFFFF; BACKGROUN
      -       'D-COLOR:#0000FF; "><DIV STYLE="width:96; OVERFLOW:HIDDEN;
      -       ' "><STRONG>',
                  'First Name',
                  '</STRONG></DIV></TD>'
              DELIMITED BY SIZE INTO PRINT-BUF
           WRITE PRINTF-R FROM PRINT-BUF AFTER 001
           INITIALIZE PRINT-BUF
           STRING '            <TD nowrap height=15; CLASS="Report1i-RwG
      -       'd-1-COL5" STYLE="BORDER-top:0px; COLOR:#FFFFFF; BACKGROUN
      -       'D-COLOR:#0000FF; "><DIV STYLE="width:48; OVERFLOW:HIDDEN;
      -       ' "><STRONG>',
                  'Gender',
                  '</STRONG></DIV></TD>'
              DELIMITED BY SIZE INTO PRINT-BUF
           WRITE PRINTF-R FROM PRINT-BUF AFTER 001
           INITIALIZE PRINT-BUF
           STRING '            <TD nowrap height=15; CLASS="Report1i-RwG
      -       'd-1-COL6" STYLE="BORDER-top:0px; COLOR:#FFFFFF; BACKGROUN
      -       'D-COLOR:#0000FF; "><DIV STYLE="width:96; OVERFLOW:HIDDEN;
      -       ' "><STRONG>',
                  'Heavy Sales',
                  '</STRONG></DIV></TD>'
              DELIMITED BY SIZE INTO PRINT-BUF
           WRITE PRINTF-R FROM PRINT-BUF AFTER 001
           INITIALIZE PRINT-BUF
           STRING '            <TD nowrap height=15; CLASS="Report1i-RwG
      -       'd-1-COL7" STYLE="BORDER-top:0px; COLOR:#FFFFFF; BACKGROUN
      -       'D-COLOR:#0000FF; "><DIV STYLE="width:96; OVERFLOW:HIDDEN;
      -       ' "><STRONG>',
                  'Supplies Sales',
                  '</STRONG></DIV></TD>'
              DELIMITED BY SIZE INTO PRINT-BUF
           WRITE PRINTF-R FROM PRINT-BUF AFTER 001
           INITIALIZE PRINT-BUF
           STRING '            <TD nowrap height=15; CLASS="Report1i-RwG
      -       'd-1-COL8" STYLE="BORDER-top:0px; COLOR:#FFFFFF; BACKGROUN
      -       'D-COLOR:#0000FF; "><DIV STYLE="width:96; OVERFLOW:HIDDEN;
      -       ' "><STRONG>',
                  'Quota',
                  '</STRONG></DIV></TD>'
              DELIMITED BY SIZE INTO PRINT-BUF
           WRITE PRINTF-R FROM PRINT-BUF AFTER 001
           INITIALIZE PRINT-BUF
           MOVE '         </TR>' TO PRINT-BUF
           WRITE PRINTF-R FROM PRINT-BUF AFTER 001
           INITIALIZE PRINT-BUF
           COMPUTE Report1i-RwGd-1-GDHEIGHT =
              Report1i-RwGd-1-GDHEIGHT + 15
           .

       Acu-Report1i-RwGd-1-TABFOOTER.
           MOVE '         </TABLE></P></DIV>' TO PRINT-BUF
           WRITE PRINTF-R FROM PRINT-BUF AFTER 001
           INITIALIZE PRINT-BUF
           .

       Acu-Report1i-RwGd-1-TABROW.
           STRING '            <TD nowrap height=15; CLASS="Report1i-RwG
      -       'd-1-COL1" ><DIV STYLE="width:48; OVERFLOW:HIDDEN; "><STRO
      -       'NG>'
              DELIMITED BY SIZE INTO PRINT-BUF
           WRITE PRINTF-R FROM PRINT-BUF AFTER 001
           INITIALIZE PRINT-BUF
           IF Sales-State = SPACES
              STRING '&nbsp;'
           	   DELIMITED BY SIZE INTO PRINT-BUF
           ELSE
              STRING Sales-State
           	   DELIMITED BY SIZE INTO PRINT-BUF
           END-IF
           WRITE PRINTF-R FROM PRINT-BUF AFTER 001
           INITIALIZE PRINT-BUF
           STRING '            </STRONG></DIV></TD>'
              DELIMITED BY SIZE INTO PRINT-BUF
           WRITE PRINTF-R FROM PRINT-BUF AFTER 001
           INITIALIZE PRINT-BUF
           STRING '            <TD nowrap height=15; CLASS="Report1i-RwG
      -       'd-1-COL2" ><DIV STYLE="width:48; OVERFLOW:HIDDEN; "><STRO
      -       'NG>'
              DELIMITED BY SIZE INTO PRINT-BUF
           WRITE PRINTF-R FROM PRINT-BUF AFTER 001
           INITIALIZE PRINT-BUF
           IF Sales-Branch-No = SPACES
              STRING '&nbsp;'
           	   DELIMITED BY SIZE INTO PRINT-BUF
           ELSE
              STRING Sales-Branch-No
           	   DELIMITED BY SIZE INTO PRINT-BUF
           END-IF
           WRITE PRINTF-R FROM PRINT-BUF AFTER 001
           INITIALIZE PRINT-BUF
           STRING '            </STRONG></DIV></TD>'
              DELIMITED BY SIZE INTO PRINT-BUF
           WRITE PRINTF-R FROM PRINT-BUF AFTER 001
           INITIALIZE PRINT-BUF
           STRING '            <TD nowrap height=15; CLASS="Report1i-RwG
      -       'd-1-COL3" ><DIV STYLE="width:96; OVERFLOW:HIDDEN; "><STRO
      -       'NG>'
              DELIMITED BY SIZE INTO PRINT-BUF
           WRITE PRINTF-R FROM PRINT-BUF AFTER 001
           INITIALIZE PRINT-BUF
           IF Sales-LastName = SPACES
              STRING '&nbsp;'
           	   DELIMITED BY SIZE INTO PRINT-BUF
           ELSE
              STRING Sales-LastName
           	   DELIMITED BY SIZE INTO PRINT-BUF
           END-IF
           WRITE PRINTF-R FROM PRINT-BUF AFTER 001
           INITIALIZE PRINT-BUF
           STRING '            </STRONG></DIV></TD>'
              DELIMITED BY SIZE INTO PRINT-BUF
           WRITE PRINTF-R FROM PRINT-BUF AFTER 001
           INITIALIZE PRINT-BUF
           STRING '            <TD nowrap height=15; CLASS="Report1i-RwG
      -       'd-1-COL4" ><DIV STYLE="width:96; OVERFLOW:HIDDEN; "><STRO
      -       'NG>'
              DELIMITED BY SIZE INTO PRINT-BUF
           WRITE PRINTF-R FROM PRINT-BUF AFTER 001
           INITIALIZE PRINT-BUF
           IF Sales-FirstName = SPACES
              STRING '&nbsp;'
           	   DELIMITED BY SIZE INTO PRINT-BUF
           ELSE
              STRING Sales-FirstName
           	   DELIMITED BY SIZE INTO PRINT-BUF
           END-IF
           WRITE PRINTF-R FROM PRINT-BUF AFTER 001
           INITIALIZE PRINT-BUF
           STRING '            </STRONG></DIV></TD>'
              DELIMITED BY SIZE INTO PRINT-BUF
           WRITE PRINTF-R FROM PRINT-BUF AFTER 001
           INITIALIZE PRINT-BUF
           STRING '            <TD nowrap height=15; CLASS="Report1i-RwG
      -       'd-1-COL5" ><DIV STYLE="width:48; OVERFLOW:HIDDEN; "><STRO
      -       'NG>'
              DELIMITED BY SIZE INTO PRINT-BUF
           WRITE PRINTF-R FROM PRINT-BUF AFTER 001
           INITIALIZE PRINT-BUF
           IF Sales-Gender = SPACES
              STRING '&nbsp;'
           	   DELIMITED BY SIZE INTO PRINT-BUF
           ELSE
              STRING Sales-Gender
           	   DELIMITED BY SIZE INTO PRINT-BUF
           END-IF
           WRITE PRINTF-R FROM PRINT-BUF AFTER 001
           INITIALIZE PRINT-BUF
           STRING '            </STRONG></DIV></TD>'
              DELIMITED BY SIZE INTO PRINT-BUF
           WRITE PRINTF-R FROM PRINT-BUF AFTER 001
           INITIALIZE PRINT-BUF
           STRING '            <TD nowrap height=15; CLASS="Report1i-RwG
      -       'd-1-COL6" ><DIV STYLE="width:96; OVERFLOW:HIDDEN; "><STRO
      -       'NG>'
              DELIMITED BY SIZE INTO PRINT-BUF
           WRITE PRINTF-R FROM PRINT-BUF AFTER 001
           INITIALIZE PRINT-BUF
           IF PR-Heavy-Sales = SPACES
              STRING '&nbsp;'
           	   DELIMITED BY SIZE INTO PRINT-BUF
           ELSE
              STRING PR-Heavy-Sales
           	   DELIMITED BY SIZE INTO PRINT-BUF
           END-IF
           WRITE PRINTF-R FROM PRINT-BUF AFTER 001
           INITIALIZE PRINT-BUF
           STRING '            </STRONG></DIV></TD>'
              DELIMITED BY SIZE INTO PRINT-BUF
           WRITE PRINTF-R FROM PRINT-BUF AFTER 001
           INITIALIZE PRINT-BUF
           STRING '            <TD nowrap height=15; CLASS="Report1i-RwG
      -       'd-1-COL7" ><DIV STYLE="width:96; OVERFLOW:HIDDEN; "><STRO
      -       'NG>'
              DELIMITED BY SIZE INTO PRINT-BUF
           WRITE PRINTF-R FROM PRINT-BUF AFTER 001
           INITIALIZE PRINT-BUF
           IF PR-Supplies-Sales = SPACES
              STRING '&nbsp;'
           	   DELIMITED BY SIZE INTO PRINT-BUF
           ELSE
              STRING PR-Supplies-Sales
           	   DELIMITED BY SIZE INTO PRINT-BUF
           END-IF
           WRITE PRINTF-R FROM PRINT-BUF AFTER 001
           INITIALIZE PRINT-BUF
           STRING '            </STRONG></DIV></TD>'
              DELIMITED BY SIZE INTO PRINT-BUF
           WRITE PRINTF-R FROM PRINT-BUF AFTER 001
           INITIALIZE PRINT-BUF
           STRING '            <TD nowrap height=15; CLASS="Report1i-RwG
      -       'd-1-COL8" ><DIV STYLE="width:96; OVERFLOW:HIDDEN; "><STRO
      -       'NG>'
              DELIMITED BY SIZE INTO PRINT-BUF
           WRITE PRINTF-R FROM PRINT-BUF AFTER 001
           INITIALIZE PRINT-BUF
           IF PR-Quota = SPACES
              STRING '&nbsp;'
           	   DELIMITED BY SIZE INTO PRINT-BUF
           ELSE
              STRING PR-Quota
           	   DELIMITED BY SIZE INTO PRINT-BUF
           END-IF
           WRITE PRINTF-R FROM PRINT-BUF AFTER 001
           INITIALIZE PRINT-BUF
           STRING '            </STRONG></DIV></TD>'
              DELIMITED BY SIZE INTO PRINT-BUF
           WRITE PRINTF-R FROM PRINT-BUF AFTER 001
           INITIALIZE PRINT-BUF
           .

      * RPT.Grid : Report1i-RwGd-1
       Acu-Initialize-Report1i-RwGd-1.
           MOVE ACU-PAGENUM-SYS  TO CNT-PAGENUM-TMP
           MOVE 0 TO Report1i-RwGd-1-GDHEIGHT
           MOVE 0 TO NEW-PAGE
           PERFORM Acu-Report1i-RwGd-1-TABHEADER
           .

       Acu-CLOSE-Report1i-RwGd-1.
           PERFORM Acu-Report1i-RwGd-1-TABFOOTER
           COMPUTE SECTION-HIGH-STACK = Report1i-Dtl-1-HEIGHT -
              Report1i-Dtl-1-DEF-HEIGHT
           MOVE 0 TO Report1i-RwGd-1-GDHEIGHT
           .

       Acu-Report1i-RwGd-1-TabbodyPrintLoop.
      * Grid Control's Height
           COMPUTE Report1i-RwGd-1-GDHEIGHT =
              Report1i-RwGd-1-GDHEIGHT + 15
           COMPUTE TMP-PIXELS = Report1i-RwGd-1-GDHEIGHT + 15
      * Check if it's over Grid's Size
           IF TMP-PIXELS > 99 OR NEW-PAGE NOT = 0
      * New Detail-Section's Height
              IF NEW-PAGE = 0
                 COMPUTE Report1i-Dtl-1-HEIGHT OF Report1i-HEIGHT =
              Report1i-Dtl-1-DEF-HEIGHT OF Report1i-HEIGHT +
              Report1i-RwGd-1-GDHEIGHT - 99 + SECTION-HIGH-STACK
                 COMPUTE CURRENT-HEIGHT = 12 +
              Report1i-RwGd-1-GDHEIGHT + SECTION-HIGH-STACK
              ELSE
                 COMPUTE Report1i-Dtl-1-HEIGHT OF Report1i-HEIGHT =
              Report1i-Dtl-1-DEF-HEIGHT OF Report1i-HEIGHT - 99 - 12 +
              Report1i-RwGd-1-GDHEIGHT
                 COMPUTE CURRENT-HEIGHT =Report1i-RwGd-1-GDHEIGHT +
              SECTION-HIGH-STACK
              END-IF
      * Check if it's over Page Size
              MOVE 0 TO RPT-RETURN-VALUE
              PERFORM Acu-RPT-Report1i-PAGE-FOOTER-OVERPAGE
              IF RPT-RETURN-VALUE NOT = 0
      * End of the Table.
                 PERFORM Acu-Report1i-RwGd-1-TABFOOTER
                 INITIALIZE PRINT-BUF
      * End of the Section.
      * Cause Grid-Heigh had been add this Row already.
                 IF NEW-PAGE = 0
                    COMPUTE TMP-PIXELS = 12 +
              Report1i-RwGd-1-GDHEIGHT - 15
                 ELSE
                    COMPUTE TMP-PIXELS = Report1i-RwGd-1-GDHEIGHT - 15
                 END-IF
                 STRING '      <DIV STYLE="POSITION:RELATIVE; HEIGHT:',
                        TMP-PIXELS,
                        ';"> </DIV>'
                     DELIMITED BY SIZE INTO PRINT-BUF
                 WRITE PRINTF-R FROM PRINT-BUF AFTER 001
                 INITIALIZE PRINT-BUF
                 MOVE '   </DIV>' TO PRINT-BUF
                 WRITE PRINTF-R FROM PRINT-BUF AFTER 001
                 MOVE PAGE-HEIGHT OF Report1i-HEIGHT TO CURRENT-HEIGHT
      * Change New-Page Status
                 MOVE 1 TO NEW-PAGE
                 PERFORM Acu-RPT-Report1i-PAGE-FOOTER
                 PERFORM Acu-RPT-Report1i-PAGE-HEADER
      * Rebegin the Section.
                 PERFORM Acu-Report1i-Dtl-1-SEC-HEAD
      * Rebegin the Table.
                 MOVE 0 TO SECTION-HIGH-STACK
                 MOVE 0 TO Report1i-RwGd-1-GDHEIGHT
                 PERFORM Acu-Report1i-RwGd-1-TABHEADER
      * Reset All Variable.
                 COMPUTE Report1i-RwGd-1-GDHEIGHT =
              Report1i-RwGd-1-GDHEIGHT + 15
                 COMPUTE Report1i-Dtl-1-HEIGHT OF Report1i-HEIGHT =
              Report1i-Dtl-1-DEF-HEIGHT OF Report1i-HEIGHT - 99 - 12 +
              Report1i-RwGd-1-GDHEIGHT
              END-IF
           END-IF
           MOVE '         <TR>' TO PRINT-BUF
           WRITE PRINTF-R FROM PRINT-BUF AFTER 001
           INITIALIZE PRINT-BUF
           PERFORM Acu-Report1i-RwGd-1-TABROW
           MOVE '         </TR>' TO PRINT-BUF
           WRITE PRINTF-R FROM PRINT-BUF AFTER 001
           INITIALIZE PRINT-BUF
           .

       Acu-Report1i-PH-1-SEC-HEAD.
           MOVE '   <!-- Section (Report1i-PH-1) -->' TO PRINT-BUF
           WRITE PRINTF-R FROM PRINT-BUF AFTER 001
           INITIALIZE PRINT-BUF
           COMPUTE TMP-PIXELS = CNT-INPAGEPIXELS - HIGH-OFFSET-IN
           STRING '   <DIV STYLE="',
                  'POSITION:ABSOLUTE; TOP:', 
                  TMP-PIXELS,
                  '; LEFT:0',
                  '; WIDTH:1205; ',
                  'FONT-SIZE:9pt; ',
                  'FONT-FAMILY:MS Sans Serif; ',
                  'COLOR:#000000; ',
                  'BACKGROUND-COLOR:#FFFFFF; ',
                  '">'
              DELIMITED BY SIZE INTO PRINT-BUF.
           WRITE PRINTF-R FROM PRINT-BUF AFTER 001
           INITIALIZE PRINT-BUF
           .

       Acu-Report1i-PH-1-SEC-FOOT.
           MOVE '      <!-- Ending DIV : to fill the Div Height -->' TO
              PRINT-BUF
           WRITE PRINTF-R FROM PRINT-BUF AFTER 001
           INITIALIZE PRINT-BUF
           STRING '      <DIV STYLE="POSITION:RELATIVE; HEIGHT:',
                  Report1i-PH-1-HEIGHT OF Report1i-HEIGHT, 
                  ';"> </DIV>'
              DELIMITED BY SIZE INTO PRINT-BUF.
           WRITE PRINTF-R FROM PRINT-BUF AFTER 001
           INITIALIZE PRINT-BUF
           MOVE '   <!-- End(Section) --></DIV>' TO PRINT-BUF
           WRITE PRINTF-R FROM PRINT-BUF AFTER 001
           .

       Acu-Report1i-PH-1-PRINT-RTN.
           MOVE 0 TO SECTION-HIGH-STACK
           MOVE Report1i-PH-1-DEF-HEIGHT TO Report1i-PH-1-HEIGHT
           PERFORM Acu-Report1i-PH-1-SEC-HEAD
           PERFORM Acu-Report1i-PH-1-SEC-FOOT
           .

       Acu-Report1i-Dtl-1-SEC-HEAD.
           MOVE '   <!-- Section (Report1i-Dtl-1) -->' TO PRINT-BUF
           WRITE PRINTF-R FROM PRINT-BUF AFTER 001
           INITIALIZE PRINT-BUF
           COMPUTE TMP-PIXELS = CNT-INPAGEPIXELS - HIGH-OFFSET-IN
           STRING '   <DIV STYLE="',
                  'POSITION:ABSOLUTE; TOP:', 
                  TMP-PIXELS,
                  '; LEFT:0',
                  '; WIDTH:1205; ',
                  'FONT-SIZE:9pt; ',
                  'FONT-FAMILY:MS Sans Serif; ',
                  'COLOR:#000000; ',
                  'BACKGROUND-COLOR:', Report1i-Dtl-1-BGCOLOR ,
                  '">'
              DELIMITED BY SIZE INTO PRINT-BUF.
           WRITE PRINTF-R FROM PRINT-BUF AFTER 001
           INITIALIZE PRINT-BUF
           .

       Acu-Report1i-Dtl-1-SEC-FOOT.
           MOVE '      <!-- Ending DIV : to fill the Div Height -->' TO
              PRINT-BUF
           WRITE PRINTF-R FROM PRINT-BUF AFTER 001
           INITIALIZE PRINT-BUF
           STRING '      <DIV STYLE="POSITION:RELATIVE; HEIGHT:',
                  Report1i-Dtl-1-HEIGHT OF Report1i-HEIGHT, 
                  ';"> </DIV>'
              DELIMITED BY SIZE INTO PRINT-BUF.
           WRITE PRINTF-R FROM PRINT-BUF AFTER 001
           INITIALIZE PRINT-BUF
           MOVE '   <!-- End(Section) --></DIV>' TO PRINT-BUF
           WRITE PRINTF-R FROM PRINT-BUF AFTER 001
           .

       Acu-Report1i-Dtl-1-PRINT-RTN.
           MOVE 0 TO SECTION-HIGH-STACK
           MOVE Report1i-Dtl-1-DEF-HEIGHT TO Report1i-Dtl-1-HEIGHT
           PERFORM Acu-Report1i-Dtl-1-SEC-HEAD
      * RPT.Grid : Report1i-RwGd-1
      *    BeforePrint
           PERFORM Acu-Report1i-RwGd-1-TABBODY
      *    AfterPrint
           PERFORM Acu-Report1i-Dtl-1-SEC-FOOT
           .

       Acu-Report1i-PF-1-SEC-HEAD.
           MOVE '   <!-- Section (Report1i-PF-1) -->' TO PRINT-BUF
           WRITE PRINTF-R FROM PRINT-BUF AFTER 001
           INITIALIZE PRINT-BUF
           COMPUTE TMP-PIXELS = CNT-INPAGEPIXELS - HIGH-OFFSET-IN
           STRING '   <DIV STYLE="',
                  'POSITION:ABSOLUTE; TOP:', 
                  TMP-PIXELS,
                  '; LEFT:0',
                  '; WIDTH:1205; ',
                  'FONT-SIZE:9pt; ',
                  'FONT-FAMILY:MS Sans Serif; ',
                  'COLOR:#000000; ',
                  'BACKGROUND-COLOR:#FFFFFF; ',
                  '">'
              DELIMITED BY SIZE INTO PRINT-BUF.
           WRITE PRINTF-R FROM PRINT-BUF AFTER 001
           INITIALIZE PRINT-BUF
           .

       Acu-Report1i-PF-1-SEC-FOOT.
           MOVE '      <!-- Ending DIV : to fill the Div Height -->' TO
              PRINT-BUF
           WRITE PRINTF-R FROM PRINT-BUF AFTER 001
           INITIALIZE PRINT-BUF
           STRING '      <DIV STYLE="POSITION:RELATIVE; HEIGHT:',
                  Report1i-PF-1-HEIGHT OF Report1i-HEIGHT, 
                  ';"> </DIV>'
              DELIMITED BY SIZE INTO PRINT-BUF.
           WRITE PRINTF-R FROM PRINT-BUF AFTER 001
           INITIALIZE PRINT-BUF
           MOVE '   <!-- End(Section) --></DIV>' TO PRINT-BUF
           WRITE PRINTF-R FROM PRINT-BUF AFTER 001
           .

       Acu-Report1i-PF-1-PRINT-RTN.
           MOVE 0 TO SECTION-HIGH-STACK
           MOVE Report1i-PF-1-DEF-HEIGHT TO Report1i-PF-1-HEIGHT
           PERFORM Acu-Report1i-PF-1-SEC-HEAD
           PERFORM Acu-Report1i-PF-1-SEC-FOOT
           .


       Acu-PRINTF-OPEN-ROUTINE.
           OPEN   OUTPUT               PRINTF WITH NO REWIND.
           MOVE   STAT-PRINTF          TO    STAT-PRINTF.
           IF     NOT VALID-PRINTF
                  MOVE   "PRINTF"      TO   ACU-ERR-FILE.

       Acu-PRINTF-CLOSE-ROUTINE.
           CLOSE       PRINTF.
           
