      * Report1e.rpt
      * Report1e.rpt is generated from C:\Acucorp\Acucbl720\AcuGT\sample\reports\Report1e.Psf
      * This is a generated file. DO NOT modify this file directly.
    
       Acu-Report1e-HTML-HEADER.
           MOVE '<HTML>' TO PRINT-BUF.
           WRITE PRINTF-R FROM PRINT-BUF AFTER 001
           INITIALIZE PRINT-BUF
           MOVE '<HEAD><TITLE>  </TITLE></HEAD>' 
              TO PRINT-BUF
           WRITE PRINTF-R FROM PRINT-BUF AFTER 001
           INITIALIZE PRINT-BUF
           PERFORM Acu-Report1e-HTML-CSS
           MOVE '<BODY STYLE="BACKGROUND-COLOR:#FFFFFF;">' TO PRINT-BUF
           WRITE PRINTF-R FROM PRINT-BUF AFTER 001
           INITIALIZE PRINT-BUF
           .

       Acu-Report1e-HTML-FOOTER.
           MOVE '</BODY>' TO PRINT-BUF
           WRITE PRINTF-R FROM PRINT-BUF AFTER 001
           INITIALIZE PRINT-BUF
           MOVE '</HTML>' TO PRINT-BUF
           WRITE PRINTF-R FROM PRINT-BUF AFTER 001
           INITIALIZE PRINT-BUF
           .

       Acu-Report1e-HTML-CSS.
           MOVE '<STYLE TYPE="TEXT/CSS">' TO PRINT-BUF
           WRITE PRINTF-R FROM PRINT-BUF AFTER 001
           INITIALIZE PRINT-BUF
      * Report1e-RwLa-3'S CSS SETTING
           MOVE 
              '   .Report1e-RwLa-3 {POSITION:ABSOLUTE; TOP:29; LEFT:10; 
      -       'WIDTH:92; HEIGHT:18; BACKGROUND-COLOR:TRANSPARENT; }'
               TO PRINT-BUF
           WRITE PRINTF-R FROM PRINT-BUF AFTER 001
           INITIALIZE PRINT-BUF
      * Report1e-RwLa-4'S CSS SETTING
           MOVE 
              '   .Report1e-RwLa-4 {POSITION:ABSOLUTE; TOP:30; LEFT:195;
      -       ' WIDTH:93; HEIGHT:18; BACKGROUND-COLOR:TRANSPARENT; }'
               TO PRINT-BUF
           WRITE PRINTF-R FROM PRINT-BUF AFTER 001
           INITIALIZE PRINT-BUF
      * Report1e-RwLa-5'S CSS SETTING
           MOVE 
              '   .Report1e-RwLa-5 {POSITION:ABSOLUTE; TOP:30; LEFT:409;
      -       ' WIDTH:80; HEIGHT:18; BACKGROUND-COLOR:TRANSPARENT; }'
               TO PRINT-BUF
           WRITE PRINTF-R FROM PRINT-BUF AFTER 001
           INITIALIZE PRINT-BUF
      * Report1e-RwLa-6'S CSS SETTING
           MOVE 
              '   .Report1e-RwLa-6 {POSITION:ABSOLUTE; TOP:30; LEFT:562;
      -       ' WIDTH:98; HEIGHT:18; BACKGROUND-COLOR:TRANSPARENT; }'
               TO PRINT-BUF
           WRITE PRINTF-R FROM PRINT-BUF AFTER 001
           INITIALIZE PRINT-BUF
      * Report1e-RwLa-1'S CSS SETTING
           MOVE 
              '   .Report1e-RwLa-1 {POSITION:ABSOLUTE; TOP:10; LEFT:10; 
      -       'WIDTH:67; HEIGHT:20; BACKGROUND-COLOR:TRANSPARENT; }'
               TO PRINT-BUF
           WRITE PRINTF-R FROM PRINT-BUF AFTER 001
           INITIALIZE PRINT-BUF
      * Report1e-RwEf-1'S CSS SETTING
           MOVE 
              '   .Report1e-RwEf-1 {POSITION:ABSOLUTE; TOP:10; LEFT:130;
      -       ' WIDTH:42; HEIGHT:20; LETTER-SPACING:0.00; BACKGROUND-COL
      -       'OR:TRANSPARENT; OVERFLOW:HIDDEN}' TO PRINT-BUF
           WRITE PRINTF-R FROM PRINT-BUF AFTER 001
           INITIALIZE PRINT-BUF
      * Report1e-RwLa-2'S CSS SETTING
           MOVE 
              '   .Report1e-RwLa-2 {POSITION:ABSOLUTE; TOP:11; LEFT:12; 
      -       'WIDTH:97; HEIGHT:18; BACKGROUND-COLOR:TRANSPARENT; }'
               TO PRINT-BUF
           WRITE PRINTF-R FROM PRINT-BUF AFTER 001
           INITIALIZE PRINT-BUF
      * Report1e-RwEf-2'S CSS SETTING
           MOVE 
              '   .Report1e-RwEf-2 {POSITION:ABSOLUTE; TOP:10; LEFT:130;
      -       ' WIDTH:38; HEIGHT:20; LETTER-SPACING:0.00; BACKGROUND-COL
      -       'OR:TRANSPARENT; OVERFLOW:HIDDEN}' TO PRINT-BUF
           WRITE PRINTF-R FROM PRINT-BUF AFTER 001
           INITIALIZE PRINT-BUF
      * Report1e-RwEf-6'S CSS SETTING
           MOVE 
              '   .Report1e-RwEf-6 {POSITION:ABSOLUTE; TOP:10; LEFT:12; 
      -       'WIDTH:148; HEIGHT:20; LETTER-SPACING:0.00; BACKGROUND-COL
      -       'OR:TRANSPARENT; OVERFLOW:HIDDEN}' TO PRINT-BUF
           WRITE PRINTF-R FROM PRINT-BUF AFTER 001
           INITIALIZE PRINT-BUF
      * Report1e-RwEf-13'S CSS SETTING
           MOVE 
              '   .Report1e-RwEf-13 {POSITION:ABSOLUTE; TOP:10; LEFT:180
      -       '; WIDTH:150; HEIGHT:20; LETTER-SPACING:0.00; BACKGROUND-C
      -       'OLOR:TRANSPARENT; OVERFLOW:HIDDEN}' TO PRINT-BUF
           WRITE PRINTF-R FROM PRINT-BUF AFTER 001
           INITIALIZE PRINT-BUF
              
      * Report1e-HeavySalesEF'S CSS SETTING
           MOVE 
              '   .Report1e-HeavySalesEF {POSITION:ABSOLUTE; TOP:10; LEF
      -       'T:409; WIDTH:98; HEIGHT:20; TEXT-ALIGN:RIGHT; LETTER-SPAC
      -       'ING:0.00; BACKGROUND-COLOR:TRANSPARENT; OVERFLOW:HIDDEN}'
               TO PRINT-BUF
           WRITE PRINTF-R FROM PRINT-BUF AFTER 001
           INITIALIZE PRINT-BUF
              
      * Report1e-SuppliesSalesEF'S CSS SETTING
           MOVE 
              '   .Report1e-SuppliesSalesEF {POSITION:ABSOLUTE; TOP:10; 
      -       'LEFT:559; WIDTH:98; HEIGHT:20; TEXT-ALIGN:RIGHT; LETTER-S
      -       'PACING:0.00; BACKGROUND-COLOR:TRANSPARENT; OVERFLOW:HIDDE
      -       'N}' TO PRINT-BUF
           WRITE PRINTF-R FROM PRINT-BUF AFTER 001
           INITIALIZE PRINT-BUF
      * Report1e-RwLa-7'S CSS SETTING
           MOVE 
              '   .Report1e-RwLa-7 {POSITION:ABSOLUTE; TOP:10; LEFT:10; 
      -       'WIDTH:110; HEIGHT:20; BACKGROUND-COLOR:TRANSPARENT; }'
               TO PRINT-BUF
           WRITE PRINTF-R FROM PRINT-BUF AFTER 001
           INITIALIZE PRINT-BUF
      * Report1e-RwEf-7'S CSS SETTING
           MOVE 
              '   .Report1e-RwEf-7 {POSITION:ABSOLUTE; TOP:10; LEFT:139;
      -       ' WIDTH:141; HEIGHT:20; LETTER-SPACING:0.00; BACKGROUND-CO
      -       'LOR:TRANSPARENT; OVERFLOW:HIDDEN}' TO PRINT-BUF
           WRITE PRINTF-R FROM PRINT-BUF AFTER 001
           INITIALIZE PRINT-BUF
              
      * Report1e-TotalBranchHeavyEF'S CSS SETTING
           MOVE 
              '   .Report1e-TotalBranchHeavyEF {POSITION:ABSOLUTE; TOP:1
      -       '0; LEFT:409; WIDTH:101; HEIGHT:20; TEXT-ALIGN:RIGHT; LETT
      -       'ER-SPACING:0.00; BACKGROUND-COLOR:TRANSPARENT; OVERFLOW:H
      -       'IDDEN}' TO PRINT-BUF
           WRITE PRINTF-R FROM PRINT-BUF AFTER 001
           INITIALIZE PRINT-BUF
              
      * Report1e-TotalBranchSuppliesEF'S CSS SETTING
           MOVE 
              '   .Report1e-TotalBranchSuppliesEF {POSITION:ABSOLUTE; TO
      -       'P:10; LEFT:559; WIDTH:101; HEIGHT:20; TEXT-ALIGN:RIGHT; L
      -       'ETTER-SPACING:0.00; BACKGROUND-COLOR:TRANSPARENT; OVERFLO
      -       'W:HIDDEN}' TO PRINT-BUF
           WRITE PRINTF-R FROM PRINT-BUF AFTER 001
           INITIALIZE PRINT-BUF
      * Report1e-RwLa-8'S CSS SETTING
           MOVE 
              '   .Report1e-RwLa-8 {POSITION:ABSOLUTE; TOP:10; LEFT:10; 
      -       'WIDTH:99; HEIGHT:20; BACKGROUND-COLOR:TRANSPARENT; }'
               TO PRINT-BUF
           WRITE PRINTF-R FROM PRINT-BUF AFTER 001
           INITIALIZE PRINT-BUF
      * Report1e-RwEf-8'S CSS SETTING
           MOVE 
              '   .Report1e-RwEf-8 {POSITION:ABSOLUTE; TOP:10; LEFT:139;
      -       ' WIDTH:141; HEIGHT:20; LETTER-SPACING:0.00; BACKGROUND-CO
      -       'LOR:TRANSPARENT; OVERFLOW:HIDDEN}' TO PRINT-BUF
           WRITE PRINTF-R FROM PRINT-BUF AFTER 001
           INITIALIZE PRINT-BUF
              
      * Report1e-TotalStateHeavyEF'S CSS SETTING
           MOVE 
              '   .Report1e-TotalStateHeavyEF {POSITION:ABSOLUTE; TOP:10
      -       '; LEFT:409; WIDTH:101; HEIGHT:20; TEXT-ALIGN:RIGHT; LETTE
      -       'R-SPACING:0.00; BACKGROUND-COLOR:TRANSPARENT; OVERFLOW:HI
      -       'DDEN}' TO PRINT-BUF
           WRITE PRINTF-R FROM PRINT-BUF AFTER 001
           INITIALIZE PRINT-BUF
              
      * Report1e-TotalStateSuppliesEF'S CSS SETTING
           MOVE 
              '   .Report1e-TotalStateSuppliesEF {POSITION:ABSOLUTE; TOP
      -       ':10; LEFT:559; WIDTH:101; HEIGHT:20; TEXT-ALIGN:RIGHT; LE
      -       'TTER-SPACING:0.00; BACKGROUND-COLOR:TRANSPARENT; OVERFLOW
      -       ':HIDDEN}' TO PRINT-BUF
           WRITE PRINTF-R FROM PRINT-BUF AFTER 001
           INITIALIZE PRINT-BUF
           MOVE '</STYLE>' TO PRINT-BUF
           WRITE PRINTF-R FROM PRINT-BUF AFTER 001
           INITIALIZE PRINT-BUF
           .    

       Acu-Report1e-PRINT-PARA.
           MOVE SPACES TO PRINT-FULLNAME
           CALL "C$FULLNAME" USING "Report1e.html", PRINT-FULLNAME,
                GIVING ACU-STATUS-CODE
           IF ACU-STATUS-CODE = 1
              MOVE 0 TO ACU-SETUPPRINT
              EXIT PARAGRAPH
           END-IF
           MOVE 0 TO ACU-IDX1
           INSPECT PRINT-FULLNAME TALLYING ACU-IDX1 FOR ALL "\"
           INSPECT PRINT-FULLNAME REPLACING TRAILING SPACE BY "*"
           IF ACU-IDX1 <= 0
              MOVE SPACES TO DUMY-LINE
              CALL "C$CHDIR" USING DUMY-LINE
              INSPECT DUMY-LINE REPLACING TRAILING SPACE BY "*"
              MOVE 0 TO ACU-STATUS-CODE
              PERFORM VARYING ACU-IDX2 FROM 1 BY 1 UNTIL
              ACU-STATUS-CODE = 1
                 IF DUMY-LINE(ACU-IDX2:1) = "*"
                    MOVE 1 TO ACU-STATUS-CODE
                 END-IF
              END-PERFORM
              IF DUMY-LINE(ACU-IDX2 - 2:1) = "\"
                 STRING DUMY-LINE, PRINT-FULLNAME, X"00"
                    DELIMITED BY "*" INTO PRT-FULLFILENAME
              ELSE
                 STRING DUMY-LINE, "\", PRINT-FULLNAME, X"00"
                    DELIMITED BY "*" INTO PRT-FULLFILENAME
              END-IF
           ELSE
              STRING PRINT-FULLNAME , X"00" DELIMITED BY "*" INTO 
                 PRT-FULLFILENAME
           END-IF

           STRING "Letter", X"00" DELIMITED BY SIZE INTO 
              ACU-PAPER-SIZE
           STRING "&w&bPage &p of &P", X"00" DELIMITED BY SIZE INTO 
              ACU-PAPER-HEADER
           STRING "&u&b&d", X"00" DELIMITED BY SIZE INTO 
              ACU-PAPER-FOOTER
           MOVE "PORTRAIT" TO ACU-PAPER-ORIENTATION
           IF ACU-PAPER-ORIENTATION = "LANDSCAPE"
              MOVE 2 TO ACU-PAPER-ORIENTATIONINT
           ELSE
              MOVE 1 TO ACU-PAPER-ORIENTATIONINT
           END-IF
           STRING "PORTRAIT", X"00" DELIMITED BY SIZE INTO
              ACU-PAPER-ORIENTATION
           MOVE "75" to ACU-MARGIN-LEFT
           MOVE "75" to ACU-MARGIN-RIGHT
           MOVE "75" to ACU-MARGIN-TOP
           MOVE "75" to ACU-MARGIN-BOTTOM
           STRING ACU-PAPER-MARGIN, X"00" DELIMITED BY SIZE INTO 
              PRINT-BROWSER-PARA
           IF ACU-PAPER-COPIES = 0 
              OR ACU-PAPER-COPIES(1:) = spaces
                 MOVE 1 to ACU-PAPER-COPIES
           END-IF
           MOVE SPACES TO DUMY-LINE
           .

       Acu-Report1e-SETUP-PRINT.
           MOVE 1 TO ACU-SETUPPRINT
           PERFORM Acu-Report1e-PRINT-PARA
           SET ENVIRONMENT "DLL_CONVENTION" to "1"
           CALL "AcuBenchPrintDummy"
              ON EXCEPTION CALL "AcuBenchPrint.dll" END-CALL
           END-CALL
           CALL "AcuBenchPrintExecWBPageSetup" USING
                BY CONTENT PRINT-BROWSER-PARA,
                BY CONTENT ACU-PAPER-SIZE, 
                BY VALUE   ACU-PAPER-ORIENTATIONINT,
                BY CONTENT ACU-PRINTER-NAME
                GIVING ACUPRINTDLL-STATUS
           END-CALL
           IF ACUPRINTDLL-SUCCESS
              MOVE 1 TO PRINT-UNIT-TYPE
              SET PRINT-PTR TO ADDRESS OF ACU-PAPER-MARGIN
              CALL "AcuBenchPrintGetMargins" USING BY 
                 VALUE PRINT-UNIT-TYPE, PRINT-PTR
              SET PRINT-PTR TO ADDRESS OF ACU-PAPER-SIZEINT
              CALL "AcuBenchPrintGetPaperSize" USING BY 
                 VALUE PRINT-UNIT-TYPE, PRINT-PTR
              COMPUTE PAGE-HEIGHT OF Report1e-HEIGHT = 
                 ACU-PAPER-HEIGHT - ACU-MARGIN-TOP 
                 - ACU-MARGIN-BOTTOM
              COMPUTE PAGE-WIDTH OF Report1e-HEIGHT = 
                 ACU-PAPER-WIDTH - ACU-MARGIN-LEFT
                 - ACU-MARGIN-RIGHT

              MOVE 2 TO PRINT-UNIT-TYPE
              SET PRINT-PTR TO ADDRESS OF ACU-PAPER-MARGIN
              CALL "AcuBenchPrintGetMargins" USING BY VALUE
                 PRINT-UNIT-TYPE, PRINT-PTR
              STRING ACU-PAPER-MARGIN, X"00" DELIMITED BY SIZE INTO
                 PRINT-BROWSER-PARA

              SET PRINT-PTR TO ADDRESS OF ACU-PAPER-SIZE
              CALL "AcuBenchPrintGetPaperName" USING BY VALUE PRINT-PTR
              CALL "AcuBenchPrintGetOrientation" GIVING 
                 ACU-PAPER-ORIENTATIONINT
              CALL "AcuBenchPrintGetCopies" GIVING ACU-PAPER-COPIES
              SET PRINT-PTR TO ADDRESS OF ACU-PRINTER-NAME
              CALL "AcuBenchPrintGetPrinterName" USING BY VALUE 
                 PRINT-PTR

              PERFORM Acu-Report1e-PRINT-TOFILE
              PERFORM Acu-Report1e-DO-PRINT
           END-IF
           .

       Acu-Report1e-PRINT.
           MOVE 0 TO ACU-SETUPPRINT
           PERFORM Acu-Report1e-PRINT-TOFILE
           PERFORM Acu-Report1e-DO-PRINT
           .

       Acu-Report1e-DO-PRINT.
           IF ACU-SETUPPRINT = 0
              PERFORM Acu-Report1e-PRINT-PARA
              SET ENVIRONMENT "DLL_CONVENTION" to "1"
              CALL "AcuBenchPrintDummy"
                 ON EXCEPTION CALL "AcuBenchPrint.dll" END-CALL
              END-CALL
           END-IF
           CALL "AcuBenchPrintExecWBPrint" USING
                BY CONTENT PRT-FULLFILENAME,
                OMITTED,
                BY CONTENT PRINT-BROWSER-PARA,
                BY CONTENT ACU-PAPER-HEADER, 
                BY CONTENT ACU-PAPER-FOOTER, 
                BY CONTENT ACU-PAPER-SIZE, 
                BY VALUE ACU-PAPER-ORIENTATIONINT,
                BY VALUE ACU-PAPER-COPIES,
                BY CONTENT ACU-PRINTER-NAME
           END-CALL
           MOVE 0 TO ACU-SETUPPRINT
           .

       Acu-Report1e-PREVIEW.
           PERFORM Acu-Report1e-PRINT-TOFILE
           PERFORM Acu-Report1e-PRINT-PARA
           SET ENVIRONMENT "DLL_CONVENTION" to "1"
           CALL "AcuBenchPrintDummy"
              ON EXCEPTION CALL "AcuBenchPrint.dll" END-CALL
           END-CALL
           CALL "AcuBenchPrintExecWBPreview" USING
                BY CONTENT PRT-FULLFILENAME,
                BY CONTENT PRINT-BROWSER-PARA,
                BY CONTENT ACU-PAPER-HEADER, 
                BY CONTENT ACU-PAPER-FOOTER, 
                BY CONTENT ACU-PAPER-SIZE, 
                BY VALUE ACU-PAPER-ORIENTATIONINT,
                BY CONTENT ACU-PRINTER-NAME
           END-CALL
           .

       Acu-Report1e-PRINT-TOFILE.
           MOVE "Report1e.html" TO PTR-DEV-NAME.
           MOVE 1 TO CURRENT-COL
           MOVE 0 TO Report1e-CLEFTOFFSET
           MOVE 0 TO CNT-PIXELS
           MOVE 1 TO NTOPCOLUMNNUM
           PERFORM Acu-PRINTF-OPEN-ROUTINE.
      *    BeforePrint           
           PERFORM Acu-Report1e-HTML-HEADER.
           PERFORM Acu-Report1e-HTML-PAGE-HEADER.
           PERFORM Acu-RPT-Report1e-PRINT-LOOP.
           PERFORM Acu-Report1e-HTML-FOOTER.
      *    AfterPrint
           PERFORM Acu-PRINTF-CLOSE-ROUTINE
           .

       Acu-RPT-Report1e-PRINT-LOOP.
           MOVE 1 TO TMP-PRINTORNOT
           MOVE 0 TO CNT-INPAGEPIXELS
           MOVE 1 TO ACU-PAGENUM
           MOVE 1 TO ACU-PAGENUM-SYS
           MOVE 0 TO SYS-ENDPRIMARYFD
           
           PERFORM Acu-RPT-Report1e-ALL-RESET
      * Check Report Header
           PERFORM Acu-RPT-Report1e-REPORT-HEADER
      * Start Normal (Page H/F, Group H/F, Detail)
           PERFORM Acu-RPT-Report1e-MASTER-PRINT-LOOP
      * End Normal (Page H/F, Group H/F, Detail)
           PERFORM Acu-RPT-Report1e-PAGE-HEADER
      * Check Last Group Footer
           PERFORM Acu-RPT-Report1e-GROUP-MUSTDSP
           PERFORM Acu-RPT-Report1e-GROUP-FOOTER
      * Check Report Footer
           IF ( REPORT-FOOTER-PRINT-AFTER-PAGE = 0 )
              PERFORM Acu-RPT-Report1e-REPORT-FOOTER
           END-IF
      * Normal Ending
           PERFORM Acu-Report1e-FILL-DETAIL-FOR-ZEBRA
           IF ( REPORT-FOOTER-PRINT-AFTER-PAGE = 0 )
              MOVE 1 TO SYS-ENDPRIMARYFD   
              COMPUTE CNT-PIXELS = ACU-PAGENUM-SYS * PAGE-HEIGHT OF
                 Report1e-HEIGHT - Report1e-PF-1-DEF-HEIGHT OF
                 Report1e-HEIGHT
              COMPUTE CNT-INPAGEPIXELS = PAGE-HEIGHT OF
                 Report1e-HEIGHT - Report1e-PF-1-DEF-HEIGHT OF
                 Report1e-HEIGHT
              MOVE PAGE-HEIGHT OF Report1e-HEIGHT TO CNT-INPAGEPIXELS
              PERFORM Acu-RPT-Report1e-PAGE-FOOTER
           END-IF
      * Check Report Footer
           IF ( REPORT-FOOTER-PRINT-AFTER-PAGE = 1 )
              PERFORM Acu-RPT-Report1e-REPORT-FOOTER
           END-IF
           .

       Acu-Report1e-HTML-PAGE-HEADER.
           MOVE ' <!-- Page DIV -->' TO PRINT-BUF
           WRITE PRINTF-R FROM PRINT-BUF AFTER 001
           INITIALIZE PRINT-BUF
           STRING ' <DIV STYLE="POSITION:ABSOLUTE; TOP:', 
                  CNT-PIXELS, 
                  '; LEFT:',
                  Report1e-CLEFTOFFSET,
                  '; HEIGHT:', PAGE-HEIGHT OF Report1e-HEIGHT, 
                  '; WIDTH:', PAGE-WIDTH OF Report1e-HEIGHT,
                  ' ;">'
               DELIMITED BY SIZE INTO PRINT-BUF.
           WRITE PRINTF-R FROM PRINT-BUF AFTER 001
           INITIALIZE PRINT-BUF
           .

       Acu-Report1e-HTML-PAGE-FOOTER.
           MOVE ' <!-- End(Page) --></DIV>' TO PRINT-BUF
           WRITE PRINTF-R FROM PRINT-BUF AFTER 001
           INITIALIZE PRINT-BUF
           .

       Acu-RPT-Report1e-REPORT-HEADER.
           .

       Acu-RPT-Report1e-REPORT-FOOTER.
           .

       Acu-RPT-Report1e-PAGE-HEADER.
      *    BeforePrint
           IF ( CNT-INPAGEPIXELS < Report1e-PH-1-HEIGHT OF
              Report1e-HEIGHT ) OR ( REPORT-HEADER-PRINT-BEFORE-PAGE = 1
              )
              PERFORM Acu-Report1e-PH-1-PRINT-RTN
              ADD  Report1e-PH-1-HEIGHT OF Report1e-HEIGHT TO CNT-PIXELS
              IF ( REPORT-HEADER-PRINT-BEFORE-PAGE = 1 )
                 ADD Report1e-PH-1-HEIGHT OF Report1e-HEIGHT TO
              CNT-INPAGEPIXELS
              ELSE
                 MOVE Report1e-PH-1-HEIGHT OF Report1e-HEIGHT TO
              CNT-INPAGEPIXELS
              END-IF
           END-IF
      *    AfterPrint
           .

       Acu-RPT-Report1e-PAGE-FOOTER.
      *    BeforePrint
           COMPUTE TMP-PIXELS = CNT-INPAGEPIXELS + CURRENT-HEIGHT +
              Report1e-PF-1-HEIGHT OF Report1e-HEIGHT
           IF TMP-PIXELS > PAGE-HEIGHT OF Report1e-HEIGHT
              COMPUTE CNT-PIXELS = ACU-PAGENUM-SYS * PAGE-HEIGHT OF
              Report1e-HEIGHT - Report1e-PF-1-HEIGHT OF Report1e-HEIGHT
              COMPUTE CNT-INPAGEPIXELS = PAGE-HEIGHT OF
              Report1e-HEIGHT - Report1e-PF-1-DEF-HEIGHT OF
              Report1e-HEIGHT
              PERFORM Acu-Report1e-PF-1-PRINT-RTN
              PERFORM Acu-Report1e-Page-BREAK-RTN
              MOVE Report1e-PF-1-DEF-HEIGHT OF Report1e-HEIGHT TO
              Report1e-PF-1-HEIGHT OF Report1e-HEIGHT
           END-IF
      *    AfterPrint         
           .

       Acu-RPT-Report1e-PAGE-FOOTER-OVERPAGE.
           MOVE 0 TO RPT-RETURN-VALUE
           COMPUTE TMP-PIXELS = CNT-INPAGEPIXELS + CURRENT-HEIGHT +
              Report1e-PF-1-HEIGHT OF Report1e-HEIGHT
           IF TMP-PIXELS + 1 >= PAGE-HEIGHT OF Report1e-HEIGHT
              MOVE 1 TO RPT-RETURN-VALUE
           END-IF
           .

       Acu-RPT-Report1e-DETAIL.
           PERFORM Acu-Report1e-Dtl-1-DETAIL-PRINT.
           .

       Acu-RPT-Report1e-GROUP-HEADER.
      * Cause there're possibly several Group.
           PERFORM Acu-Report1e-GH-1-GROUP-PRINT.
           PERFORM Acu-Report1e-GH-2-GROUP-PRINT.
           .

       Acu-RPT-Report1e-GROUP-FOOTER.
           PERFORM Acu-Report1e-GF-2-GROUP-PRINT.
           .

       Acu-RPT-Report1e-GROUP-MUSTDSP.
           MOVE 1 TO Report1e-GF-1-MUST-DISPLAY
           MOVE 1 TO Report1e-GF-2-MUST-DISPLAY
           .

       Acu-RPT-Report1e-GROUP-NOMUSTDSP.
           MOVE 0 TO Report1e-GF-1-MUST-DISPLAY
           MOVE 0 TO Report1e-GF-2-MUST-DISPLAY
           .

       Acu-RPT-Report1e-ALL-RESET.
      * Group Reset
           PERFORM Acu-Report1e-Report1e-GH-1-RESET
           PERFORM Acu-Report1e-Report1e-GH-2-RESET
           PERFORM Acu-Report1e-Report1e-GF-1-RESET
           PERFORM Acu-Report1e-Report1e-GF-2-RESET
           .

       Acu-RPT-Report1e-DO-PRINT-RTN.
           MOVE 1 TO TMP-PRINTORNOT
      * Check Group Footer
           PERFORM Acu-RPT-Report1e-GROUP-FOOTER
      * Init Detail's Height
           MOVE Report1e-Dtl-1-HEIGHT OF Report1e-HEIGHT TO
              CURRENT-HEIGHT
           PERFORM Acu-RPT-Report1e-PAGE-FOOTER
           PERFORM Acu-RPT-Report1e-PAGE-HEADER
      * Check Group Header
           PERFORM Acu-RPT-Report1e-GROUP-HEADER
      * Detail
           PERFORM Acu-RPT-Report1e-DETAIL
           .

       Acu-Report1e-Page-BREAK-RTN.
           IF CURRENT-COL < NTOPCOLUMNNUM
              COMPUTE CNT-PIXELS = (ACU-PAGENUM-SYS - 1) 
                 * PAGE-HEIGHT OF Report1e-HEIGHT
              COMPUTE Report1e-CLEFTOFFSET = 
                 Report1e-CLEFTOFFSET + DETAIL-WIDTH
              MOVE 0 TO CNT-INPAGEPIXELS
              ADD 1 TO CURRENT-COL
           ELSE
              COMPUTE CNT-PIXELS = ACU-PAGENUM-SYS 
                 * PAGE-HEIGHT OF Report1e-HEIGHT
              MOVE 0 TO Report1e-CLEFTOFFSET
              MOVE 0 TO CNT-INPAGEPIXELS
              ADD 1 TO ACU-PAGENUM-SYS
              ADD 1 TO ACU-PAGENUM
              MOVE 1 TO CURRENT-COL
           END-IF
           PERFORM Acu-Report1e-HTML-PAGE-FOOTER
           IF SYS-ENDPRIMARYFD = 0
              PERFORM Acu-Report1e-HTML-PAGE-HEADER
           END-IF
           .           

       Acu-Report1e-FILL-DETAIL-FOR-ZEBRA.
           .

       Acu-Report1e-ZEBRA-COLOR-CHANGE.
           .
      
       Acu-Report1e-Dtl-1-DETAIL-PRINT.
           MOVE 816 TO DETAIL-WIDTH
           PERFORM Report1e-Dtl-1-BeforePrint
           MOVE Report1e-Dtl-1-HEIGHT OF Report1e-HEIGHT TO
              CURRENT-HEIGHT
           PERFORM Acu-RPT-Report1e-PAGE-FOOTER
           PERFORM Acu-RPT-Report1e-PAGE-HEADER
           PERFORM Acu-Report1e-Dtl-1-PRINT-RTN
           ADD Report1e-Dtl-1-HEIGHT OF Report1e-HEIGHT TO CNT-PIXELS
           ADD Report1e-Dtl-1-HEIGHT OF Report1e-HEIGHT TO
              CNT-INPAGEPIXELS
           MOVE Report1e-Dtl-1-DEF-HEIGHT OF Report1e-HEIGHT TO
              Report1e-Dtl-1-HEIGHT OF Report1e-HEIGHT
           PERFORM Acu-Report1e-ZEBRA-COLOR-CHANGE
      *    AfterPrint
           .

       Acu-Report1e-GH-1-GROUP-PRINT.
      * GROUP-HEADER : Report1e-GH-1
      *    BeforePrint
           IF Report1e-GH-1-GROUPBY-BUF NOT = Sales-State OF Salesdata
              MOVE Report1e-GH-1-DEF-HEIGHT OF Report1e-HEIGHT TO
              CURRENT-HEIGHT
              PERFORM Acu-RPT-Report1e-PAGE-FOOTER
              PERFORM Acu-RPT-Report1e-PAGE-HEADER
              PERFORM Acu-Report1e-GH-1-PRINT-RTN
              ADD Report1e-GH-1-HEIGHT OF Report1e-HEIGHT TO CNT-PIXELS
              ADD Report1e-GH-1-HEIGHT OF Report1e-HEIGHT TO
              CNT-INPAGEPIXELS
              PERFORM Acu-Report1e-Report1e-GH-2-RESET
              MOVE Sales-State OF Salesdata TO Report1e-GH-1-GROUPBY-BUF
           END-IF
           PERFORM Report1e-GH-State-AfterPrint
           .

       Acu-Report1e-Report1e-GH-1-RESET.
           MOVE HIGH-VALUE TO Report1e-GH-1-GROUPBY-BUF
           PERFORM Acu-Report1e-Report1e-GH-2-RESET
           .

       Acu-Report1e-GH-2-GROUP-PRINT.
      * GROUP-HEADER : Report1e-GH-2
      *    BeforePrint
           IF Report1e-GH-2-GROUPBY-BUF NOT = Sales-Branch-No OF
              Salesdata
              MOVE Report1e-GH-2-DEF-HEIGHT OF Report1e-HEIGHT TO
              CURRENT-HEIGHT
              PERFORM Acu-RPT-Report1e-PAGE-FOOTER
              PERFORM Acu-RPT-Report1e-PAGE-HEADER
              PERFORM Acu-Report1e-GH-2-PRINT-RTN
              ADD Report1e-GH-2-HEIGHT OF Report1e-HEIGHT TO CNT-PIXELS
              ADD Report1e-GH-2-HEIGHT OF Report1e-HEIGHT TO
              CNT-INPAGEPIXELS
              MOVE Sales-Branch-No OF Salesdata TO
              Report1e-GH-2-GROUPBY-BUF
           END-IF
           PERFORM Report1e-GH-Branch-AfterPrint
           .

       Acu-Report1e-Report1e-GH-2-RESET.
           MOVE HIGH-VALUE TO Report1e-GH-2-GROUPBY-BUF
           .

       Acu-Report1e-GF-1-GROUP-PRINT.
      *    BeforePrint
      * Group-Footer : Report1e-GF-1
           IF ((Report1e-GF-1-GROUPBY-BUF NOT = Sales-Branch-No OF
              Salesdata) AND (Report1e-GF-1-GROUPBY-BUF NOT =
              HIGH-VALUE)) OR 
              (Report1e-GF-1-MUST-DISPLAY NOT = 0)
      * Group-Footer
              MOVE Report1e-GF-1-DEF-HEIGHT OF Report1e-HEIGHT TO
              CURRENT-HEIGHT
              PERFORM Acu-RPT-Report1e-PAGE-FOOTER
              PERFORM Acu-RPT-Report1e-PAGE-HEADER
              PERFORM Acu-Report1e-GF-1-PRINT-RTN
      * End of Group-Footer Print
              ADD Report1e-GF-1-HEIGHT OF Report1e-HEIGHT TO CNT-PIXELS
              ADD Report1e-GF-1-HEIGHT OF Report1e-HEIGHT TO
              CNT-INPAGEPIXELS
              MOVE Sales-Branch-No OF Salesdata TO
              Report1e-GF-1-GROUPBY-BUF
           END-IF
           MOVE Sales-Branch-No OF Salesdata TO
              Report1e-GF-1-GROUPBY-BUF
      *    AfterPrint
           .

       Acu-Report1e-Report1e-GF-1-RESET.
           MOVE HIGH-VALUE TO Report1e-GF-1-GROUPBY-BUF
           MOVE 0 TO Report1e-GF-1-MUST-DISPLAY
           .

       Acu-Report1e-GF-2-GROUP-PRINT.
      *    BeforePrint
      * Group-Footer : Report1e-GF-2
           IF ((Report1e-GF-2-GROUPBY-BUF NOT = Sales-State OF
              Salesdata) AND (Report1e-GF-2-GROUPBY-BUF NOT =
              HIGH-VALUE)) OR 
              (Report1e-GF-2-MUST-DISPLAY NOT = 0)
              PERFORM Acu-RPT-Report1e-GROUP-MUSTDSP
              PERFORM Acu-Report1e-GF-1-GROUP-PRINT
              PERFORM Acu-RPT-Report1e-GROUP-NOMUSTDSP
      * Group-Footer
              MOVE Report1e-GF-2-DEF-HEIGHT OF Report1e-HEIGHT TO
              CURRENT-HEIGHT
              PERFORM Acu-RPT-Report1e-PAGE-FOOTER
              PERFORM Acu-RPT-Report1e-PAGE-HEADER
              PERFORM Acu-Report1e-GF-2-PRINT-RTN
      * End of Group-Footer Print
              ADD Report1e-GF-2-HEIGHT OF Report1e-HEIGHT TO CNT-PIXELS
              ADD Report1e-GF-2-HEIGHT OF Report1e-HEIGHT TO
              CNT-INPAGEPIXELS
              MOVE Sales-State OF Salesdata TO Report1e-GF-2-GROUPBY-BUF
           ELSE
              PERFORM Acu-Report1e-GF-1-GROUP-PRINT
           END-IF
           MOVE Sales-State OF Salesdata TO Report1e-GF-2-GROUPBY-BUF
      *    AfterPrint
           .

       Acu-Report1e-Report1e-GF-2-RESET.
           MOVE HIGH-VALUE TO Report1e-GF-2-GROUPBY-BUF
           MOVE 0 TO Report1e-GF-2-MUST-DISPLAY
           PERFORM Acu-Report1e-Report1e-GF-1-RESET
           .

       Acu-Report1e-PH-1-SEC-HEAD.
           MOVE '   <!-- Section (Report1e-PH-1) -->' TO PRINT-BUF
           WRITE PRINTF-R FROM PRINT-BUF AFTER 001
           INITIALIZE PRINT-BUF
           COMPUTE TMP-PIXELS = CNT-INPAGEPIXELS - HIGH-OFFSET-IN
           STRING '   <DIV STYLE="',
                  'POSITION:ABSOLUTE; TOP:', 
                  TMP-PIXELS,
                  '; LEFT:0',
                  '; WIDTH:816; ',
                  'FONT-SIZE:9pt; ',
                  'FONT-FAMILY:MS Sans Serif; ',
                  'COLOR:#000000; ',
                  'BACKGROUND-COLOR:#FFFFFF; ',
                  '">'
              DELIMITED BY SIZE INTO PRINT-BUF.
           WRITE PRINTF-R FROM PRINT-BUF AFTER 001
           INITIALIZE PRINT-BUF
           .

       Acu-Report1e-PH-1-SEC-FOOT.
           MOVE '      <!-- Ending DIV : to fill the Div Height -->' TO
              PRINT-BUF
           WRITE PRINTF-R FROM PRINT-BUF AFTER 001
           INITIALIZE PRINT-BUF
           STRING '      <DIV STYLE="POSITION:RELATIVE; HEIGHT:',
                  Report1e-PH-1-HEIGHT OF Report1e-HEIGHT, 
                  ';"> </DIV>'
              DELIMITED BY SIZE INTO PRINT-BUF.
           WRITE PRINTF-R FROM PRINT-BUF AFTER 001
           INITIALIZE PRINT-BUF
           MOVE '   <!-- End(Section) --></DIV>' TO PRINT-BUF
           WRITE PRINTF-R FROM PRINT-BUF AFTER 001
           .

       Acu-Report1e-PH-1-PRINT-RTN.
           MOVE 0 TO SECTION-HIGH-STACK
           MOVE Report1e-PH-1-DEF-HEIGHT TO Report1e-PH-1-HEIGHT
           PERFORM Acu-Report1e-PH-1-SEC-HEAD
      * RPT.Label : Report1e-RwLa-3
      *    BeforePrint
           MOVE '      <!-- Label (Report1e-RwLa-3) -->' TO PRINT-BUF
           WRITE PRINTF-R FROM PRINT-BUF AFTER 001
           INITIALIZE PRINT-BUF
           MOVE '      <DIV CLASS="Report1e-RwLa-3" >' TO PRINT-BUF
           WRITE PRINTF-R FROM PRINT-BUF AFTER 001
           INITIALIZE PRINT-BUF
           STRING '         <P><STRONG>',
                  'Last&nbsp;Name',
                  '</STRONG></P></DIV>'
              DELIMITED BY SIZE INTO PRINT-BUF
           WRITE PRINTF-R FROM PRINT-BUF AFTER 001
           INITIALIZE PRINT-BUF
      *    AfterPrint
      * RPT.Label : Report1e-RwLa-4
      *    BeforePrint
           MOVE '      <!-- Label (Report1e-RwLa-4) -->' TO PRINT-BUF
           WRITE PRINTF-R FROM PRINT-BUF AFTER 001
           INITIALIZE PRINT-BUF
           MOVE '      <DIV CLASS="Report1e-RwLa-4" >' TO PRINT-BUF
           WRITE PRINTF-R FROM PRINT-BUF AFTER 001
           INITIALIZE PRINT-BUF
           STRING '         <P><STRONG>',
                  'First&nbsp;Name',
                  '</STRONG></P></DIV>'
              DELIMITED BY SIZE INTO PRINT-BUF
           WRITE PRINTF-R FROM PRINT-BUF AFTER 001
           INITIALIZE PRINT-BUF
      *    AfterPrint
      * RPT.Label : Report1e-RwLa-5
      *    BeforePrint
           MOVE '      <!-- Label (Report1e-RwLa-5) -->' TO PRINT-BUF
           WRITE PRINTF-R FROM PRINT-BUF AFTER 001
           INITIALIZE PRINT-BUF
           MOVE '      <DIV CLASS="Report1e-RwLa-5" >' TO PRINT-BUF
           WRITE PRINTF-R FROM PRINT-BUF AFTER 001
           INITIALIZE PRINT-BUF
           STRING '         <P><STRONG>',
                  'Heavy&nbsp;Sales',
                  '</STRONG></P></DIV>'
              DELIMITED BY SIZE INTO PRINT-BUF
           WRITE PRINTF-R FROM PRINT-BUF AFTER 001
           INITIALIZE PRINT-BUF
      *    AfterPrint
      * RPT.Label : Report1e-RwLa-6
      *    BeforePrint
           MOVE '      <!-- Label (Report1e-RwLa-6) -->' TO PRINT-BUF
           WRITE PRINTF-R FROM PRINT-BUF AFTER 001
           INITIALIZE PRINT-BUF
           MOVE '      <DIV CLASS="Report1e-RwLa-6" >' TO PRINT-BUF
           WRITE PRINTF-R FROM PRINT-BUF AFTER 001
           INITIALIZE PRINT-BUF
           STRING '         <P><STRONG>',
                  'Supplies&nbsp;Sales',
                  '</STRONG></P></DIV>'
              DELIMITED BY SIZE INTO PRINT-BUF
           WRITE PRINTF-R FROM PRINT-BUF AFTER 001
           INITIALIZE PRINT-BUF
      *    AfterPrint
           PERFORM Acu-Report1e-PH-1-SEC-FOOT
           .

       Acu-Report1e-GH-1-SEC-HEAD.
           MOVE '   <!-- Section (Report1e-GH-1) -->' TO PRINT-BUF
           WRITE PRINTF-R FROM PRINT-BUF AFTER 001
           INITIALIZE PRINT-BUF
           COMPUTE TMP-PIXELS = CNT-INPAGEPIXELS - HIGH-OFFSET-IN
           STRING '   <DIV STYLE="',
                  'POSITION:ABSOLUTE; TOP:', 
                  TMP-PIXELS,
                  '; LEFT:0',
                  '; WIDTH:816; ',
                  'FONT-SIZE:9pt; ',
                  'FONT-FAMILY:MS Sans Serif; ',
                  'COLOR:#000000; ',
                  'BACKGROUND-COLOR:#FFFFFF; ',
                  '">'
              DELIMITED BY SIZE INTO PRINT-BUF.
           WRITE PRINTF-R FROM PRINT-BUF AFTER 001
           INITIALIZE PRINT-BUF
           .

       Acu-Report1e-GH-1-SEC-FOOT.
           MOVE '      <!-- Ending DIV : to fill the Div Height -->' TO
              PRINT-BUF
           WRITE PRINTF-R FROM PRINT-BUF AFTER 001
           INITIALIZE PRINT-BUF
           STRING '      <DIV STYLE="POSITION:RELATIVE; HEIGHT:',
                  Report1e-GH-1-HEIGHT OF Report1e-HEIGHT, 
                  ';"> </DIV>'
              DELIMITED BY SIZE INTO PRINT-BUF.
           WRITE PRINTF-R FROM PRINT-BUF AFTER 001
           INITIALIZE PRINT-BUF
           MOVE '   <!-- End(Section) --></DIV>' TO PRINT-BUF
           WRITE PRINTF-R FROM PRINT-BUF AFTER 001
           .

       Acu-Report1e-GH-1-PRINT-RTN.
           MOVE 0 TO SECTION-HIGH-STACK
           MOVE Report1e-GH-1-DEF-HEIGHT TO Report1e-GH-1-HEIGHT
           PERFORM Acu-Report1e-GH-1-SEC-HEAD
      * RPT.Label : Report1e-RwLa-1
      *    BeforePrint
           MOVE '      <!-- Label (Report1e-RwLa-1) -->' TO PRINT-BUF
           WRITE PRINTF-R FROM PRINT-BUF AFTER 001
           INITIALIZE PRINT-BUF
           MOVE '      <DIV CLASS="Report1e-RwLa-1" >' TO PRINT-BUF
           WRITE PRINTF-R FROM PRINT-BUF AFTER 001
           INITIALIZE PRINT-BUF
           STRING '         <P><STRONG>',
                  'State:',
                  '</STRONG></P></DIV>'
              DELIMITED BY SIZE INTO PRINT-BUF
           WRITE PRINTF-R FROM PRINT-BUF AFTER 001
           INITIALIZE PRINT-BUF
      *    AfterPrint
      * RPT.Entry-Field : Report1e-RwEf-1
      *    BeforePrint
           MOVE '      <!-- Entry-Field (Report1e-RwEf-1) -->' TO
              PRINT-BUF
           WRITE PRINTF-R FROM PRINT-BUF AFTER 001
           INITIALIZE PRINT-BUF
           MOVE '      <DIV CLASS="Report1e-RwEf-1" >' TO PRINT-BUF
           WRITE PRINTF-R FROM PRINT-BUF AFTER 001
           INITIALIZE PRINT-BUF
           MOVE '         <P><STRONG>' TO PRINT-BUF
           WRITE PRINTF-R FROM PRINT-BUF AFTER 001
           INITIALIZE PRINT-BUF
           MOVE Sales-State TO PRINT-BUF
           WRITE PRINTF-R FROM PRINT-BUF AFTER 001
           INITIALIZE PRINT-BUF
           MOVE '         </STRONG></P></DIV>' TO PRINT-BUF
           WRITE PRINTF-R FROM PRINT-BUF AFTER 001
           INITIALIZE PRINT-BUF
      *    AfterPrint
           PERFORM Acu-Report1e-GH-1-SEC-FOOT
           .

       Acu-Report1e-GH-2-SEC-HEAD.
           MOVE '   <!-- Section (Report1e-GH-2) -->' TO PRINT-BUF
           WRITE PRINTF-R FROM PRINT-BUF AFTER 001
           INITIALIZE PRINT-BUF
           COMPUTE TMP-PIXELS = CNT-INPAGEPIXELS - HIGH-OFFSET-IN
           STRING '   <DIV STYLE="',
                  'POSITION:ABSOLUTE; TOP:', 
                  TMP-PIXELS,
                  '; LEFT:0',
                  '; WIDTH:816; ',
                  'FONT-SIZE:9pt; ',
                  'FONT-FAMILY:MS Sans Serif; ',
                  'COLOR:#000000; ',
                  'BACKGROUND-COLOR:#FFFFFF; ',
                  '">'
              DELIMITED BY SIZE INTO PRINT-BUF.
           WRITE PRINTF-R FROM PRINT-BUF AFTER 001
           INITIALIZE PRINT-BUF
           .

       Acu-Report1e-GH-2-SEC-FOOT.
           MOVE '      <!-- Ending DIV : to fill the Div Height -->' TO
              PRINT-BUF
           WRITE PRINTF-R FROM PRINT-BUF AFTER 001
           INITIALIZE PRINT-BUF
           STRING '      <DIV STYLE="POSITION:RELATIVE; HEIGHT:',
                  Report1e-GH-2-HEIGHT OF Report1e-HEIGHT, 
                  ';"> </DIV>'
              DELIMITED BY SIZE INTO PRINT-BUF.
           WRITE PRINTF-R FROM PRINT-BUF AFTER 001
           INITIALIZE PRINT-BUF
           MOVE '   <!-- End(Section) --></DIV>' TO PRINT-BUF
           WRITE PRINTF-R FROM PRINT-BUF AFTER 001
           .

       Acu-Report1e-GH-2-PRINT-RTN.
           MOVE 0 TO SECTION-HIGH-STACK
           MOVE Report1e-GH-2-DEF-HEIGHT TO Report1e-GH-2-HEIGHT
           PERFORM Acu-Report1e-GH-2-SEC-HEAD
      * RPT.Label : Report1e-RwLa-2
      *    BeforePrint
           MOVE '      <!-- Label (Report1e-RwLa-2) -->' TO PRINT-BUF
           WRITE PRINTF-R FROM PRINT-BUF AFTER 001
           INITIALIZE PRINT-BUF
           MOVE '      <DIV CLASS="Report1e-RwLa-2" >' TO PRINT-BUF
           WRITE PRINTF-R FROM PRINT-BUF AFTER 001
           INITIALIZE PRINT-BUF
           STRING '         <P><STRONG>',
                  'Branch:',
                  '</STRONG></P></DIV>'
              DELIMITED BY SIZE INTO PRINT-BUF
           WRITE PRINTF-R FROM PRINT-BUF AFTER 001
           INITIALIZE PRINT-BUF
      *    AfterPrint
      * RPT.Entry-Field : Report1e-RwEf-2
      *    BeforePrint
           MOVE '      <!-- Entry-Field (Report1e-RwEf-2) -->' TO
              PRINT-BUF
           WRITE PRINTF-R FROM PRINT-BUF AFTER 001
           INITIALIZE PRINT-BUF
           MOVE '      <DIV CLASS="Report1e-RwEf-2" >' TO PRINT-BUF
           WRITE PRINTF-R FROM PRINT-BUF AFTER 001
           INITIALIZE PRINT-BUF
           MOVE '         <P><STRONG>' TO PRINT-BUF
           WRITE PRINTF-R FROM PRINT-BUF AFTER 001
           INITIALIZE PRINT-BUF
           MOVE Sales-Branch-No TO PRINT-BUF
           WRITE PRINTF-R FROM PRINT-BUF AFTER 001
           INITIALIZE PRINT-BUF
           MOVE '         </STRONG></P></DIV>' TO PRINT-BUF
           WRITE PRINTF-R FROM PRINT-BUF AFTER 001
           INITIALIZE PRINT-BUF
      *    AfterPrint
           PERFORM Acu-Report1e-GH-2-SEC-FOOT
           .

       Acu-Report1e-Dtl-1-SEC-HEAD.
           MOVE '   <!-- Section (Report1e-Dtl-1) -->' TO PRINT-BUF
           WRITE PRINTF-R FROM PRINT-BUF AFTER 001
           INITIALIZE PRINT-BUF
           COMPUTE TMP-PIXELS = CNT-INPAGEPIXELS - HIGH-OFFSET-IN
           STRING '   <DIV STYLE="',
                  'POSITION:ABSOLUTE; TOP:', 
                  TMP-PIXELS,
                  '; LEFT:0',
                  '; WIDTH:816; ',
                  'FONT-SIZE:9pt; ',
                  'FONT-FAMILY:MS Sans Serif; ',
                  'COLOR:#000000; ',
                  'BACKGROUND-COLOR:', Report1e-Dtl-1-BGCOLOR ,
                  '">'
              DELIMITED BY SIZE INTO PRINT-BUF.
           WRITE PRINTF-R FROM PRINT-BUF AFTER 001
           INITIALIZE PRINT-BUF
           .

       Acu-Report1e-Dtl-1-SEC-FOOT.
           MOVE '      <!-- Ending DIV : to fill the Div Height -->' TO
              PRINT-BUF
           WRITE PRINTF-R FROM PRINT-BUF AFTER 001
           INITIALIZE PRINT-BUF
           STRING '      <DIV STYLE="POSITION:RELATIVE; HEIGHT:',
                  Report1e-Dtl-1-HEIGHT OF Report1e-HEIGHT, 
                  ';"> </DIV>'
              DELIMITED BY SIZE INTO PRINT-BUF.
           WRITE PRINTF-R FROM PRINT-BUF AFTER 001
           INITIALIZE PRINT-BUF
           MOVE '   <!-- End(Section) --></DIV>' TO PRINT-BUF
           WRITE PRINTF-R FROM PRINT-BUF AFTER 001
           .

       Acu-Report1e-Dtl-1-PRINT-RTN.
           MOVE 0 TO SECTION-HIGH-STACK
           MOVE Report1e-Dtl-1-DEF-HEIGHT TO Report1e-Dtl-1-HEIGHT
           PERFORM Acu-Report1e-Dtl-1-SEC-HEAD
      * RPT.Entry-Field : Report1e-RwEf-6
      *    BeforePrint
           MOVE '      <!-- Entry-Field (Report1e-RwEf-6) -->' TO
              PRINT-BUF
           WRITE PRINTF-R FROM PRINT-BUF AFTER 001
           INITIALIZE PRINT-BUF
           MOVE '      <DIV CLASS="Report1e-RwEf-6" >' TO PRINT-BUF
           WRITE PRINTF-R FROM PRINT-BUF AFTER 001
           INITIALIZE PRINT-BUF
           MOVE '         <P><STRONG>' TO PRINT-BUF
           WRITE PRINTF-R FROM PRINT-BUF AFTER 001
           INITIALIZE PRINT-BUF
           MOVE Sales-LastName TO PRINT-BUF
           WRITE PRINTF-R FROM PRINT-BUF AFTER 001
           INITIALIZE PRINT-BUF
           MOVE '         </STRONG></P></DIV>' TO PRINT-BUF
           WRITE PRINTF-R FROM PRINT-BUF AFTER 001
           INITIALIZE PRINT-BUF
      *    AfterPrint
      * RPT.Entry-Field : Report1e-RwEf-13
      *    BeforePrint
           MOVE '      <!-- Entry-Field (Report1e-RwEf-13) -->' TO
              PRINT-BUF
           WRITE PRINTF-R FROM PRINT-BUF AFTER 001
           INITIALIZE PRINT-BUF
           MOVE '      <DIV CLASS="Report1e-RwEf-13" >' TO PRINT-BUF
           WRITE PRINTF-R FROM PRINT-BUF AFTER 001
           INITIALIZE PRINT-BUF
           MOVE '         <P><STRONG>' TO PRINT-BUF
           WRITE PRINTF-R FROM PRINT-BUF AFTER 001
           INITIALIZE PRINT-BUF
           MOVE Sales-FirstName TO PRINT-BUF
           WRITE PRINTF-R FROM PRINT-BUF AFTER 001
           INITIALIZE PRINT-BUF
           MOVE '         </STRONG></P></DIV>' TO PRINT-BUF
           WRITE PRINTF-R FROM PRINT-BUF AFTER 001
           INITIALIZE PRINT-BUF
      *    AfterPrint
      * RPT.Entry-Field : Report1e-HeavySalesEF
           PERFORM Report1e-HeavySalesEF-BeforePrint
           MOVE '      <!-- Entry-Field (Report1e-HeavySalesEF) -->' TO
              PRINT-BUF
           WRITE PRINTF-R FROM PRINT-BUF AFTER 001
           INITIALIZE PRINT-BUF
           MOVE '      <DIV CLASS="Report1e-HeavySalesEF" >' TO
              PRINT-BUF
           WRITE PRINTF-R FROM PRINT-BUF AFTER 001
           INITIALIZE PRINT-BUF
           MOVE '         <P><STRONG>' TO PRINT-BUF
           WRITE PRINTF-R FROM PRINT-BUF AFTER 001
           INITIALIZE PRINT-BUF
           MOVE PR-Heavy-Sales TO PRINT-BUF
           WRITE PRINTF-R FROM PRINT-BUF AFTER 001
           INITIALIZE PRINT-BUF
           MOVE '         </STRONG></P></DIV>' TO PRINT-BUF
           WRITE PRINTF-R FROM PRINT-BUF AFTER 001
           INITIALIZE PRINT-BUF
      *    AfterPrint
      * RPT.Entry-Field : Report1e-SuppliesSalesEF
           PERFORM Report1e-SuppliesSalesEF-BeforePrint
           MOVE '      <!-- Entry-Field (Report1e-SuppliesSalesEF) -->'
               TO PRINT-BUF
           WRITE PRINTF-R FROM PRINT-BUF AFTER 001
           INITIALIZE PRINT-BUF
           MOVE '      <DIV CLASS="Report1e-SuppliesSalesEF" >' TO
              PRINT-BUF
           WRITE PRINTF-R FROM PRINT-BUF AFTER 001
           INITIALIZE PRINT-BUF
           MOVE '         <P><STRONG>' TO PRINT-BUF
           WRITE PRINTF-R FROM PRINT-BUF AFTER 001
           INITIALIZE PRINT-BUF
           MOVE PR-Supplies-Sales TO PRINT-BUF
           WRITE PRINTF-R FROM PRINT-BUF AFTER 001
           INITIALIZE PRINT-BUF
           MOVE '         </STRONG></P></DIV>' TO PRINT-BUF
           WRITE PRINTF-R FROM PRINT-BUF AFTER 001
           INITIALIZE PRINT-BUF
      *    AfterPrint
           PERFORM Acu-Report1e-Dtl-1-SEC-FOOT
           .

       Acu-Report1e-GF-1-SEC-HEAD.
           MOVE '   <!-- Section (Report1e-GF-1) -->' TO PRINT-BUF
           WRITE PRINTF-R FROM PRINT-BUF AFTER 001
           INITIALIZE PRINT-BUF
           COMPUTE TMP-PIXELS = CNT-INPAGEPIXELS - HIGH-OFFSET-IN
           STRING '   <DIV STYLE="',
                  'POSITION:ABSOLUTE; TOP:', 
                  TMP-PIXELS,
                  '; LEFT:0',
                  '; WIDTH:816; ',
                  'FONT-SIZE:9pt; ',
                  'FONT-FAMILY:MS Sans Serif; ',
                  'COLOR:#000000; ',
                  'BACKGROUND-COLOR:#FFFFFF; ',
                  '">'
              DELIMITED BY SIZE INTO PRINT-BUF.
           WRITE PRINTF-R FROM PRINT-BUF AFTER 001
           INITIALIZE PRINT-BUF
           .

       Acu-Report1e-GF-1-SEC-FOOT.
           MOVE '      <!-- Ending DIV : to fill the Div Height -->' TO
              PRINT-BUF
           WRITE PRINTF-R FROM PRINT-BUF AFTER 001
           INITIALIZE PRINT-BUF
           STRING '      <DIV STYLE="POSITION:RELATIVE; HEIGHT:',
                  Report1e-GF-1-HEIGHT OF Report1e-HEIGHT, 
                  ';"> </DIV>'
              DELIMITED BY SIZE INTO PRINT-BUF.
           WRITE PRINTF-R FROM PRINT-BUF AFTER 001
           INITIALIZE PRINT-BUF
           MOVE '   <!-- End(Section) --></DIV>' TO PRINT-BUF
           WRITE PRINTF-R FROM PRINT-BUF AFTER 001
           .

       Acu-Report1e-GF-1-PRINT-RTN.
           MOVE 0 TO SECTION-HIGH-STACK
           MOVE Report1e-GF-1-DEF-HEIGHT TO Report1e-GF-1-HEIGHT
           PERFORM Acu-Report1e-GF-1-SEC-HEAD
      * RPT.Label : Report1e-RwLa-7
      *    BeforePrint
           MOVE '      <!-- Label (Report1e-RwLa-7) -->' TO PRINT-BUF
           WRITE PRINTF-R FROM PRINT-BUF AFTER 001
           INITIALIZE PRINT-BUF
           MOVE '      <DIV CLASS="Report1e-RwLa-7" >' TO PRINT-BUF
           WRITE PRINTF-R FROM PRINT-BUF AFTER 001
           INITIALIZE PRINT-BUF
           STRING '         <P><STRONG>',
                  'Totals&nbsp;for&nbsp;Branch:',
                  '</STRONG></P></DIV>'
              DELIMITED BY SIZE INTO PRINT-BUF
           WRITE PRINTF-R FROM PRINT-BUF AFTER 001
           INITIALIZE PRINT-BUF
      *    AfterPrint
      * RPT.Entry-Field : Report1e-RwEf-7
      *    BeforePrint
           MOVE '      <!-- Entry-Field (Report1e-RwEf-7) -->' TO
              PRINT-BUF
           WRITE PRINTF-R FROM PRINT-BUF AFTER 001
           INITIALIZE PRINT-BUF
           MOVE '      <DIV CLASS="Report1e-RwEf-7" >' TO PRINT-BUF
           WRITE PRINTF-R FROM PRINT-BUF AFTER 001
           INITIALIZE PRINT-BUF
           MOVE '         <P><STRONG>' TO PRINT-BUF
           WRITE PRINTF-R FROM PRINT-BUF AFTER 001
           INITIALIZE PRINT-BUF
           MOVE Sales-Branch-No-Save TO PRINT-BUF
           WRITE PRINTF-R FROM PRINT-BUF AFTER 001
           INITIALIZE PRINT-BUF
           MOVE '         </STRONG></P></DIV>' TO PRINT-BUF
           WRITE PRINTF-R FROM PRINT-BUF AFTER 001
           INITIALIZE PRINT-BUF
      *    AfterPrint
      * RPT.Entry-Field : Report1e-TotalBranchHeavyEF
           PERFORM Report1e-TotalBranchHeavyEF-BeforePrint
           MOVE '      <!-- Entry-Field (Report1e-TotalBranchHeavyEF) --
      -       '>' TO PRINT-BUF
           WRITE PRINTF-R FROM PRINT-BUF AFTER 001
           INITIALIZE PRINT-BUF
           MOVE '      <DIV CLASS="Report1e-TotalBranchHeavyEF" >' TO
              PRINT-BUF
           WRITE PRINTF-R FROM PRINT-BUF AFTER 001
           INITIALIZE PRINT-BUF
           MOVE '         <P><STRONG>' TO PRINT-BUF
           WRITE PRINTF-R FROM PRINT-BUF AFTER 001
           INITIALIZE PRINT-BUF
           MOVE PR-Total-Branch-Heavy-Sales TO PRINT-BUF
           WRITE PRINTF-R FROM PRINT-BUF AFTER 001
           INITIALIZE PRINT-BUF
           MOVE '         </STRONG></P></DIV>' TO PRINT-BUF
           WRITE PRINTF-R FROM PRINT-BUF AFTER 001
           INITIALIZE PRINT-BUF
      *    AfterPrint
      * RPT.Entry-Field : Report1e-TotalBranchSuppliesEF
           PERFORM Report1e-TotalBranchSuppliesEF-BeforePrint
           MOVE '      <!-- Entry-Field (Report1e-TotalBranchSuppliesEF)
      -       ' -->' TO PRINT-BUF
           WRITE PRINTF-R FROM PRINT-BUF AFTER 001
           INITIALIZE PRINT-BUF
           MOVE '      <DIV CLASS="Report1e-TotalBranchSuppliesEF" >' TO
              PRINT-BUF
           WRITE PRINTF-R FROM PRINT-BUF AFTER 001
           INITIALIZE PRINT-BUF
           MOVE '         <P><STRONG>' TO PRINT-BUF
           WRITE PRINTF-R FROM PRINT-BUF AFTER 001
           INITIALIZE PRINT-BUF
           MOVE PR-Total-Branch-Supplies-Sales TO PRINT-BUF
           WRITE PRINTF-R FROM PRINT-BUF AFTER 001
           INITIALIZE PRINT-BUF
           MOVE '         </STRONG></P></DIV>' TO PRINT-BUF
           WRITE PRINTF-R FROM PRINT-BUF AFTER 001
           INITIALIZE PRINT-BUF
      *    AfterPrint
           PERFORM Acu-Report1e-GF-1-SEC-FOOT
           .

       Acu-Report1e-GF-2-SEC-HEAD.
           MOVE '   <!-- Section (Report1e-GF-2) -->' TO PRINT-BUF
           WRITE PRINTF-R FROM PRINT-BUF AFTER 001
           INITIALIZE PRINT-BUF
           COMPUTE TMP-PIXELS = CNT-INPAGEPIXELS - HIGH-OFFSET-IN
           STRING '   <DIV STYLE="',
                  'POSITION:ABSOLUTE; TOP:', 
                  TMP-PIXELS,
                  '; LEFT:0',
                  '; WIDTH:816; ',
                  'FONT-SIZE:9pt; ',
                  'FONT-FAMILY:MS Sans Serif; ',
                  'COLOR:#000000; ',
                  'BACKGROUND-COLOR:#FFFFFF; ',
                  '">'
              DELIMITED BY SIZE INTO PRINT-BUF.
           WRITE PRINTF-R FROM PRINT-BUF AFTER 001
           INITIALIZE PRINT-BUF
           .

       Acu-Report1e-GF-2-SEC-FOOT.
           MOVE '      <!-- Ending DIV : to fill the Div Height -->' TO
              PRINT-BUF
           WRITE PRINTF-R FROM PRINT-BUF AFTER 001
           INITIALIZE PRINT-BUF
           STRING '      <DIV STYLE="POSITION:RELATIVE; HEIGHT:',
                  Report1e-GF-2-HEIGHT OF Report1e-HEIGHT, 
                  ';"> </DIV>'
              DELIMITED BY SIZE INTO PRINT-BUF.
           WRITE PRINTF-R FROM PRINT-BUF AFTER 001
           INITIALIZE PRINT-BUF
           MOVE '   <!-- End(Section) --></DIV>' TO PRINT-BUF
           WRITE PRINTF-R FROM PRINT-BUF AFTER 001
           .

       Acu-Report1e-GF-2-PRINT-RTN.
           MOVE 0 TO SECTION-HIGH-STACK
           MOVE Report1e-GF-2-DEF-HEIGHT TO Report1e-GF-2-HEIGHT
           PERFORM Acu-Report1e-GF-2-SEC-HEAD
      * RPT.Label : Report1e-RwLa-8
      *    BeforePrint
           MOVE '      <!-- Label (Report1e-RwLa-8) -->' TO PRINT-BUF
           WRITE PRINTF-R FROM PRINT-BUF AFTER 001
           INITIALIZE PRINT-BUF
           MOVE '      <DIV CLASS="Report1e-RwLa-8" >' TO PRINT-BUF
           WRITE PRINTF-R FROM PRINT-BUF AFTER 001
           INITIALIZE PRINT-BUF
           STRING '         <P><STRONG>',
                  'Totals&nbsp;for&nbsp;State:',
                  '</STRONG></P></DIV>'
              DELIMITED BY SIZE INTO PRINT-BUF
           WRITE PRINTF-R FROM PRINT-BUF AFTER 001
           INITIALIZE PRINT-BUF
      *    AfterPrint
      * RPT.Entry-Field : Report1e-RwEf-8
      *    BeforePrint
           MOVE '      <!-- Entry-Field (Report1e-RwEf-8) -->' TO
              PRINT-BUF
           WRITE PRINTF-R FROM PRINT-BUF AFTER 001
           INITIALIZE PRINT-BUF
           MOVE '      <DIV CLASS="Report1e-RwEf-8" >' TO PRINT-BUF
           WRITE PRINTF-R FROM PRINT-BUF AFTER 001
           INITIALIZE PRINT-BUF
           MOVE '         <P><STRONG>' TO PRINT-BUF
           WRITE PRINTF-R FROM PRINT-BUF AFTER 001
           INITIALIZE PRINT-BUF
           MOVE Sales-State-Save TO PRINT-BUF
           WRITE PRINTF-R FROM PRINT-BUF AFTER 001
           INITIALIZE PRINT-BUF
           MOVE '         </STRONG></P></DIV>' TO PRINT-BUF
           WRITE PRINTF-R FROM PRINT-BUF AFTER 001
           INITIALIZE PRINT-BUF
      *    AfterPrint
      * RPT.Entry-Field : Report1e-TotalStateHeavyEF
           PERFORM Report1e-TotalStateHeavyEF-BeforePrint
           MOVE '      <!-- Entry-Field (Report1e-TotalStateHeavyEF) -->
      -       '' TO PRINT-BUF
           WRITE PRINTF-R FROM PRINT-BUF AFTER 001
           INITIALIZE PRINT-BUF
           MOVE '      <DIV CLASS="Report1e-TotalStateHeavyEF" >' TO
              PRINT-BUF
           WRITE PRINTF-R FROM PRINT-BUF AFTER 001
           INITIALIZE PRINT-BUF
           MOVE '         <P><STRONG>' TO PRINT-BUF
           WRITE PRINTF-R FROM PRINT-BUF AFTER 001
           INITIALIZE PRINT-BUF
           MOVE PR-Total-State-Heavy-Sales TO PRINT-BUF
           WRITE PRINTF-R FROM PRINT-BUF AFTER 001
           INITIALIZE PRINT-BUF
           MOVE '         </STRONG></P></DIV>' TO PRINT-BUF
           WRITE PRINTF-R FROM PRINT-BUF AFTER 001
           INITIALIZE PRINT-BUF
      *    AfterPrint
      * RPT.Entry-Field : Report1e-TotalStateSuppliesEF
           PERFORM Report1e-TotalStateSuppliesEF-BeforePrint
           MOVE '      <!-- Entry-Field (Report1e-TotalStateSuppliesEF) 
      -       '-->' TO PRINT-BUF
           WRITE PRINTF-R FROM PRINT-BUF AFTER 001
           INITIALIZE PRINT-BUF
           MOVE '      <DIV CLASS="Report1e-TotalStateSuppliesEF" >' TO
              PRINT-BUF
           WRITE PRINTF-R FROM PRINT-BUF AFTER 001
           INITIALIZE PRINT-BUF
           MOVE '         <P><STRONG>' TO PRINT-BUF
           WRITE PRINTF-R FROM PRINT-BUF AFTER 001
           INITIALIZE PRINT-BUF
           MOVE PR-Total-State-Supplies-Sales TO PRINT-BUF
           WRITE PRINTF-R FROM PRINT-BUF AFTER 001
           INITIALIZE PRINT-BUF
           MOVE '         </STRONG></P></DIV>' TO PRINT-BUF
           WRITE PRINTF-R FROM PRINT-BUF AFTER 001
           INITIALIZE PRINT-BUF
      *    AfterPrint
           PERFORM Acu-Report1e-GF-2-SEC-FOOT
           .

       Acu-Report1e-PF-1-SEC-HEAD.
           MOVE '   <!-- Section (Report1e-PF-1) -->' TO PRINT-BUF
           WRITE PRINTF-R FROM PRINT-BUF AFTER 001
           INITIALIZE PRINT-BUF
           COMPUTE TMP-PIXELS = CNT-INPAGEPIXELS - HIGH-OFFSET-IN
           STRING '   <DIV STYLE="',
                  'POSITION:ABSOLUTE; TOP:', 
                  TMP-PIXELS,
                  '; LEFT:0',
                  '; WIDTH:816; ',
                  'FONT-SIZE:9pt; ',
                  'FONT-FAMILY:MS Sans Serif; ',
                  'COLOR:#000000; ',
                  'BACKGROUND-COLOR:#FFFFFF; ',
                  '">'
              DELIMITED BY SIZE INTO PRINT-BUF.
           WRITE PRINTF-R FROM PRINT-BUF AFTER 001
           INITIALIZE PRINT-BUF
           .

       Acu-Report1e-PF-1-SEC-FOOT.
           MOVE '      <!-- Ending DIV : to fill the Div Height -->' TO
              PRINT-BUF
           WRITE PRINTF-R FROM PRINT-BUF AFTER 001
           INITIALIZE PRINT-BUF
           STRING '      <DIV STYLE="POSITION:RELATIVE; HEIGHT:',
                  Report1e-PF-1-HEIGHT OF Report1e-HEIGHT, 
                  ';"> </DIV>'
              DELIMITED BY SIZE INTO PRINT-BUF.
           WRITE PRINTF-R FROM PRINT-BUF AFTER 001
           INITIALIZE PRINT-BUF
           MOVE '   <!-- End(Section) --></DIV>' TO PRINT-BUF
           WRITE PRINTF-R FROM PRINT-BUF AFTER 001
           .

       Acu-Report1e-PF-1-PRINT-RTN.
           MOVE 0 TO SECTION-HIGH-STACK
           MOVE Report1e-PF-1-DEF-HEIGHT TO Report1e-PF-1-HEIGHT
           PERFORM Acu-Report1e-PF-1-SEC-HEAD
           PERFORM Acu-Report1e-PF-1-SEC-FOOT
           .


       Acu-PRINTF-OPEN-ROUTINE.
           OPEN   OUTPUT               PRINTF WITH NO REWIND.
           MOVE   STAT-PRINTF          TO    STAT-PRINTF.
           IF     NOT VALID-PRINTF
                  MOVE   "PRINTF"      TO   ACU-ERR-FILE.

       Acu-PRINTF-CLOSE-ROUTINE.
           CLOSE       PRINTF.
           
