ANGELA (Client)	Fri Dec 15 16:20:13 2006
	INET/inet_error: send errno = 10053

ANGELA (Client)	Fri Dec 15 16:20:14 2006
	INET/inet_error: send errno = 10053

ANGELA (Client)	Fri Dec 15 16:20:15 2006
	INET/inet_error: send errno = 10053

ANGELA (Client)	Fri Dec 15 16:20:16 2006
	INET/inet_error: send errno = 10053

ANGELA (Client)	Fri Dec 15 16:20:17 2006
	INET/inet_error: send errno = 10053

ANGELA (Client)	Fri Dec 15 16:20:19 2006
	INET/inet_error: send errno = 10053

ANGELA (Client)	Fri Dec 15 16:20:24 2006
	INET/inet_error: send errno = 10053

ANGELA (Client)	Fri Dec 15 16:25:32 2006
	INET/inet_error: send errno = 10053

ANGELA (Client)	Fri Dec 15 16:25:33 2006
	INET/inet_error: send errno = 10053

ANGELA (Client)	Fri Dec 15 16:25:34 2006
	INET/inet_error: send errno = 10053

ANGELA (Client)	Fri Dec 15 16:25:34 2006
	INET/inet_error: send errno = 10053

ANGELA (Client)	Fri Dec 15 16:25:35 2006
	INET/inet_error: send errno = 10053

ANGELA (Client)	Fri Dec 15 16:25:36 2006
	INET/inet_error: send errno = 10053

ANGELA (Client)	Fri Dec 15 16:25:36 2006
	INET/inet_error: send errno = 10053

ANGELA (Client)	Fri Dec 15 16:25:37 2006
	INET/inet_error: send errno = 10053

ANGELA (Client)	Fri Dec 22 18:55:58 2006
	INET/inet_error: send errno = 10053

ANGELA (Client)	Fri Dec 22 18:55:59 2006
	INET/inet_error: send errno = 10053

ANGELA (Client)	Fri Dec 22 18:56:01 2006
	INET/inet_error: send errno = 10053

ANGELA (Client)	Fri Dec 22 18:56:02 2006
	INET/inet_error: send errno = 10053

ANGELA (Client)	Fri Dec 22 18:56:03 2006
	INET/inet_error: send errno = 10053

ANGELA (Client)	Fri Dec 22 18:56:05 2006
	INET/inet_error: send errno = 10053

ANGELA (Client)	Tue Mar 27 08:59:30 2007
	INET/inet_error: connect errno = 10061

ANGELA (Client)	Tue Mar 27 08:59:33 2007
	INET/inet_error: connect errno = 10061

ANGELA (Client)	Fri Aug 17 09:15:55 2007
	INET/inet_error: send errno = 10053

ANGELA (Client)	Fri Aug 17 09:18:38 2007
	INET/inet_error: send errno = 10053

ANGELA (Client)	Fri Aug 17 09:20:40 2007
	INET/inet_error: send errno = 10053

ANGELA (Client)	Fri Aug 17 09:21:46 2007
	INET/inet_error: send errno = 10053

ANGELA (Client)	Fri Aug 17 09:23:22 2007
	INET/inet_error: send errno = 10053

ANGELA (Client)	Fri Aug 17 09:24:23 2007
	INET/inet_error: send errno = 10053

ANGELA (Client)	Fri Aug 17 09:24:47 2007
	INET/inet_error: send errno = 10053

ANGELA (Client)	Fri Aug 17 09:24:48 2007
	INET/inet_error: send errno = 10053

ANGELA (Client)	Fri Aug 17 09:24:52 2007
	INET/inet_error: send errno = 10053

ANGELA (Client)	Fri Aug 17 09:24:57 2007
	INET/inet_error: send errno = 10053

ANGELA (Client)	Fri Aug 17 09:25:00 2007
	INET/inet_error: send errno = 10053

ANGELA (Client)	Fri Aug 17 09:25:03 2007
	INET/inet_error: send errno = 10053

ANGELA (Client)	Fri Aug 17 09:25:05 2007
	INET/inet_error: send errno = 10053

ANGELA (Client)	Fri Aug 17 09:25:09 2007
	INET/inet_error: send errno = 10053

ANGELA (Client)	Fri Aug 17 09:25:14 2007
	INET/inet_error: send errno = 10053

ANGELA (Client)	Fri Aug 17 09:25:17 2007
	INET/inet_error: send errno = 10053

ANGELA (Client)	Fri Aug 17 09:25:20 2007
	INET/inet_error: send errno = 10053

ANGELA (Client)	Fri Aug 17 09:25:24 2007
	INET/inet_error: send errno = 10053

ANGELA (Client)	Fri Aug 17 09:25:26 2007
	INET/inet_error: send errno = 10053

ANGELA (Client)	Fri Aug 17 09:25:28 2007
	INET/inet_error: send errno = 10053

ANGELA (Client)	Fri Aug 17 09:25:31 2007
	INET/inet_error: send errno = 10053

ANGELA (Client)	Mon Sep 10 14:25:22 2007
	INET/inet_error: connect errno = 10060

ANGELA (Client)	Mon Sep 10 14:25:47 2007
	INET/inet_error: connect errno = 10060

ANGELA (Client)	Mon Sep 10 14:28:06 2007
	INET/inet_error: connect errno = 10060

ANGELA (Client)	Mon Sep 10 14:28:31 2007
	INET/inet_error: connect errno = 10060

ANGELA (Client)	Tue Nov 13 08:42:26 2007
	INET/inet_error: connect errno = 10060

ANGELA (Client)	Tue Nov 13 08:42:51 2007
	INET/inet_error: connect errno = 10060

ANGELA (Client)	Tue Dec 04 09:51:35 2007
	INET/inet_error: send errno = 10054

ANGELA (Client)	Tue Dec 04 09:52:50 2007
	INET/inet_error: send errno = 10054

ANGELA (Client)	Tue Dec 04 09:52:52 2007
	INET/inet_error: send errno = 10054

ANGELA (Client)	Tue Dec 04 09:52:53 2007
	INET/inet_error: send errno = 10054

ANGELA (Client)	Tue Dec 04 09:53:16 2007
	INET/inet_error: send errno = 10054

ANGELA (Client)	Tue Dec 04 09:53:17 2007
	INET/inet_error: send errno = 10054

ANGELA (Client)	Tue Dec 04 09:53:17 2007
	INET/inet_error: send errno = 10054

ANGELA (Client)	Tue Dec 04 09:53:18 2007
	INET/inet_error: send errno = 10054

ANGELA (Client)	Tue Dec 04 09:53:18 2007
	INET/inet_error: send errno = 10054

ANGELA (Client)	Tue Dec 04 09:53:18 2007
	INET/inet_error: send errno = 10054

ANGELA (Client)	Tue Dec 04 09:53:20 2007
	INET/inet_error: send errno = 10054

ANGELA (Client)	Tue Dec 04 09:53:22 2007
	INET/inet_error: send errno = 10054

ANGELA (Client)	Tue Dec 04 09:53:22 2007
	INET/inet_error: send errno = 10054

ANGELA (Client)	Tue Dec 04 09:53:24 2007
	INET/inet_error: send errno = 10054

ANGELA (Client)	Tue Dec 04 09:53:24 2007
	INET/inet_error: send errno = 10054

ANGELA (Client)	Tue Dec 04 09:53:24 2007
	INET/inet_error: send errno = 10054

ANGELA (Client)	Tue Dec 04 09:53:25 2007
	INET/inet_error: send errno = 10054

ANGELA (Client)	Tue Dec 04 09:53:25 2007
	INET/inet_error: send errno = 10054

ANGELA (Client)	Tue Dec 04 09:53:26 2007
	INET/inet_error: send errno = 10054

ANGELA (Client)	Tue Dec 04 09:53:27 2007
	INET/inet_error: send errno = 10054

ANGELA (Client)	Tue Dec 04 09:53:28 2007
	INET/inet_error: send errno = 10054

ANGELA (Client)	Tue Dec 04 09:53:29 2007
	INET/inet_error: send errno = 10054

ANGELA (Client)	Tue Dec 04 09:53:29 2007
	INET/inet_error: send errno = 10054

ANGELA (Client)	Tue Dec 04 09:53:29 2007
	INET/inet_error: send errno = 10054

ANGELA (Client)	Tue Dec 04 09:53:30 2007
	INET/inet_error: send errno = 10054

ANGELA (Client)	Tue Dec 04 09:53:30 2007
	INET/inet_error: send errno = 10054

ANGELA (Client)	Tue Dec 04 09:53:31 2007
	INET/inet_error: send errno = 10054

ANGELA (Client)	Tue Dec 04 09:53:32 2007
	INET/inet_error: send errno = 10054

ANGELA (Client)	Tue Dec 04 09:53:33 2007
	INET/inet_error: send errno = 10054

ANGELA (Client)	Tue Dec 04 09:53:34 2007
	INET/inet_error: send errno = 10054

ANGELA (Client)	Tue Dec 04 09:53:35 2007
	INET/inet_error: send errno = 10054

ANGELA (Client)	Tue Dec 04 09:53:35 2007
	INET/inet_error: send errno = 10054

ANGELA (Client)	Tue Dec 04 09:53:35 2007
	INET/inet_error: send errno = 10054

ANGELA (Client)	Tue Dec 04 09:53:35 2007
	INET/inet_error: send errno = 10054

ANGELA (Client)	Tue Dec 04 09:53:49 2007
	INET/inet_error: send errno = 10054

ANGELA (Client)	Tue Dec 04 09:53:53 2007
	INET/inet_error: send errno = 10054

ANGELA (Client)	Tue Dec 04 09:53:53 2007
	INET/inet_error: send errno = 10054

ANGELA (Client)	Tue Dec 04 09:53:55 2007
	INET/inet_error: send errno = 10054

ANGELA (Client)	Tue Dec 04 09:53:56 2007
	INET/inet_error: send errno = 10054

ANGELA (Client)	Tue Dec 04 09:53:56 2007
	INET/inet_error: send errno = 10054

ANGELA (Client)	Tue Dec 04 09:53:56 2007
	INET/inet_error: send errno = 10054

ANGELA (Client)	Tue Dec 04 09:53:57 2007
	INET/inet_error: send errno = 10054

ANGELA (Client)	Tue Dec 04 09:53:59 2007
	INET/inet_error: send errno = 10054

ANGELA (Client)	Thu Dec 06 08:28:05 2007
	INET/inet_error: connect errno = 10061

ANGELA (Client)	Thu Dec 06 08:28:08 2007
	INET/inet_error: connect errno = 10061

ANGELA (Client)	Thu Dec 06 08:30:07 2007
	INET/inet_error: connect errno = 10061

ANGELA (Client)	Thu Dec 06 08:30:10 2007
	INET/inet_error: connect errno = 10061

ANGELA (Client)	Thu Dec 06 11:45:34 2007
	INET/inet_error: connect errno = 10060

ANGELA (Client)	Thu Dec 06 11:45:58 2007
	INET/inet_error: connect errno = 10060

ANGELA (Client)	Mon Jun 16 10:39:25 2008
	INET/inet_error: send errno = 10053

ANGELA (Client)	Mon Jun 16 10:39:26 2008
	INET/inet_error: send errno = 10053

ANGELA (Client)	Mon Jun 16 10:39:26 2008
	INET/inet_error: send errno = 10053

ANGELA (Client)	Mon Jun 16 10:39:27 2008
	INET/inet_error: send errno = 10053

ANGELA (Client)	Mon Jun 16 10:39:28 2008
	INET/inet_error: send errno = 10053

ANGELA (Client)	Mon Jun 16 10:39:29 2008
	INET/inet_error: send errno = 10053

ANGELA (Client)	Mon Jun 16 10:39:29 2008
	INET/inet_error: send errno = 10053

ANGELA (Client)	Mon Jun 16 10:39:30 2008
	INET/inet_error: send errno = 10053

ANGELA (Client)	Mon Jun 16 10:39:30 2008
	INET/inet_error: send errno = 10053

ANGELA (Client)	Mon Jun 16 10:39:31 2008
	INET/inet_error: send errno = 10053

ANGELA (Client)	Mon Jun 16 10:39:32 2008
	INET/inet_error: send errno = 10053

ANGELA (Client)	Mon Jun 16 10:39:33 2008
	INET/inet_error: send errno = 10053

ANGELA (Client)	Mon Jun 16 10:39:33 2008
	INET/inet_error: send errno = 10053

ANGELA (Client)	Mon Jun 16 10:39:33 2008
	INET/inet_error: send errno = 10053

ANGELA (Client)	Mon Jun 16 10:39:34 2008
	INET/inet_error: send errno = 10053

ANGELA (Client)	Mon Jun 16 10:39:37 2008
	INET/inet_error: send errno = 10053

ANGELA (Client)	Mon Jun 16 10:39:38 2008
	INET/inet_error: send errno = 10053

ANGELA (Client)	Mon Jun 16 10:39:41 2008
	INET/inet_error: send errno = 10053

ANGELA (Client)	Mon Jun 16 10:39:43 2008
	INET/inet_error: send errno = 10053

ANGELA (Client)	Mon Jun 16 10:39:45 2008
	INET/inet_error: send errno = 10053

ANGELA (Client)	Mon Jun 16 10:39:46 2008
	INET/inet_error: send errno = 10053

ANGELA (Client)	Mon Jun 16 10:39:49 2008
	INET/inet_error: send errno = 10053

ANGELA (Client)	Mon Jun 16 10:39:50 2008
	INET/inet_error: send errno = 10053

ANGELA (Client)	Mon Jun 23 09:55:51 2008
	INET/inet_error: read errno = 10054

ANGELA (Client)	Mon Jun 23 09:55:51 2008
	INET/inet_error: receive in try_connect errno = 203

ANGELA (Client)	Mon Jun 23 09:56:37 2008
	INET/inet_error: read errno = 10054

ANGELA (Client)	Mon Jun 23 09:56:37 2008
	INET/inet_error: receive in try_connect errno = 203

ANGELA (Client)	Mon Jun 23 10:26:59 2008
	INET/inet_error: read errno = 10054

ANGELA (Client)	Mon Jun 23 10:26:59 2008
	INET/inet_error: receive in try_connect errno = 203

ANGELA (Client)	Sat Jul 12 10:05:34 2008
	INET/inet_error: connect errno = 10061

ANGELA (Client)	Sat Jul 12 10:05:37 2008
	INET/inet_error: connect errno = 10061

ANGELA (Client)	Thu Aug 21 08:44:42 2008
	INET/inet_error: read errno = 10054

ANGELA (Client)	Thu Aug 21 08:44:42 2008
	INET/inet_error: receive in try_connect errno = 203

ANGELA (Client)	Thu Aug 21 08:44:44 2008
	INET/inet_error: read errno = 10054

ANGELA (Client)	Thu Aug 21 08:44:44 2008
	INET/inet_error: receive in try_connect errno = 203

ANGELA (Client)	Thu Aug 28 15:22:22 2008
	INET/inet_error: send errno = 10053

ANGELA (Client)	Thu Aug 28 15:24:04 2008
	INET/inet_error: send errno = 10053

ANGELA (Client)	Thu Aug 28 15:24:05 2008
	INET/inet_error: send errno = 10053

ANGELA (Client)	Thu Aug 28 15:24:06 2008
	INET/inet_error: send errno = 10053

ANGELA (Client)	Thu Aug 28 15:24:10 2008
	INET/inet_error: send errno = 10053

ANGELA (Client)	Thu Aug 28 15:24:12 2008
	INET/inet_error: send errno = 10053

ANGELA (Client)	Thu Aug 28 15:24:15 2008
	INET/inet_error: send errno = 10053

ANGELA (Client)	Thu Aug 28 15:24:16 2008
	INET/inet_error: send errno = 10053

ANGELA (Client)	Thu Aug 28 15:24:17 2008
	INET/inet_error: send errno = 10053

ANGELA (Client)	Thu Aug 28 15:24:17 2008
	INET/inet_error: send errno = 10053

ANGELA (Client)	Fri Aug 29 08:45:28 2008
	INET/inet_error: read errno = 10054

ANGELA (Client)	Fri Aug 29 08:45:28 2008
	INET/inet_error: receive in try_connect errno = 203

ANGELA (Client)	Fri Aug 29 10:12:25 2008
	INET/inet_error: send errno = 10053

ANGELA (Client)	Fri Aug 29 10:13:31 2008
	INET/inet_error: send errno = 10053

ANGELA (Client)	Fri Aug 29 10:13:32 2008
	INET/inet_error: send errno = 10053

ANGELA (Client)	Fri Aug 29 10:13:33 2008
	INET/inet_error: send errno = 10053

ANGELA (Client)	Fri Aug 29 10:13:34 2008
	INET/inet_error: send errno = 10053

ANGELA (Client)	Fri Aug 29 10:13:35 2008
	INET/inet_error: send errno = 10053

ANGELA (Client)	Fri Aug 29 10:13:35 2008
	INET/inet_error: send errno = 10053

ANGELA (Client)	Fri Aug 29 10:13:35 2008
	INET/inet_error: send errno = 10053

ANGELA (Client)	Fri Aug 29 10:13:37 2008
	INET/inet_error: send errno = 10053

MOYSES (Client)	Tue Apr 14 09:33:53 2009
	INET/inet_error: connect errno = 10060

MOYSES (Client)	Tue Jun 30 10:48:25 2009
	INET/inet_error: read errno = 10054

MOYSES (Client)	Tue Jun 30 10:48:25 2009
	INET/inet_error: receive in try_connect errno = 203

MOYSES (Client)	Tue Jun 30 10:48:27 2009
	INET/inet_error: read errno = 10054

MOYSES (Client)	Tue Jun 30 10:48:27 2009
	INET/inet_error: receive in try_connect errno = 203

MOYSES (Client)	Tue Jun 30 10:48:36 2009
	INET/inet_error: read errno = 10054

MOYSES (Client)	Tue Jun 30 10:48:36 2009
	INET/inet_error: receive in try_connect errno = 203

MOYSES (Client)	Tue Jun 30 10:48:38 2009
	INET/inet_error: read errno = 10054

MOYSES (Client)	Tue Jun 30 10:48:38 2009
	INET/inet_error: receive in try_connect errno = 203

MOYSES (Client)	Tue Jun 30 10:51:43 2009
	INET/inet_error: read errno = 10054

MOYSES (Client)	Tue Jun 30 10:51:43 2009
	INET/inet_error: receive in try_connect errno = 203

MOYSES (Client)	Tue Jun 30 10:51:45 2009
	INET/inet_error: read errno = 10054

MOYSES (Client)	Tue Jun 30 10:51:45 2009
	INET/inet_error: receive in try_connect errno = 203

MOYSES (Client)	Tue Jun 30 15:24:20 2009
	INET/inet_error: send errno = 10053

MOYSES (Client)	Tue Jun 30 15:25:24 2009
	INET/inet_error: send errno = 10053

MOYSES (Client)	Tue Jun 30 15:26:31 2009
	INET/inet_error: send errno = 10053

MOYSES (Client)	Tue Jun 30 15:27:40 2009
	INET/inet_error: send errno = 10053

MOYSES (Client)	Tue Jun 30 15:28:43 2009
	INET/inet_error: send errno = 10053

MOYSES (Client)	Tue Jun 30 15:29:45 2009
	INET/inet_error: send errno = 10053

MOYSES (Client)	Tue Jun 30 15:30:50 2009
	INET/inet_error: send errno = 10053

MOYSES (Client)	Tue Jun 30 15:31:53 2009
	INET/inet_error: send errno = 10053

MOYSES (Client)	Tue Jun 30 15:32:56 2009
	INET/inet_error: send errno = 10053

ANGELA (Client)	Tue Jun 30 15:26:45 2009
	INET/inet_error: send errno = 10053

ANGELA (Client)	Tue Jun 30 15:27:03 2009
	INET/inet_error: send errno = 10053

ANGELA (Client)	Tue Jun 30 15:27:04 2009
	INET/inet_error: send errno = 10053

ANGELA (Client)	Tue Jun 30 15:27:05 2009
	INET/inet_error: send errno = 10053

ANGELA (Client)	Tue Jun 30 15:27:06 2009
	INET/inet_error: send errno = 10053

ANGELA (Client)	Tue Jun 30 15:27:06 2009
	INET/inet_error: send errno = 10053

ANGELA (Client)	Tue Jun 30 15:27:07 2009
	INET/inet_error: send errno = 10053

ANGELA (Client)	Tue Jun 30 15:27:08 2009
	INET/inet_error: send errno = 10053

ANGELA (Client)	Tue Jun 30 15:27:08 2009
	INET/inet_error: send errno = 10053

ANGELA (Client)	Tue Jun 30 15:27:08 2009
	INET/inet_error: send errno = 10053

MOYSES (Client)	Tue Jun 30 15:34:01 2009
	INET/inet_error: send errno = 10053

MOYSES (Client)	Tue Jun 30 15:35:03 2009
	INET/inet_error: send errno = 10053

MOYSES (Client)	Tue Jun 30 15:35:13 2009
	INET/inet_error: send errno = 10053

MOYSES (Client)	Tue Jun 30 15:35:14 2009
	INET/inet_error: send errno = 10053

MOYSES (Client)	Tue Jun 30 15:35:18 2009
	INET/inet_error: send errno = 10053

MOYSES (Client)	Tue Jun 30 15:35:18 2009
	INET/inet_error: send errno = 10053

MOYSES (Client)	Tue Jun 30 15:35:20 2009
	INET/inet_error: send errno = 10053

MOYSES (Client)	Mon Jul 13 11:00:06 2009
	INET/inet_error: send errno = 10053

MOYSES (Client)	Mon Jul 13 11:00:07 2009
	INET/inet_error: send errno = 10053

MOYSES (Client)	Mon Jul 13 11:00:10 2009
	INET/inet_error: send errno = 10053

MOYSES (Client)	Mon Jul 13 11:00:11 2009
	INET/inet_error: send errno = 10053

MOYSES (Client)	Mon Jul 13 11:00:12 2009
	INET/inet_error: send errno = 10053

ANGELA (Client)	Mon Jul 13 11:02:18 2009
	INET/inet_error: send errno = 10053

ANGELA (Client)	Mon Jul 13 11:02:22 2009
	INET/inet_error: send errno = 10053

ANGELA (Client)	Mon Jul 13 11:02:28 2009
	INET/inet_error: send errno = 10053

ANGELA (Client)	Mon Jul 13 11:02:30 2009
	INET/inet_error: send errno = 10053

ANGELA (Client)	Mon Jul 13 11:02:31 2009
	INET/inet_error: send errno = 10053

ANGELA (Client)	Mon Jul 13 11:02:32 2009
	INET/inet_error: send errno = 10053

ANGELA (Client)	Mon Jul 13 11:02:32 2009
	INET/inet_error: send errno = 10053

ANGELA (Client)	Mon Jul 13 11:02:32 2009
	INET/inet_error: send errno = 10053

ANGELA (Client)	Mon Jul 13 11:02:33 2009
	INET/inet_error: send errno = 10053

ANGELA (Client)	Mon Jul 13 11:02:35 2009
	INET/inet_error: send errno = 10053

ANGELA (Client)	Mon Jul 13 11:02:36 2009
	INET/inet_error: send errno = 10053

ANGELA (Client)	Mon Jul 13 11:02:39 2009
	INET/inet_error: send errno = 10053

ANGELA (Client)	Mon Jul 13 11:02:40 2009
	INET/inet_error: send errno = 10053

ANGELA (Client)	Mon Jul 13 11:02:41 2009
	INET/inet_error: send errno = 10053

SRVFAB (Client)	Mon Aug 03 10:52:52 2009
	INET/inet_error: read errno = 10054

SRVFAB (Client)	Mon Aug 03 10:52:52 2009
	INET/inet_error: receive in try_connect errno = 203

SRVFAB (Client)	Mon Aug 03 10:52:54 2009
	INET/inet_error: read errno = 10054

SRVFAB (Client)	Mon Aug 03 10:52:54 2009
	INET/inet_error: receive in try_connect errno = 203

MOYSES (Client)	Mon Aug 03 11:07:38 2009
	INET/inet_error: send errno = 10053

MOYSES (Client)	Mon Aug 03 11:07:40 2009
	INET/inet_error: send errno = 10053

MOYSES (Client)	Mon Aug 03 11:07:42 2009
	INET/inet_error: send errno = 10053

MOYSES (Client)	Mon Aug 03 11:07:43 2009
	INET/inet_error: send errno = 10053

MOYSES (Client)	Mon Aug 03 11:07:43 2009
	INET/inet_error: send errno = 10053

MOYSES (Client)	Tue Aug 04 14:53:51 2009
	INET/inet_error: send errno = 10053

MOYSES (Client)	Tue Aug 04 14:54:29 2009
	INET/inet_error: send errno = 10053

MOYSES (Client)	Tue Aug 04 14:54:30 2009
	INET/inet_error: send errno = 10053

MOYSES (Client)	Tue Aug 04 14:54:33 2009
	INET/inet_error: send errno = 10053

MOYSES (Client)	Tue Aug 04 14:54:34 2009
	INET/inet_error: send errno = 10053

MOYSES (Client)	Tue Aug 04 14:54:34 2009
	INET/inet_error: send errno = 10053

VASSOLER (Client)	Mon Sep 14 17:38:46 2009
	INET/inet_error: read errno = 10054

VASSOLER (Client)	Mon Sep 14 17:44:56 2009
	INET/inet_error: send errno = 10054

VASSOLER (Client)	Mon Sep 14 17:44:57 2009
	INET/inet_error: send errno = 10054

VASSOLER (Client)	Mon Sep 14 17:44:57 2009
	INET/inet_error: send errno = 10054

VASSOLER (Client)	Mon Sep 14 17:44:57 2009
	INET/inet_error: send errno = 10054

VASSOLER (Client)	Mon Sep 14 17:44:58 2009
	INET/inet_error: send errno = 10054

VASSOLER (Client)	Mon Sep 14 17:44:59 2009
	INET/inet_error: send errno = 10054

VASSOLER (Client)	Mon Sep 14 17:45:02 2009
	INET/inet_error: send errno = 10054

VASSOLER (Client)	Mon Sep 14 17:45:07 2009
	INET/inet_error: send errno = 10054

VASSOLER (Client)	Mon Sep 14 17:45:09 2009
	INET/inet_error: send errno = 10054

VASSOLER (Client)	Thu Sep 17 15:55:04 2009
	INET/inet_error: read errno = 10054

VASSOLER (Client)	Thu Sep 17 15:55:04 2009
	INET/inet_error: receive in try_connect errno = 203

VASSOLER (Client)	Fri Sep 18 14:39:30 2009
	INET/inet_error: read errno = 10054

VASSOLER (Client)	Fri Sep 18 14:39:30 2009
	INET/inet_error: receive in try_connect errno = 203

VASSOLER (Client)	Fri Sep 18 14:39:32 2009
	INET/inet_error: read errno = 10054

VASSOLER (Client)	Fri Sep 18 14:39:32 2009
	INET/inet_error: receive in try_connect errno = 203

VASSOLER (Client)	Mon Oct 19 15:47:51 2009
	INET/inet_error: read errno = 10054

VASSOLER (Client)	Mon Oct 19 15:47:51 2009
	INET/inet_error: receive in try_connect errno = 203

VASSOLER (Client)	Mon Oct 19 16:53:13 2009
	INET/inet_error: send errno = 10053

VASSOLER (Client)	Mon Oct 19 17:00:12 2009
	INET/inet_error: send errno = 10053

VASSOLER (Client)	Mon Oct 19 17:00:14 2009
	INET/inet_error: send errno = 10053

VASSOLER (Client)	Mon Oct 19 17:00:14 2009
	INET/inet_error: send errno = 10053

VASSOLER (Client)	Mon Oct 19 17:00:15 2009
	INET/inet_error: send errno = 10053

VASSOLER (Client)	Mon Oct 19 17:00:15 2009
	INET/inet_error: send errno = 10053

VASSOLER (Client)	Mon Oct 19 17:00:15 2009
	INET/inet_error: send errno = 10053

VASSOLER (Client)	Mon Oct 19 17:00:17 2009
	INET/inet_error: send errno = 10053

VASSOLER (Client)	Mon Oct 19 17:00:18 2009
	INET/inet_error: send errno = 10053

VASSOLER (Client)	Mon Oct 19 17:00:19 2009
	INET/inet_error: send errno = 10053

VASSOLER (Client)	Mon Oct 19 17:00:20 2009
	INET/inet_error: send errno = 10053

VASSOLER (Client)	Tue Dec 01 09:30:21 2009
	INET/inet_error: read errno = 10054

VASSOLER (Client)	Tue Dec 01 09:30:21 2009
	INET/inet_error: receive in try_connect errno = 203

VASSOLER (Client)	Tue Dec 01 09:30:23 2009
	INET/inet_error: read errno = 10054

VASSOLER (Client)	Tue Dec 01 09:30:23 2009
	INET/inet_error: receive in try_connect errno = 203

VASSOLER (Client)	Wed Oct 06 11:37:01 2010
	INET/inet_error: read errno = 10054

VASSOLER (Client)	Fri Nov 12 09:59:09 2010
	INET/inet_error: send errno = 10054

VASSOLER (Client)	Fri Nov 12 10:00:36 2010
	INET/inet_error: send errno = 10054

VASSOLER (Client)	Fri Nov 12 10:02:09 2010
	INET/inet_error: send errno = 10054

VASSOLER (Client)	Fri Nov 12 10:14:49 2010
	INET/inet_error: send errno = 10054

VASSOLER (Client)	Fri Nov 12 10:18:05 2010
	INET/inet_error: send errno = 10054

VASSOLER (Client)	Fri Nov 12 10:18:06 2010
	INET/inet_error: send errno = 10054

VASSOLER (Client)	Fri Nov 12 10:18:07 2010
	INET/inet_error: send errno = 10054

VASSOLER (Client)	Fri Nov 12 10:18:10 2010
	INET/inet_error: send errno = 10054

VASSOLER (Client)	Fri Nov 12 10:18:13 2010
	INET/inet_error: send errno = 10054

VASSOLER (Client)	Fri Nov 12 10:18:16 2010
	INET/inet_error: send errno = 10054

VASSOLER (Client)	Wed Jan 12 23:27:20 2011
	INET/inet_error: read errno = 10054

SOUZA-PC (Client)	Wed Feb 13 17:09:19 2013
	INET/inet_error: read errno = 10054

SOUZA-PC (Client)	Wed Feb 13 17:09:19 2013
	INET/inet_error: send errno = 10054

SOUZA-PC (Client)	Wed Feb 13 17:09:24 2013
	INET/inet_error: send errno = 10054

SOUZA-PC (Client)	Wed Feb 13 17:09:26 2013
	INET/inet_error: send errno = 10054

SOUZA-PC (Client)	Wed Feb 13 17:09:28 2013
	INET/inet_error: send errno = 10054

SOUZA-PC (Client)	Wed Feb 13 17:09:30 2013
	INET/inet_error: send errno = 10054

SOUZA-PC (Client)	Wed Feb 13 17:09:32 2013
	INET/inet_error: send errno = 10054

SOUZA-PC (Client)	Wed Feb 13 17:09:33 2013
	INET/inet_error: send errno = 10054

SOUZA-PC (Client)	Wed Feb 13 17:09:34 2013
	INET/inet_error: send errno = 10054

SOUZA-PC (Client)	Wed Feb 13 17:09:41 2013
	INET/inet_error: send errno = 10054

SOUZA-PC (Client)	Wed Feb 13 17:09:42 2013
	INET/inet_error: send errno = 10054

SOUZA-PC (Client)	Wed Feb 13 17:10:34 2013
	INET/inet_error: send errno = 10053

SOUZA-PC (Client)	Wed Feb 13 17:10:35 2013
	INET/inet_error: send errno = 10053

SOUZA-PC (Client)	Wed Feb 13 17:10:36 2013
	INET/inet_error: send errno = 10053

SOUZA-PC (Client)	Wed Feb 13 17:10:37 2013
	INET/inet_error: send errno = 10053

SOUZA-PC (Client)	Wed Feb 13 17:10:40 2013
	INET/inet_error: send errno = 10053

SOUZA-PC (Client)	Wed Feb 13 17:10:40 2013
	INET/inet_error: send errno = 10053

SOUZA-PC (Client)	Wed Feb 13 17:10:41 2013
	INET/inet_error: send errno = 10053

SOUZA-PC (Client)	Wed Feb 13 17:10:42 2013
	INET/inet_error: send errno = 10053

SOUZA-PC (Client)	Wed Feb 13 17:10:43 2013
	INET/inet_error: send errno = 10053

SOUZA-PC (Client)	Wed Feb 13 17:10:44 2013
	INET/inet_error: send errno = 10053

SOUZA-PC (Client)	Wed Feb 13 17:10:45 2013
	INET/inet_error: send errno = 10053

SOUZA-PC (Client)	Wed Feb 13 17:10:45 2013
	INET/inet_error: send errno = 10053

SOUZA-PC (Client)	Wed Feb 13 17:10:46 2013
	INET/inet_error: send errno = 10053

SOUZA-PC (Client)	Wed Feb 13 17:10:46 2013
	INET/inet_error: send errno = 10053

SOUZA-PC (Client)	Wed Feb 13 17:10:47 2013
	INET/inet_error: send errno = 10053

SOUZA-PC (Client)	Wed Feb 13 17:10:47 2013
	INET/inet_error: send errno = 10053

SOUZA-PC (Client)	Wed Feb 13 17:10:47 2013
	INET/inet_error: send errno = 10053

SOUZA-PC (Client)	Wed Feb 13 17:10:48 2013
	INET/inet_error: send errno = 10053

SOUZA-PC (Client)	Wed Feb 13 17:10:48 2013
	INET/inet_error: send errno = 10053

SOUZA-PC (Client)	Wed Feb 13 17:10:48 2013
	INET/inet_error: send errno = 10053

SOUZA-PC (Client)	Wed Feb 13 17:10:49 2013
	INET/inet_error: send errno = 10053

SOUZA-PC (Client)	Wed Feb 13 17:10:50 2013
	INET/inet_error: send errno = 10053

SOUZA-PC (Client)	Wed Feb 13 17:10:50 2013
	INET/inet_error: send errno = 10053

SOUZA-PC (Client)	Wed Feb 13 17:10:51 2013
	INET/inet_error: send errno = 10053

SOUZA-PC (Client)	Wed Feb 13 17:10:51 2013
	INET/inet_error: send errno = 10053

SOUZA-PC (Client)	Wed Feb 13 17:10:51 2013
	INET/inet_error: send errno = 10053

SOUZA-PC (Client)	Wed Feb 13 17:10:52 2013
	INET/inet_error: send errno = 10053

SOUZA-PC (Client)	Wed Feb 13 17:10:52 2013
	INET/inet_error: send errno = 10053

SOUZA-PC (Client)	Wed Feb 13 17:10:52 2013
	INET/inet_error: send errno = 10053

SOUZA-PC (Client)	Wed Feb 13 17:10:53 2013
	INET/inet_error: send errno = 10053

SOUZA-PC (Client)	Wed Feb 13 17:10:53 2013
	INET/inet_error: send errno = 10053

SOUZA-PC (Client)	Wed Feb 13 17:10:54 2013
	INET/inet_error: send errno = 10053

SOUZA-PC (Client)	Wed Feb 13 17:10:54 2013
	INET/inet_error: send errno = 10053

SOUZA-PC (Client)	Wed Feb 13 17:10:54 2013
	INET/inet_error: send errno = 10053

SOUZA-PC (Client)	Wed Feb 13 17:10:56 2013
	INET/inet_error: send errno = 10053

SOUZA-PC (Client)	Wed Feb 13 17:10:57 2013
	INET/inet_error: send errno = 10053

SOUZA-PC (Client)	Wed Feb 13 17:10:57 2013
	INET/inet_error: send errno = 10053

SOUZA-PC (Client)	Wed Feb 13 17:10:58 2013
	INET/inet_error: send errno = 10053

SOUZA-PC (Client)	Fri Feb 15 10:09:32 2013
	INET/inet_error: read errno = 10054

SOUZA-PC (Client)	Fri Feb 15 10:10:40 2013
	INET/inet_error: send errno = 10054

SOUZA-PC (Client)	Fri Feb 15 10:10:45 2013
	INET/inet_error: send errno = 10054

SOUZA-PC (Client)	Fri Feb 15 10:10:45 2013
	INET/inet_error: send errno = 10054

SOUZA-PC (Client)	Fri Feb 15 15:30:01 2013
	INET/inet_error: read errno = 10054

LUCIO_FLAVIO (Client)	Fri Feb 15 15:29:55 2013
	INET/inet_error: read errno = 10053

LUCIO_FLAVIO (Client)	Fri Feb 22 16:31:44 2013
	INET/inet_error: send errno = 10053

LUCIO_FLAVIO (Client)	Fri Feb 22 16:36:15 2013
	INET/inet_error: send errno = 10053

LUCIO_FLAVIO (Client)	Fri Feb 22 16:37:16 2013
	INET/inet_error: send errno = 10053

LUCIO_FLAVIO (Client)	Fri Feb 22 16:38:17 2013
	INET/inet_error: send errno = 10053

LUCIO_FLAVIO (Client)	Fri Feb 22 16:39:19 2013
	INET/inet_error: send errno = 10053

LUCIO_FLAVIO (Client)	Fri Feb 22 16:40:20 2013
	INET/inet_error: send errno = 10053

LUCIO_FLAVIO (Client)	Fri Feb 22 16:41:21 2013
	INET/inet_error: send errno = 10053

LUCIO_FLAVIO (Client)	Fri Feb 22 16:42:22 2013
	INET/inet_error: send errno = 10053

LUCIO_FLAVIO (Client)	Fri Feb 22 16:43:23 2013
	INET/inet_error: send errno = 10053

LUCIO_FLAVIO (Client)	Fri Feb 22 16:45:17 2013
	INET/inet_error: send errno = 10053

LUCIO_FLAVIO (Client)	Fri Feb 22 16:45:18 2013
	INET/inet_error: send errno = 10053

LUCIO_FLAVIO (Client)	Fri Feb 22 16:45:18 2013
	INET/inet_error: send errno = 10053

LUCIO_FLAVIO (Client)	Fri Feb 22 16:45:20 2013
	INET/inet_error: send errno = 10053

LUCIO_FLAVIO (Client)	Fri Feb 22 16:45:22 2013
	INET/inet_error: send errno = 10053

LUCIO_FLAVIO (Client)	Fri Feb 22 16:45:23 2013
	INET/inet_error: send errno = 10053

LUCIO_FLAVIO (Client)	Fri Feb 22 16:45:24 2013
	INET/inet_error: send errno = 10053

LUCIO_FLAVIO (Client)	Fri Feb 22 16:45:25 2013
	INET/inet_error: send errno = 10053

LUCIO_FLAVIO (Client)	Fri Feb 22 16:45:25 2013
	INET/inet_error: send errno = 10053

LUCIO_FLAVIO (Client)	Fri Feb 22 16:45:27 2013
	INET/inet_error: send errno = 10053

LUCIO_FLAVIO (Client)	Fri Feb 22 16:45:27 2013
	INET/inet_error: send errno = 10053

LUCIO_FLAVIO (Client)	Fri Feb 22 16:45:27 2013
	INET/inet_error: send errno = 10053

LUCIO_FLAVIO (Client)	Fri Feb 22 16:45:28 2013
	INET/inet_error: send errno = 10053

LUCIO_FLAVIO (Client)	Fri Feb 22 16:45:28 2013
	INET/inet_error: send errno = 10053

LUCIO_FLAVIO (Client)	Fri Feb 22 16:45:28 2013
	INET/inet_error: send errno = 10053

LUCIO_FLAVIO (Client)	Fri Feb 22 16:45:28 2013
	INET/inet_error: send errno = 10053

LUCIO_FLAVIO (Client)	Fri Feb 22 16:45:29 2013
	INET/inet_error: send errno = 10053

LUCIO_FLAVIO (Client)	Fri Feb 22 16:45:29 2013
	INET/inet_error: send errno = 10053

LUCIO_FLAVIO (Client)	Fri Feb 22 16:45:36 2013
	INET/inet_error: send errno = 10053

LUCIO_FLAVIO (Client)	Fri Feb 22 16:45:39 2013
	INET/inet_error: send errno = 10053

LUCIO_FLAVIO (Client)	Fri Feb 22 16:45:47 2013
	INET/inet_error: send errno = 10053

LUCIO_FLAVIO (Client)	Fri Feb 22 16:45:47 2013
	INET/inet_error: send errno = 10053

LUCIO_FLAVIO (Client)	Fri Feb 22 16:45:48 2013
	INET/inet_error: send errno = 10053

SOUZA-PC (Client)	Fri Feb 22 16:52:06 2013
	INET/inet_error: send errno = 10053

SOUZA-PC (Client)	Fri Feb 22 16:52:09 2013
	INET/inet_error: send errno = 10053

SOUZA-PC (Client)	Fri Feb 22 16:52:15 2013
	INET/inet_error: send errno = 10053

SOUZA-PC (Client)	Fri Feb 22 16:52:16 2013
	INET/inet_error: send errno = 10053

LUCIO_FLAVIO (Client)	Thu Mar 21 14:56:30 2013
	INET/inet_error: read errno = 10053

LUCIO_FLAVIO (Client)	Thu Jun 13 12:31:22 2013
	INET/inet_error: send errno = 10054

LUCIO_FLAVIO (Client)	Thu Jun 13 12:33:46 2013
	INET/inet_error: send errno = 10054

LUCIO_FLAVIO (Client)	Thu Jun 13 12:33:47 2013
	INET/inet_error: send errno = 10054

LUCIO_FLAVIO (Client)	Thu Jun 13 12:33:49 2013
	INET/inet_error: send errno = 10054

LUCIO_FLAVIO (Client)	Thu Jun 13 12:33:52 2013
	INET/inet_error: send errno = 10054

LUCIO_FLAVIO (Client)	Thu Jun 13 12:33:52 2013
	INET/inet_error: send errno = 10054

LUCIO_FLAVIO (Client)	Thu Jun 13 12:33:53 2013
	INET/inet_error: send errno = 10054

LUCIO_FLAVIO (Client)	Thu Jun 13 12:33:53 2013
	INET/inet_error: send errno = 10054

LUCIO_FLAVIO (Client)	Thu Jun 13 12:33:54 2013
	INET/inet_error: send errno = 10054

LUCIO_FLAVIO (Client)	Thu Jun 13 12:33:55 2013
	INET/inet_error: send errno = 10054

LUCIO_FLAVIO (Client)	Thu Jun 13 12:33:55 2013
	INET/inet_error: send errno = 10054

LUCIO_FLAVIO (Client)	Thu Jun 13 12:33:57 2013
	INET/inet_error: send errno = 10054

LUCIO_FLAVIO (Client)	Thu Jun 13 12:33:57 2013
	INET/inet_error: send errno = 10054

LUCIO_FLAVIO (Client)	Thu Jun 13 12:33:58 2013
	INET/inet_error: send errno = 10054

LUCIO_FLAVIO (Client)	Thu Jun 13 12:33:59 2013
	INET/inet_error: send errno = 10054

LUCIO_FLAVIO (Client)	Thu Jun 13 12:34:00 2013
	INET/inet_error: send errno = 10054

LUCIO_FLAVIO (Client)	Thu Jun 13 12:34:01 2013
	INET/inet_error: send errno = 10054

LUCIO_FLAVIO (Client)	Thu Jun 13 12:34:02 2013
	INET/inet_error: send errno = 10054

LUCIO_FLAVIO (Client)	Thu Jun 13 12:34:02 2013
	INET/inet_error: send errno = 10054

LUCIO_FLAVIO (Client)	Thu Jun 13 12:34:04 2013
	INET/inet_error: send errno = 10054

LUCIO_FLAVIO (Client)	Thu Jun 13 12:34:04 2013
	INET/inet_error: send errno = 10054

LUCIO_FLAVIO (Client)	Thu Jun 13 12:34:06 2013
	INET/inet_error: send errno = 10054

LUCIO_FLAVIO (Client)	Thu Jun 13 12:34:06 2013
	INET/inet_error: send errno = 10054

LUCIO_FLAVIO (Client)	Thu Jun 13 12:34:06 2013
	INET/inet_error: send errno = 10054

LUCIO_FLAVIO (Client)	Thu Jun 13 12:34:07 2013
	INET/inet_error: send errno = 10054

LUCIO_FLAVIO (Client)	Thu Jun 13 12:34:08 2013
	INET/inet_error: send errno = 10054

LUCIO_FLAVIO (Client)	Thu Jun 13 12:34:09 2013
	INET/inet_error: send errno = 10054

LUCIO_FLAVIO (Client)	Thu Jun 13 12:34:09 2013
	INET/inet_error: send errno = 10054

LUCIO_FLAVIO (Client)	Thu Jun 13 12:34:10 2013
	INET/inet_error: send errno = 10054

LUCIO_FLAVIO (Client)	Thu Jun 13 12:34:13 2013
	INET/inet_error: send errno = 10054

LUCIO_FLAVIO (Client)	Thu Jun 13 12:34:16 2013
	INET/inet_error: send errno = 10054

SOUZA-PC (Client)	Tue Jun 25 14:30:29 2013
	INET/inet_error: read errno = 10054

SOUZA-PC (Client)	Tue Jun 25 14:40:33 2013
	INET/inet_error: send errno = 10054

SOUZA-PC (Client)	Tue Jun 25 14:40:35 2013
	INET/inet_error: send errno = 10054

SOUZA-PC (Client)	Tue Jun 25 14:40:36 2013
	INET/inet_error: send errno = 10054

JHF-PC (Client)	Wed Jun 26 12:09:49 2013
	INET/inet_error: read errno = 10053

LUCIO_FLAVIO (Client)	Wed Jun 26 18:43:21 2013
	INET/inet_error: send errno = 10053

LUCIO_FLAVIO (Client)	Wed Jun 26 18:43:24 2013
	INET/inet_error: send errno = 10053

LUCIO_FLAVIO (Client)	Wed Jun 26 18:43:26 2013
	INET/inet_error: send errno = 10053

LUCIO_FLAVIO (Client)	Wed Jun 26 18:43:27 2013
	INET/inet_error: send errno = 10053

LUCIO_FLAVIO (Client)	Wed Jun 26 18:43:29 2013
	INET/inet_error: send errno = 10053

LUCIO_FLAVIO (Client)	Wed Jun 26 18:43:29 2013
	INET/inet_error: send errno = 10053

LUCIO-PC (Client)	Fri Jul 12 11:09:16 2013
	INET/inet_error: send errno = 10054

LUCIO-PC (Client)	Mon Jul 15 15:45:59 2013
	INET/inet_error: send errno = 10053

LUCIO-PC (Client)	Mon Jul 15 15:46:07 2013
	INET/inet_error: send errno = 10053

LUCIO-PC (Client)	Mon Jul 15 15:46:09 2013
	INET/inet_error: send errno = 10053

LUCIO-PC (Client)	Mon Jul 15 15:46:12 2013
	INET/inet_error: send errno = 10053

LUCIO-PC (Client)	Mon Jul 15 15:46:12 2013
	INET/inet_error: send errno = 10053

LUCIO-PC (Client)	Mon Jul 15 15:46:13 2013
	INET/inet_error: send errno = 10053

LUCIO-PC (Client)	Mon Jul 15 15:46:15 2013
	INET/inet_error: send errno = 10053

LUCIO-PC (Client)	Mon Jul 15 15:46:17 2013
	INET/inet_error: send errno = 10053

LUCIO-PC (Client)	Mon Jul 15 15:46:20 2013
	INET/inet_error: send errno = 10053

LUCIO-PC (Client)	Mon Jul 15 15:51:00 2013
	INET/inet_error: send errno = 10053

LUCIO-PC (Client)	Mon Jul 15 15:51:01 2013
	INET/inet_error: send errno = 10053

LUCIO-PC (Client)	Mon Jul 15 15:51:01 2013
	INET/inet_error: send errno = 10053

JHF-PC (Client)	Mon Jul 15 16:07:58 2013
	INET/inet_error: send errno = 10053

JHF-PC (Client)	Mon Jul 15 16:09:17 2013
	INET/inet_error: send errno = 10053

JHF-PC (Client)	Mon Jul 15 16:10:20 2013
	INET/inet_error: send errno = 10053

JHF-PC (Client)	Mon Jul 15 16:11:24 2013
	INET/inet_error: send errno = 10053

LUISH-PC (Client)	Mon Jul 15 16:12:08 2013
	INET/inet_error: send errno = 10053

LUISH-PC (Client)	Mon Jul 15 16:12:11 2013
	INET/inet_error: send errno = 10053

LUISH-PC (Client)	Mon Jul 15 16:12:18 2013
	INET/inet_error: send errno = 10053

LUISH-PC (Client)	Mon Jul 15 16:12:19 2013
	INET/inet_error: send errno = 10053

LUISH-PC (Client)	Mon Jul 15 16:12:22 2013
	INET/inet_error: send errno = 10053

LUISH-PC (Client)	Mon Jul 15 16:12:25 2013
	INET/inet_error: send errno = 10053

JHF-PC (Client)	Mon Jul 15 16:12:25 2013
	INET/inet_error: send errno = 10053

JHF-PC (Client)	Mon Jul 15 16:13:27 2013
	INET/inet_error: send errno = 10053

LUCIO-PC (Client)	Wed Jul 24 09:16:07 2013
	INET/inet_error: send errno = 10053

LUCIO-PC (Client)	Wed Jul 24 09:16:08 2013
	INET/inet_error: send errno = 10053

LUCIO-PC (Client)	Wed Jul 24 09:16:08 2013
	INET/inet_error: send errno = 10053

LUCIO-PC (Client)	Wed Jul 24 09:16:09 2013
	INET/inet_error: send errno = 10053

LUCIO-PC (Client)	Wed Jul 24 09:16:09 2013
	INET/inet_error: send errno = 10053

LUCIO-PC (Client)	Wed Jul 24 09:16:11 2013
	INET/inet_error: send errno = 10053

LUCIO-PC (Client)	Wed Jul 24 09:16:17 2013
	INET/inet_error: send errno = 10053

LUISH-PC (Client)	Fri Aug 23 15:51:48 2013
	INET/inet_error: read errno = 10054

LUISH-PC (Client)	Fri Aug 23 15:51:48 2013
	INET/inet_error: send errno = 10054

LUISH-PC (Client)	Fri Aug 23 15:52:00 2013
	INET/inet_error: send errno = 10054

LUISH-PC (Client)	Fri Aug 23 15:52:01 2013
	INET/inet_error: send errno = 10054

LUISH-PC (Client)	Fri Aug 23 15:52:05 2013
	INET/inet_error: send errno = 10054

LUISH-PC (Client)	Fri Aug 23 15:52:06 2013
	INET/inet_error: send errno = 10054

LUISH-PC (Client)	Fri Aug 23 15:52:07 2013
	INET/inet_error: send errno = 10054

LUISH-PC (Client)	Fri Aug 23 15:52:11 2013
	INET/inet_error: send errno = 10054

LUISH-PC (Client)	Fri Aug 23 15:52:14 2013
	INET/inet_error: send errno = 10054

LUISH-PC (Client)	Fri Aug 23 15:52:16 2013
	INET/inet_error: send errno = 10054

LUISH-PC (Client)	Fri Aug 23 15:52:18 2013
	INET/inet_error: send errno = 10054

LUISH-PC (Client)	Fri Aug 23 15:52:21 2013
	INET/inet_error: send errno = 10054

LUISH-PC (Client)	Fri Aug 23 15:52:30 2013
	INET/inet_error: send errno = 10054

LUISH-PC (Client)	Fri Aug 23 15:52:35 2013
	INET/inet_error: send errno = 10054

LUISH-PC (Client)	Fri Aug 23 15:52:36 2013
	INET/inet_error: send errno = 10054

LUISH-PC (Client)	Fri Aug 23 15:52:37 2013
	INET/inet_error: send errno = 10054

LUISH-PC (Client)	Fri Aug 23 15:52:38 2013
	INET/inet_error: send errno = 10054

JHF-PC (Client)	Wed Sep 11 12:19:13 2013
	INET/inet_error: send errno = 10054

SOUZA-PC (Client)	Wed Sep 11 12:20:13 2013
	INET/inet_error: send errno = 10054

SOUZA-PC (Client)	Wed Sep 11 12:59:05 2013
	INET/inet_error: send errno = 10054

SOUZA-PC (Client)	Wed Sep 11 12:59:05 2013
	INET/inet_error: send errno = 10054

SOUZA-PC (Client)	Wed Sep 11 12:59:05 2013
	INET/inet_error: send errno = 10054

SOUZA-PC (Client)	Wed Sep 11 12:59:07 2013
	INET/inet_error: send errno = 10054

SOUZA-PC (Client)	Wed Sep 11 12:59:08 2013
	INET/inet_error: send errno = 10054

SOUZA-PC (Client)	Wed Sep 11 12:59:08 2013
	INET/inet_error: send errno = 10054

SOUZA-PC (Client)	Wed Sep 11 12:59:15 2013
	INET/inet_error: send errno = 10054

JHF-PC (Client)	Wed Sep 11 16:01:45 2013
	INET/inet_error: send errno = 10054

JHF-PC (Client)	Wed Sep 11 16:01:47 2013
	INET/inet_error: send errno = 10054

JHF-PC (Client)	Wed Sep 11 16:01:48 2013
	INET/inet_error: send errno = 10054

JHF-PC (Client)	Wed Sep 11 16:01:48 2013
	INET/inet_error: send errno = 10054

JHF-PC (Client)	Wed Sep 11 16:01:50 2013
	INET/inet_error: send errno = 10054

JHF-PC (Client)	Wed Sep 11 16:01:51 2013
	INET/inet_error: send errno = 10054

JHF-PC (Client)	Wed Sep 11 16:01:51 2013
	INET/inet_error: send errno = 10054

JHF-PC (Client)	Wed Sep 11 16:01:51 2013
	INET/inet_error: send errno = 10054

JHF-PC (Client)	Wed Sep 11 16:01:54 2013
	INET/inet_error: send errno = 10054

JHF-PC (Client)	Wed Sep 11 16:01:55 2013
	INET/inet_error: send errno = 10054

JHF-PC (Client)	Wed Sep 11 16:01:55 2013
	INET/inet_error: send errno = 10054

JHF-PC (Client)	Wed Sep 11 16:01:57 2013
	INET/inet_error: send errno = 10054

JHF-PC (Client)	Wed Sep 11 16:01:57 2013
	INET/inet_error: send errno = 10054

JHF-PC (Client)	Wed Sep 11 16:02:00 2013
	INET/inet_error: send errno = 10054

JHF-PC (Client)	Wed Sep 11 16:02:06 2013
	INET/inet_error: send errno = 10054

LUCIO-PC (Client)	Wed Sep 18 12:59:34 2013
	INET/inet_error: read errno = 10053

LUCIO-PC (Client)	Tue Sep 24 15:06:18 2013
	INET/inet_error: read errno = 10053

LUISH-PC (Client)	Tue Sep 24 15:06:20 2013
	INET/inet_error: read errno = 10053

MOYSES-PC (Client)	Tue Sep 24 15:08:58 2013
	INET/inet_error: read errno = 10053

FUBA-PC (Client)	Tue Oct 08 08:39:17 2013
	INET/inet_error: read errno = 10053

FUBA-PC (Client)	Tue Oct 08 08:40:22 2013
	INET/inet_error: send errno = 10053

FUBA-PC (Client)	Tue Oct 08 08:40:29 2013
	INET/inet_error: send errno = 10053

FUBA-PC (Client)	Tue Oct 08 08:40:31 2013
	INET/inet_error: send errno = 10053

FUBA-PC (Client)	Tue Oct 08 08:40:36 2013
	INET/inet_error: send errno = 10053

FUBA-PC (Client)	Tue Oct 08 08:40:38 2013
	INET/inet_error: send errno = 10053

LUISH-PC (Client)	Thu Oct 17 16:02:31 2013
	INET/inet_error: read errno = 10053

LUISH-PC (Client)	Thu Oct 17 16:02:31 2013
	INET/inet_error: receive in try_connect errno = 203

LUCIO-PC (Client)	Sun Oct 20 08:32:38 2013
	INET/inet_error: send errno = 10054

FUBA-PC (Client)	Mon Oct 21 09:28:14 2013
	INET/inet_error: send errno = 10054

MOYSES-PC (Client)	Mon Oct 21 12:25:00 2013
	INET/inet_error: send errno = 10054

FUBA-PC (Client)	Mon Oct 21 15:47:08 2013
	INET/inet_error: send errno = 10054

FUBA-PC (Client)	Fri Oct 25 10:26:13 2013
	INET/inet_error: send errno = 10053

FUBA-PC (Client)	Fri Oct 25 10:26:16 2013
	INET/inet_error: send errno = 10053

FUBA-PC (Client)	Fri Oct 25 10:26:21 2013
	INET/inet_error: send errno = 10053

FUBA-PC (Client)	Fri Oct 25 10:26:22 2013
	INET/inet_error: send errno = 10053

FUBA-PC (Client)	Fri Oct 25 10:26:23 2013
	INET/inet_error: send errno = 10053

FUBA-PC (Client)	Fri Oct 25 10:26:24 2013
	INET/inet_error: send errno = 10053

MOYSES-PC (Client)	Tue Oct 29 10:08:37 2013
	INET/inet_error: read errno = 10053

LUISH-PC (Client)	Fri Nov 01 15:17:38 2013
	INET/inet_error: send errno = 10053

LUISH-PC (Client)	Fri Nov 01 15:17:43 2013
	INET/inet_error: send errno = 10053

LUISH-PC (Client)	Fri Nov 01 15:17:44 2013
	INET/inet_error: send errno = 10053

LUISH-PC (Client)	Fri Nov 01 15:17:44 2013
	INET/inet_error: send errno = 10053

LUISH-PC (Client)	Fri Nov 01 15:17:45 2013
	INET/inet_error: send errno = 10053

LUISH-PC (Client)	Fri Nov 01 15:17:47 2013
	INET/inet_error: send errno = 10053

LUISH-PC (Client)	Fri Nov 01 15:17:47 2013
	INET/inet_error: send errno = 10053

LUISH-PC (Client)	Fri Nov 01 15:17:49 2013
	INET/inet_error: send errno = 10053

LUISH-PC (Client)	Fri Nov 01 15:17:50 2013
	INET/inet_error: send errno = 10053

LUISH-PC (Client)	Fri Nov 01 15:17:52 2013
	INET/inet_error: send errno = 10053

LUISH-PC (Client)	Fri Nov 01 15:17:55 2013
	INET/inet_error: send errno = 10053

LUISH-PC (Client)	Fri Nov 01 15:17:59 2013
	INET/inet_error: send errno = 10053

LUISH-PC (Client)	Fri Nov 01 15:18:01 2013
	INET/inet_error: send errno = 10053

LUISH-PC (Client)	Fri Nov 01 15:18:04 2013
	INET/inet_error: send errno = 10053

LUISH-PC (Client)	Fri Nov 01 15:18:07 2013
	INET/inet_error: send errno = 10053

LUISH-PC (Client)	Fri Nov 01 15:18:09 2013
	INET/inet_error: send errno = 10053

LUISH-PC (Client)	Fri Nov 01 15:18:11 2013
	INET/inet_error: send errno = 10053

LUISH-PC (Client)	Fri Nov 01 15:18:14 2013
	INET/inet_error: send errno = 10053

LUISH-PC (Client)	Fri Nov 01 15:18:17 2013
	INET/inet_error: send errno = 10053

LUISH-PC (Client)	Fri Nov 01 15:18:19 2013
	INET/inet_error: send errno = 10053

LUISH-PC (Client)	Fri Nov 01 15:18:20 2013
	INET/inet_error: send errno = 10053

LUISH-PC (Client)	Fri Nov 01 15:18:20 2013
	INET/inet_error: send errno = 10053

JHF-PC (Client)	Tue Nov 05 18:32:17 2013
	INET/inet_error: read errno = 10053

LUCIO-PC (Client)	Wed Nov 20 13:11:54 2013
	INET/inet_error: send errno = 10054

FUBA-PC (Client)	Wed Nov 20 13:12:09 2013
	INET/inet_error: send errno = 10054

MOYSES-PC (Client)	Wed Nov 20 13:12:29 2013
	INET/inet_error: send errno = 10054

FUBA-PC (Client)	Wed Nov 20 13:47:31 2013
	INET/inet_error: send errno = 10054

FUBA-PC (Client)	Wed Nov 20 13:47:35 2013
	INET/inet_error: send errno = 10054

FUBA-PC (Client)	Wed Nov 20 13:47:41 2013
	INET/inet_error: send errno = 10054

FUBA-PC (Client)	Wed Nov 20 13:47:43 2013
	INET/inet_error: send errno = 10054

FUBA-PC (Client)	Wed Nov 20 13:47:45 2013
	INET/inet_error: send errno = 10054

FUBA-PC (Client)	Wed Nov 20 13:47:48 2013
	INET/inet_error: send errno = 10054

FUBA-PC (Client)	Wed Nov 20 13:47:59 2013
	INET/inet_error: send errno = 10054

FUBA-PC (Client)	Wed Nov 20 13:48:04 2013
	INET/inet_error: send errno = 10054

FUBA-PC (Client)	Wed Nov 20 13:48:08 2013
	INET/inet_error: send errno = 10054

FUBA-PC (Client)	Wed Nov 20 13:48:14 2013
	INET/inet_error: send errno = 10054

FUBA-PC (Client)	Wed Nov 20 13:48:15 2013
	INET/inet_error: send errno = 10054

FUBA-PC (Client)	Wed Nov 20 13:48:17 2013
	INET/inet_error: send errno = 10054

FUBA-PC (Client)	Wed Nov 20 13:48:19 2013
	INET/inet_error: send errno = 10054

MOYSES-PC (Client)	Wed Nov 20 13:59:43 2013
	INET/inet_error: send errno = 10054

MOYSES-PC (Client)	Wed Nov 20 14:01:54 2013
	INET/inet_error: send errno = 10054

MOYSES-PC (Client)	Wed Nov 20 14:01:58 2013
	INET/inet_error: send errno = 10054

MOYSES-PC (Client)	Wed Nov 20 14:02:05 2013
	INET/inet_error: send errno = 10054

MOYSES-PC (Client)	Wed Nov 20 14:02:05 2013
	INET/inet_error: send errno = 10054

MOYSES-PC (Client)	Wed Nov 20 14:02:06 2013
	INET/inet_error: send errno = 10054

MOYSES-PC (Client)	Wed Nov 20 14:02:07 2013
	INET/inet_error: send errno = 10054

LUCIO-PC (Client)	Wed Nov 20 14:08:53 2013
	INET/inet_error: send errno = 10054

LUCIO-PC (Client)	Wed Nov 20 14:08:56 2013
	INET/inet_error: send errno = 10054

LUCIO-PC (Client)	Wed Nov 20 14:08:59 2013
	INET/inet_error: send errno = 10054

LUCIO-PC (Client)	Wed Nov 20 14:08:59 2013
	INET/inet_error: send errno = 10054

LUCIO-PC (Client)	Wed Nov 20 14:09:02 2013
	INET/inet_error: send errno = 10054

LUCIO-PC (Client)	Wed Nov 20 14:09:03 2013
	INET/inet_error: send errno = 10054

LUCIO-PC (Client)	Wed Nov 20 23:41:11 2013
	INET/inet_error: read errno = 10053

FUBA-PC (Client)	Tue Feb 04 12:06:34 2014
	INET/inet_error: send errno = 10054

JHF-PC (Client)	Tue Feb 04 12:07:11 2014
	INET/inet_error: send errno = 10054

FUBA-PC (Client)	Tue Feb 04 14:20:54 2014
	INET/inet_error: send errno = 10054

FUBA-PC (Client)	Tue Feb 04 14:20:54 2014
	INET/inet_error: send errno = 10054

FUBA-PC (Client)	Thu Feb 27 11:16:45 2014
	INET/inet_error: read errno = 10053

FUBA-PC (Client)	Wed Apr 02 15:56:53 2014
	INET/inet_error: send errno = 10054

FUBA-PC (Client)	Wed Apr 02 15:56:53 2014
	INET/inet_error: send errno = 10054

PC-EDERSON (Client)	Wed May 21 09:58:27 2014
	INET/inet_error: read errno = 10053

PC-EDERSON (Client)	Wed May 21 17:53:53 2014
	INET/inet_error: send errno = 10053

PC-EDERSON (Client)	Wed May 21 17:53:53 2014
	INET/inet_error: send errno = 10053

FUBA-PC (Client)	Wed Jun 18 16:42:59 2014
	INET/inet_error: send errno = 10054

STEFANIA-PC (Client)	Tue Jun 24 17:01:56 2014
	INET/inet_error: send errno = 10054

MOYSES-PC (Client)	Thu Jul 17 09:45:35 2014
	INET/inet_error: send errno = 10053

MOYSES-PC (Client)	Thu Jul 17 09:45:35 2014
	INET/inet_error: send errno = 10053

STEFANIA-PC (Client)	Thu Jul 17 10:50:57 2014
	INET/inet_error: send errno = 10053

STEFANIA-PC (Client)	Thu Jul 17 10:50:57 2014
	INET/inet_error: send errno = 10053

MOYSES-PC (Client)	Tue Sep 09 17:00:21 2014
	INET/inet_error: send errno = 10054

HIGOR-FAB (Client)	Fri Nov 07 11:34:03 2014
	INET/inet_error: send errno = 10053

HIGOR-FAB (Client)	Fri Nov 07 11:34:04 2014
	INET/inet_error: send errno = 10053

HIGOR-FAB (Client)	Fri Nov 07 11:34:04 2014
	INET/inet_error: send errno = 10053

HIGOR-FAB (Client)	Fri Nov 07 11:34:07 2014
	INET/inet_error: send errno = 10053

HIGOR-FAB (Client)	Fri Nov 07 11:34:08 2014
	INET/inet_error: send errno = 10053

HIGOR-FAB (Client)	Fri Nov 07 11:34:08 2014
	INET/inet_error: send errno = 10053

HIGOR-FAB (Client)	Fri Nov 07 11:34:09 2014
	INET/inet_error: send errno = 10053

HIGOR-FAB (Client)	Fri Nov 07 11:34:10 2014
	INET/inet_error: send errno = 10053

HIGOR-FAB (Client)	Fri Nov 07 11:34:12 2014
	INET/inet_error: send errno = 10053

HIGOR-FAB (Client)	Fri Nov 07 11:34:14 2014
	INET/inet_error: send errno = 10053

HIGOR-FAB (Client)	Fri Nov 07 11:34:15 2014
	INET/inet_error: send errno = 10053

HIGOR-FAB (Client)	Fri Nov 07 11:34:16 2014
	INET/inet_error: send errno = 10053

HIGOR-FAB (Client)	Fri Nov 07 11:34:18 2014
	INET/inet_error: send errno = 10053

HIGOR-FAB (Client)	Fri Nov 07 11:34:20 2014
	INET/inet_error: send errno = 10053

HIGOR-FAB (Client)	Fri Nov 07 11:34:21 2014
	INET/inet_error: send errno = 10053

HIGOR-FAB (Client)	Fri Nov 07 11:34:23 2014
	INET/inet_error: send errno = 10053

HIGOR-FAB (Client)	Fri Nov 07 11:34:35 2014
	INET/inet_error: send errno = 10053

HIGOR-FAB (Client)	Thu Jan 22 09:22:15 2015
	INET/inet_error: read errno = 10053

HIGOR-FAB (Client)	Thu Jan 22 09:25:05 2015
	INET/inet_error: send errno = 10053

HIGOR-FAB (Client)	Thu Jan 22 09:25:05 2015
	INET/inet_error: send errno = 10053

HIGOR-FAB (Client)	Mon Jan 26 15:02:37 2015
	INET/inet_error: read errno = 10053

HIGOR-FAB (Client)	Mon Jan 26 15:02:37 2015
	INET/inet_error: receive in try_connect errno = 203

HIGOR-FAB (Client)	Mon Jan 26 15:02:39 2015
	INET/inet_error: read errno = 10053

HIGOR-FAB (Client)	Mon Jan 26 15:02:39 2015
	INET/inet_error: receive in try_connect errno = 203

HIGOR-FAB (Client)	Mon Jan 26 15:02:49 2015
	INET/inet_error: read errno = 10053

HIGOR-FAB (Client)	Mon Jan 26 15:02:49 2015
	INET/inet_error: receive in try_connect errno = 203

HIGOR-FAB (Client)	Mon Jan 26 15:02:51 2015
	INET/inet_error: read errno = 10053

HIGOR-FAB (Client)	Mon Jan 26 15:02:51 2015
	INET/inet_error: receive in try_connect errno = 203

MOYSES-PC (Client)	Mon Jan 26 15:22:39 2015
	INET/inet_error: read errno = 10054

MOYSES-PC (Client)	Mon Jan 26 15:32:09 2015
	INET/inet_error: send errno = 10054

MOYSES-PC (Client)	Mon Jan 26 15:32:09 2015
	INET/inet_error: send errno = 10054

JHF-PC (Client)	Wed Feb 25 09:17:14 2015
	INET/inet_error: read errno = 10054

JHF-PC (Client)	Wed Feb 25 10:28:41 2015
	INET/inet_error: send errno = 10054

JHF-PC (Client)	Wed Feb 25 10:28:43 2015
	INET/inet_error: send errno = 10054

JHF-PC (Client)	Wed Feb 25 10:28:43 2015
	INET/inet_error: send errno = 10054

JHF-PC (Client)	Thu Apr 09 10:05:21 2015
	INET/inet_error: read errno = 10053

JHF-PC (Client)	Thu Apr 09 10:05:21 2015
	INET/inet_error: send errno = 10053

JHF-PC (Client)	Mon Apr 13 09:20:21 2015
	INET/inet_error: read errno = 10053

JHF-PC (Client)	Mon Apr 13 09:20:21 2015
	INET/inet_error: send errno = 10053

HIGOR-FAB (Client)	Sat Apr 18 09:37:40 2015
	INET/inet_error: send errno = 10054

HIGOR-FAB (Client)	Fri May 15 11:27:36 2015
	INET/inet_error: read errno = 10053

HIGOR-FAB (Client)	Tue May 26 09:14:37 2015
	INET/inet_error: read errno = 10053

HIGOR-FAB (Client)	Thu Aug 06 10:35:03 2015
	INET/inet_error: send errno = 10054

HIGOR-FAB (Client)	Thu Aug 20 08:58:19 2015
	INET/inet_error: read errno = 10053

HIGOR-FAB (Client)	Thu Aug 20 08:58:43 2015
	INET/inet_error: send errno = 10053

MOYSES-PC (Client)	Fri Aug 21 14:38:00 2015
	INET/inet_error: send errno = 10054

MOYSES-PC (Client)	Fri Aug 21 14:38:00 2015
	INET/inet_error: send errno = 10054

HIGOR-FAB (Client)	Fri Aug 21 14:38:16 2015
	INET/inet_error: send errno = 10054

MOYSES-PC (Client)	Thu Sep 10 12:48:00 2015
	INET/inet_error: send errno = 10054

MOYSES-PC (Client)	Thu Sep 10 12:48:00 2015
	INET/inet_error: send errno = 10054

HIGOR-FAB (Client)	Thu Sep 10 12:48:10 2015
	INET/inet_error: send errno = 10054

HIGOR-FAB (Client)	Thu Sep 10 13:33:04 2015
	INET/inet_error: send errno = 10054

HIGOR-FAB (Client)	Thu Sep 10 13:33:04 2015
	INET/inet_error: send errno = 10054

HIGOR-FAB (Client)	Wed Oct 14 13:37:25 2015
	INET/inet_error: send errno = 10053

HIGOR-FAB (Client)	Wed Oct 14 13:37:25 2015
	INET/inet_error: send errno = 10053

HIGOR-FAB (Client)	Mon Oct 19 08:13:05 2015
	INET/inet_error: send errno = 10054

HIGOR-FAB (Client)	Mon Oct 26 12:41:20 2015
	INET/inet_error: read errno = 10054

HIGOR-FAB (Client)	Mon Oct 26 13:05:15 2015
	INET/inet_error: send errno = 10054

HIGOR-FAB (Client)	Mon Oct 26 13:05:15 2015
	INET/inet_error: send errno = 10054

DESKTOP-S12K165 (Client)	Wed Dec 23 16:19:00 2015
	INET/inet_error: send errno = 10054

DESKTOP-S12K165 (Client)	Wed Dec 23 16:19:01 2015
	INET/inet_error: send errno = 10054

SOUZA-PC (Client)	Mon Jan 11 16:29:23 2016
	INET/inet_error: connect errno = 10061

SOUZA-PC (Client)	Mon Jan 11 16:29:26 2016
	INET/inet_error: connect errno = 10061

DESKTOP-S12K165 (Client)	Thu Feb 04 09:21:21 2016
	INET/inet_error: send errno = 10054

DESKTOP-S12K165 (Client)	Thu Feb 04 09:21:22 2016
	INET/inet_error: send errno = 10054

JHF-PC (Client)	Fri Feb 12 16:51:19 2016
	INET/inet_error: read errno = 10053

JHF-PC (Client)	Fri Feb 12 16:51:19 2016
	INET/inet_error: send errno = 10053

DESKTOP-S12K165 (Client)	Fri Feb 12 17:00:19 2016
	INET/inet_error: read errno = 10054

DESKTOP-S12K165 (Client)	Fri Feb 12 17:00:22 2016
	INET/inet_error: send errno = 10054

HIGOR-FAB (Client)	Fri Feb 12 17:00:28 2016
	INET/inet_error: read errno = 10053

MOYSES-PC (Client)	Mon Feb 15 01:30:21 2016
	INET/inet_error: read errno = 10053

MOYSES-PC (Client)	Mon Feb 15 01:30:21 2016
	INET/inet_error: send errno = 10053

HIGOR-FAB (Client)	Mon Feb 22 08:33:00 2016
	INET/inet_error: send errno = 10054

HIGOR-FAB (Client)	Mon Feb 22 08:33:00 2016
	INET/inet_error: send errno = 10054

JHF-PC (Client)	Sun Mar 13 15:27:01 2016
	INET/inet_error: read errno = 10053

JHF-PC (Client)	Mon Mar 14 08:50:19 2016
	INET/inet_error: read errno = 10053

JHF-PC (Client)	Mon Mar 14 08:50:19 2016
	INET/inet_error: send errno = 10053

JHF-PC (Client)	Sun Mar 20 21:03:10 2016
	INET/inet_error: send errno = 10054

HIGOR-FAB (Client)	Fri Apr 01 12:34:33 2016
	INET/inet_error: read errno = 10054

HIGOR-FAB (Client)	Fri Apr 01 13:35:27 2016
	INET/inet_error: send errno = 10053

HIGOR-FAB (Client)	Fri Apr 01 13:35:27 2016
	INET/inet_error: send errno = 10053

MOYSES-PC (Client)	Fri Apr 01 14:29:09 2016
	INET/inet_error: send errno = 10053

MOYSES-PC (Client)	Fri Apr 01 14:29:09 2016
	INET/inet_error: send errno = 10053

MARCOS-FAB (Client)	Fri Apr 01 14:46:00 2016
	INET/inet_error: send errno = 10053

MARCOS-FAB (Client)	Fri Apr 01 14:46:00 2016
	INET/inet_error: send errno = 10053

EDERSON (Client)	Wed Apr 13 10:56:37 2016
	INET/inet_error: connect errno = 10061

EDERSON (Client)	Wed Apr 13 10:56:40 2016
	INET/inet_error: connect errno = 10061

EDERSON (Client)	Wed Apr 13 10:58:02 2016
	INET/inet_error: connect errno = 10061

EDERSON (Client)	Wed Apr 13 10:58:05 2016
	INET/inet_error: connect errno = 10061

EDERSON (Client)	Wed Apr 13 11:03:31 2016
	INET/inet_error: connect errno = 10061

EDERSON (Client)	Wed Apr 13 11:03:34 2016
	INET/inet_error: connect errno = 10061

EDERSON (Client)	Wed Apr 13 11:09:35 2016
	INET/inet_error: connect errno = 10061

EDERSON (Client)	Wed Apr 13 11:09:38 2016
	INET/inet_error: connect errno = 10061

EDERSON (Client)	Wed Apr 13 11:14:36 2016
	INET/inet_error: connect errno = 10061

EDERSON (Client)	Wed Apr 13 11:14:39 2016
	INET/inet_error: connect errno = 10061

MOYSES-PC (Client)	Thu May 12 09:49:44 2016
	INET/inet_error: read errno = 10053

MOYSES-PC (Client)	Thu May 12 11:54:34 2016
	INET/inet_error: send errno = 10053

MOYSES-PC (Client)	Thu May 12 11:54:34 2016
	INET/inet_error: send errno = 10053

MARCOS-FAB (Client)	Mon Jun 13 14:34:53 2016
	INET/inet_error: connect errno = 10060

MARCOS-FAB (Client)	Mon Jun 13 14:35:16 2016
	INET/inet_error: connect errno = 10060

MARCOS-FAB (Client)	Mon Jun 13 14:38:00 2016
	INET/inet_error: connect errno = 10060

MARCOS-FAB (Client)	Mon Jun 13 14:38:23 2016
	INET/inet_error: connect errno = 10060

MARCOS-FAB (Client)	Mon Jul 18 08:21:01 2016
	INET/inet_error: read errno = 10053

MARCOS-FAB (Client)	Mon Jul 18 08:43:09 2016
	INET/inet_error: send errno = 10053

MARCOS-FAB (Client)	Mon Jul 18 08:43:09 2016
	INET/inet_error: send errno = 10053

MARCOS-FAB (Client)	Tue Feb 07 14:51:00 2017
	INET/inet_error: send errno = 10053

MARCOS-FAB (Client)	Tue Feb 07 14:51:00 2017
	INET/inet_error: send errno = 10053

DESKTOP-S12K165 (Client)	Tue Feb 07 14:52:55 2017
	INET/inet_error: send errno = 10053

DESKTOP-S12K165 (Client)	Tue Feb 07 14:52:55 2017
	INET/inet_error: send errno = 10053

DESKTOP-S12K165 (Client)	Tue Feb 07 14:52:57 2017
	INET/inet_error: send errno = 10053

DESKTOP-S12K165 (Client)	Tue Feb 07 14:53:00 2017
	INET/inet_error: send errno = 10053

DESKTOP-S12K165 (Client)	Tue Feb 07 14:53:03 2017
	INET/inet_error: send errno = 10053

DESKTOP-S12K165 (Client)	Tue Feb 07 14:53:04 2017
	INET/inet_error: send errno = 10053

DESKTOP-S12K165 (Client)	Tue Feb 07 14:53:04 2017
	INET/inet_error: send errno = 10053

DESKTOP-S12K165 (Client)	Tue Feb 07 14:53:19 2017
	INET/inet_error: send errno = 10053

DESKTOP-S12K165 (Client)	Tue Feb 07 14:53:22 2017
	INET/inet_error: send errno = 10053

MOYSES-PC (Client)	Tue Feb 07 16:05:57 2017
	INET/inet_error: send errno = 10053

MOYSES-PC (Client)	Tue Feb 07 16:05:57 2017
	INET/inet_error: send errno = 10053

MARCOS-FAB (Client)	Tue Mar 07 16:14:42 2017
	INET/inet_error: send errno = 10054

MARCOS-FAB (Client)	Tue Mar 07 16:37:04 2017
	INET/inet_error: send errno = 10054

MARCOS-FAB (Client)	Tue Mar 07 16:37:04 2017
	INET/inet_error: send errno = 10054

MARCOS-FAB (Client)	Mon Mar 20 14:12:05 2017
	INET/inet_error: read errno = 10053

JHF-PC (Client)	Mon Mar 20 14:12:24 2017
	INET/inet_error: read errno = 10053

MOYSES-PC (Client)	Mon Mar 20 14:12:30 2017
	INET/inet_error: read errno = 10053

DESKTOP-S12K165 (Client)	Mon Mar 20 14:13:58 2017
	INET/inet_error: read errno = 10054

MOYSES-PC (Client)	Mon Mar 20 14:22:19 2017
	INET/inet_error: send errno = 10053

MOYSES-PC (Client)	Mon Mar 20 14:22:36 2017
	INET/inet_error: send errno = 10053

MARCOS-FAB (Client)	Mon Mar 20 14:24:52 2017
	INET/inet_error: send errno = 10053

MARCOS-FAB (Client)	Mon Mar 20 14:24:52 2017
	INET/inet_error: send errno = 10053

DESKTOP-S12K165 (Client)	Mon Mar 20 18:01:19 2017
	INET/inet_error: send errno = 10054

DESKTOP-S12K165 (Client)	Mon Mar 20 18:01:19 2017
	INET/inet_error: send errno = 10054

JHF-PC (Client)	Tue Mar 21 15:06:38 2017
	INET/inet_error: send errno = 10053

JHF-PC (Client)	Tue Mar 21 15:06:38 2017
	INET/inet_error: send errno = 10053

MARCOS-FAB (Client)	Tue Mar 28 13:19:12 2017
	INET/inet_error: send errno = 10053

MARCOS-FAB (Client)	Tue Mar 28 13:19:12 2017
	INET/inet_error: send errno = 10053

DESKTOP-S12K165 (Client)	Tue Apr 11 09:11:39 2017
	INET/inet_error: send errno = 10054

DESKTOP-S12K165 (Client)	Tue Apr 11 09:11:47 2017
	INET/inet_error: send errno = 10054

DESKTOP-S12K165 (Client)	Tue Apr 11 09:11:49 2017
	INET/inet_error: send errno = 10054

DESKTOP-S12K165 (Client)	Tue Apr 11 09:11:52 2017
	INET/inet_error: send errno = 10054

DESKTOP-S12K165 (Client)	Tue Apr 11 09:11:52 2017
	INET/inet_error: send errno = 10054

DESKTOP-S12K165 (Client)	Tue Apr 11 09:11:52 2017
	REMOTE INTERFACE/gds__detach: Unsuccesful detach from database. 
	Uncommitted work may have been lost

DESKTOP-S12K165 (Client)	Tue Apr 11 09:11:52 2017
	INET/inet_error: send errno = 10054

DESKTOP-S12K165 (Client)	Tue Apr 11 09:27:30 2017
	INET/inet_error: send errno = 10053

DESKTOP-S12K165 (Client)	Tue Apr 11 09:27:30 2017
	INET/inet_error: send errno = 10053

DESKTOP-S12K165 (Client)	Tue Apr 11 09:27:30 2017
	REMOTE INTERFACE/gds__detach: Unsuccesful detach from database. 
	Uncommitted work may have been lost

DESKTOP-S12K165 (Client)	Tue Apr 11 09:27:30 2017
	INET/inet_error: send errno = 10053

MOYSES-PC (Client)	Tue Apr 25 12:03:51 2017
	INET/inet_error: send errno = 10053

MOYSES-PC (Client)	Tue Apr 25 12:04:03 2017
	INET/inet_error: send errno = 10053

MARCOS-FAB (Client)	Mon May 15 08:10:10 2017
	INET/inet_error: connect errno = 10060

MARCOS-FAB (Client)	Mon May 15 08:10:33 2017
	INET/inet_error: connect errno = 10060

MARCOS-FAB (Client)	Fri May 19 15:55:37 2017
	INET/inet_error: send errno = 10053

MARCOS-FAB (Client)	Fri May 19 15:55:37 2017
	INET/inet_error: send errno = 10053

MARCOS-FAB (Client)	Fri May 19 15:55:37 2017
	INET/inet_error: send errno = 10053

MARCOS-FAB (Client)	Fri May 19 15:55:38 2017
	INET/inet_error: send errno = 10053

MARCOS-FAB (Client)	Fri May 19 15:55:38 2017
	INET/inet_error: send errno = 10053

MARCOS-FAB (Client)	Fri May 19 15:55:39 2017
	INET/inet_error: send errno = 10053

MARCOS-FAB (Client)	Fri May 19 15:55:46 2017
	INET/inet_error: send errno = 10053

MARCOS-FAB (Client)	Fri May 19 15:55:49 2017
	INET/inet_error: send errno = 10053

MARCOS-FAB (Client)	Fri May 19 15:55:51 2017
	INET/inet_error: send errno = 10053

MARCOS-FAB (Client)	Fri May 19 15:55:53 2017
	INET/inet_error: send errno = 10053

MARCOS-FAB (Client)	Fri May 19 15:55:54 2017
	INET/inet_error: send errno = 10053

MARCOS-FAB (Client)	Fri May 19 15:55:59 2017
	INET/inet_error: send errno = 10053

MARCOS-FAB (Client)	Fri May 19 15:56:02 2017
	INET/inet_error: send errno = 10053

MARCOS-FAB (Client)	Fri May 19 15:56:06 2017
	INET/inet_error: send errno = 10053

MARCOS-FAB (Client)	Fri May 19 15:56:08 2017
	INET/inet_error: send errno = 10053

MARCOS-FAB (Client)	Fri May 19 15:56:08 2017
	INET/inet_error: send errno = 10053

MOYSES-PC (Client)	Mon May 29 15:21:59 2017
	INET/inet_error: send errno = 10053

MOYSES-PC (Client)	Mon May 29 15:21:59 2017
	INET/inet_error: send errno = 10053

MARCOS-FAB (Client)	Wed May 31 08:00:38 2017
	INET/inet_error: send errno = 10053

MARCOS-FAB (Client)	Wed May 31 08:00:38 2017
	INET/inet_error: send errno = 10053

JHF-PC (Client)	Fri Jun 02 08:21:59 2017
	INET/inet_error: read errno = 10053

MOYSES-PC (Client)	Fri Jun 02 08:22:00 2017
	INET/inet_error: read errno = 10053

MARCOS-FAB (Client)	Thu Jun 29 10:17:54 2017
	INET/inet_error: read errno = 10053

MARCOS-FAB (Client)	Thu Jun 29 10:18:08 2017
	INET/inet_error: send errno = 10053

MARCOS-FAB (Client)	Thu Jun 29 10:18:08 2017
	INET/inet_error: send errno = 10053

MARCOS-FAB (Client)	Thu Jun 29 10:18:08 2017
	REMOTE INTERFACE/gds__detach: Unsuccesful detach from database. 
	Uncommitted work may have been lost

MARCOS-FAB (Client)	Thu Jun 29 10:18:08 2017
	INET/inet_error: send errno = 10053

MOYSES-PC (Client)	Wed Jul 12 12:43:00 2017
	INET/inet_error: send errno = 10053

MARCOS-FAB (Client)	Wed Jul 12 14:59:21 2017
	INET/inet_error: send errno = 10053

MARCOS-FAB (Client)	Wed Jul 12 14:59:21 2017
	INET/inet_error: send errno = 10053

MOYSES-PC (Client)	Mon Aug 21 12:05:19 2017
	INET/inet_error: read errno = 10053

MOYSES-PC (Client)	Mon Aug 21 12:05:19 2017
	INET/inet_error: send errno = 10053

MARCOS-FAB (Client)	Mon Aug 21 12:05:19 2017
	INET/inet_error: read errno = 10053

MARCOS-FAB (Client)	Mon Aug 21 12:05:19 2017
	INET/inet_error: send errno = 10053

MARCOS-FAB (Client)	Wed Aug 23 14:52:26 2017
	INET/inet_error: send errno = 10053

MARCOS-FAB (Client)	Wed Aug 23 14:52:26 2017
	INET/inet_error: send errno = 10053

MOYSES-PC (Client)	Wed Aug 23 15:15:39 2017
	INET/inet_error: send errno = 10053

MOYSES-PC (Client)	Wed Aug 23 15:15:39 2017
	INET/inet_error: send errno = 10053

MARCOS-FAB (Client)	Tue Aug 29 10:50:23 2017
	INET/inet_error: read errno = 10053

MARCOS-FAB (Client)	Tue Aug 29 11:22:34 2017
	INET/inet_error: send errno = 10053

MARCOS-FAB (Client)	Tue Aug 29 11:22:34 2017
	INET/inet_error: send errno = 10053

MOYSES-PC (Client)	Mon Sep 11 07:33:41 2017
	INET/inet_error: read errno = 10053

MOYSES-PC (Client)	Wed Sep 27 09:04:16 2017
	INET/inet_error: read errno = 10053

MOYSES-PC (Client)	Wed Sep 27 09:07:10 2017
	INET/inet_error: send errno = 10053

MARCOS-FAB (Client)	Wed Sep 27 09:14:11 2017
	INET/inet_error: send errno = 10053

MARCOS-FAB (Client)	Wed Sep 27 09:14:11 2017
	INET/inet_error: send errno = 10053

MOYSES-PC (Client)	Wed Sep 27 09:18:54 2017
	INET/inet_error: send errno = 10053

MOYSES-PC (Client)	Wed Sep 27 09:18:54 2017
	INET/inet_error: send errno = 10053

MARCOS_FAB (Client)	Fri Sep 29 13:02:09 2017
	INET/inet_error: send errno = 10054

MOYSES-PC (Client)	Fri Sep 29 13:02:13 2017
	INET/inet_error: send errno = 10054

MOYSES-PC (Client)	Fri Sep 29 14:33:42 2017
	INET/inet_error: send errno = 10054

MOYSES-PC (Client)	Fri Sep 29 14:33:42 2017
	INET/inet_error: send errno = 10054

MARCOS_FAB (Client)	Fri Sep 29 14:59:50 2017
	INET/inet_error: send errno = 10054

MARCOS_FAB (Client)	Fri Sep 29 14:59:51 2017
	INET/inet_error: send errno = 10054

MARCOS_FAB (Client)	Fri Sep 29 14:59:52 2017
	INET/inet_error: send errno = 10054

MARCOS_FAB (Client)	Fri Sep 29 14:59:52 2017
	INET/inet_error: send errno = 10054

MARCOS_FAB (Client)	Fri Sep 29 14:59:53 2017
	INET/inet_error: send errno = 10054

MARCOS_FAB (Client)	Fri Sep 29 14:59:53 2017
	INET/inet_error: send errno = 10054

MARCOS_FAB (Client)	Fri Sep 29 14:59:53 2017
	INET/inet_error: send errno = 10054

MARCOS_FAB (Client)	Fri Sep 29 14:59:55 2017
	INET/inet_error: send errno = 10054

MARCOS_FAB (Client)	Mon Oct 16 14:54:46 2017
	INET/inet_error: send errno = 10054

MARCOS_FAB (Client)	Mon Oct 16 14:54:56 2017
	INET/inet_error: send errno = 10054

MARCOS_FAB (Client)	Mon Oct 16 14:54:58 2017
	INET/inet_error: send errno = 10054

MARCOS_FAB (Client)	Mon Oct 16 14:54:59 2017
	INET/inet_error: send errno = 10054

MARCOS_FAB (Client)	Tue Oct 17 09:39:31 2017
	INET/inet_error: send errno = 10054

MARCOS_FAB (Client)	Tue Oct 17 09:16:08 2017
	INET/inet_error: send errno = 10054

MARCOS_FAB (Client)	Tue Oct 17 09:16:08 2017
	INET/inet_error: send errno = 10054

MARCOS_FAB (Client)	Thu Oct 19 11:02:29 2017
	INET/inet_error: send errno = 10053

MARCOS_FAB (Client)	Thu Oct 19 11:02:29 2017
	INET/inet_error: send errno = 10053

JHF-PC (Client)	Fri Oct 20 23:15:48 2017
	INET/inet_error: send errno = 10053

JHF-PC (Client)	Fri Oct 20 23:15:48 2017
	INET/inet_error: send errno = 10053

MOYSES-PC (Client)	Wed Nov 29 15:16:09 2017
	INET/inet_error: read errno = 10053

MOYSES-PC (Client)	Wed Nov 29 15:16:58 2017
	INET/inet_error: send errno = 10053

MOYSES-PC (Client)	Wed Nov 29 15:17:08 2017
	INET/inet_error: send errno = 10053

MOYSES-PC (Client)	Wed Nov 29 15:17:08 2017
	INET/inet_error: send errno = 10053

MOYSES-PC (Client)	Wed Nov 29 15:17:08 2017
	REMOTE INTERFACE/gds__detach: Unsuccesful detach from database. 
	Uncommitted work may have been lost

MOYSES-PC (Client)	Wed Nov 29 15:17:08 2017
	INET/inet_error: send errno = 10053

MOYSES-PC (Client)	Mon Dec 04 16:27:16 2017
	INET/inet_error: send errno = 10054

MOYSES-PC (Client)	Mon Dec 04 16:31:50 2017
	INET/inet_error: send errno = 10054

MOYSES-PC (Client)	Mon Dec 04 16:31:50 2017
	INET/inet_error: send errno = 10054

JHF-PC (Client)	Thu Dec 07 11:31:33 2017
	INET/inet_error: send errno = 10054

JHF-PC (Client)	Thu Dec 07 11:31:35 2017
	INET/inet_error: send errno = 10054

JHF-PC (Client)	Thu Dec 07 11:31:36 2017
	INET/inet_error: send errno = 10054

JHF-PC (Client)	Thu Dec 07 11:31:39 2017
	INET/inet_error: send errno = 10054

JHF-PC (Client)	Thu Dec 07 11:31:44 2017
	INET/inet_error: send errno = 10054

JHF-PC (Client)	Thu Dec 07 11:31:44 2017
	INET/inet_error: send errno = 10054

JHF-PC (Client)	Thu Dec 07 11:31:44 2017
	REMOTE INTERFACE/gds__detach: Unsuccesful detach from database. 
	Uncommitted work may have been lost

JHF-PC (Client)	Thu Dec 07 11:31:44 2017
	INET/inet_error: send errno = 10054

MURILOSOUZA (Client)	Mon Jan 15 14:49:02 2018
	INET/inet_error: connect errno = 10061

MURILOSOUZA (Client)	Mon Jan 15 14:49:05 2018
	INET/inet_error: connect errno = 10061

ANGELA-PC (Client)	Wed Jan 17 12:49:55 2018
	INET/inet_error: send errno = 10054

ANGELA-PC (Client)	Wed Jan 17 15:42:35 2018
	INET/inet_error: send errno = 10054

ANGELA-PC (Client)	Wed Jan 17 15:42:35 2018
	INET/inet_error: send errno = 10054

MOYSES-PC (Client)	Mon Feb 05 14:32:26 2018
	INET/inet_error: read errno = 10053

ANGELA-PC (Client)	Mon Feb 05 14:36:22 2018
	INET/inet_error: read errno = 10053

ANGELA-PC (Client)	Mon Feb 05 14:36:22 2018
	INET/inet_error: send errno = 10053

ANGELA-PC (Client)	Fri Mar 02 16:27:29 2018
	INET/inet_error: send errno = 10053

MOYSES-PC (Client)	Tue Mar 27 10:06:15 2018
	INET/inet_error: read errno = 10053

MOYSES-PC (Client)	Tue Mar 27 10:06:15 2018
	INET/inet_error: send errno = 10053

ANGELA-PC (Client)	Tue Mar 27 10:50:59 2018
	INET/inet_error: read errno = 10053

ANGELA-PC (Client)	Tue Mar 27 10:50:59 2018
	INET/inet_error: send errno = 10053

MOYSES-PC (Client)	Fri Apr 27 10:47:18 2018
	INET/inet_error: read errno = 10053

ANGELA-PC (Client)	Fri Apr 27 10:47:21 2018
	INET/inet_error: read errno = 10053

MOYSES-PC (Client)	Fri Apr 27 10:48:20 2018
	INET/inet_error: send errno = 10053

MOYSES-PC (Client)	Fri Apr 27 10:48:27 2018
	INET/inet_error: send errno = 10053

MOYSES-PC (Client)	Fri Apr 27 10:48:31 2018
	INET/inet_error: send errno = 10053

MOYSES-PC (Client)	Fri Apr 27 10:48:34 2018
	INET/inet_error: send errno = 10053

ANGELA-PC (Client)	Fri Apr 27 10:48:50 2018
	INET/inet_error: send errno = 10053

ANGELA-PC (Client)	Fri Apr 27 10:48:51 2018
	INET/inet_error: send errno = 10053

ANGELA-PC (Client)	Fri Apr 27 10:48:52 2018
	INET/inet_error: send errno = 10053

ANGELA-PC (Client)	Fri Apr 27 10:48:53 2018
	INET/inet_error: send errno = 10053

ANGELA-PC (Client)	Fri Apr 27 10:48:54 2018
	INET/inet_error: send errno = 10053

MOYSES-PC (Client)	Fri Apr 27 10:48:55 2018
	INET/inet_error: send errno = 10053

ANGELA-PC (Client)	Fri Apr 27 10:48:58 2018
	INET/inet_error: send errno = 10053

ANGELA-PC (Client)	Fri Apr 27 10:49:00 2018
	INET/inet_error: send errno = 10053

ANGELA-PC (Client)	Fri Apr 27 10:49:03 2018
	INET/inet_error: send errno = 10053

MOYSES-PC (Client)	Wed May 16 12:20:33 2018
	INET/inet_error: read errno = 10053

ANGELA-PC (Client)	Fri May 18 16:10:00 2018
	INET/inet_error: send errno = 10054

ANGELA-PC (Client)	Fri May 18 16:10:00 2018
	INET/inet_error: send errno = 10054

MOYSES-PC (Client)	Fri May 18 16:10:17 2018
	INET/inet_error: send errno = 10054

MOYSES-PC (Client)	Fri May 18 16:10:20 2018
	INET/inet_error: send errno = 10054

MOYSES-PC (Client)	Fri May 18 16:10:21 2018
	INET/inet_error: send errno = 10054

MOYSES-PC (Client)	Fri May 18 16:10:23 2018
	INET/inet_error: send errno = 10054

MOYSES-PC (Client)	Fri May 18 16:10:26 2018
	INET/inet_error: send errno = 10054

MOYSES-PC (Client)	Fri May 18 16:11:22 2018
	INET/inet_error: connect errno = 10060

MOYSES-PC (Client)	Fri May 18 16:11:45 2018
	INET/inet_error: connect errno = 10060

ANGELA-PC (Client)	Mon May 21 11:14:42 2018
	INET/inet_error: read errno = 10053

MOYSES-PC (Client)	Mon May 21 11:14:49 2018
	INET/inet_error: read errno = 10053

MOYSES-PC (Client)	Mon May 21 11:44:10 2018
	INET/inet_error: send errno = 10053

MOYSES-PC (Client)	Mon May 21 11:44:10 2018
	INET/inet_error: send errno = 10053

ANGELA-PC (Client)	Mon May 21 14:54:05 2018
	INET/inet_error: send errno = 10053

ANGELA-PC (Client)	Mon May 21 14:54:05 2018
	INET/inet_error: send errno = 10053

JHF-PC (Client)	Wed Jun 06 14:00:19 2018
	INET/inet_error: read errno = 10053

JHF-PC (Client)	Wed Jun 06 14:00:19 2018
	INET/inet_error: send errno = 10053

ANGELA-PC (Client)	Wed Jun 06 17:27:28 2018
	INET/inet_error: read errno = 10053

ANGELA-PC (Client)	Wed Jun 06 17:38:49 2018
	INET/inet_error: send errno = 10053

ANGELA-PC (Client)	Wed Jun 06 17:39:04 2018
	INET/inet_error: send errno = 10053

ANGELA-PC (Client)	Wed Jun 06 17:39:10 2018
	INET/inet_error: send errno = 10053

ANGELA-PC (Client)	Wed Jun 06 17:39:22 2018
	INET/inet_error: send errno = 10053

ANGELA-PC (Client)	Wed Jun 06 17:39:22 2018
	INET/inet_error: send errno = 10053

ANGELA-PC (Client)	Wed Jun 06 17:39:22 2018
	REMOTE INTERFACE/gds__detach: Unsuccesful detach from database. 
	Uncommitted work may have been lost

ANGELA-PC (Client)	Wed Jun 06 17:39:22 2018
	INET/inet_error: send errno = 10053

JHF-PC (Client)	Wed Jun 06 18:35:01 2018
	INET/inet_error: read errno = 10053

JHF-PC (Client)	Wed Jun 13 15:00:19 2018
	INET/inet_error: read errno = 10053

JHF-PC (Client)	Wed Jun 13 15:00:19 2018
	INET/inet_error: send errno = 10053

MOYSES-PC (Client)	Wed Jun 13 15:12:49 2018
	INET/inet_error: read errno = 10053

MOYSES-PC (Client)	Wed Jun 13 15:13:50 2018
	INET/inet_error: send errno = 10053

MOYSES-PC (Client)	Wed Jun 13 15:14:01 2018
	INET/inet_error: send errno = 10053

MOYSES-PC (Client)	Wed Jun 13 15:14:01 2018
	INET/inet_error: send errno = 10053

MOYSES-PC (Client)	Wed Jun 13 15:14:01 2018
	REMOTE INTERFACE/gds__detach: Unsuccesful detach from database. 
	Uncommitted work may have been lost

MOYSES-PC (Client)	Wed Jun 13 15:14:01 2018
	INET/inet_error: send errno = 10053

ANGELA-PC (Client)	Thu Jun 14 15:17:44 2018
	INET/inet_error: send errno = 10054

ANGELA-PC (Client)	Thu Jun 14 16:21:42 2018
	INET/inet_error: send errno = 10054

ANGELA-PC (Client)	Thu Jun 14 16:21:42 2018
	INET/inet_error: send errno = 10054

ANGELA-PC (Client)	Tue Jun 26 11:17:15 2018
	INET/inet_error: read errno = 10053

ANGELA-PC (Client)	Tue Jun 26 11:18:04 2018
	INET/inet_error: send errno = 10053

ANGELA-PC (Client)	Tue Jun 26 11:18:18 2018
	INET/inet_error: send errno = 10053

ANGELA-PC (Client)	Tue Jun 26 11:18:18 2018
	INET/inet_error: send errno = 10053

ANGELA-PC (Client)	Tue Jun 26 11:18:18 2018
	REMOTE INTERFACE/gds__detach: Unsuccesful detach from database. 
	Uncommitted work may have been lost

ANGELA-PC (Client)	Tue Jun 26 11:18:18 2018
	INET/inet_error: send errno = 10053

ANGELA-PC (Client)	Tue Jun 26 11:19:43 2018
	INET/inet_error: connect errno = 10060

ANGELA-PC (Client)	Tue Jun 26 11:20:06 2018
	INET/inet_error: connect errno = 10060

MOYSES-PC (Client)	Tue Jun 26 11:26:33 2018
	INET/inet_error: read errno = 10053

MOYSES-PC (Client)	Tue Jun 26 11:26:49 2018
	INET/inet_error: send errno = 10053

MOYSES-PC (Client)	Tue Jun 26 11:26:54 2018
	INET/inet_error: send errno = 10053

MOYSES-PC (Client)	Tue Jun 26 11:26:58 2018
	INET/inet_error: send errno = 10053

MOYSES-PC (Client)	Tue Jun 26 11:26:58 2018
	INET/inet_error: send errno = 10053

MOYSES-PC (Client)	Tue Jun 26 11:26:58 2018
	REMOTE INTERFACE/gds__detach: Unsuccesful detach from database. 
	Uncommitted work may have been lost

MOYSES-PC (Client)	Tue Jun 26 11:26:58 2018
	INET/inet_error: send errno = 10053

ANGELA-PC (Client)	Mon Jul 30 16:07:18 2018
	INET/inet_error: send errno = 10054

ANGELA-PC (Client)	Mon Jul 30 16:09:34 2018
	INET/inet_error: send errno = 10054

ANGELA-PC (Client)	Mon Jul 30 16:09:37 2018
	INET/inet_error: send errno = 10054

ANGELA-PC (Client)	Mon Jul 30 16:09:38 2018
	INET/inet_error: send errno = 10054

ANGELA-PC (Client)	Mon Jul 30 16:09:38 2018
	INET/inet_error: send errno = 10054

ANGELA-PC (Client)	Mon Jul 30 16:09:46 2018
	INET/inet_error: send errno = 10054

ANGELA-PC (Client)	Mon Jul 30 16:09:51 2018
	INET/inet_error: send errno = 10054

ANGELA-PC (Client)	Mon Jul 30 16:09:54 2018
	INET/inet_error: send errno = 10054

ANGELA-PC (Client)	Mon Jul 30 16:09:56 2018
	INET/inet_error: send errno = 10054

ANGELA-PC (Client)	Mon Jul 30 16:10:01 2018
	INET/inet_error: send errno = 10054

ANGELA-PC (Client)	Mon Jul 30 16:10:03 2018
	INET/inet_error: send errno = 10054

ANGELA-PC (Client)	Mon Jul 30 16:10:03 2018
	INET/inet_error: send errno = 10054

MOYSES-PC (Client)	Fri Aug 03 14:40:28 2018
	INET/inet_error: read errno = 10053

ANGELA-PC (Client)	Fri Aug 03 14:40:33 2018
	INET/inet_error: read errno = 10053

ANGELA-PC (Client)	Fri Aug 03 16:15:13 2018
	INET/inet_error: send errno = 10053

ANGELA-PC (Client)	Fri Aug 03 16:15:13 2018
	INET/inet_error: send errno = 10053

ANGELA-PC (Client)	Mon Aug 06 09:56:46 2018
	INET/inet_error: send errno = 10054

ANGELA-PC (Client)	Mon Aug 06 09:57:00 2018
	INET/inet_error: send errno = 10054

ANGELA-PC (Client)	Mon Aug 06 09:57:00 2018
	INET/inet_error: send errno = 10054

ANGELA-PC (Client)	Mon Aug 06 15:42:26 2018
	INET/inet_error: send errno = 10053

ANGELA-PC (Client)	Mon Aug 06 15:42:26 2018
	INET/inet_error: send errno = 10053

MOYSES-PC (Client)	Thu Aug 09 15:34:31 2018
	INET/inet_error: send errno = 10053

MOYSES-PC (Client)	Thu Aug 09 15:34:31 2018
	INET/inet_error: send errno = 10053

MOYSES-PC (Client)	Mon Aug 13 16:32:21 2018
	INET/inet_error: read errno = 10053

MOYSES-PC (Client)	Mon Aug 13 16:32:22 2018
	INET/inet_error: send errno = 10053

ANGELA-PC (Client)	Mon Aug 13 16:34:28 2018
	INET/inet_error: send errno = 10053

ANGELA-PC (Client)	Mon Aug 13 16:34:29 2018
	INET/inet_error: send errno = 10053

ANGELA-PC (Client)	Mon Aug 13 17:37:33 2018
	INET/inet_error: send errno = 10054

ANGELA-PC (Client)	Mon Aug 13 18:00:25 2018
	INET/inet_error: send errno = 10054

ANGELA-PC (Client)	Mon Aug 13 18:00:25 2018
	INET/inet_error: send errno = 10054

MOYSES-PC (Client)	Mon Aug 27 12:37:41 2018
	INET/inet_error: send errno = 10054

MOYSES-PC (Client)	Mon Aug 27 13:59:37 2018
	INET/inet_error: send errno = 10054

MOYSES-PC (Client)	Mon Aug 27 13:59:37 2018
	INET/inet_error: send errno = 10054

MOYSES-PC (Client)	Thu Aug 30 16:20:59 2018
	INET/inet_error: send errno = 10054

MOYSES-PC (Client)	Thu Aug 30 16:27:07 2018
	INET/inet_error: send errno = 10054

MOYSES-PC (Client)	Thu Aug 30 16:27:07 2018
	INET/inet_error: send errno = 10054

MOYSES-PC (Client)	Wed Sep 12 16:15:32 2018
	INET/inet_error: read errno = 10053

JHF-PC (Client)	Fri Sep 14 09:51:43 2018
	INET/inet_error: read errno = 10053

MOYSES-PC (Client)	Tue Oct 16 11:27:05 2018
	INET/inet_error: read errno = 10053

MOYSES-PC (Client)	Tue Oct 16 11:27:09 2018
	INET/inet_error: send errno = 10053

MOYSES-PC (Client)	Tue Oct 16 11:27:11 2018
	INET/inet_error: send errno = 10053

MOYSES-PC (Client)	Tue Oct 16 11:27:16 2018
	INET/inet_error: send errno = 10053

MOYSES-PC (Client)	Tue Oct 16 11:27:16 2018
	INET/inet_error: send errno = 10053

MOYSES-PC (Client)	Tue Oct 16 11:27:16 2018
	REMOTE INTERFACE/gds__detach: Unsuccesful detach from database. 
	Uncommitted work may have been lost

MOYSES-PC (Client)	Tue Oct 16 11:27:16 2018
	INET/inet_error: send errno = 10053

MOYSES-PC (Client)	Wed Oct 17 08:10:02 2018
	INET/inet_error: send errno = 10053

MOYSES-PC (Client)	Wed Oct 17 08:10:02 2018
	INET/inet_error: send errno = 10053

MOYSES-PC (Client)	Thu Nov 29 14:16:00 2018
	INET/inet_error: send errno = 10054

MOYSES-PC (Client)	Thu Nov 29 14:16:00 2018
	INET/inet_error: send errno = 10054

MOYSES-PC (Client)	Mon Dec 03 14:58:36 2018
	INET/inet_error: read errno = 10053

MOYSES-PC (Client)	Mon Dec 03 15:04:07 2018
	INET/inet_error: send errno = 10053

MOYSES-PC (Client)	Mon Dec 03 15:04:15 2018
	INET/inet_error: send errno = 10053

MOYSES-PC (Client)	Mon Dec 03 15:04:15 2018
	INET/inet_error: send errno = 10053

MOYSES-PC (Client)	Mon Dec 03 15:04:15 2018
	REMOTE INTERFACE/gds__detach: Unsuccesful detach from database. 
	Uncommitted work may have been lost

MOYSES-PC (Client)	Mon Dec 03 15:04:15 2018
	INET/inet_error: send errno = 10053

MOYSES-PC (Client)	Tue Dec 04 10:17:17 2018
	INET/inet_error: read errno = 10053

MOYSES-PC (Client)	Mon Dec 10 12:01:15 2018
	INET/inet_error: read errno = 10053

MOYSES-PC (Client)	Wed Dec 12 12:01:19 2018
	INET/inet_error: read errno = 10053

MOYSES-PC (Client)	Wed Dec 12 12:01:19 2018
	INET/inet_error: send errno = 10053

MOYSES-PC (Client)	Wed Feb 06 12:50:51 2019
	INET/inet_error: read errno = 10053

JHF-PC (Client)	Sun Feb 10 23:35:19 2019
	INET/inet_error: read errno = 10053

JHF-PC (Client)	Sun Feb 10 23:35:19 2019
	INET/inet_error: send errno = 10053

MOYSES-PC (Client)	Fri Feb 15 07:16:29 2019
	INET/inet_error: send errno = 10053

MOYSES-PC (Client)	Fri Feb 15 07:16:29 2019
	INET/inet_error: send errno = 10053

MOYSES-PC (Client)	Wed Mar 06 11:59:20 2019
	INET/inet_error: read errno = 10053

MOYSES-PC (Client)	Wed Mar 06 14:30:09 2019
	INET/inet_error: send errno = 10053

MOYSES-PC (Client)	Wed Mar 06 14:30:09 2019
	INET/inet_error: send errno = 10053

MOYSES-PC (Client)	Thu Mar 07 16:36:19 2019
	INET/inet_error: read errno = 10053

MOYSES-PC (Client)	Thu Mar 07 16:36:19 2019
	INET/inet_error: send errno = 10053

MOYSES-PC (Client)	Mon Mar 11 14:16:18 2019
	INET/inet_error: send errno = 10053

MOYSES-PC (Client)	Mon Mar 11 14:16:18 2019
	INET/inet_error: send errno = 10053

MOYSES-PC (Client)	Thu Mar 21 13:25:47 2019
	INET/inet_error: read errno = 10053

MOYSES-PC (Client)	Thu Mar 21 13:57:34 2019
	INET/inet_error: send errno = 10053

MOYSES-PC (Client)	Thu Mar 21 13:57:34 2019
	INET/inet_error: send errno = 10053

MOYSES-PC (Client)	Mon Apr 01 17:10:15 2019
	INET/inet_error: read errno = 10053

MOYSES-PC (Client)	Mon Apr 01 17:10:54 2019
	INET/inet_error: send errno = 10053

MOYSES-PC (Client)	Mon Apr 01 17:10:59 2019
	INET/inet_error: send errno = 10053

MOYSES-PC (Client)	Tue Apr 09 14:36:22 2019
	INET/inet_error: send errno = 10054

MOYSES-PC (Client)	Tue Apr 09 14:59:08 2019
	INET/inet_error: send errno = 10054

MOYSES-PC (Client)	Tue Apr 09 14:59:08 2019
	INET/inet_error: send errno = 10054

JHF-PC (Client)	Tue Apr 09 17:01:19 2019
	INET/inet_error: read errno = 10053

JHF-PC (Client)	Tue Apr 09 17:01:20 2019
	INET/inet_error: send errno = 10053

JHF-PC (Client)	Fri Apr 19 07:30:19 2019
	INET/inet_error: read errno = 10053

JHF-PC (Client)	Fri Apr 19 07:30:19 2019
	INET/inet_error: send errno = 10053

JHF-PC (Client)	Wed May 15 16:30:00 2019
	INET/inet_error: send errno = 10054

JHF-PC (Client)	Wed May 15 16:30:00 2019
	INET/inet_error: send errno = 10054

MOYSES-PC (Client)	Thu May 16 14:59:17 2019
	INET/inet_error: read errno = 10053

MOYSES-PC (Client)	Thu May 16 14:59:27 2019
	INET/inet_error: send errno = 10053

MOYSES-PC (Client)	Thu May 16 15:13:40 2019
	INET/inet_error: send errno = 10053

JHF-PC (Client)	Fri May 17 15:30:00 2019
	INET/inet_error: send errno = 10054

JHF-PC (Client)	Fri May 17 15:30:00 2019
	INET/inet_error: send errno = 10054

MOYSES-PC (Client)	Fri Jun 14 16:04:19 2019
	INET/inet_error: read errno = 10053

MOYSES-PC (Client)	Fri Jun 14 16:04:25 2019
	INET/inet_error: send errno = 10053

MOYSES-PC (Client)	Fri Jun 21 18:05:35 2019
	INET/inet_error: connect errno = 10060

MOYSES-PC (Client)	Fri Jun 21 18:05:58 2019
	INET/inet_error: connect errno = 10060

MOYSES-PC (Client)	Sat Jun 22 09:21:59 2019
	INET/inet_error: connect errno = 10060

MOYSES-PC (Client)	Sat Jun 22 09:22:22 2019
	INET/inet_error: connect errno = 10060

MOYSES-PC (Client)	Sat Jun 22 09:26:09 2019
	INET/inet_error: connect errno = 10060

MOYSES-PC (Client)	Sat Jun 22 09:26:32 2019
	INET/inet_error: connect errno = 10060

MOYSES-PC (Client)	Sat Jun 22 09:45:58 2019
	INET/inet_error: connect errno = 10060

MOYSES-PC (Client)	Sat Jun 22 09:46:21 2019
	INET/inet_error: connect errno = 10060

JHF-PC (Client)	Thu Jul 04 18:39:19 2019
	INET/inet_error: read errno = 10053

JHF-PC (Client)	Thu Jul 04 18:39:19 2019
	INET/inet_error: send errno = 10053

MOYSES-PC (Client)	Sun Aug 04 22:37:41 2019
	INET/inet_error: read errno = 10053

MOYSES-PC (Client)	Mon Aug 05 07:20:29 2019
	INET/inet_error: send errno = 10053

MOYSES-PC (Client)	Mon Aug 05 07:20:29 2019
	INET/inet_error: send errno = 10053

MOYSES-PC (Client)	Mon Aug 05 09:48:03 2019
	INET/inet_error: read errno = 10053

MOYSES-PC (Client)	Mon Aug 05 10:00:04 2019
	INET/inet_error: send errno = 10053

MOYSES-PC (Client)	Mon Aug 05 10:00:04 2019
	INET/inet_error: send errno = 10053

JHF-PC (Client)	Thu Aug 08 12:55:19 2019
	INET/inet_error: read errno = 10053

JHF-PC (Client)	Thu Aug 08 12:55:19 2019
	INET/inet_error: send errno = 10053

MOYSES-PC (Client)	Fri Aug 23 16:30:08 2019
	INET/inet_error: send errno = 10053

MOYSES-PC (Client)	Fri Aug 23 16:30:08 2019
	INET/inet_error: send errno = 10053

MOYSES-PC (Client)	Fri Aug 30 15:43:11 2019
	INET/inet_error: read errno = 10053

MOYSES-PC (Client)	Fri Aug 30 16:26:40 2019
	INET/inet_error: send errno = 10053

MOYSES-PC (Client)	Fri Aug 30 16:26:40 2019
	INET/inet_error: send errno = 10053

JHF-PC (Client)	Fri Sep 06 16:05:19 2019
	INET/inet_error: read errno = 10053

JHF-PC (Client)	Fri Sep 06 16:05:20 2019
	INET/inet_error: send errno = 10053

MOYSES-PC (Client)	Fri Sep 06 17:23:08 2019
	INET/inet_error: read errno = 10053

MOYSES-PC (Client)	Wed Sep 25 17:08:30 2019
	INET/inet_error: read errno = 10053

JHF-PC (Client)	Thu Sep 26 15:53:00 2019
	INET/inet_error: send errno = 10054

JHF-PC (Client)	Thu Sep 26 15:53:00 2019
	INET/inet_error: send errno = 10054

MOYSES-PC (Client)	Mon Oct 07 16:29:16 2019
	INET/inet_error: read errno = 10053

MOYSES-PC (Client)	Mon Oct 07 16:29:33 2019
	INET/inet_error: send errno = 10053

MOYSES-PC (Client)	Mon Oct 07 16:29:45 2019
	INET/inet_error: send errno = 10053

MOYSES-PC (Client)	Mon Oct 07 16:29:45 2019
	INET/inet_error: send errno = 10053

MOYSES-PC (Client)	Mon Oct 07 16:29:45 2019
	REMOTE INTERFACE/gds__detach: Unsuccesful detach from database. 
	Uncommitted work may have been lost

MOYSES-PC (Client)	Mon Oct 07 16:29:45 2019
	INET/inet_error: send errno = 10053

JHF-PC (Client)	Tue Oct 15 16:45:00 2019
	INET/inet_error: send errno = 10054

JHF-PC (Client)	Tue Oct 15 16:45:00 2019
	INET/inet_error: send errno = 10054

MOYSES-PC (Client)	Tue Oct 15 18:09:55 2019
	INET/inet_error: send errno = 10054

MOYSES-PC (Client)	Tue Oct 22 18:08:06 2019
	INET/inet_error: read errno = 10053

MOYSES-PC (Client)	Tue Oct 22 18:09:26 2019
	INET/inet_error: send errno = 10053

MOYSES-PC (Client)	Tue Oct 22 18:10:03 2019
	INET/inet_error: send errno = 10053

MOYSES-PC (Client)	Tue Oct 22 18:10:03 2019
	INET/inet_error: send errno = 10053

MOYSES-PC (Client)	Tue Oct 22 18:10:03 2019
	REMOTE INTERFACE/gds__detach: Unsuccesful detach from database. 
	Uncommitted work may have been lost

MOYSES-PC (Client)	Tue Oct 22 18:10:03 2019
	INET/inet_error: send errno = 10053

MOYSES-PC (Client)	Wed Feb 23 16:04:29 2022
	INET/inet_error: read errno = 10053

MOYSES-PC (Client)	Wed Feb 23 16:05:20 2022
	INET/inet_error: send errno = 10053

MOYSES-PC (Client)	Wed Feb 23 16:05:25 2022
	INET/inet_error: send errno = 10053

MOYSES-PC (Client)	Wed Feb 23 16:05:29 2022
	INET/inet_error: send errno = 10053

