

***********************************************************************
Fatal NI connect error 12514, connecting to:
 (DESCRIPTION=(ADDRESS=(PROTOCOL=TCP)(HOST=10.10.10.160)(PORT=1521))(CONNECT_DATA=(SERVICE_NAME=prodive)(CID=(PROGRAM=E:\Acucobol\AcuGT\bin\wrun32.exe)(HOST=PAULO)(USER=Paulo))))

  VERSION INFORMATION:
	TNS for 32-bit Windows: Version 9.2.0.1.0 - Production
	Windows NT TCP/IP NT Protocol Adapter for 32-bit Windows: Version 9.2.0.1.0 - Production
  Time: 16-AGO-2007 10:24:10
  Tracing not turned on.
  Tns error struct:
    nr err code: 0
    ns main err code: 12564
    TNS-12564: TNS:conexão recusada
    ns secondary err code: 0
    nt main err code: 0
    nt secondary err code: 0
    nt OS err code: 0


***********************************************************************
Fatal NI connect error 12514, connecting to:
 (DESCRIPTION=(ADDRESS=(PROTOCOL=TCP)(HOST=10.10.10.160)(PORT=1521))(CONNECT_DATA=(SERVICE_NAME=prodive)(CID=(PROGRAM=E:\Acucobol\AcuGT\bin\wrun32.exe)(HOST=PAULO)(USER=Paulo))))

  VERSION INFORMATION:
	TNS for 32-bit Windows: Version 9.2.0.1.0 - Production
	Windows NT TCP/IP NT Protocol Adapter for 32-bit Windows: Version 9.2.0.1.0 - Production
  Time: 30-AGO-2007 09:08:08
  Tracing not turned on.
  Tns error struct:
    nr err code: 0
    ns main err code: 12564
    TNS-12564: TNS:conexão recusada
    ns secondary err code: 0
    nt main err code: 0
    nt secondary err code: 0
    nt OS err code: 0


***********************************************************************
Fatal NI connect error 12514, connecting to:
 (DESCRIPTION=(ADDRESS=(PROTOCOL=TCP)(HOST=10.10.10.160)(PORT=1521))(CONNECT_DATA=(SERVICE_NAME=prodive)(CID=(PROGRAM=E:\Acucobol\AcuGT\bin\wrun32.exe)(HOST=PAULO)(USER=Paulo))))

  VERSION INFORMATION:
	TNS for 32-bit Windows: Version 9.2.0.1.0 - Production
	Windows NT TCP/IP NT Protocol Adapter for 32-bit Windows: Version 9.2.0.1.0 - Production
  Time: 03-SET-2007 16:33:08
  Tracing not turned on.
  Tns error struct:
    nr err code: 0
    ns main err code: 12564
    TNS-12564: TNS:conexão recusada
    ns secondary err code: 0
    nt main err code: 0
    nt secondary err code: 0
    nt OS err code: 0


***********************************************************************
Fatal NI connect error 12514, connecting to:
 (DESCRIPTION=(ADDRESS=(PROTOCOL=TCP)(HOST=10.10.10.160)(PORT=1521))(CONNECT_DATA=(SERVICE_NAME=prodive)(CID=(PROGRAM=E:\Acucobol\AcuGT\bin\wrun32.exe)(HOST=PAULO)(USER=Paulo))))

  VERSION INFORMATION:
	TNS for 32-bit Windows: Version 9.2.0.1.0 - Production
	Windows NT TCP/IP NT Protocol Adapter for 32-bit Windows: Version 9.2.0.1.0 - Production
  Time: 13-SET-2007 18:26:33
  Tracing not turned on.
  Tns error struct:
    nr err code: 0
    ns main err code: 12564
    TNS-12564: TNS:conexão recusada
    ns secondary err code: 0
    nt main err code: 0
    nt secondary err code: 0
    nt OS err code: 0


***********************************************************************
Fatal NI connect error 12514, connecting to:
 (DESCRIPTION=(ADDRESS=(PROTOCOL=TCP)(HOST=10.10.10.160)(PORT=1521))(CONNECT_DATA=(SERVICE_NAME=prodive)(CID=(PROGRAM=E:\Acucobol\AcuGT\bin\wrun32.exe)(HOST=PAULO)(USER=Paulo))))

  VERSION INFORMATION:
	TNS for 32-bit Windows: Version 9.2.0.1.0 - Production
	Windows NT TCP/IP NT Protocol Adapter for 32-bit Windows: Version 9.2.0.1.0 - Production
  Time: 13-SET-2007 18:31:34
  Tracing not turned on.
  Tns error struct:
    nr err code: 0
    ns main err code: 12564
    TNS-12564: TNS:conexão recusada
    ns secondary err code: 0
    nt main err code: 0
    nt secondary err code: 0
    nt OS err code: 0


***********************************************************************
Fatal NI connect error 12514, connecting to:
 (DESCRIPTION=(ADDRESS=(PROTOCOL=TCP)(HOST=10.10.10.160)(PORT=1521))(CONNECT_DATA=(SERVICE_NAME=prodive)(CID=(PROGRAM=E:\Acucobol\AcuGT\bin\wrun32.exe)(HOST=PAULO)(USER=Paulo))))

  VERSION INFORMATION:
	TNS for 32-bit Windows: Version 9.2.0.1.0 - Production
	Windows NT TCP/IP NT Protocol Adapter for 32-bit Windows: Version 9.2.0.1.0 - Production
  Time: 14-SET-2007 08:06:43
  Tracing not turned on.
  Tns error struct:
    nr err code: 0
    ns main err code: 12564
    TNS-12564: TNS:conexão recusada
    ns secondary err code: 0
    nt main err code: 0
    nt secondary err code: 0
    nt OS err code: 0


***********************************************************************
Fatal NI connect error 12535, connecting to:
 (DESCRIPTION=(ADDRESS=(PROTOCOL=TCP)(HOST=10.10.10.2)(PORT=1521))(CONNECT_DATA=(SERVICE_NAME=prodive)(CID=(PROGRAM=E:\Acucobol\AcuGT\bin\wrun32.exe)(HOST=PAULO)(USER=Paulo))))

  VERSION INFORMATION:
	TNS for 32-bit Windows: Version 9.2.0.1.0 - Production
	Windows NT TCP/IP NT Protocol Adapter for 32-bit Windows: Version 9.2.0.1.0 - Production
  Time: 31-OUT-2007 15:51:52
  Tracing not turned on.
  Tns error struct:
    nr err code: 0
    ns main err code: 12535
    TNS-12535: TNS:operação sofreu timeout
    ns secondary err code: 12560
    nt main err code: 505
    TNS-00505: Operação sofreu timeout
    nt secondary err code: 60
    nt OS err code: 0


***********************************************************************
Fatal NI connect error 12535, connecting to:
 (DESCRIPTION=(ADDRESS=(PROTOCOL=TCP)(HOST=10.10.10.2)(PORT=1521))(CONNECT_DATA=(SERVICE_NAME=prodive)(CID=(PROGRAM=E:\Acucobol\AcuGT\bin\wrun32.exe)(HOST=PAULO)(USER=Paulo))))

  VERSION INFORMATION:
	TNS for 32-bit Windows: Version 9.2.0.1.0 - Production
	Windows NT TCP/IP NT Protocol Adapter for 32-bit Windows: Version 9.2.0.1.0 - Production
  Time: 05-NOV-2007 10:10:21
  Tracing not turned on.
  Tns error struct:
    nr err code: 0
    ns main err code: 12535
    TNS-12535: TNS:operação sofreu timeout
    ns secondary err code: 12560
    nt main err code: 505
    TNS-00505: Operação sofreu timeout
    nt secondary err code: 60
    nt OS err code: 0


***********************************************************************
Fatal NI connect error 12514, connecting to:
 (DESCRIPTION=(ADDRESS=(PROTOCOL=TCP)(HOST=10.10.10.160)(PORT=1521))(CONNECT_DATA=(SERVICE_NAME=prodive)(CID=(PROGRAM=E:\Acucobol\AcuGT\bin\wrun32.exe)(HOST=PAULO)(USER=Paulo))))

  VERSION INFORMATION:
	TNS for 32-bit Windows: Version 9.2.0.1.0 - Production
	Windows NT TCP/IP NT Protocol Adapter for 32-bit Windows: Version 9.2.0.1.0 - Production
  Time: 23-NOV-2007 10:06:45
  Tracing not turned on.
  Tns error struct:
    nr err code: 0
    ns main err code: 12564
    TNS-12564: TNS:conexão recusada
    ns secondary err code: 0
    nt main err code: 0
    nt secondary err code: 0
    nt OS err code: 0


***********************************************************************
Fatal NI connect error 12514, connecting to:
 (DESCRIPTION=(ADDRESS=(PROTOCOL=TCP)(HOST=10.10.10.160)(PORT=1521))(CONNECT_DATA=(SERVICE_NAME=prodive)(CID=(PROGRAM=E:\Acucobol\AcuGT\bin\wrun32.exe)(HOST=PAULO)(USER=Paulo))))

  VERSION INFORMATION:
	TNS for 32-bit Windows: Version 9.2.0.1.0 - Production
	Windows NT TCP/IP NT Protocol Adapter for 32-bit Windows: Version 9.2.0.1.0 - Production
  Time: 26-FEV-2008 16:25:32
  Tracing not turned on.
  Tns error struct:
    nr err code: 0
    ns main err code: 12564
    TNS-12564: TNS:conexão recusada
    ns secondary err code: 0
    nt main err code: 0
    nt secondary err code: 0
    nt OS err code: 0


***********************************************************************
Fatal NI connect error 12535, connecting to:
 (DESCRIPTION=(ADDRESS=(PROTOCOL=TCP)(HOST=10.10.10.7)(PORT=1521))(CONNECT_DATA=(SERVICE_NAME=COMERI)(CID=(PROGRAM=E:\Acucobol\AcuGT\bin\wrun32.exe)(HOST=NTSERVER)(USER=paulo))))

  VERSION INFORMATION:
	TNS for 32-bit Windows: Version 9.2.0.1.0 - Production
	Windows NT TCP/IP NT Protocol Adapter for 32-bit Windows: Version 9.2.0.1.0 - Production
  Time: 14-ABR-2009 08:36:36
  Tracing not turned on.
  Tns error struct:
    nr err code: 0
    ns main err code: 12535
    TNS-12535: TNS:operação sofreu timeout
    ns secondary err code: 12560
    nt main err code: 505
    TNS-00505: Operação sofreu timeout
    nt secondary err code: 60
    nt OS err code: 0


***********************************************************************
Fatal NI connect error 12535, connecting to:
 (DESCRIPTION=(ADDRESS=(PROTOCOL=TCP)(HOST=10.10.10.7)(PORT=1521))(CONNECT_DATA=(SERVICE_NAME=COMERI)(CID=(PROGRAM=E:\Acucobol\AcuGT\bin\wrun32.exe)(HOST=NTSERVER)(USER=paulo))))

  VERSION INFORMATION:
	TNS for 32-bit Windows: Version 9.2.0.1.0 - Production
	Windows NT TCP/IP NT Protocol Adapter for 32-bit Windows: Version 9.2.0.1.0 - Production
  Time: 14-ABR-2009 10:02:32
  Tracing not turned on.
  Tns error struct:
    nr err code: 0
    ns main err code: 12535
    TNS-12535: TNS:operação sofreu timeout
    ns secondary err code: 12560
    nt main err code: 505
    TNS-00505: Operação sofreu timeout
    nt secondary err code: 60
    nt OS err code: 0


***********************************************************************
Fatal NI connect error 12535, connecting to:
 (DESCRIPTION=(ADDRESS=(PROTOCOL=TCP)(HOST=10.10.10.7)(PORT=1521))(CONNECT_DATA=(SERVICE_NAME=COMERI)(CID=(PROGRAM=E:\Acucobol\AcuGT\bin\wrun32.exe)(HOST=NTSERVER)(USER=paulo))))

  VERSION INFORMATION:
	TNS for 32-bit Windows: Version 9.2.0.1.0 - Production
	Windows NT TCP/IP NT Protocol Adapter for 32-bit Windows: Version 9.2.0.1.0 - Production
  Time: 14-ABR-2009 10:23:37
  Tracing not turned on.
  Tns error struct:
    nr err code: 0
    ns main err code: 12535
    TNS-12535: TNS:operação sofreu timeout
    ns secondary err code: 12560
    nt main err code: 505
    TNS-00505: Operação sofreu timeout
    nt secondary err code: 60
    nt OS err code: 0


***********************************************************************
Fatal NI connect error 12535, connecting to:
 (DESCRIPTION=(ADDRESS=(PROTOCOL=TCP)(HOST=10.10.10.7)(PORT=1521))(CONNECT_DATA=(SERVICE_NAME=COMERI)(CID=(PROGRAM=E:\Acucobol\AcuGT\bin\wrun32.exe)(HOST=NTSERVER)(USER=paulo))))

  VERSION INFORMATION:
	TNS for 32-bit Windows: Version 9.2.0.1.0 - Production
	Windows NT TCP/IP NT Protocol Adapter for 32-bit Windows: Version 9.2.0.1.0 - Production
  Time: 14-ABR-2009 10:35:01
  Tracing not turned on.
  Tns error struct:
    nr err code: 0
    ns main err code: 12535
    TNS-12535: TNS:operação sofreu timeout
    ns secondary err code: 12560
    nt main err code: 505
    TNS-00505: Operação sofreu timeout
    nt secondary err code: 60
    nt OS err code: 0


***********************************************************************
Fatal NI connect error 12535, connecting to:
 (DESCRIPTION=(ADDRESS=(PROTOCOL=TCP)(HOST=10.10.10.7)(PORT=1521))(CONNECT_DATA=(SERVICE_NAME=COMERI)(CID=(PROGRAM=E:\Acucobol\AcuGT\bin\wrun32.exe)(HOST=NTSERVER)(USER=paulo))))

  VERSION INFORMATION:
	TNS for 32-bit Windows: Version 9.2.0.1.0 - Production
	Windows NT TCP/IP NT Protocol Adapter for 32-bit Windows: Version 9.2.0.1.0 - Production
  Time: 14-ABR-2009 11:47:05
  Tracing not turned on.
  Tns error struct:
    nr err code: 0
    ns main err code: 12535
    TNS-12535: TNS:operação sofreu timeout
    ns secondary err code: 12560
    nt main err code: 505
    TNS-00505: Operação sofreu timeout
    nt secondary err code: 60
    nt OS err code: 0


***********************************************************************
Fatal NI connect error 12500, connecting to:
 (DESCRIPTION=(ADDRESS=(PROTOCOL=TCP)(HOST=192.168.0.7)(PORT=1521))(CONNECT_DATA=(SERVICE_NAME=unimedJP)(CID=(PROGRAM=E:\Acucobol\AcuGT\bin\wrun32.exe)(HOST=ANGELA)(USER=Angela))))

  VERSION INFORMATION:
	TNS for 32-bit Windows: Version 9.2.0.1.0 - Production
	Windows NT TCP/IP NT Protocol Adapter for 32-bit Windows: Version 9.2.0.1.0 - Production
  Time: 26-JUN-2009 16:14:04
  Tracing not turned on.
  Tns error struct:
    nr err code: 0
    ns main err code: 12564
    TNS-12564: TNS:conexão recusada
    ns secondary err code: 0
    nt main err code: 0
    nt secondary err code: 0
    nt OS err code: 0


***********************************************************************
Fatal NI connect error 12500, connecting to:
 (DESCRIPTION=(ADDRESS=(PROTOCOL=TCP)(HOST=192.168.0.7)(PORT=1521))(CONNECT_DATA=(SERVICE_NAME=unimedJP)(CID=(PROGRAM=E:\Acucobol\AcuGT\bin\wrun32.exe)(HOST=ANGELA)(USER=Angela))))

  VERSION INFORMATION:
	TNS for 32-bit Windows: Version 9.2.0.1.0 - Production
	Windows NT TCP/IP NT Protocol Adapter for 32-bit Windows: Version 9.2.0.1.0 - Production
  Time: 26-JUN-2009 16:16:21
  Tracing not turned on.
  Tns error struct:
    nr err code: 0
    ns main err code: 12564
    TNS-12564: TNS:conexão recusada
    ns secondary err code: 0
    nt main err code: 0
    nt secondary err code: 0
    nt OS err code: 0


***********************************************************************
Fatal NI connect error 12560, connecting to:
 (DESCRIPTION=(ADDRESS=(PROTOCOL=TCP)(HOST=192.168.0.7)(PORT=1521))(CONNECT_DATA=(SERVICE_NAME=UNIMEDBR)(CID=(PROGRAM=E:\Acucobol\AcuGT\bin\wrun32.exe)(HOST=NTSERVER)(USER=paulo))))

  VERSION INFORMATION:
	TNS for 32-bit Windows: Version 9.2.0.1.0 - Production
	Windows NT TCP/IP NT Protocol Adapter for 32-bit Windows: Version 9.2.0.1.0 - Production
  Time: 28-JUN-2009 17:37:30
  Tracing not turned on.
  Tns error struct:
    nr err code: 0
    ns main err code: 12560
    TNS-12560: TNS:erro de adaptador de protocolo
    ns secondary err code: 0
    nt main err code: 530
    TNS-00530: Erro de adaptador de protocolo
    nt secondary err code: 55
    nt OS err code: 0


***********************************************************************
Fatal NI connect error 12514, connecting to:
 (DESCRIPTION=(ADDRESS=(PROTOCOL=TCP)(HOST=192.168.0.7)(PORT=1521))(CONNECT_DATA=(SERVICE_NAME=UNIMEDBR)(CID=(PROGRAM=E:\Acucobol\AcuGT\bin\wrun32.exe)(HOST=ANGELA)(USER=Angela))))

  VERSION INFORMATION:
	TNS for 32-bit Windows: Version 9.2.0.1.0 - Production
	Windows NT TCP/IP NT Protocol Adapter for 32-bit Windows: Version 9.2.0.1.0 - Production
  Time: 01-JUL-2009 08:37:13
  Tracing not turned on.
  Tns error struct:
    nr err code: 0
    ns main err code: 12564
    TNS-12564: TNS:conexão recusada
    ns secondary err code: 0
    nt main err code: 0
    nt secondary err code: 0
    nt OS err code: 0


***********************************************************************
Fatal NI connect error 12514, connecting to:
 (DESCRIPTION=(ADDRESS=(PROTOCOL=TCP)(HOST=192.168.0.7)(PORT=1521))(CONNECT_DATA=(SERVICE_NAME=UNIMEDBR)(CID=(PROGRAM=E:\Acucobol\AcuGT\bin\wrun32.exe)(HOST=ANGELA)(USER=Angela))))

  VERSION INFORMATION:
	TNS for 32-bit Windows: Version 9.2.0.1.0 - Production
	Windows NT TCP/IP NT Protocol Adapter for 32-bit Windows: Version 9.2.0.1.0 - Production
  Time: 01-JUL-2009 08:39:59
  Tracing not turned on.
  Tns error struct:
    nr err code: 0
    ns main err code: 12564
    TNS-12564: TNS:conexão recusada
    ns secondary err code: 0
    nt main err code: 0
    nt secondary err code: 0
    nt OS err code: 0


***********************************************************************
Fatal NI connect error 12514, connecting to:
 (DESCRIPTION=(ADDRESS=(PROTOCOL=TCP)(HOST=192.168.0.7)(PORT=1521))(CONNECT_DATA=(SERVICE_NAME=UNIMEDBR)(CID=(PROGRAM=E:\Acucobol\AcuGT\bin\wrun32.exe)(HOST=ANGELA)(USER=Angela))))

  VERSION INFORMATION:
	TNS for 32-bit Windows: Version 9.2.0.1.0 - Production
	Windows NT TCP/IP NT Protocol Adapter for 32-bit Windows: Version 9.2.0.1.0 - Production
  Time: 01-JUL-2009 09:18:19
  Tracing not turned on.
  Tns error struct:
    nr err code: 0
    ns main err code: 12564
    TNS-12564: TNS:conexão recusada
    ns secondary err code: 0
    nt main err code: 0
    nt secondary err code: 0
    nt OS err code: 0


***********************************************************************
Fatal NI connect error 12514, connecting to:
 (DESCRIPTION=(ADDRESS=(PROTOCOL=TCP)(HOST=192.168.0.7)(PORT=1521))(CONNECT_DATA=(SERVICE_NAME=COMAC)(CID=(PROGRAM=E:\Acucobol\AcuGT\bin\wrun32.exe)(HOST=ANGELA)(USER=Angela))))

  VERSION INFORMATION:
	TNS for 32-bit Windows: Version 9.2.0.1.0 - Production
	Windows NT TCP/IP NT Protocol Adapter for 32-bit Windows: Version 9.2.0.1.0 - Production
  Time: 06-JUL-2009 15:19:39
  Tracing not turned on.
  Tns error struct:
    nr err code: 0
    ns main err code: 12564
    TNS-12564: TNS:conexão recusada
    ns secondary err code: 0
    nt main err code: 0
    nt secondary err code: 0
    nt OS err code: 0


***********************************************************************
Fatal NI connect error 12514, connecting to:
 (DESCRIPTION=(ADDRESS=(PROTOCOL=TCP)(HOST=192.168.0.7)(PORT=1521))(CONNECT_DATA=(SERVICE_NAME=LONDRA)(CID=(PROGRAM=E:\Acucobol\AcuGT\bin\wrun32.exe)(HOST=ANGELA)(USER=Angela))))

  VERSION INFORMATION:
	TNS for 32-bit Windows: Version 9.2.0.1.0 - Production
	Windows NT TCP/IP NT Protocol Adapter for 32-bit Windows: Version 9.2.0.1.0 - Production
  Time: 08-JUL-2009 14:08:17
  Tracing not turned on.
  Tns error struct:
    nr err code: 0
    ns main err code: 12564
    TNS-12564: TNS:conexão recusada
    ns secondary err code: 0
    nt main err code: 0
    nt secondary err code: 0
    nt OS err code: 0


***********************************************************************
Fatal NI connect error 12514, connecting to:
 (DESCRIPTION=(ADDRESS=(PROTOCOL=TCP)(HOST=192.168.0.7)(PORT=1521))(CONNECT_DATA=(SERVICE_NAME=COMAC)(CID=(PROGRAM=E:\Acucobol\AcuGT\bin\wrun32.exe)(HOST=ANGELA)(USER=Angela))))

  VERSION INFORMATION:
	TNS for 32-bit Windows: Version 9.2.0.1.0 - Production
	Windows NT TCP/IP NT Protocol Adapter for 32-bit Windows: Version 9.2.0.1.0 - Production
  Time: 20-JUL-2009 10:31:59
  Tracing not turned on.
  Tns error struct:
    nr err code: 0
    ns main err code: 12564
    TNS-12564: TNS:conexão recusada
    ns secondary err code: 0
    nt main err code: 0
    nt secondary err code: 0
    nt OS err code: 0


***********************************************************************
Fatal NI connect error 12535, connecting to:
 (DESCRIPTION=(ADDRESS=(PROTOCOL=TCP)(HOST=192.168.0.7)(PORT=1521))(CONNECT_DATA=(SERVICE_NAME=SINC)(CID=(PROGRAM=E:\Acucobol\AcuGT\bin\wrun32.exe)(HOST=ANGELA)(USER=Angela))))

  VERSION INFORMATION:
	TNS for 32-bit Windows: Version 9.2.0.1.0 - Production
	Windows NT TCP/IP NT Protocol Adapter for 32-bit Windows: Version 9.2.0.1.0 - Production
  Time: 10-SET-2009 16:45:20
  Tracing not turned on.
  Tns error struct:
    nr err code: 0
    ns main err code: 12535
    TNS-12535: TNS:operação sofreu timeout
    ns secondary err code: 12560
    nt main err code: 505
    TNS-00505: Operação sofreu timeout
    nt secondary err code: 60
    nt OS err code: 0


***********************************************************************
Fatal NI connect error 12535, connecting to:
 (DESCRIPTION=(ADDRESS=(PROTOCOL=TCP)(HOST=192.168.0.7)(PORT=1521))(CONNECT_DATA=(SERVICE_NAME=SINC)(CID=(PROGRAM=E:\Acucobol\AcuGT\bin\wrun32.exe)(HOST=ANGELA)(USER=Angela))))

  VERSION INFORMATION:
	TNS for 32-bit Windows: Version 9.2.0.1.0 - Production
	Windows NT TCP/IP NT Protocol Adapter for 32-bit Windows: Version 9.2.0.1.0 - Production
  Time: 10-SET-2009 16:46:10
  Tracing not turned on.
  Tns error struct:
    nr err code: 0
    ns main err code: 12535
    TNS-12535: TNS:operação sofreu timeout
    ns secondary err code: 12560
    nt main err code: 505
    TNS-00505: Operação sofreu timeout
    nt secondary err code: 60
    nt OS err code: 0


***********************************************************************
Fatal NI connect error 12547, connecting to:
 (DESCRIPTION=(ADDRESS=(PROTOCOL=TCP)(HOST=192.168.0.7)(PORT=1521))(CONNECT_DATA=(SERVICE_NAME=SINC)(CID=(PROGRAM=E:\Acucobol\AcuGT\bin\wrun32.exe)(HOST=ANGELA)(USER=Angela))))

  VERSION INFORMATION:
	TNS for 32-bit Windows: Version 9.2.0.1.0 - Production
	Windows NT TCP/IP NT Protocol Adapter for 32-bit Windows: Version 9.2.0.1.0 - Production
  Time: 29-SET-2009 14:50:51
  Tracing not turned on.
  Tns error struct:
    nr err code: 0
    ns main err code: 12547
    TNS-12547: TNS:contato perdido
    ns secondary err code: 12560
    nt main err code: 517
    TNS-00517: Contato perdido
    nt secondary err code: 54
    nt OS err code: 0


***********************************************************************
Fatal NI connect error 12541, connecting to:
 (DESCRIPTION=(ADDRESS=(PROTOCOL=TCP)(HOST=192.168.0.7)(PORT=1521))(CONNECT_DATA=(SERVICE_NAME=SINC)(CID=(PROGRAM=E:\Acucobol\AcuGT\bin\wrun32.exe)(HOST=ANGELA)(USER=Angela))))

  VERSION INFORMATION:
	TNS for 32-bit Windows: Version 9.2.0.1.0 - Production
	Windows NT TCP/IP NT Protocol Adapter for 32-bit Windows: Version 9.2.0.1.0 - Production
  Time: 29-SET-2009 14:52:34
  Tracing not turned on.
  Tns error struct:
    nr err code: 0
    ns main err code: 12541
    TNS-12541: TNS:não há listener
    ns secondary err code: 12560
    nt main err code: 511
    TNS-00511: Não há listener
    nt secondary err code: 61
    nt OS err code: 0


***********************************************************************
Fatal NI connect error 12541, connecting to:
 (DESCRIPTION=(ADDRESS=(PROTOCOL=TCP)(HOST=192.168.0.7)(PORT=1521))(CONNECT_DATA=(SERVICE_NAME=SINC)(CID=(PROGRAM=E:\Acucobol\AcuGT\bin\wrun32.exe)(HOST=ANGELA)(USER=Angela))))

  VERSION INFORMATION:
	TNS for 32-bit Windows: Version 9.2.0.1.0 - Production
	Windows NT TCP/IP NT Protocol Adapter for 32-bit Windows: Version 9.2.0.1.0 - Production
  Time: 29-SET-2009 14:52:58
  Tracing not turned on.
  Tns error struct:
    nr err code: 0
    ns main err code: 12541
    TNS-12541: TNS:não há listener
    ns secondary err code: 12560
    nt main err code: 511
    TNS-00511: Não há listener
    nt secondary err code: 61
    nt OS err code: 0


***********************************************************************
Fatal NI connect error 12535, connecting to:
 (DESCRIPTION=(ADDRESS=(PROTOCOL=TCP)(HOST=192.168.0.7)(PORT=1521))(CONNECT_DATA=(SERVICE_NAME=SINC)(CID=(PROGRAM=E:\Acucobol\AcuGT\bin\wrun32.exe)(HOST=ANGELA)(USER=Angela))))

  VERSION INFORMATION:
	TNS for 32-bit Windows: Version 9.2.0.1.0 - Production
	Windows NT TCP/IP NT Protocol Adapter for 32-bit Windows: Version 9.2.0.1.0 - Production
  Time: 29-SET-2009 16:23:59
  Tracing not turned on.
  Tns error struct:
    nr err code: 0
    ns main err code: 12535
    TNS-12535: TNS:operação sofreu timeout
    ns secondary err code: 12560
    nt main err code: 505
    TNS-00505: Operação sofreu timeout
    nt secondary err code: 60
    nt OS err code: 0


***********************************************************************
Fatal NI connect error 12535, connecting to:
 (DESCRIPTION=(ADDRESS=(PROTOCOL=TCP)(HOST=192.168.0.7)(PORT=1521))(CONNECT_DATA=(SERVICE_NAME=SINC)(CID=(PROGRAM=E:\Acucobol\AcuGT\bin\wrun32.exe)(HOST=ANGELA)(USER=Angela))))

  VERSION INFORMATION:
	TNS for 32-bit Windows: Version 9.2.0.1.0 - Production
	Windows NT TCP/IP NT Protocol Adapter for 32-bit Windows: Version 9.2.0.1.0 - Production
  Time: 29-SET-2009 16:29:17
  Tracing not turned on.
  Tns error struct:
    nr err code: 0
    ns main err code: 12535
    TNS-12535: TNS:operação sofreu timeout
    ns secondary err code: 12560
    nt main err code: 505
    TNS-00505: Operação sofreu timeout
    nt secondary err code: 60
    nt OS err code: 0


***********************************************************************
Fatal NI connect error 12560, connecting to:
 (DESCRIPTION=(ADDRESS=(PROTOCOL=TCP)(HOST=192.168.0.7)(PORT=1521))(CONNECT_DATA=(SERVICE_NAME=SINC)(CID=(PROGRAM=E:\Acucobol\AcuGT\bin\wrun32.exe)(HOST=SRVFAB)(USER=Liziane))))

  VERSION INFORMATION:
	TNS for 32-bit Windows: Version 9.2.0.1.0 - Production
	Windows NT TCP/IP NT Protocol Adapter for 32-bit Windows: Version 9.2.0.1.0 - Production
  Time: 15-MAR-2010 23:40:44
  Tracing not turned on.
  Tns error struct:
    nr err code: 0
    ns main err code: 12560
    TNS-12560: TNS:erro de adaptador de protocolo
    ns secondary err code: 0
    nt main err code: 530
    TNS-00530: Erro de adaptador de protocolo
    nt secondary err code: 55
    nt OS err code: 0


***********************************************************************
Fatal NI connect error 12560, connecting to:
 (DESCRIPTION=(ADDRESS=(PROTOCOL=TCP)(HOST=192.168.0.7)(PORT=1521))(CONNECT_DATA=(SERVICE_NAME=SINC)(CID=(PROGRAM=E:\Acucobol\AcuGT\bin\wrun32.exe)(HOST=SRVFAB)(USER=Liziane))))

  VERSION INFORMATION:
	TNS for 32-bit Windows: Version 9.2.0.1.0 - Production
	Windows NT TCP/IP NT Protocol Adapter for 32-bit Windows: Version 9.2.0.1.0 - Production
  Time: 15-MAR-2010 23:41:10
  Tracing not turned on.
  Tns error struct:
    nr err code: 0
    ns main err code: 12560
    TNS-12560: TNS:erro de adaptador de protocolo
    ns secondary err code: 0
    nt main err code: 530
    TNS-00530: Erro de adaptador de protocolo
    nt secondary err code: 55
    nt OS err code: 0


***********************************************************************
Fatal NI connect error 12560, connecting to:
 (DESCRIPTION=(ADDRESS=(PROTOCOL=TCP)(HOST=192.168.0.7)(PORT=1521))(CONNECT_DATA=(SERVICE_NAME=SINC)(CID=(PROGRAM=E:\Acucobol\AcuGT\bin\wrun32.exe)(HOST=SRVFAB)(USER=Liziane))))

  VERSION INFORMATION:
	TNS for 32-bit Windows: Version 9.2.0.1.0 - Production
	Windows NT TCP/IP NT Protocol Adapter for 32-bit Windows: Version 9.2.0.1.0 - Production
  Time: 26-MAR-2010 17:35:32
  Tracing not turned on.
  Tns error struct:
    nr err code: 0
    ns main err code: 12560
    TNS-12560: TNS:erro de adaptador de protocolo
    ns secondary err code: 0
    nt main err code: 530
    TNS-00530: Erro de adaptador de protocolo
    nt secondary err code: 55
    nt OS err code: 0


***********************************************************************
Fatal NI connect error 12560, connecting to:
 (DESCRIPTION=(ADDRESS=(PROTOCOL=TCP)(HOST=192.168.0.7)(PORT=1521))(CONNECT_DATA=(SERVICE_NAME=SINC)(CID=(PROGRAM=E:\Acucobol\AcuGT\bin\wrun32.exe)(HOST=SRVFAB)(USER=Liziane))))

  VERSION INFORMATION:
	TNS for 32-bit Windows: Version 9.2.0.1.0 - Production
	Windows NT TCP/IP NT Protocol Adapter for 32-bit Windows: Version 9.2.0.1.0 - Production
  Time: 05-ABR-2010 14:32:33
  Tracing not turned on.
  Tns error struct:
    nr err code: 0
    ns main err code: 12560
    TNS-12560: TNS:erro de adaptador de protocolo
    ns secondary err code: 0
    nt main err code: 530
    TNS-00530: Erro de adaptador de protocolo
    nt secondary err code: 55
    nt OS err code: 0


***********************************************************************
Fatal NI connect error 12560, connecting to:
 (DESCRIPTION=(ADDRESS=(PROTOCOL=TCP)(HOST=192.168.0.7)(PORT=1521))(CONNECT_DATA=(SERVICE_NAME=SINC)(CID=(PROGRAM=E:\Acucobol\AcuGT\bin\wrun32.exe)(HOST=SRVFAB)(USER=Liziane))))

  VERSION INFORMATION:
	TNS for 32-bit Windows: Version 9.2.0.1.0 - Production
	Windows NT TCP/IP NT Protocol Adapter for 32-bit Windows: Version 9.2.0.1.0 - Production
  Time: 17-JUN-2010 11:44:01
  Tracing not turned on.
  Tns error struct:
    nr err code: 0
    ns main err code: 12560
    TNS-12560: TNS:erro de adaptador de protocolo
    ns secondary err code: 0
    nt main err code: 530
    TNS-00530: Erro de adaptador de protocolo
    nt secondary err code: 55
    nt OS err code: 0


***********************************************************************
Fatal NI connect error 12560, connecting to:
 (DESCRIPTION=(ADDRESS=(PROTOCOL=TCP)(HOST=192.168.0.7)(PORT=1521))(CONNECT_DATA=(SERVICE_NAME=SINC)(CID=(PROGRAM=E:\Acucobol\AcuGT\bin\wrun32.exe)(HOST=SRVFAB)(USER=Liziane))))

  VERSION INFORMATION:
	TNS for 32-bit Windows: Version 9.2.0.1.0 - Production
	Windows NT TCP/IP NT Protocol Adapter for 32-bit Windows: Version 9.2.0.1.0 - Production
  Time: 17-JUN-2010 11:47:26
  Tracing not turned on.
  Tns error struct:
    nr err code: 0
    ns main err code: 12560
    TNS-12560: TNS:erro de adaptador de protocolo
    ns secondary err code: 0
    nt main err code: 530
    TNS-00530: Erro de adaptador de protocolo
    nt secondary err code: 55
    nt OS err code: 0


***********************************************************************
Fatal NI connect error 12560, connecting to:
 (DESCRIPTION=(ADDRESS=(PROTOCOL=TCP)(HOST=192.168.0.7)(PORT=1521))(CONNECT_DATA=(SERVICE_NAME=SINC)(CID=(PROGRAM=E:\Acucobol\AcuGT\bin\wrun32.exe)(HOST=SRVFAB)(USER=Stefania))))

  VERSION INFORMATION:
	TNS for 32-bit Windows: Version 9.2.0.1.0 - Production
	Windows NT TCP/IP NT Protocol Adapter for 32-bit Windows: Version 9.2.0.1.0 - Production
  Time: 19-OUT-2010 08:53:01
  Tracing not turned on.
  Tns error struct:
    nr err code: 0
    ns main err code: 12560
    TNS-12560: TNS:erro de adaptador de protocolo
    ns secondary err code: 0
    nt main err code: 530
    TNS-00530: Erro de adaptador de protocolo
    nt secondary err code: 55
    nt OS err code: 0


***********************************************************************
Fatal NI connect error 12570, connecting to:
 (DESCRIPTION=(ADDRESS=(PROTOCOL=TCP)(HOST=192.168.0.8)(PORT=1521))(CONNECT_DATA=(SERVER=DEDICATED)(SERVICE_NAME=CAOAHML)(CID=(PROGRAM=e:\exeacwbd\DBTXT.EXE)(HOST=PANICO)(USER=Paulo))))

  VERSION INFORMATION:
	TNS for 32-bit Windows: Version 10.2.0.1.0 - Production
	Windows NT TCP/IP NT Protocol Adapter for 32-bit Windows: Version 10.2.0.1.0 - Production
  Time: 04-MAR-2011 12:24:33
  Tracing not turned on.
  Tns error struct:
    ns main err code: 12570
    TNS-12570: TNS:falha do leitor de pacote
    ns secondary err code: 12560
    nt main err code: 530
    TNS-00530: Erro de adaptador de protocolo
    nt secondary err code: 53
    nt OS err code: 0


***********************************************************************
Fatal NI connect error 12170.

  VERSION INFORMATION:
	TNS for 32-bit Windows: Version 10.2.0.1.0 - Production
	Windows NT TCP/IP NT Protocol Adapter for 32-bit Windows: Version 10.2.0.1.0 - Production
  Time: 04-MAR-2011 12:25:00
  Tracing not turned on.
  Tns error struct:
    ns main err code: 12535
    TNS-12535: TNS:operação sofreu timeout
    ns secondary err code: 12560
    nt main err code: 505
    TNS-00505: Operação sofreu timeout
    nt secondary err code: 60
    nt OS err code: 0
  Client address: <unknown>


***********************************************************************
Fatal NI connect error 12570, connecting to:
 (DESCRIPTION=(ADDRESS=(PROTOCOL=TCP)(HOST=192.168.0.8)(PORT=1521))(CONNECT_DATA=(SERVER=DEDICATED)(SERVICE_NAME=CAOAHML)(CID=(PROGRAM=e:\exeacwbd\DBTXT.EXE)(HOST=PANICO)(USER=Paulo))))

  VERSION INFORMATION:
	TNS for 32-bit Windows: Version 10.2.0.1.0 - Production
	Windows NT TCP/IP NT Protocol Adapter for 32-bit Windows: Version 10.2.0.1.0 - Production
  Time: 04-MAR-2011 13:17:03
  Tracing not turned on.
  Tns error struct:
    ns main err code: 12570
    TNS-12570: TNS:falha do leitor de pacote
    ns secondary err code: 12560
    nt main err code: 530
    TNS-00530: Erro de adaptador de protocolo
    nt secondary err code: 53
    nt OS err code: 0


***********************************************************************
Fatal NI connect error 12170.

  VERSION INFORMATION:
	TNS for 32-bit Windows: Version 10.2.0.1.0 - Production
	Windows NT TCP/IP NT Protocol Adapter for 32-bit Windows: Version 10.2.0.1.0 - Production
  Time: 14-MAR-2011 11:00:01
  Tracing not turned on.
  Tns error struct:
    ns main err code: 12535
    TNS-12535: TNS:operação sofreu timeout
    ns secondary err code: 12560
    nt main err code: 505
    TNS-00505: Operação sofreu timeout
    nt secondary err code: 60
    nt OS err code: 0
  Client address: <unknown>


***********************************************************************
Fatal NI connect error 12170.

  VERSION INFORMATION:
	TNS for 32-bit Windows: Version 10.2.0.1.0 - Production
	Windows NT TCP/IP NT Protocol Adapter for 32-bit Windows: Version 10.2.0.1.0 - Production
  Time: 14-MAR-2011 11:01:00
  Tracing not turned on.
  Tns error struct:
    ns main err code: 12535
    TNS-12535: TNS:operação sofreu timeout
    ns secondary err code: 12560
    nt main err code: 505
    TNS-00505: Operação sofreu timeout
    nt secondary err code: 60
    nt OS err code: 0
  Client address: <unknown>


***********************************************************************
Fatal NI connect error 12535, connecting to:
 (DESCRIPTION=(ADDRESS=(PROTOCOL=TCP)(HOST=192.168.0.13)(PORT=1521))(CONNECT_DATA=(SERVER=DEDICATED)(SERVICE_NAME=SINC)(CID=(PROGRAM=E:\Acucobol\AcuGT\bin\wrun32.exe)(HOST=ANGELA)(USER=Angela))))

  VERSION INFORMATION:
	TNS for 32-bit Windows: Version 9.2.0.1.0 - Production
	Windows NT TCP/IP NT Protocol Adapter for 32-bit Windows: Version 9.2.0.1.0 - Production
  Time: 06-OUT-2011 12:09:26
  Tracing not turned on.
  Tns error struct:
    nr err code: 0
    ns main err code: 12535
    TNS-12535: TNS:operação sofreu timeout
    ns secondary err code: 12560
    nt main err code: 505
    TNS-00505: Operação sofreu timeout
    nt secondary err code: 60
    nt OS err code: 0


***********************************************************************
Fatal NI connect error 12535, connecting to:
 (DESCRIPTION=(ADDRESS=(PROTOCOL=TCP)(HOST=192.168.0.13)(PORT=1521))(CONNECT_DATA=(SERVER=DEDICATED)(SERVICE_NAME=SINC)(CID=(PROGRAM=E:\Acucobol\AcuGT\bin\wrun32.exe)(HOST=ANGELA)(USER=Angela))))

  VERSION INFORMATION:
	TNS for 32-bit Windows: Version 9.2.0.1.0 - Production
	Windows NT TCP/IP NT Protocol Adapter for 32-bit Windows: Version 9.2.0.1.0 - Production
  Time: 06-OUT-2011 12:13:40
  Tracing not turned on.
  Tns error struct:
    nr err code: 0
    ns main err code: 12535
    TNS-12535: TNS:operação sofreu timeout
    ns secondary err code: 12560
    nt main err code: 505
    TNS-00505: Operação sofreu timeout
    nt secondary err code: 60
    nt OS err code: 0
